******000000******Start of Script******000000******
*************Start time: Thu Oct 31 17:06:01 +04 2024*************
*************Checking Chrome*************
GC Installed Ver: 130.0.6723.70
****** Chrome DMG is outdated or metadata mismatch. Downloading again. ******
GC Stable Ver: 130.0.6723.92
GC Installed Ver: 130.0.6723.70
****** Chrome version differs - installed: 130.0.6723.70, available: 130.0.6723.92 ******
****** Application is currently running on target Mac. Proceeding Upgrade. ******
****** Latest version of Chrome is now installed on target Mac. ******
****** Firefox is not installed ******
****** Thunderbird is not installed ******
*************Checking Acrobat Reader*************
****** Adobe Acrobat Reader is installed. Proceeding ******
AR Stable Ver: 24.004.20219
AR Installed Ver: 24.003.20180
****** Adobe Reader is outdated. Updating ******
ARCurrVersNormalized: 2400420219
Latest version of the URL is: https://ardownload2.adobe.com/pub/adobe/reader/mac/AcrobatDC/2400420219/AcroRdrDC_2400420219_MUI.dmg
Thu Oct 31 17:06:41 +04 2024: Downloading newer version.
Thu Oct 31 17:07:24 +04 2024: Mounting installer disk image.
Thu Oct 31 17:07:29 +04 2024: Installing...
Process containing 'Acrobat' in its name has been killed.
Thu Oct 31 17:08:57 +04 2024: Unmounting installer disk image.
All volumes unmounted.
Thu Oct 31 17:09:08 +04 2024: Deleting disk image.
Thu Oct 31 17:09:08 +04 2024: SUCCESS: Adobe Reader has been updated to version 24.004.20219
****** Adobe Acrobat Reader check completed ******
*************Checking log4j*************
JAR file already exists. Skipping download.
Using existing JAR file: /Users/Shared/log4jscan-latest.jar
Log file is either more than 7 days old or does not exist. Running scan...
****** Scan completed. Log file: /Users/Shared/log4j.log ******
*************Checking Acrobat Full Version*************
****** Adobe Acrobat Full is not installed. Exiting ******
****** Adobe Acrobat Full check completed ******
*************Checking Microsoft Office*************
Microsoft AutoUpdate is installed.
Opening Microsoft AutoUpdate app...
Continuing script execution...
Installing updates...
*************Check complete for Microsoft Office*************
*************Checking Silverlight*************

*************Check complete for Silverlight*************
*************Checking Java*************
No folder with 'jdk' found.
Removing JRE
Thu Oct 31 17:09:08 +04 2024: Clean up JRE traces...
Searching for rt.jar...
Searching for jrt-fs.jar...
Searching for catalina.jar...
Searching for struts-core-1.3.8.jar...
Searching for rt.ogjarbak...
Searching for jrt-fs.ogjarbak...
*************Check complete for Java*************
*************Checking Safari*************
macOS version is above 13.0. Skipping installation.
*************Check complete for Safari for macOS 11-13 only *************
*************Checking Rogue Apps*************
Searching for Google Chrome.app...
Searching for Safari.app...
Searching for Firefox.app...
No instances of Firefox.app found outside /Applications.
Searching for Thunderbird.app...
No instances of Thunderbird.app found outside /Applications.
Searching for Foxit Reader.app...
No instances of Foxit Reader.app found outside /Applications.
*************Task completed in 0 seconds to Remove rogue apps*************
*************Checking Adobe Apps*************
Remote Update Manager is already installed.
Adobe Apps Update in progress...
RemoteUpdateManager version is : 3.1.0.3
Starting the RemoteUpdateManager...

Following Updates are applicable on the system :
		(PPRO/24.6.3.004/macuniversal)
		(ACR/17.0.0.1097/macuniversal)
		(PHSP/25.12.0.806/macuniversal)
		(AME/24.6.3.004/macuniversal)
**************************************************
Following Updates are to be downloaded :
		(PPRO/24.6.3.004/macuniversal)
		(ACR/17.0.0.1097/macuniversal)
		(PHSP/25.12.0.806/macuniversal)
		(AME/24.6.3.004/macuniversal)
**************************************************
*** Downloading (PPRO/24.6.3.004/macuniversal) ...
*** Successfully downloaded (PPRO/24.6.3.004/macuniversal) ...
*** Downloading (ACR/17.0.0.1097/macuniversal) ...
*** Successfully downloaded (ACR/17.0.0.1097/macuniversal) ...
*** Downloading (PHSP/25.12.0.806/macuniversal) ...
*** Failed to download (PHSP/25.12.0.806/macuniversal) ...
*** Downloading (AME/24.6.3.004/macuniversal) ...
*** Failed to download (AME/24.6.3.004/macuniversal) ...
Some Updates failed to download ...
**************************************************
*** Installing (PPRO/24.6.3.004/macuniversal) ...
Progress: 0%Progress: 0%Exit Code: 189          
*** Failed to install (PPRO/24.6.3.004/macuniversal) ...
*** Installing (ACR/17.0.0.1097/macuniversal) ...
Progress: 0%Progress: 0%Exit Code: 189          
*** Failed to install (ACR/17.0.0.1097/macuniversal) ...
Some Updates failed to install ...
**************************************************
Following Updates failed to Download :
		(AME/24.0/24.6.3/macuniversal)
		(PHSP/25.0/25.12/macuniversal)
**************************************************
Following Updates failed to Install :
		(ACR/9.6/17.0/macuniversal)
		(PPRO/24.0/24.6.3/macuniversal)
**************************************************
*************Adobe apps check completed*************
*************Checking MacOS SU*************
Performing Software Update Check for macOS
*************No update found*************
****** macOS SU check completed ******
VLC version: 3.0.21
Arch is: x86_64
Installing Zoom for Intel
Latest VLC Installed
****** VLC check completed ******
*************End of Script*************
*************End time: Thu Oct 31 17:25:09 +04 2024*************
*************Elapsed time: 1148 seconds*************
App Sanity Check Completed
