
Transcript started, output file is C:\ProgramData\AirWatch\UnifiedAgent\Logs\ADWX_GSD_Patch_ADUAEI18178LPWX_20241206_070008.log
*************GSD Initiated at 2024-12-06 07:00:09*************
*************Check and install Dependencies*************
NuGet provider is installed.
*************Checking PSU Module*************
PSWindowsUpdate module is installed.
*************Checking Package Manager*************
Folder already exists at C:\temp\winget
winget is not installed.
Microsoft.VCLibs.x64.14.00.Desktop.appx is not installed. Installing...
Microsoft.VCLibs.x64.14.00.Desktop.appx has been installed.
Microsoft.UI.Xaml.2.8.x64.appx is not installed. Installing...
Microsoft.UI.Xaml.2.8.x64.appx has been installed.
Dependencies have been checked and installed successfully.
The current user is a system account - nt authority\system. Run 2nd try...
winget-install 5.0.5
To check for updates, run winget-install -CheckForUpdate
To delay script exit, run winget-install -Wait
To force script pausing after execution, run winget-install -NoExit

##########
# winget #
##########

Installing Microsoft.WinGet.Client module...
Installing winget (this takes a minute or two)...

############
# Complete #
############

winget installed successfully.
Checking if winget is installed and working...
*************Running Windows OS Updates*************
Detected as **GSD** process is runinng - Logs below look for ***PSUsection***
************* Running Apps Updates (Timeout 30 mins) *************
True
************* Running Apps Updates (Timeout 30 mins) *************
True
*************Checking for Silverlight*************
Silverlight is not installed.
*************Checking log4j*************
Downloaded: c:\temp\log4jscan-latest.jar
Failed to execute log4j scan
*************Checking Ghostscript*************
Ghostscript folder not found. Skipped install process.
*************Checking Java*************
No JDK folder found. Parameter containsJDK remains False.
No JRE folder found. Parameter containsJRE remains False.
Adobe Creative Cloud is not installed. Installing using winget...
The process output has been logged to C:\temp\winget_log.txt
Log file content:

   - 
   \ 
   | 
   / 
   - 
   \ 
   | 
Adobe Remote Update Manager is not installed.
Transcript stopped, output file is C:\ProgramData\AirWatch\UnifiedAgent\Logs\ADWX_GSD_Patch_ADUAEI18178LPWX_20241206_070008.log
###PSUsection###
VERBOSE: ADUAEI18178LPWX (12/6/2024 7:00:49 AM): Connecting to Microsoft Update server. Please wait...
VERBOSE: Found [33] Updates in pre search criteria
VERBOSE: Found [0] Updates in post search criteria
VERBOSE: Accepted [0] Updates ready to Download
VERBOSE: Downloaded [0] Updates ready to Install
VERBOSE: Installed [0] Updates
###WGUsection 01###

   - 
   \ 
   | 
                                                                                                                        

  ███████████████████▒▒▒▒▒▒▒▒▒▒▒  1024 KB / 1.50 MB
  ██████████████████████████████  1.50 MB / 1.50 MB
                                                                                                                        

  █████████▒▒▒▒▒▒▒▒▒▒▒▒▒▒▒▒▒▒▒▒▒  1024 KB / 3.24 MB
  ██████████████████▒▒▒▒▒▒▒▒▒▒▒▒  2.00 MB / 3.24 MB
  ███████████████████████████▒▒▒  3.00 MB / 3.24 MB
  ██████████████████████████████  3.24 MB / 3.24 MB
                                                                                                                        
Name          Id                      Version        Available      Source
--------------------------------------------------------------------------
Wacom Tablet  Wacom.WacomTabletDriver 6.4.7-3        6.4.8-2        winget
Google Chrome Google.Chrome           131.0.6778.108 131.0.6778.109 winget
2 upgrades available.

(1/1) Found Google Chrome [Google.Chrome] Version 131.0.6778.109
This application is licensed to you by its owner.
Microsoft is not responsible for, nor does it grant any licenses to, third-party packages.
Downloading https://dl.google.com/tag/s/appguid%3D%7B8A69D345-D564-463c-AFF1-A69D9E530F96%7D%26appname%3DGoogle%2520Chrome%26needsAdmin%3DTrue/dl/chrome/install/googlechromestandaloneenterprise64.msi

   - 
   \ 
   | 
   / 
   - 
   \ 
   | 
   / 
   - 
   \ 
   | 
                                                                                                                        

  ▒▒▒▒▒▒▒▒▒▒▒▒▒▒▒▒▒▒▒▒▒▒▒▒▒▒▒▒▒▒  2.62 MB /  121 MB
  ██▒▒▒▒▒▒▒▒▒▒▒▒▒▒▒▒▒▒▒▒▒▒▒▒▒▒▒▒  9.62 MB /  121 MB
  ████▒▒▒▒▒▒▒▒▒▒▒▒▒▒▒▒▒▒▒▒▒▒▒▒▒▒  16.6 MB /  121 MB
  █████▒▒▒▒▒▒▒▒▒▒▒▒▒▒▒▒▒▒▒▒▒▒▒▒▒  22.6 MB /  121 MB
  ███████▒▒▒▒▒▒▒▒▒▒▒▒▒▒▒▒▒▒▒▒▒▒▒  29.6 MB /  121 MB
  █████████▒▒▒▒▒▒▒▒▒▒▒▒▒▒▒▒▒▒▒▒▒  36.6 MB /  121 MB
  ██████████▒▒▒▒▒▒▒▒▒▒▒▒▒▒▒▒▒▒▒▒  40.6 MB /  121 MB
  ███████████▒▒▒▒▒▒▒▒▒▒▒▒▒▒▒▒▒▒▒  45.6 MB /  121 MB
  ████████████▒▒▒▒▒▒▒▒▒▒▒▒▒▒▒▒▒▒  50.6 MB /  121 MB
  █████████████▒▒▒▒▒▒▒▒▒▒▒▒▒▒▒▒▒  55.6 MB /  121 MB
  ███████████████▒▒▒▒▒▒▒▒▒▒▒▒▒▒▒  61.6 MB /  121 MB
  ████████████████▒▒▒▒▒▒▒▒▒▒▒▒▒▒  66.6 MB /  121 MB
  █████████████████▒▒▒▒▒▒▒▒▒▒▒▒▒  72.6 MB /  121 MB
  ███████████████████▒▒▒▒▒▒▒▒▒▒▒  78.6 MB /  121 MB
  ████████████████████▒▒▒▒▒▒▒▒▒▒  84.6 MB /  121 MB
  ██████████████████████▒▒▒▒▒▒▒▒  90.6 MB /  121 MB
  ███████████████████████▒▒▒▒▒▒▒  96.6 MB /  121 MB
  █████████████████████████▒▒▒▒▒   101 MB /  121 MB
  ██████████████████████████▒▒▒▒   107 MB /  121 MB
  ████████████████████████████▒▒   113 MB /  121 MB
  █████████████████████████████▒   119 MB /  121 MB
  ██████████████████████████████   121 MB /  121 MB
Successfully verified installer hash
Starting package install...

   - 
   \ 
   | 
   / 
   - 
   \ 
   | 
   / 
   - 
   \ 
   | 
   / 
   - 
   \ 
   | 
   / 
   - 
   \ 
   | 
   / 
   - 
   \ 
   | 
   / 
   - 
   \ 
   | 
   / 
   - 
   \ 
   | 
   / 
   - 
   \ 
   | 
   / 
   - 
   \ 
   | 
   / 
   - 
   \ 
   | 
   / 
   - 
   \ 
   | 
   / 
   - 
   \ 
   | 
   / 
   - 
   \ 
   | 
   / 
   - 
   \ 
   | 
   / 
   - 
   \ 
   | 
   / 
   - 
   \ 
   | 
   / 
   - 
   \ 
   | 
   / 
   - 
   \ 
   | 
   / 
   - 
   \ 
   | 
   / 
   - 
   \ 
   | 
   / 
   - 
   \ 
   | 
   / 
   - 
   \ 
   | 
   / 
   - 
   \ 
   | 
   / 
   - 
   \ 
   | 
   / 
   - 
   \ 
   | 
   / 
   - 
   \ 
   | 
   / 
   - 
   \ 
   | 
   / 
   - 
   \ 
   | 
   / 
   - 
   \ 
   | 
   / 
   - 
   \ 
   | 
   / 
   - 
   \ 
   | 
   / 
   - 
   \ 
   | 
   / 
   - 
   \ 
   | 
   / 
   - 
   \ 
   | 
   / 
   - 
   \ 
   | 
   / 
   - 
   \ 
   | 
   / 
   - 
   \ 
   | 
   / 
   - 
   \ 
   | 
   / 
   - 
   \ 
   | 
   / 
   - 
   \ 
   | 
   / 
   - 
   \ 
   | 
   / 
   - 
   \ 
   | 
   / 
   - 
   \ 
   | 
   / 
   - 
   \ 
   | 
   / 
   - 
   \ 
   | 
   / 
   - 
   \ 
   | 
   / 
   - 
   \ 
   | 
   / 
   - 
   \ 
   | 
   / 
   - 
   \ 
   | 
   / 
   - 
   \ 
   | 
   / 
   - 
   \ 
                                                                                                                        
Successfully installed

###WGUsection 02###

   - 
   \ 
   | 
   / 
   - 
   \ 
   | 
                                                                                                                        

  █████████▒▒▒▒▒▒▒▒▒▒▒▒▒▒▒▒▒▒▒▒▒  1024 KB / 3.24 MB
  ██████████████████▒▒▒▒▒▒▒▒▒▒▒▒  2.00 MB / 3.24 MB
  ███████████████████████████▒▒▒  3.00 MB / 3.24 MB
  ██████████████████████████████  3.24 MB / 3.24 MB
                                                                                                                        
Name         Id                      Version Available Source
-------------------------------------------------------------
Wacom Tablet Wacom.WacomTabletDriver 6.4.7-3 6.4.8-2   winget
1 upgrades available.
###WG7zip###
7-Zip version: 24.09 (Path: C:\Program Files\7-Zip\7z.exe)
#############GSD-Fix Completed#############
