******000000******Start of Script******000000******
*************Start time: Thu Nov 14 16:26:27 +04 2024*************
*************Checking Chrome*************
GC Installed Ver: 130.0.6723.117
****** Chrome DMG is outdated or metadata mismatch. Downloading again. ******
GC Stable Ver: 131.0.6778.70
GC Installed Ver: 130.0.6723.117
****** Chrome version differs - installed: 130.0.6723.117, available: 131.0.6778.70 ******
****** Application is currently running on target Mac. Proceeding Upgrade. ******
****** Latest version of Chrome is now installed on target Mac. ******
****** Firefox is not installed ******
****** Thunderbird is not installed ******
*************Checking Acrobat Reader*************
****** Adobe Acrobat Reader is not installed. Exiting ******
****** Adobe Acrobat Reader check completed ******
*************Checking log4j*************
JAR file already exists. Skipping download.
Using existing JAR file: /Users/Shared/log4jscan-latest.jar
Log file is either more than 7 days old or does not exist. Running scan...
****** Scan completed. Log file: /Users/Shared/log4j.log ******
*************Checking Acrobat Full Version*************
****** Adobe Acrobat Full is installed. Proceeding ******
AB Stable Ver: 24.004.20243
AB Installed Ver: 24.004.20243
****** Adobe Full is up to date. Exiting ******
****** Adobe Acrobat Full check completed ******
*************Checking Microsoft Office*************
Microsoft AutoUpdate is installed.
Opening Microsoft AutoUpdate app...
Continuing script execution...
Installing updates...
Update available: Latest version is , installed version is 16.91.
*************Check complete for Microsoft Office*************
*************Checking Silverlight*************

*************Check complete for Silverlight*************
*************Checking Java*************
No folder with 'jdk' found.
Removing JRE
Thu Nov 14 16:28:26 +04 2024: Clean up JRE traces...
Searching for rt.jar...
Searching for jrt-fs.jar...
Searching for catalina.jar...
Searching for struts-core-1.3.8.jar...
Searching for rt.ogjarbak...
Searching for jrt-fs.ogjarbak...
*************Check complete for Java*************
*************Checking Safari*************
macOS version is above 13.0. Skipping installation.
*************Check complete for Safari for macOS 11-13 only *************
*************Checking Rogue Apps*************
Searching for Google Chrome.app...
Searching for Safari.app...
Searching for Firefox.app...
No instances of Firefox.app found outside /Applications.
Searching for Thunderbird.app...
No instances of Thunderbird.app found outside /Applications.
Searching for Foxit Reader.app...
No instances of Foxit Reader.app found outside /Applications.
*************Task completed in 0 seconds to Remove rogue apps*************
*************Checking Adobe Apps*************
Remote Update Manager is already installed.
Adobe Apps Update in progress...
RemoteUpdateManager version is : 3.1.0.3
Starting the RemoteUpdateManager...

**************************************************
No new updates are available for Acrobat/Reader
**************************************************
Following Updates are applicable on the system :
		(ACR/17.0.1.7/macuniversal)
**************************************************
Following Updates are to be downloaded :
		(ACR/17.0.1.7/macuniversal)
**************************************************
*** Downloading (ACR/17.0.1.7/macuniversal) ...
*** Successfully downloaded (ACR/17.0.1.7/macuniversal) ...
All Updates downloaded successfully ...
**************************************************
*** Installing (ACR/17.0.1.7/macuniversal) ...
Progress: 0%Progress: 0%Exit Code: 131          
*** Failed to install (ACR/17.0.1.7/macuniversal) ...
Some Updates failed to install ...
**************************************************
Following Updates failed to Install :
		(ACR/9.6/17.0.1/macuniversal)
**************************************************
*************Adobe apps check completed*************
*************Checking MacOS SU*************
Performing Software Update Check for macOS
*************No update found*************
****** macOS SU check completed ******
*************Checking VLC*************
VLC version: 3.0.21
Arch is: arm64
VLC up to date
****** VLC check completed ******
*************Manual files removal*************
Path not found, skipping: /Applications/Adobe Acrobat 2015
Path not found, skipping: /Applications/Adobe Digital Editions 4.5.app
Path not found, skipping: /Applications/Adobe Illustrator CC 2015
Path not found, skipping: /Applications/Adobe Illustrator CC 2016
Path not found, skipping: /Applications/Adobe Illustrator CC 2017
Path not found, skipping: /Applications/Adobe Illustrator CC 2018
Path not found, skipping: /Applications/Adobe Illustrator CC 2019
Path not found, skipping: /Applications/Adobe Illustrator 2020
Path not found, skipping: /Applications/Adobe Illustrator 2021
Path not found, skipping: /Applications/Adobe Illustrator 2022
Path not found, skipping: /Applications/Adobe Illustrator 2023
Path not found, skipping: /Applications/Adobe Photoshop CC 2015
Path not found, skipping: /Applications/Adobe Photoshop CC 2016
Path not found, skipping: /Applications/Adobe Photoshop CC 2017
Path not found, skipping: /Applications/Adobe Photoshop CC 2018
Path not found, skipping: /Applications/Adobe Photoshop 2020
Path not found, skipping: /Applications/Adobe Photoshop 2021
Path not found, skipping: /Applications/Adobe Photoshop 2022
Path not found, skipping: /Applications/Adobe Photoshop 2023
Path not found, skipping: /private/var/root/.Trash/Adobe Acrobat Reader.app
Path not found, skipping: /private/var/root/.Trash/Adobe Reader19-49-38.app
Path not found, skipping: /Users/mm9511/Library/CloudStorage/GoogleDrive-mm9511@nyu.edu/My Drive/Adobe Acrobat Reader.app
Path not found, skipping: /Applications/Adobe Acrobat XI Pro
Path not found, skipping: /Users/ag9141/Documents/mpi/Applications/Adobe Acrobat Reader DC.app
Path not found, skipping: /Applications/Adobe Animate CC 2017
Path not found, skipping: /Applications/Adobe Animate 2022
Path not found, skipping: /Applications/Adobe Illustrator CC 2015.3
Path not found, skipping: /Applications/Adobe Photoshop CC 2015.5
Path not found, skipping: /Users/mohamadabbas/Desktop/Desktop/Shows/Programs/Mac 2/del/VLC.app
Path not found, skipping: /Users/wm955/bin/JDownloader 2.0.220930
Path not found, skipping: /Users/ag9141/Documents/MPI/Applications/Microsoft Word.app
Path not found, skipping: /Applications/Microsoft Word.app.installBackup
Path not found, skipping: /Users/ag9141/Documents/MPI/Applications/Microsoft OneNote.app
Path not found, skipping: /Users/sb7444/Desktop/Cisco AnyConnect Secure Mobility Client.app
Path not found, skipping: /Users/sm5436/Desktop/DO NOT DELETE MANUALS/Applications/Microsoft Word.app
Path not found, skipping: /Users/sm5436/Desktop/DO NOT DELETE MANUALS/Applications/Cisco/Cisco AnyConnect Secure Mobility Client.app
Path not found, skipping: /Users/sm5436/Desktop/DO NOT DELETE MANUALS/Applications/Adobe Acrobat DC/Adobe Acrobat.app
Path not found, skipping: /opt/homebrew/Cellar/openjdk@11
Path not found, skipping: /Users/hha026/Downloads/Fiji.app
Path not found, skipping: /Users/ag6042/Documents/documents26042024/Fiji.app
Path not found, skipping: /Users/hha026/Downloads/Fiji.app
Path not found, skipping: /System/Volumes/Data/Users/baglio/Library/Application Support/minecraft
Path not found, skipping: /System/Volumes/Data/Users/akj4/Dropbox/My Mac (MacBook-Pro.local)/Downloads/merlin-3
Path not found, skipping: /System/Volumes/Data/Users/nd48/Library/Application Support/minecraft
Path not found, skipping: /Applications/Cisco/Cisco AnyConnect Secure Mobility Client.app
Deleting: /opt/cisco/anyconnect
Path not found, skipping: /Applications/Cisco/Cisco AnyConnect Secure Mobility Client1.app
Path not found, skipping: /Users/sm5436/Desktop/DO NOT DELETE MANUALS/Applications/Cisco/Cisco AnyConnect Secure Mobility Client.app
Searching for .app files with 'adobe' in Trash directories...
*************Cleanup completedd*************
*************Get more info*************
########TOKEN
Status: ENABLED for user itops
########MDMLINK
WS1 Enrolled
########BIGFIX
########XDR
*************TEMP Task*************
*************SSaver update Nov 2024*************
File not found: /Users/Shared/NYUAD/01.jpg
File not found: /Users/Shared/NYUAD/02.jpg
File not found: /Users/Shared/NYUAD/03.jpg
File not found: /Users/Shared/NYUAD/04.jpg
File not found: /Users/Shared/NYUAD/05.jpg
File not found: /Users/Shared/NYUAD/06.jpg
File not found: /Users/Shared/NYUAD/07.jpg
File not found: /Users/Shared/NYUAD/08.jpg
File not found: /Users/Shared/NYUAD/09.jpg
*************End of Script*************
*************End time: Thu Nov 14 16:56:12 +04 2024*************
*************Elapsed time: 1785 seconds*************
App Sanity Check Completed
******000000******Start of Script******000000******
*************Start time: Fri Nov 22 16:36:17 +04 2024*************
*************Checking Chrome*************
GC Installed Ver: 131.0.6778.86
****** Chrome DMG is outdated or metadata mismatch. Downloading again. ******
GC Stable Ver: 131.0.6778.86
GC Installed Ver: 131.0.6778.86
****** Chrome version checked OK (131.0.6778.86) ******
****** Firefox is not installed ******
****** Thunderbird is not installed ******
*************Checking Acrobat Reader*************
****** Adobe Acrobat Reader is not installed. Exiting ******
****** Adobe Acrobat Reader check completed ******
*************Checking log4j*************
JAR file already exists. Skipping download.
Using existing JAR file: /Users/Shared/log4jscan-latest.jar
Log file is either more than 7 days old or does not exist. Running scan...
****** Scan completed. Log file: /Users/Shared/log4j.log ******
*************Checking Acrobat Full Version*************
****** Adobe Acrobat Full is installed. Proceeding ******
AB Stable Ver: 24.004.20272
AB Installed Ver: 24.004.20272
****** Adobe Full is up to date. Exiting ******
AB Stable Ver: 24.004.20272
AB Installed Ver: 24.004.20272
****** Adobe Full is up to date. Exiting ******
****** Adobe Acrobat Full check completed ******
*************Checking Microsoft Office*************
Microsoft AutoUpdate is installed.
Opening Microsoft AutoUpdate app...
Continuing script execution...
Installing updates...
Update available: Latest version is , installed version is 16.91.
*************Check complete for Microsoft Office*************
*************Checking Silverlight*************

*************Check complete for Silverlight*************
*************Checking Java*************
No folder with 'jdk' found.
Removing JRE
Fri Nov 22 16:37:12 +04 2024: Clean up JRE traces...
Searching for rt.jar...
Searching for jrt-fs.jar...
Searching for catalina.jar...
Searching for struts-core-1.3.8.jar...
Searching for rt.ogjarbak...
Searching for jrt-fs.ogjarbak...
*************Check complete for Java*************
*************Checking Safari*************
macOS version is above 13.0. Skipping installation.
*************Check complete for Safari for macOS 11-13 only *************
*************Checking Rogue Apps*************
Searching for Google Chrome.app...
Searching for Safari.app...
Searching for Firefox.app...
No instances of Firefox.app found outside /Applications.
Searching for Thunderbird.app...
No instances of Thunderbird.app found outside /Applications.
Searching for Foxit Reader.app...
No instances of Foxit Reader.app found outside /Applications.
*************Task completed in 0 seconds to Remove rogue apps*************
*************Checking Adobe Apps*************
Remote Update Manager is already installed.
Adobe Apps Update in progress...
RemoteUpdateManager version is : 3.1.0.3
Starting the RemoteUpdateManager...

**************************************************
No new updates are available for Acrobat/Reader
**************************************************
No new applicable Updates. Seems like all products are up-to-date.
RemoteUpdateManager exiting with Return Code (0)
*************Adobe apps check completed*************
*************Checking MacOS SU*************
Performing Software Update Check for macOS
*************Notify for updated*************
****** macOS SU check completed ******
*************Checking VLC*************
VLC version: 3.0.21
Arch is: arm64
VLC up to date
****** VLC check completed ******
*************Manual files removal*************
Path not found, skipping: /Applications/Adobe Acrobat 2015
Path not found, skipping: /Applications/Adobe Digital Editions 4.5.app
Path not found, skipping: /Applications/Adobe Illustrator CC 2015
Path not found, skipping: /Applications/Adobe Illustrator CC 2016
Path not found, skipping: /Applications/Adobe Illustrator CC 2017
Path not found, skipping: /Applications/Adobe Illustrator CC 2018
Path not found, skipping: /Applications/Adobe Illustrator CC 2019
Path not found, skipping: /Applications/Adobe Illustrator 2020
Path not found, skipping: /Applications/Adobe Illustrator 2021
Path not found, skipping: /Applications/Adobe Illustrator 2022
Path not found, skipping: /Applications/Adobe Illustrator 2023
Path not found, skipping: /Applications/Adobe Photoshop CC 2015
Path not found, skipping: /Applications/Adobe Photoshop CC 2016
Path not found, skipping: /Applications/Adobe Photoshop CC 2017
Path not found, skipping: /Applications/Adobe Photoshop CC 2018
Path not found, skipping: /Applications/Adobe Photoshop 2020
Path not found, skipping: /Applications/Adobe Photoshop 2021
Path not found, skipping: /Applications/Adobe Photoshop 2022
Path not found, skipping: /Applications/Adobe Photoshop 2023
Path not found, skipping: /private/var/root/.Trash/Adobe Acrobat Reader.app
Path not found, skipping: /private/var/root/.Trash/Adobe Reader19-49-38.app
Path not found, skipping: /Users/mm9511/Library/CloudStorage/GoogleDrive-mm9511@nyu.edu/My Drive/Adobe Acrobat Reader.app
Path not found, skipping: /Applications/Adobe Acrobat XI Pro
Path not found, skipping: /Users/ag9141/Documents/mpi/Applications/Adobe Acrobat Reader DC.app
Path not found, skipping: /Applications/Adobe Animate CC 2017
Path not found, skipping: /Applications/Adobe Animate 2022
Path not found, skipping: /Applications/Adobe Illustrator CC 2015.3
Path not found, skipping: /Applications/Adobe Photoshop CC 2015.5
Path not found, skipping: /Users/mohamadabbas/Desktop/Desktop/Shows/Programs/Mac 2/del/VLC.app
Path not found, skipping: /Users/wm955/bin/JDownloader 2.0.220930
Path not found, skipping: /Users/ag9141/Documents/MPI/Applications/Microsoft Word.app
Path not found, skipping: /Applications/Microsoft Word.app.installBackup
Path not found, skipping: /Users/ag9141/Documents/MPI/Applications/Microsoft OneNote.app
Path not found, skipping: /Users/sb7444/Desktop/Cisco AnyConnect Secure Mobility Client.app
Path not found, skipping: /Users/sm5436/Desktop/DO NOT DELETE MANUALS/Applications/Microsoft Word.app
Path not found, skipping: /Users/sm5436/Desktop/DO NOT DELETE MANUALS/Applications/Cisco/Cisco AnyConnect Secure Mobility Client.app
Path not found, skipping: /Users/sm5436/Desktop/DO NOT DELETE MANUALS/Applications/Adobe Acrobat DC/Adobe Acrobat.app
Path not found, skipping: /opt/homebrew/Cellar/openjdk@11
Path not found, skipping: /Users/hha026/Downloads/Fiji.app
Path not found, skipping: /Users/ag6042/Documents/documents26042024/Fiji.app
Path not found, skipping: /Users/hha026/Downloads/Fiji.app
Path not found, skipping: /System/Volumes/Data/Users/baglio/Library/Application Support/minecraft
Path not found, skipping: /System/Volumes/Data/Users/akj4/Dropbox/My Mac (MacBook-Pro.local)/Downloads/merlin-3
Path not found, skipping: /System/Volumes/Data/Users/nd48/Library/Application Support/minecraft
Path not found, skipping: /Applications/Cisco/Cisco AnyConnect Secure Mobility Client.app
Path not found, skipping: /opt/cisco/anyconnect
Path not found, skipping: /Applications/Cisco/Cisco AnyConnect Secure Mobility Client1.app
Path not found, skipping: /Users/sm5436/Desktop/DO NOT DELETE MANUALS/Applications/Cisco/Cisco AnyConnect Secure Mobility Client.app
Searching for .app files with 'adobe' in Trash directories...
*************Cleanup completedd*************
*************Get more info*************
########TOKEN
Status: ENABLED for user itops
########MDMLINK
WS1 Enrolled
########BIGFIX
########XDR
*************TEMP Task*************
*************SSaver update Nov 2024*************
File not found: /Users/Shared/NYUAD/01.jpg
File not found: /Users/Shared/NYUAD/02.jpg
File not found: /Users/Shared/NYUAD/03.jpg
File not found: /Users/Shared/NYUAD/04.jpg
File not found: /Users/Shared/NYUAD/05.jpg
File not found: /Users/Shared/NYUAD/06.jpg
File not found: /Users/Shared/NYUAD/07.jpg
File not found: /Users/Shared/NYUAD/08.jpg
File not found: /Users/Shared/NYUAD/09.jpg
*************End of Script*************
*************End time: Fri Nov 22 16:38:06 +04 2024*************
*************Elapsed time: 109 seconds*************
App Sanity Check Completed
******000000******Start of Script******000000******
*************Start time: Fri Dec 13 09:19:34 +04 2024*************
*************Checking Chrome*************
GC Installed Ver: 131.0.6778.110
****** Chrome DMG is outdated or metadata mismatch. Downloading again. ******
GC Stable Ver: 131.0.6778.140
GC Installed Ver: 131.0.6778.110
****** Chrome version differs - installed: 131.0.6778.110, available: 131.0.6778.140 ******
****** Application is currently running on target Mac. Proceeding Upgrade. ******
****** Latest version of Chrome is now installed on target Mac. ******
****** Firefox is not installed ******
****** Thunderbird is not installed ******
*************Checking Adobe Air*************
Uninstaller not present
Forgetting package
****** Adobe Air check completed ******
*************Checking Acrobat Reader*************
****** Adobe Acrobat Reader is not installed. Exiting ******
****** Adobe Acrobat Reader check completed ******
*************Checking log4j*************
JAR file already exists. Skipping download.
Using existing JAR file: /Users/Shared/log4jscan-latest.jar
Log file is either more than 7 days old or does not exist. Running scan...
****** Scan completed. Log file: /Users/Shared/log4j.log ******
*************Checking Acrobat Full Version*************
****** Adobe Acrobat Full is installed. Proceeding ******
AB Stable Ver: 24.005.20320
AB Installed Ver: 24.005.20320
****** Adobe Full is up to date. Exiting ******
AB Stable Ver: 24.005.20320
AB Installed Ver: 24.005.20320
****** Adobe Full is up to date. Exiting ******
****** Adobe Acrobat Full check completed ******
*************Checking Microsoft Office*************
Microsoft AutoUpdate is installed.
Opening Microsoft AutoUpdate app...
Continuing script execution...
Installing updates...
Update available: Latest version is , installed version is 16.92.
*************Check complete for Microsoft Office*************
*************Checking Silverlight*************

*************Check complete for Silverlight*************
*************Checking Java*************
No folder with 'jdk' found.
Removing JRE
Fri Dec 13 09:19:55 +04 2024: Clean up JRE traces...
Searching for rt.jar...
Searching for jrt-fs.jar...
Searching for catalina.jar...
Searching for struts-core-1.3.8.jar...
Searching for rt.ogjarbak...
Searching for jrt-fs.ogjarbak...
*************Check complete for Java*************
*************Checking Fiji*************
Fiji.app not found. Skipping download and install.
No action taken.
https://cdn.azul.com/zulu/bin/zulu8.82.0.21-ca-jdk8.0.432-macosx_
ARM architecture. Downloading arm64 binaries...
Filename: zulu8.82.0.21-ca-jdk8.0.432-macosx_aarch64.dmg
****** Java DMG is outdated or metadata mismatch. Downloading again. ******
Fri Dec 13 09:20:01 +04 2024: Updating Java...
Mounting /Users/Shared/zulu8.82.0.21-ca-jdk8.0.432-macosx_aarch64.dmg
Checksumming Protective Master Boot Record (MBR : 0)…
Protective Master Boot Record (MBR :: verified   CRC32 $915801A3
Checksumming GPT Header (Primary GPT Header : 1)…
 GPT Header (Primary GPT Header : 1): verified   CRC32 $DCCABE72
Checksumming GPT Partition Data (Primary GPT Table : 2)…
GPT Partition Data (Primary GPT Tabl: verified   CRC32 $3F78A5F1
Checksumming  (Apple_Free : 3)…
                    (Apple_Free : 3): verified   CRC32 $00000000
Checksumming disk image (Apple_HFS : 4)…
          disk image (Apple_HFS : 4): verified   CRC32 $F2ACE37B
Checksumming  (Apple_Free : 5)…
                    (Apple_Free : 5): verified   CRC32 $00000000
Checksumming GPT Partition Data (Backup GPT Table : 6)…
GPT Partition Data (Backup GPT Table: verified   CRC32 $3F78A5F1
Checksumming GPT Header (Backup GPT Header : 7)…
  GPT Header (Backup GPT Header : 7): verified   CRC32 $EFF23742
verified   CRC32 $3A949B27
/dev/disk4          	GUID_partition_scheme          	
/dev/disk4s1        	Apple_HFS                      	/Volumes/ZuluInstaller
Fri Dec 13 09:20:07 +04 2024: Clean up JRE traces...
Installing /Volumes/ZuluInstaller/Double-Click to Install Azul Zulu JDK 8.pkg ****************
installer: Package name is Azul Zulu JDK 8.82.0.21
installer: Installing at base path /
installer: The install was successful.
"disk4" ejected.
*************Check complete for Fiji *************
*************Checking Safari*************
macOS version is above 13.0. Skipping installation.
*************Check complete for Safari for macOS 11-13 only *************
*************Checking Rogue Apps*************
Searching for Google Chrome.app...
Searching for Safari.app...
Searching for Firefox.app...
No instances of Firefox.app found outside /Applications.
Searching for Thunderbird.app...
No instances of Thunderbird.app found outside /Applications.
Searching for Foxit Reader.app...
No instances of Foxit Reader.app found outside /Applications.
*************Task completed in 0 seconds to Remove rogue apps*************
*************Checking Adobe Apps*************
Remote Update Manager is already installed.
Adobe Apps Update in progress...
RemoteUpdateManager version is : 3.1.0.3
Starting the RemoteUpdateManager...

**************************************************
No new updates are available for Acrobat/Reader
**************************************************
Following Updates are applicable on the system :
		(ACR/17.1.0.55/macuniversal)
**************************************************
Following Updates are to be downloaded :
		(ACR/17.1.0.55/macuniversal)
**************************************************
*** Downloading (ACR/17.1.0.55/macuniversal) ...
*** Successfully downloaded (ACR/17.1.0.55/macuniversal) ...
All Updates downloaded successfully ...
**************************************************
*** Installing (ACR/17.1.0.55/macuniversal) ...
Progress: 0%Progress: 0%*** Failed to install (ACR/17.1.0.55/macuniversal) ...
Some Updates failed to install ...
**************************************************
Following Updates failed to Install :
		(ACR/9.6/17.1/macuniversal)
**************************************************
Exit Code: 131          
*************Adobe apps check completed*************
*************Checking MacOS SU*************
Performing Software Update Check for macOS
*************Notify for updated*************
****** macOS SU check completed ******
*************Checking VLC*************
VLC version: 3.0.21
Arch is: arm64
VLC up to date
****** VLC check completed ******
*************Manual files removal*************
Path not found, skipping: /Applications/Adobe Acrobat 2015
Path not found, skipping: /Applications/Adobe Digital Editions 4.5.app
Path not found, skipping: /Applications/Adobe Illustrator CC 2015
Path not found, skipping: /Applications/Adobe Illustrator CC 2016
Path not found, skipping: /Applications/Adobe Illustrator CC 2017
Path not found, skipping: /Applications/Adobe Illustrator CC 2018
Path not found, skipping: /Applications/Adobe Illustrator CC 2019
Path not found, skipping: /Applications/Adobe Illustrator 2020
Path not found, skipping: /Applications/Adobe Illustrator 2021
Path not found, skipping: /Applications/Adobe Illustrator 2022
Path not found, skipping: /Applications/Adobe Illustrator 2023
Path not found, skipping: /Applications/Adobe Photoshop CC 2015
Path not found, skipping: /Applications/Adobe Photoshop CC 2016
Path not found, skipping: /Applications/Adobe Photoshop CC 2017
Path not found, skipping: /Applications/Adobe Photoshop CC 2018
Path not found, skipping: /Applications/Adobe Photoshop 2020
Path not found, skipping: /Applications/Adobe Photoshop 2021
Path not found, skipping: /Applications/Adobe Photoshop 2022
Path not found, skipping: /Applications/Adobe Photoshop 2023
Path not found, skipping: /private/var/root/.Trash/Adobe Acrobat Reader.app
Path not found, skipping: /private/var/root/.Trash/Adobe Reader19-49-38.app
Path not found, skipping: /Users/mm9511/Library/CloudStorage/GoogleDrive-mm9511@nyu.edu/My Drive/Adobe Acrobat Reader.app
Path not found, skipping: /Applications/Adobe Acrobat XI Pro
Path not found, skipping: /Users/ag9141/Documents/mpi/Applications/Adobe Acrobat Reader DC.app
Path not found, skipping: /Applications/Adobe Animate CC 2017
Path not found, skipping: /Applications/Adobe Animate 2022
Path not found, skipping: /Applications/Adobe Illustrator CC 2015.3
Path not found, skipping: /Applications/Adobe Photoshop CC 2015.5
Path not found, skipping: /Users/mohamadabbas/Desktop/Desktop/Shows/Programs/Mac 2/del/VLC.app
Path not found, skipping: /Users/wm955/bin/JDownloader 2.0.220930
Path not found, skipping: /Users/ag9141/Documents/MPI/Applications/Microsoft Word.app
Path not found, skipping: /Applications/Microsoft Word.app.installBackup
Path not found, skipping: /Users/ag9141/Documents/MPI/Applications/Microsoft OneNote.app
Path not found, skipping: /Users/sb7444/Desktop/Cisco AnyConnect Secure Mobility Client.app
Path not found, skipping: /Users/sm5436/Desktop/DO NOT DELETE MANUALS/Applications/Microsoft Word.app
Path not found, skipping: /Users/sm5436/Desktop/DO NOT DELETE MANUALS/Applications/Cisco/Cisco AnyConnect Secure Mobility Client.app
Path not found, skipping: /Users/sm5436/Desktop/DO NOT DELETE MANUALS/Applications/Adobe Acrobat DC/Adobe Acrobat.app
Path not found, skipping: /opt/homebrew/Cellar/openjdk@11
Path not found, skipping: /Users/hha026/Downloads/Fiji.app
Path not found, skipping: /Users/ag6042/Documents/documents26042024/Fiji.app
Path not found, skipping: /Users/hha026/Downloads/Fiji.app
Path not found, skipping: /System/Volumes/Data/Users/baglio/Library/Application Support/minecraft
Path not found, skipping: /System/Volumes/Data/Users/akj4/Dropbox/My Mac (MacBook-Pro.local)/Downloads/merlin-3
Path not found, skipping: /System/Volumes/Data/Users/nd48/Library/Application Support/minecraft
Path not found, skipping: /Applications/Cisco/Cisco AnyConnect Secure Mobility Client.app
Path not found, skipping: /opt/cisco/anyconnect
Path not found, skipping: /Applications/Cisco/Cisco AnyConnect Secure Mobility Client1.app
Path not found, skipping: /Users/sm5436/Desktop/DO NOT DELETE MANUALS/Applications/Cisco/Cisco AnyConnect Secure Mobility Client.app
Path not found, skipping: /Users/ag6042/Downloads/download26042024/Fiji.app
Path not found, skipping: /Users/ya2331/Sadler Edepli Lab Dropbox/Yousra Ajouaou/Mac (2)/Desktop/Fiji.app
Path not found, skipping: /System/Volumes/Data/Users/md3886/Documents/Fiji
Path not found, skipping: /private/tmp/msu-target-QYBdEQDz/Users/ag6042/Applications/IBKR Desktop/.install4j/jre.bundle
Path not found, skipping: /Users/ekm294/Library/Application Support/OnVUE/Pearson VUE Browser Lock.app
Path not found, skipping: /System/Volumes/Data/Users/mk8962/miniconda/envs/rnaseq/lib/jvm/lib
Path not found, skipping: /System/Volumes/Data/Users/im57/.lunarclient/jre/288956c9fcac16cc8301a1f619294800723bbfcd/zulu21.30.15-ca-jre21.0.1-macosx_x64/zulu-21.jre
Path not found, skipping: /Applications/Steinberg Download Assistant/Steinberg Download Assistant.app/Contents/PlugIns/Java.runtime
Path not found, skipping: /Users/sj4095/Applications/IBKR Desktop/.install4j/jre.bundle
Path not found, skipping: /opt/homebrew/Cellar/openjdk@11
Path not found, skipping: /System/Volumes/Data/opt/homebrew/Cellar/openjdk@11
Path not found, skipping: /Users/wz19/.nutstore/apps/lightapp/1.1.0/NutstoreLightApp.app/Contents/PlugIns/jdk-fx.jdk
Path not found, skipping: /System/Volumes/Data/Applications/CLC Genomics Workbench 23/.install4j/jre.bundle
Path not found, skipping: /Applications/Integrated Genome Browser/.install4j/jre.bundle
Path not found, skipping: /System/Volumes/Data/Users/rk1253/bin/JDownloader 2.0/.install4j/jre.bundle
Searching for .app files with 'adobe' in Trash directories...
*************Cleanup completedd*************
*************Get more info*************
########TOKEN
Status: ENABLED for user itops
########MDMLINK
WS1 Enrolled
########BIGFIX
########XDR
*************TEMP Task*************
*************SSaver update Nov 2024*************
File not found: /Users/Shared/NYUAD/01.jpg
File not found: /Users/Shared/NYUAD/02.jpg
File not found: /Users/Shared/NYUAD/03.jpg
File not found: /Users/Shared/NYUAD/04.jpg
File not found: /Users/Shared/NYUAD/05.jpg
File not found: /Users/Shared/NYUAD/06.jpg
File not found: /Users/Shared/NYUAD/07.jpg
File not found: /Users/Shared/NYUAD/08.jpg
File not found: /Users/Shared/NYUAD/09.jpg
*************End of Script*************
*************End time: Fri Dec 13 09:25:49 +04 2024*************
*************Elapsed time: 375 seconds*************
App Sanity Check Completed
