******000000******Start of Script******000000******
*************Start time: Mon Nov 25 12:53:06 +04 2024*************
*************Checking Chrome*************
GC Installed Ver: 131.0.6778.85
****** Chrome DMG is outdated or metadata mismatch. Downloading again. ******
GC Stable Ver: 131.0.6778.86
GC Installed Ver: 131.0.6778.85
****** Chrome version differs - installed: 131.0.6778.85, available: 131.0.6778.86 ******
****** Application is currently running on target Mac. Proceeding Upgrade. ******
****** Latest version of Chrome is now installed on target Mac. ******
****** Firefox is not installed ******
****** Thunderbird is not installed ******
*************Checking Adobe Air*************
Uninstaller not present
Forgetting package
****** Adobe Air check completed ******
*************Checking Acrobat Reader*************
****** Adobe Acrobat Reader is installed. Proceeding ******
AR Stable Ver: 24.004.20272
AR Installed Ver: 24.004.20219
****** Adobe Reader is outdated. Updating ******
ARCurrVersNormalized: 2400420272
Latest version of the URL is: https://ardownload2.adobe.com/pub/adobe/reader/mac/AcrobatDC/2400420272/AcroRdrDC_2400420272_MUI.dmg
Mon Nov 25 12:53:44 +04 2024: Downloading newer version.
Mon Nov 25 12:54:48 +04 2024: Mounting installer disk image.
Mon Nov 25 12:54:59 +04 2024: Installing...
No process containing 'Acrobat' in its name is currently running.
Mon Nov 25 12:57:10 +04 2024: Unmounting installer disk image.
All volumes unmounted.
Mon Nov 25 12:57:20 +04 2024: Deleting disk image.
Mon Nov 25 12:57:20 +04 2024: SUCCESS: Adobe Reader has been updated to version 24.004.20272
****** Adobe Acrobat Reader check completed ******
*************Checking log4j*************
JAR file already exists. Skipping download.
Using existing JAR file: /Users/Shared/log4jscan-latest.jar
Log file is either more than 7 days old or does not exist. Running scan...
****** Scan completed. Log file: /Users/Shared/log4j.log ******
*************Checking Acrobat Full Version*************
****** Adobe Acrobat Full is installed. Proceeding ******
AB Stable Ver: 24.004.20272
AB Installed Ver: 24.004.20272
****** Adobe Full is up to date. Exiting ******
AB Stable Ver: 24.004.20272
AB Installed Ver: 24.004.20272
****** Adobe Full is up to date. Exiting ******
****** Adobe Acrobat Full check completed ******
*************Checking Microsoft Office*************
Microsoft AutoUpdate is not installed. Installing...
Installing Microsoft AutoUpdate...
installer: Package name is Microsoft AutoUpdate
installer: Upgrading at base path /
installer:PHASE:Preparing for installation…
installer:PHASE:Preparing the disk…
installer:PHASE:Preparing Microsoft AutoUpdate…
installer:PHASE:Waiting for other installations to complete…
installer:PHASE:Waiting for other installations to complete…
installer:PHASE:Waiting for other installations to complete…
installer:PHASE:Waiting for other installations to complete…
installer:PHASE:Waiting for other installations to complete…
installer:PHASE:Waiting for other installations to complete…
installer:PHASE:Waiting for other installations to complete…
installer:PHASE:Waiting for other installations to complete…
installer:PHASE:Waiting for other installations to complete…
installer:PHASE:Waiting for other installations to complete…
installer:PHASE:Waiting for other installations to complete…
installer:PHASE:Waiting for other installations to complete…
installer:PHASE:Waiting for other installations to complete…
installer:PHASE:Waiting for other installations to complete…
installer:PHASE:Waiting for other installations to complete…
installer:PHASE:Waiting for other installations to complete…
installer:PHASE:Waiting for other installations to complete…
installer:PHASE:Waiting for other installations to complete…
installer:PHASE:Waiting for other installations to complete…
installer:PHASE:Waiting for other installations to complete…
installer:PHASE:Waiting for other installations to complete…
installer:PHASE:Waiting for other installations to complete…
installer:PHASE:Configuring the installation…
installer:STATUS:
installer:%11.478191
installer:PHASE:Writing files…
installer:PHASE:Writing files…
installer:%36.367961
installer:PHASE:Running package scripts…
installer:%42.735674
installer:PHASE:Registering package with system…
installer:%86.909849
installer:PHASE:Running package scripts…
installer:%88.860438
installer:PHASE:Running package scripts…
installer:%89.499271
installer:PHASE:Running package scripts…
installer:PHASE:Running package scripts…
installer:PHASE:Running package scripts…
installer:PHASE:Running package scripts…
installer:PHASE:Running package scripts…
installer:PHASE:Running package scripts…
installer:PHASE:Running package scripts…
installer:PHASE:Running package scripts…
installer:PHASE:Running package scripts…
installer:PHASE:Running package scripts…
installer:PHASE:Running package scripts…
installer:PHASE:Validating packages…
installer:%97.750000
installer:STATUS:Running installer actions…
installer:STATUS:
installer:PHASE:Finishing the Installation…
installer:STATUS:
installer:%100.000000
installer:PHASE:The software was successfully installed.
installer: The upgrade was successful.
Opening Microsoft AutoUpdate app...
Continuing script execution...
Installing updates...
Update available: Latest version is , installed version is 16.89.
*************Check complete for Microsoft Office*************
*************Checking Silverlight*************

*************Check complete for Silverlight*************
*************Checking Java*************
No folder with 'jdk' found.
Removing JRE
Mon Nov 25 12:57:48 +04 2024: Clean up JRE traces...
Searching for rt.jar...
Searching for jrt-fs.jar...
Searching for catalina.jar...
Searching for struts-core-1.3.8.jar...
Searching for rt.ogjarbak...
Searching for jrt-fs.ogjarbak...
*************Check complete for Java*************
*************Checking Safari*************
macOS version is above 13.0. Skipping installation.
*************Check complete for Safari for macOS 11-13 only *************
*************Checking Rogue Apps*************
Searching for Google Chrome.app...
Searching for Safari.app...
Searching for Firefox.app...
No instances of Firefox.app found outside /Applications.
Searching for Thunderbird.app...
No instances of Thunderbird.app found outside /Applications.
Searching for Foxit Reader.app...
No instances of Foxit Reader.app found outside /Applications.
*************Task completed in 1 seconds to Remove rogue apps*************
*************Checking Adobe Apps*************
Remote Update Manager is already installed.
Adobe Apps Update in progress...
RemoteUpdateManager version is : 2.2.0.3
Starting the RemoteUpdateManager...

**************************************************
No new updates are available for Acrobat/Reader
**************************************************
*************Adobe apps check completed*************
*************Checking MacOS SU*************
Performing Software Update Check for macOS
*************Notify for updated*************
****** macOS SU check completed ******
*************Checking VLC*************
VLC version: 3.0.21
Arch is: x86_64
VLC up to date
****** VLC check completed ******
*************Manual files removal*************
Path not found, skipping: /Applications/Adobe Acrobat 2015
Path not found, skipping: /Applications/Adobe Digital Editions 4.5.app
Path not found, skipping: /Applications/Adobe Illustrator CC 2015
Path not found, skipping: /Applications/Adobe Illustrator CC 2016
Path not found, skipping: /Applications/Adobe Illustrator CC 2017
Path not found, skipping: /Applications/Adobe Illustrator CC 2018
Path not found, skipping: /Applications/Adobe Illustrator CC 2019
Path not found, skipping: /Applications/Adobe Illustrator 2020
Deleting: /Applications/Adobe Illustrator 2021
Path not found, skipping: /Applications/Adobe Illustrator 2022
Path not found, skipping: /Applications/Adobe Illustrator 2023
Path not found, skipping: /Applications/Adobe Photoshop CC 2015
Path not found, skipping: /Applications/Adobe Photoshop CC 2016
Path not found, skipping: /Applications/Adobe Photoshop CC 2017
Path not found, skipping: /Applications/Adobe Photoshop CC 2018
Path not found, skipping: /Applications/Adobe Photoshop 2020
Path not found, skipping: /Applications/Adobe Photoshop 2021
Path not found, skipping: /Applications/Adobe Photoshop 2022
Path not found, skipping: /Applications/Adobe Photoshop 2023
Deleting: /private/var/root/.Trash/Adobe Acrobat Reader.app
Path not found, skipping: /private/var/root/.Trash/Adobe Reader19-49-38.app
Path not found, skipping: /Users/mm9511/Library/CloudStorage/GoogleDrive-mm9511@nyu.edu/My Drive/Adobe Acrobat Reader.app
Path not found, skipping: /Applications/Adobe Acrobat XI Pro
Path not found, skipping: /Users/ag9141/Documents/mpi/Applications/Adobe Acrobat Reader DC.app
Path not found, skipping: /Applications/Adobe Animate CC 2017
Path not found, skipping: /Applications/Adobe Animate 2022
Path not found, skipping: /Applications/Adobe Illustrator CC 2015.3
Path not found, skipping: /Applications/Adobe Photoshop CC 2015.5
Path not found, skipping: /Users/mohamadabbas/Desktop/Desktop/Shows/Programs/Mac 2/del/VLC.app
Path not found, skipping: /Users/wm955/bin/JDownloader 2.0.220930
Path not found, skipping: /Users/ag9141/Documents/MPI/Applications/Microsoft Word.app
Path not found, skipping: /Applications/Microsoft Word.app.installBackup
Path not found, skipping: /Users/ag9141/Documents/MPI/Applications/Microsoft OneNote.app
Path not found, skipping: /Users/sb7444/Desktop/Cisco AnyConnect Secure Mobility Client.app
Path not found, skipping: /Users/sm5436/Desktop/DO NOT DELETE MANUALS/Applications/Microsoft Word.app
Path not found, skipping: /Users/sm5436/Desktop/DO NOT DELETE MANUALS/Applications/Cisco/Cisco AnyConnect Secure Mobility Client.app
Path not found, skipping: /Users/sm5436/Desktop/DO NOT DELETE MANUALS/Applications/Adobe Acrobat DC/Adobe Acrobat.app
Path not found, skipping: /opt/homebrew/Cellar/openjdk@11
Path not found, skipping: /Users/hha026/Downloads/Fiji.app
Path not found, skipping: /Users/ag6042/Documents/documents26042024/Fiji.app
Path not found, skipping: /Users/hha026/Downloads/Fiji.app
Path not found, skipping: /System/Volumes/Data/Users/baglio/Library/Application Support/minecraft
Path not found, skipping: /System/Volumes/Data/Users/akj4/Dropbox/My Mac (MacBook-Pro.local)/Downloads/merlin-3
Path not found, skipping: /System/Volumes/Data/Users/nd48/Library/Application Support/minecraft
Path not found, skipping: /Applications/Cisco/Cisco AnyConnect Secure Mobility Client.app
Deleting: /opt/cisco/anyconnect
Path not found, skipping: /Applications/Cisco/Cisco AnyConnect Secure Mobility Client1.app
Path not found, skipping: /Users/sm5436/Desktop/DO NOT DELETE MANUALS/Applications/Cisco/Cisco AnyConnect Secure Mobility Client.app
Searching for .app files with 'adobe' in Trash directories...
Deleting from Trash: /private/var/root/.Trash/Adobe Reader11-11-41.app
Deleting from Trash: /private/var/root/.Trash/Adobe Reader11-11-41.app/Contents/Frameworks/AdobeCrashReporter.framework/Versions/A/Adobe Crash Processor.app
Deleting from Trash: /private/var/root/.Trash/Adobe Reader11-11-41.app/Contents/Frameworks/AdobeCrashReporter.framework/Versions/A/Adobe Crash Reporter.app
Deleting from Trash: /private/var/root/.Trash/Adobe Reader11-11-41.app/Contents/Frameworks/RdrCEF Helper (Renderer).app/Contents/Frameworks/AdobeCrashReporter.framework/Versions/A/Adobe Crash Processor.app
Deleting from Trash: /private/var/root/.Trash/Adobe Reader11-11-41.app/Contents/Frameworks/RdrCEF Helper (Renderer).app/Contents/Frameworks/AdobeCrashReporter.framework/Versions/A/Adobe Crash Reporter.app
Deleting from Trash: /private/var/root/.Trash/Adobe Reader11-11-41.app/Contents/Frameworks/RdrCEF Helper (GPU).app/Contents/Frameworks/AdobeCrashReporter.framework/Versions/A/Adobe Crash Processor.app
Deleting from Trash: /private/var/root/.Trash/Adobe Reader11-11-41.app/Contents/Frameworks/RdrCEF Helper (GPU).app/Contents/Frameworks/AdobeCrashReporter.framework/Versions/A/Adobe Crash Reporter.app
Deleting from Trash: /private/var/root/.Trash/Adobe Reader11-11-41.app/Contents/Frameworks/RdrCEF Helper.app/Contents/Frameworks/AdobeCrashReporter.framework/Versions/A/Adobe Crash Processor.app
Deleting from Trash: /private/var/root/.Trash/Adobe Reader11-11-41.app/Contents/Frameworks/RdrCEF Helper.app/Contents/Frameworks/AdobeCrashReporter.framework/Versions/A/Adobe Crash Reporter.app
Deleting from Trash: /private/var/root/.Trash/Adobe Reader11-11-41.app/Contents/Helpers/Adobe Acrobat Reader Helper.app
Deleting from Trash: /private/var/root/.Trash/Adobe Reader11-11-41.app/Contents/Helpers/AcroCEF/RdrCEF.app/Contents/Frameworks/AdobeCrashReporter.framework/Versions/A/Adobe Crash Processor.app
Deleting from Trash: /private/var/root/.Trash/Adobe Reader11-11-41.app/Contents/Helpers/AcroCEF/RdrCEF.app/Contents/Frameworks/AdobeCrashReporter.framework/Versions/A/Adobe Crash Reporter.app
Deleting from Trash: /private/var/root/.Trash/Adobe Reader11-11-41.app/Contents/Helpers/AdobeResourceSynchronizer.app
Deleting from Trash: /private/var/root/.Trash/Adobe Reader11-11-41.app/Contents/Helpers/AdobeResourceSynchronizer.app/Contents/Frameworks/AdobeCrashReporter.framework/Versions/A/Adobe Crash Processor.app
Deleting from Trash: /private/var/root/.Trash/Adobe Reader11-11-41.app/Contents/Helpers/AdobeResourceSynchronizer.app/Contents/Frameworks/AdobeCrashReporter.framework/Versions/A/Adobe Crash Reporter.app
Deleting from Trash: /private/var/root/.Trash/Adobe Reader21-32-13.app
Deleting from Trash: /private/var/root/.Trash/Adobe Reader21-32-13.app/Contents/Frameworks/AdobeCrashReporter.framework/Versions/A/Adobe Crash Processor.app
Deleting from Trash: /private/var/root/.Trash/Adobe Reader21-32-13.app/Contents/Frameworks/AdobeCrashReporter.framework/Versions/A/Adobe Crash Reporter.app
Deleting from Trash: /private/var/root/.Trash/Adobe Reader21-32-13.app/Contents/Frameworks/RdrCEF Helper (Renderer).app/Contents/Frameworks/AdobeCrashReporter.framework/Versions/A/Adobe Crash Processor.app
Deleting from Trash: /private/var/root/.Trash/Adobe Reader21-32-13.app/Contents/Frameworks/RdrCEF Helper (Renderer).app/Contents/Frameworks/AdobeCrashReporter.framework/Versions/A/Adobe Crash Reporter.app
Deleting from Trash: /private/var/root/.Trash/Adobe Reader21-32-13.app/Contents/Frameworks/RdrCEF Helper (GPU).app/Contents/Frameworks/AdobeCrashReporter.framework/Versions/A/Adobe Crash Processor.app
Deleting from Trash: /private/var/root/.Trash/Adobe Reader21-32-13.app/Contents/Frameworks/RdrCEF Helper (GPU).app/Contents/Frameworks/AdobeCrashReporter.framework/Versions/A/Adobe Crash Reporter.app
Deleting from Trash: /private/var/root/.Trash/Adobe Reader21-32-13.app/Contents/Frameworks/RdrCEF Helper.app/Contents/Frameworks/AdobeCrashReporter.framework/Versions/A/Adobe Crash Processor.app
Deleting from Trash: /private/var/root/.Trash/Adobe Reader21-32-13.app/Contents/Frameworks/RdrCEF Helper.app/Contents/Frameworks/AdobeCrashReporter.framework/Versions/A/Adobe Crash Reporter.app
Deleting from Trash: /private/var/root/.Trash/Adobe Reader21-32-13.app/Contents/Helpers/Adobe Acrobat Reader Helper.app
Deleting from Trash: /private/var/root/.Trash/Adobe Reader21-32-13.app/Contents/Helpers/AcroCEF/RdrCEF.app/Contents/Frameworks/AdobeCrashReporter.framework/Versions/A/Adobe Crash Processor.app
Deleting from Trash: /private/var/root/.Trash/Adobe Reader21-32-13.app/Contents/Helpers/AcroCEF/RdrCEF.app/Contents/Frameworks/AdobeCrashReporter.framework/Versions/A/Adobe Crash Reporter.app
Deleting from Trash: /private/var/root/.Trash/Adobe Reader21-32-13.app/Contents/Helpers/AdobeResourceSynchronizer.app
Deleting from Trash: /private/var/root/.Trash/Adobe Reader21-32-13.app/Contents/Helpers/AdobeResourceSynchronizer.app/Contents/Frameworks/AdobeCrashReporter.framework/Versions/A/Adobe Crash Processor.app
Deleting from Trash: /private/var/root/.Trash/Adobe Reader21-32-13.app/Contents/Helpers/AdobeResourceSynchronizer.app/Contents/Frameworks/AdobeCrashReporter.framework/Versions/A/Adobe Crash Reporter.app
*************Cleanup completedd*************
*************Get more info*************
########TOKEN
Status: ENABLED for user itops
########MDMLINK
WS1 Enrolled
########BIGFIX
########XDR
*************TEMP Task*************
*************SSaver update Nov 2024*************
File not found: /Users/Shared/NYUAD/01.jpg
File not found: /Users/Shared/NYUAD/02.jpg
File not found: /Users/Shared/NYUAD/03.jpg
File not found: /Users/Shared/NYUAD/04.jpg
File not found: /Users/Shared/NYUAD/05.jpg
File not found: /Users/Shared/NYUAD/06.jpg
File not found: /Users/Shared/NYUAD/07.jpg
File not found: /Users/Shared/NYUAD/08.jpg
File not found: /Users/Shared/NYUAD/09.jpg
*************End of Script*************
*************End time: Mon Nov 25 12:58:33 +04 2024*************
*************Elapsed time: 327 seconds*************
App Sanity Check Completed
******000000******Start of Script******000000******
*************Start time: Fri Dec 13 10:33:59 +04 2024*************
*************Checking Chrome*************
GC Installed Ver: 131.0.6778.109
****** Chrome DMG is outdated or metadata mismatch. Downloading again. ******
GC Stable Ver: 131.0.6778.140
GC Installed Ver: 131.0.6778.109
****** Chrome version differs - installed: 131.0.6778.109, available: 131.0.6778.140 ******
****** Application is currently running on target Mac. Proceeding Upgrade. ******
****** Latest version of Chrome is now installed on target Mac. ******
****** Firefox is not installed ******
****** Thunderbird is not installed ******
*************Checking Adobe Air*************
Uninstaller not present
Forgetting package
****** Adobe Air check completed ******
*************Checking Acrobat Reader*************
****** Adobe Acrobat Reader is installed. Proceeding ******
AR Stable Ver: 24.005.20320
AR Installed Ver: 24.004.20272
****** Adobe Reader is outdated. Updating ******
ARCurrVersNormalized: 2400520320
Latest version of the URL is: https://ardownload2.adobe.com/pub/adobe/reader/mac/AcrobatDC/2400520320/AcroRdrDC_2400520320_MUI.dmg
Fri Dec 13 10:37:01 +04 2024: Downloading newer version.
Fri Dec 13 10:37:26 +04 2024: Mounting installer disk image.
Fri Dec 13 10:37:47 +04 2024: Installing...
Process containing 'Acrobat' in its name has been killed.
Fri Dec 13 10:40:20 +04 2024: Unmounting installer disk image.
All volumes unmounted.
Fri Dec 13 10:40:30 +04 2024: Deleting disk image.
Fri Dec 13 10:40:30 +04 2024: SUCCESS: Adobe Reader has been updated to version 24.005.20320
****** Adobe Acrobat Reader check completed ******
*************Checking log4j*************
JAR file already exists. Skipping download.
Using existing JAR file: /Users/Shared/log4jscan-latest.jar
Log file is either more than 7 days old or does not exist. Running scan...
****** Scan completed. Log file: /Users/Shared/log4j.log ******
*************Checking Acrobat Full Version*************
****** Adobe Acrobat Full is installed. Proceeding ******
AB Stable Ver: 24.005.20320
AB Installed Ver: 24.004.20272
****** Adobe Full is outdated. Updating ******
ABCurrVersNormalized: 2400520320
Latest version of the URL is: https://ardownload2.adobe.com/pub/adobe/acrobat/mac/AcrobatDC/2400520320/AcrobatDCUpd2400520320.dmg
****** Acrobat DMG is outdated or metadata mismatch. Downloading again. ******
Fri Dec 13 10:41:17 +04 2024: Mounting installer disk image.
Fri Dec 13 10:41:19 +04 2024: Installing...
No process containing 'Acrobat' in its name is currently running.
installer: Package name is Adobe Acrobat (24.005.20320)
installer: Upgrading at base path /
installer: The upgrade was successful.
Fri Dec 13 10:48:10 +04 2024: Unmounting installer disk image.
Unmounting /dev/disk2s1
All volumes unmounted.
Fri Dec 13 10:48:21 +04 2024: Deleting disk image.
Fri Dec 13 10:48:21 +04 2024: SUCCESS: Adobe Full has been updated to version 24.005.20320
AB Stable Ver: 24.005.20320
AB Installed Ver: 24.005.20320
****** Adobe Full is up to date. Exiting ******
****** Adobe Acrobat Full check completed ******
*************Checking Microsoft Office*************
Microsoft AutoUpdate is installed.
Opening Microsoft AutoUpdate app...
Continuing script execution...
Installing updates...
Update available: Latest version is , installed version is 16.91.
*************Check complete for Microsoft Office*************
*************Checking Silverlight*************

*************Check complete for Silverlight*************
*************Checking Java*************
No folder with 'jdk' found.
Removing JRE
Fri Dec 13 10:48:22 +04 2024: Clean up JRE traces...
Searching for rt.jar...
Searching for jrt-fs.jar...
Searching for catalina.jar...
Searching for struts-core-1.3.8.jar...
Searching for rt.ogjarbak...
Searching for jrt-fs.ogjarbak...
*************Check complete for Java*************
*************Checking Fiji*************
Fiji.app not found. Skipping download and install.
No action taken.
https://cdn.azul.com/zulu/bin/zulu8.82.0.21-ca-jdk8.0.432-macosx_
Intel architecture. Downloading x64 binaries...
Filename: zulu8.82.0.21-ca-jdk8.0.432-macosx_x64.dmg
****** Java DMG is outdated or metadata mismatch. Downloading again. ******
Fri Dec 13 10:48:36 +04 2024: Updating Java...
Mounting /Users/Shared/zulu8.82.0.21-ca-jdk8.0.432-macosx_x64.dmg
Checksumming Protective Master Boot Record (MBR : 0)…
Protective Master Boot Record (MBR :: verified   CRC32 $11171CB7
Checksumming GPT Header (Primary GPT Header : 1)…
 GPT Header (Primary GPT Header : 1): verified   CRC32 $A258AD71
Checksumming GPT Partition Data (Primary GPT Table : 2)…
GPT Partition Data (Primary GPT Tabl: verified   CRC32 $A068FC84
Checksumming  (Apple_Free : 3)…
                    (Apple_Free : 3): verified   CRC32 $00000000
Checksumming disk image (Apple_HFS : 4)…
          disk image (Apple_HFS : 4): verified   CRC32 $E3EA461D
Checksumming  (Apple_Free : 5)…
                    (Apple_Free : 5): verified   CRC32 $00000000
Checksumming GPT Partition Data (Backup GPT Table : 6)…
GPT Partition Data (Backup GPT Table: verified   CRC32 $A068FC84
Checksumming GPT Header (Backup GPT Header : 7)…
  GPT Header (Backup GPT Header : 7): verified   CRC32 $8E1741E1
verified   CRC32 $018F3B28
/dev/disk3          	GUID_partition_scheme          	
/dev/disk3s1        	Apple_HFS                      	/Volumes/ZuluInstaller
Fri Dec 13 10:48:48 +04 2024: Clean up JRE traces...
Installing /Volumes/ZuluInstaller/Double-Click to Install Azul Zulu JDK 8.pkg ****************
installer: Package name is Azul Zulu JDK 8.82.0.21
installer: Installing at base path /
installer: The install was successful.
"disk3" ejected.
*************Check complete for Fiji *************
*************Checking Safari*************
macOS version is above 13.0. Skipping installation.
*************Check complete for Safari for macOS 11-13 only *************
*************Checking Rogue Apps*************
Searching for Google Chrome.app...
Searching for Safari.app...
Searching for Firefox.app...
No instances of Firefox.app found outside /Applications.
Searching for Thunderbird.app...
No instances of Thunderbird.app found outside /Applications.
Searching for Foxit Reader.app...
No instances of Foxit Reader.app found outside /Applications.
*************Task completed in 1 seconds to Remove rogue apps*************
*************Checking Adobe Apps*************
Remote Update Manager is already installed.
Adobe Apps Update in progress...
RemoteUpdateManager version is : 2.2.0.3
Starting the RemoteUpdateManager...

**************************************************
Following Acrobat/Reader updates are applicable on the system : 
		(AdobeARMDCHelper/1.2.6)
**************************************************
**************************************************
*** Installing (AdobeARMDCHelper/1.2.6) ...
*** Failed to install (AdobeARMDCHelper/1.2.6) ...
**************************************************
Following Updates failed to Install :
		(AdobeARMDCHelper/1.2.6)
**************************************************
*************Adobe apps check completed*************
*************Checking MacOS SU*************
Performing Software Update Check for macOS
*************Notify for updated*************
****** macOS SU check completed ******
*************Checking VLC*************
VLC version: 3.0.21
Arch is: x86_64
VLC up to date
****** VLC check completed ******
*************Manual files removal*************
Path not found, skipping: /Applications/Adobe Acrobat 2015
Path not found, skipping: /Applications/Adobe Digital Editions 4.5.app
Path not found, skipping: /Applications/Adobe Illustrator CC 2015
Path not found, skipping: /Applications/Adobe Illustrator CC 2016
Path not found, skipping: /Applications/Adobe Illustrator CC 2017
Path not found, skipping: /Applications/Adobe Illustrator CC 2018
Path not found, skipping: /Applications/Adobe Illustrator CC 2019
Path not found, skipping: /Applications/Adobe Illustrator 2020
Path not found, skipping: /Applications/Adobe Illustrator 2021
Path not found, skipping: /Applications/Adobe Illustrator 2022
Path not found, skipping: /Applications/Adobe Illustrator 2023
Path not found, skipping: /Applications/Adobe Photoshop CC 2015
Path not found, skipping: /Applications/Adobe Photoshop CC 2016
Path not found, skipping: /Applications/Adobe Photoshop CC 2017
Path not found, skipping: /Applications/Adobe Photoshop CC 2018
Path not found, skipping: /Applications/Adobe Photoshop 2020
Path not found, skipping: /Applications/Adobe Photoshop 2021
Path not found, skipping: /Applications/Adobe Photoshop 2022
Path not found, skipping: /Applications/Adobe Photoshop 2023
Path not found, skipping: /private/var/root/.Trash/Adobe Acrobat Reader.app
Path not found, skipping: /private/var/root/.Trash/Adobe Reader19-49-38.app
Path not found, skipping: /Users/mm9511/Library/CloudStorage/GoogleDrive-mm9511@nyu.edu/My Drive/Adobe Acrobat Reader.app
Path not found, skipping: /Applications/Adobe Acrobat XI Pro
Path not found, skipping: /Users/ag9141/Documents/mpi/Applications/Adobe Acrobat Reader DC.app
Path not found, skipping: /Applications/Adobe Animate CC 2017
Path not found, skipping: /Applications/Adobe Animate 2022
Path not found, skipping: /Applications/Adobe Illustrator CC 2015.3
Path not found, skipping: /Applications/Adobe Photoshop CC 2015.5
Path not found, skipping: /Users/mohamadabbas/Desktop/Desktop/Shows/Programs/Mac 2/del/VLC.app
Path not found, skipping: /Users/wm955/bin/JDownloader 2.0.220930
Path not found, skipping: /Users/ag9141/Documents/MPI/Applications/Microsoft Word.app
Path not found, skipping: /Applications/Microsoft Word.app.installBackup
Path not found, skipping: /Users/ag9141/Documents/MPI/Applications/Microsoft OneNote.app
Path not found, skipping: /Users/sb7444/Desktop/Cisco AnyConnect Secure Mobility Client.app
Path not found, skipping: /Users/sm5436/Desktop/DO NOT DELETE MANUALS/Applications/Microsoft Word.app
Path not found, skipping: /Users/sm5436/Desktop/DO NOT DELETE MANUALS/Applications/Cisco/Cisco AnyConnect Secure Mobility Client.app
Path not found, skipping: /Users/sm5436/Desktop/DO NOT DELETE MANUALS/Applications/Adobe Acrobat DC/Adobe Acrobat.app
Path not found, skipping: /opt/homebrew/Cellar/openjdk@11
Path not found, skipping: /Users/hha026/Downloads/Fiji.app
Path not found, skipping: /Users/ag6042/Documents/documents26042024/Fiji.app
Path not found, skipping: /Users/hha026/Downloads/Fiji.app
Path not found, skipping: /System/Volumes/Data/Users/baglio/Library/Application Support/minecraft
Path not found, skipping: /System/Volumes/Data/Users/akj4/Dropbox/My Mac (MacBook-Pro.local)/Downloads/merlin-3
Path not found, skipping: /System/Volumes/Data/Users/nd48/Library/Application Support/minecraft
Path not found, skipping: /Applications/Cisco/Cisco AnyConnect Secure Mobility Client.app
Path not found, skipping: /opt/cisco/anyconnect
Path not found, skipping: /Applications/Cisco/Cisco AnyConnect Secure Mobility Client1.app
Path not found, skipping: /Users/sm5436/Desktop/DO NOT DELETE MANUALS/Applications/Cisco/Cisco AnyConnect Secure Mobility Client.app
Path not found, skipping: /Users/ag6042/Downloads/download26042024/Fiji.app
Path not found, skipping: /Users/ya2331/Sadler Edepli Lab Dropbox/Yousra Ajouaou/Mac (2)/Desktop/Fiji.app
Path not found, skipping: /System/Volumes/Data/Users/md3886/Documents/Fiji
Path not found, skipping: /private/tmp/msu-target-QYBdEQDz/Users/ag6042/Applications/IBKR Desktop/.install4j/jre.bundle
Path not found, skipping: /Users/ekm294/Library/Application Support/OnVUE/Pearson VUE Browser Lock.app
Path not found, skipping: /System/Volumes/Data/Users/mk8962/miniconda/envs/rnaseq/lib/jvm/lib
Path not found, skipping: /System/Volumes/Data/Users/im57/.lunarclient/jre/288956c9fcac16cc8301a1f619294800723bbfcd/zulu21.30.15-ca-jre21.0.1-macosx_x64/zulu-21.jre
Path not found, skipping: /Applications/Steinberg Download Assistant/Steinberg Download Assistant.app/Contents/PlugIns/Java.runtime
Path not found, skipping: /Users/sj4095/Applications/IBKR Desktop/.install4j/jre.bundle
Path not found, skipping: /opt/homebrew/Cellar/openjdk@11
Path not found, skipping: /System/Volumes/Data/opt/homebrew/Cellar/openjdk@11
Path not found, skipping: /Users/wz19/.nutstore/apps/lightapp/1.1.0/NutstoreLightApp.app/Contents/PlugIns/jdk-fx.jdk
Path not found, skipping: /System/Volumes/Data/Applications/CLC Genomics Workbench 23/.install4j/jre.bundle
Path not found, skipping: /Applications/Integrated Genome Browser/.install4j/jre.bundle
Path not found, skipping: /System/Volumes/Data/Users/rk1253/bin/JDownloader 2.0/.install4j/jre.bundle
Searching for .app files with 'adobe' in Trash directories...
*************Cleanup completedd*************
*************Get more info*************
########TOKEN
Status: ENABLED for user itops
########MDMLINK
WS1 Enrolled
########BIGFIX
########XDR
*************TEMP Task*************
*************SSaver update Nov 2024*************
File not found: /Users/Shared/NYUAD/01.jpg
File not found: /Users/Shared/NYUAD/02.jpg
File not found: /Users/Shared/NYUAD/03.jpg
File not found: /Users/Shared/NYUAD/04.jpg
File not found: /Users/Shared/NYUAD/05.jpg
File not found: /Users/Shared/NYUAD/06.jpg
File not found: /Users/Shared/NYUAD/07.jpg
File not found: /Users/Shared/NYUAD/08.jpg
File not found: /Users/Shared/NYUAD/09.jpg
*************End of Script*************
*************End time: Fri Dec 13 11:06:50 +04 2024*************
*************Elapsed time: 1971 seconds*************
App Sanity Check Completed
