
Transcript started, output file is C:\ProgramData\AirWatch\UnifiedAgent\Logs\ADWX_GSD_Patch_ADUAED16234WKWX_20241206_113536.log
*************GSD Initiated at 2024-12-06 11:35:36*************
*************Check and install Dependencies*************
NuGet provider is installed.
*************Checking PSU Module*************
PSWindowsUpdate module is installed.
*************Checking Package Manager*************
Folder already exists at C:\temp\winget
winget is not installed.
Microsoft.VCLibs.x64.14.00.Desktop.appx is not installed. Installing...
Microsoft.VCLibs.x64.14.00.Desktop.appx has been installed.
Microsoft.UI.Xaml.2.8.x64.appx is not installed. Installing...
Microsoft.UI.Xaml.2.8.x64.appx has been installed.
Dependencies have been checked and installed successfully.
The current user is a system account - nt authority\system. Run 2nd try...
winget-install 5.0.5
To check for updates, run winget-install -CheckForUpdate
To delay script exit, run winget-install -Wait
To force script pausing after execution, run winget-install -NoExit

##########
# winget #
##########

Installing Microsoft.WinGet.Client module...
Installing winget (this takes a minute or two)...

############
# Complete #
############

winget installed successfully.
Checking if winget is installed and working...
*************Running Windows OS Updates*************
Detected as **GSD** process is runinng - Logs below look for ***PSUsection***
************* Running Apps Updates (Timeout 30 mins) *************
True
************* Running Apps Updates (Timeout 30 mins) *************
True
*************Checking for Silverlight*************
Silverlight is not installed.
*************Checking log4j*************
Downloaded: c:\temp\log4jscan-latest.jar
Failed to execute log4j scan
*************Checking Ghostscript*************
Ghostscript folder not found. Skipped install process.
*************Checking Java*************
No JDK folder found. Parameter containsJDK remains False.
JRE folder found. Parameter containsJRE set to True.
Uninstalling Java 8 Update 431 (64-bit) using command: MsiExec.exe /X{71024AE4-039E-4CA4-87B4-2F64180431F0}
Adobe Creative Cloud is not installed. Installing using winget...
The process output has been logged to C:\temp\winget_log.txt
Log file content:

   - 
   \ 
                                                                                                                        

  █████████▒▒▒▒▒▒▒▒▒▒▒▒▒▒▒▒▒▒▒▒▒  1024 KB / 3.24 MB
  ██████████████████▒▒▒▒▒▒▒▒▒▒▒▒  2.00 MB / 3.24 MB
  ███████████████████████████▒▒▒  3.00 MB / 3.24 MB
  ██████████████████████████████  3.24 MB / 3.24 MB
                                                                                                                        
Found Adobe Creative Cloud [Adobe.CreativeCloud] Version 6.4.0.361
This application is licensed to you by its owner.
Microsoft is not responsible for, nor does it grant any licenses to, third-party packages.
Downloading https://prod-rel-ffc-ccm.oobesaas.adobe.com/adobe-ffc-external/core/v1/wam/download?sapCode=KCCC&wamFeature=nuj-live

   - 
   \ 
   | 
   / 
   - 
   \ 
   | 
   / 
   - 
   \ 
   | 
   / 
   - 
   \ 
   | 
   / 
   - 
   \ 
   | 
   / 
   - 
   \ 
   | 
   / 
   - 
   \ 
   | 
                                                                                                                        

                                                                                                                        

  █████████▒▒▒▒▒▒▒▒▒▒▒▒▒▒▒▒▒▒▒▒▒  1024 KB / 3.15 MB
  ██████████████████████████████  3.15 MB / 3.15 MB
Successfully verified installer hash
Starting package install...

   - 
   \ 
   | 
   / 
   - 
   \ 
   | 
   / 
   - 
   \ 
   | 
   / 
   - 
   \ 
   | 
   / 
   - 
   \ 
   | 
   / 
   - 
   \ 
   | 
   / 
   - 
   \ 
   | 
   / 
   - 
   \ 
   | 
   / 
   - 
   \ 
   | 
   / 
   - 
   \ 
   | 
   / 
   - 
   \ 
   | 
   / 
   - 
   \ 
   | 
   / 
   - 
   \ 
   | 
   / 
   - 
   \ 
   | 
   / 
   - 
   \ 
   | 
   / 
   - 
   \ 
   | 
   / 
   - 
   \ 
   | 
   / 
   - 
   \ 
   | 
   / 
   - 
   \ 
   | 
   / 
   - 
   \ 
   | 
   / 
   - 
   \ 
   | 
   / 
   - 
   \ 
   | 
   / 
   - 
   \ 
   | 
   / 
   - 
   \ 
   | 
   / 
   - 
   \ 
   | 
   / 
   - 
   \ 
   | 
   / 
   - 
   \ 
   | 
   / 
   - 
   \ 
   | 
   / 
   - 
   \ 
   | 
   / 
   - 
   \ 
   | 
   / 
   - 
   \ 
   | 
   / 
   - 
   \ 
   | 
   / 
   - 
   \ 
   | 
   / 
   - 
   \ 
   | 
   / 
   - 
   \ 
   | 
   / 
   - 
   \ 
   | 
   / 
   - 
   \ 
   | 
   / 
   - 
   \ 
   | 
   / 
   - 
   \ 
   | 
   / 
   - 
   \ 
   | 
   / 
   - 
   \ 
   | 
   / 
   - 
   \ 
   | 
   / 
   - 
   \ 
   | 
   / 
   - 
   \ 
   | 
   / 
   - 
   \ 
   | 
   / 
   - 
   \ 
   | 
   / 
   - 
   \ 
   | 
   / 
   - 
   \ 
   | 
   / 
   - 
   \ 
   | 
                                                                                                                        
Successfully installed
Adobe Remote Update Manager is not installed.
Transcript stopped, output file is C:\ProgramData\AirWatch\UnifiedAgent\Logs\ADWX_GSD_Patch_ADUAED16234WKWX_20241206_113536.log
###PSUsection###
VERBOSE: ADUAED16234WKWX (12/6/2024 11:36:02 AM): Connecting to Microsoft Update server. Please wait...
VERBOSE: Found [9] Updates in pre search criteria
VERBOSE: Found [1] Updates in post search criteria

X ComputerName Result     KB          Size Title                                                                       
- ------------ ------     --          ---- -----                                                                       
1 ADUAED162... Accepted   KB5046633  128GB 2024-11 Cumulative Update for Windows 11 Version 23H2 for x64-based Syste...
VERBOSE: Accepted [1] Updates ready to Download
2 ADUAED162... Downloaded KB5046633  128GB 2024-11 Cumulative Update for Windows 11 Version 23H2 for x64-based Syste...
VERBOSE: Downloaded [1] Updates ready to Install
3 ADUAED162... Installed  KB5046633  128GB 2024-11 Cumulative Update for Windows 11 Version 23H2 for x64-based Syste...
VERBOSE: Installed [1] Updates
Reboot is required, but do it manually.


###WGUsection 01###

   - 
   \ 
   | 
   / 
   - 
   \ 
   | 
                                                                                                                        

  ███████████████████▒▒▒▒▒▒▒▒▒▒▒  1024 KB / 1.50 MB
  ██████████████████████████████  1.50 MB / 1.50 MB
                                                                                                                        

  █████████▒▒▒▒▒▒▒▒▒▒▒▒▒▒▒▒▒▒▒▒▒  1024 KB / 3.24 MB
  ██████████████████▒▒▒▒▒▒▒▒▒▒▒▒  2.00 MB / 3.24 MB
  ███████████████████████████▒▒▒  3.00 MB / 3.24 MB
  ██████████████████████████████  3.24 MB / 3.24 MB
                                                                                                                        
Name  Id          Version      Available     Source
---------------------------------------------------
Webex Cisco.Webex 43.2.0.25211 44.12.0.31359 winget
1 upgrades available.

(1/1) Found Webex [Cisco.Webex] Version 44.12.0.31359
This application is licensed to you by its owner.
Microsoft is not responsible for, nor does it grant any licenses to, third-party packages.
Successfully verified installer hash
Starting package uninstall...

   - 
                                                                                                                        
Uninstall failed with exit code: 1605

###WGUsection 02###

   - 
   \ 
                                                                                                                        

  █████████▒▒▒▒▒▒▒▒▒▒▒▒▒▒▒▒▒▒▒▒▒  1024 KB / 3.24 MB
  ██████████████████▒▒▒▒▒▒▒▒▒▒▒▒  2.00 MB / 3.24 MB
  ███████████████████████████▒▒▒  3.00 MB / 3.24 MB
  ██████████████████████████████  3.24 MB / 3.24 MB
                                                                                                                        
Name  Id          Version      Available     Source
---------------------------------------------------
Webex Cisco.Webex 43.2.0.25211 44.12.0.31359 winget
1 upgrades available.

(1/1) Found Webex [Cisco.Webex] Version 44.12.0.31359
This application is licensed to you by its owner.
Microsoft is not responsible for, nor does it grant any licenses to, third-party packages.
Successfully verified installer hash
Starting package uninstall...
Uninstall failed with exit code: 1605

###WG7zip###
7-Zip version: 24.09 (Path: C:\Program Files\7-Zip\7z.exe)
#############GSD-Fix Completed#############
