******000000******Start of Script******000000******
*************Start time: Thu Oct 31 17:10:46 +04 2024*************
*************Checking Chrome*************
GC Installed Ver: 130.0.6723.70
****** Chrome DMG is outdated or metadata mismatch. Downloading again. ******
GC Stable Ver: 130.0.6723.92
GC Installed Ver: 130.0.6723.70
****** Chrome version differs - installed: 130.0.6723.70, available: 130.0.6723.92 ******
****** Application is currently running on target Mac. Proceeding Upgrade. ******
****** Latest version of Chrome is now installed on target Mac. ******
*************Checking Firefox*************
****** Firefox DMG is outdated or metadata mismatch. Downloading again. ******
FF Stable Ver: 132.0
FF Installed Ver: 131.0
****** Firefox version differs - installed: 131.0, available: 132.0 ******
****** Firefox is currently running on target Mac. Proceeding Upgrade. ******
installer: Package name is 
installer: Installing at base path /
installer: The install was successful.
****** Latest version of Firefox is installed on target Mac. ******
****** Thunderbird is not installed ******
*************Checking Acrobat Reader*************
****** Adobe Acrobat Reader is not installed. Exiting ******
****** Adobe Acrobat Reader check completed ******
*************Checking log4j*************
JAR file already exists. Skipping download.
Using existing JAR file: /Users/Shared/log4jscan-latest.jar
Log file is either more than 7 days old or does not exist. Running scan...
****** Scan completed. Log file: /Users/Shared/log4j.log ******
*************Checking Acrobat Full Version*************
****** Adobe Acrobat Full is not installed. Exiting ******
****** Adobe Acrobat Full check completed ******
*************Checking Microsoft Office*************
Microsoft AutoUpdate is installed.
Opening Microsoft AutoUpdate app...
Continuing script execution...
Installing updates...
*************Check complete for Microsoft Office*************
*************Checking Silverlight*************

*************Check complete for Silverlight*************
*************Checking Java*************
Folder with 'jdk' found.
Checking Java version
Java is installed and working
Performing JDK update...
ARM architecture. Downloading arm64 binaries...
Filename: zulu23.30.13-ca-jdk23.0.1-macosx_aarch64.dmg
Thu Oct 31 17:13:21 +04 2024: Downloading zulu23.30.13-ca-jdk23.0.1-macosx_aarch64.dmg...
Thu Oct 31 17:13:43 +04 2024: Updating Java...
Mounting /Users/Shared/zulu23.30.13-ca-jdk23.0.1-macosx_aarch64.dmg
Calcul de la somme de contrôle de Protective Master Boot Record (MBR : 0)…
Protective Master Boot Record (MBR : : vérifiée   CRC32 $58EB7463
Calcul de la somme de contrôle de GPT Header (Primary GPT Header : 1)…
 GPT Header (Primary GPT Header : 1) : vérifiée   CRC32 $C186CEB6
Calcul de la somme de contrôle de GPT Partition Data (Primary GPT Table : 2)…
GPT Partition Data (Primary GPT Tabl : vérifiée   CRC32 $CB59E3F9
Calcul de la somme de contrôle de  (Apple_Free : 3)…
                    (Apple_Free : 3) : vérifiée   CRC32 $00000000
Calcul de la somme de contrôle de disk image (Apple_HFS : 4)…
          disk image (Apple_HFS : 4) : vérifiée   CRC32 $002D6988
Calcul de la somme de contrôle de  (Apple_Free : 5)…
                    (Apple_Free : 5) : vérifiée   CRC32 $00000000
Calcul de la somme de contrôle de GPT Partition Data (Backup GPT Table : 6)…
GPT Partition Data (Backup GPT Table : vérifiée   CRC32 $CB59E3F9
Calcul de la somme de contrôle de GPT Header (Backup GPT Header : 7)…
  GPT Header (Backup GPT Header : 7) : vérifiée   CRC32 $C4C58D02
vérifiée   CRC32 $D7E7EB9E
/dev/disk7          	GUID_partition_scheme          	
/dev/disk7s1        	Apple_HFS                      	/Volumes/ZuluInstaller
Thu Oct 31 17:13:53 +04 2024: Clean up JRE traces...
Installing /Volumes/ZuluInstaller/Double-Click to Install Azul Zulu JDK 23.pkg ****************
installer: Package name is Azul Zulu JDK 23.30+13
installer: Installing at base path /
installer: The install was successful.
"disk7" ejected.
Searching for rt.jar...
Searching for jrt-fs.jar...
Searching for catalina.jar...
Searching for struts-core-1.3.8.jar...
Searching for rt.ogjarbak...
Searching for jrt-fs.ogjarbak...
Found /Applications/Stata/utilities/java/macos-arm64/zulu-jdk17.0.6/zulu-17.jdk/Contents/Home/lib/jrt-fs.ogjarbak (already .ogjarbak)
Found /Applications/Stata/utilities/java/macosx-x64/zulu-jdk17.0.6/zulu-17.jdk/Contents/Home/lib/jrt-fs.ogjarbak (already .ogjarbak)
Java is required. Install Zulu JDK
Folder with 'jdk' found.
Checking Java version
Skipping JDK update as version 23.0.1 is found in Java version.
*************Check complete for Java*************
*************Checking Safari*************
macOS version is above 13.0. Skipping installation.
*************Check complete for Safari for macOS 11-13 only *************
*************Checking Rogue Apps*************
Searching for Google Chrome.app...
Searching for Safari.app...
Searching for Firefox.app...
Searching for Thunderbird.app...
No instances of Thunderbird.app found outside /Applications.
Searching for Foxit Reader.app...
No instances of Foxit Reader.app found outside /Applications.
*************Task completed in 0 seconds to Remove rogue apps*************
*************Checking Adobe Apps*************
Remote Update Manager is already installed.
Adobe Apps Update in progress...
RemoteUpdateManager version is : 3.1.0.3
Starting the RemoteUpdateManager...

*************Adobe apps check completed*************
*************Checking MacOS SU*************
Performing Software Update Check for macOS
App Sanity Check Completed
button returned:OK
****** macOS SU check completed ******
VLC version: 3.0.21
Arch is: arm64
VLC up to date
****** VLC check completed ******
*************End of Script*************
*************End time: Thu Oct 31 17:14:27 +04 2024*************
*************Elapsed time: 221 seconds*************
App Sanity Check Completed
