******000000******Start of Script******000000******
*************Start time: Thu Oct 31 18:02:58 +04 2024*************
*************Checking Chrome*************
GC Installed Ver: 130.0.6723.70
****** Chrome DMG is outdated or metadata mismatch. Downloading again. ******
GC Stable Ver: 130.0.6723.92
GC Installed Ver: 130.0.6723.70
****** Chrome version differs - installed: 130.0.6723.70, available: 130.0.6723.92 ******
****** Application is currently running on target Mac. Proceeding Upgrade. ******
****** Latest version of Chrome is now installed on target Mac. ******
****** Firefox is not installed ******
****** Thunderbird is not installed ******
*************Checking Acrobat Reader*************
****** Adobe Acrobat Reader is installed. Proceeding ******
AR Stable Ver: 24.004.20219
AR Installed Ver: 24.002.21005
****** Adobe Reader is outdated. Updating ******
ARCurrVersNormalized: 2400420219
Latest version of the URL is: https://ardownload2.adobe.com/pub/adobe/reader/mac/AcrobatDC/2400420219/AcroRdrDC_2400420219_MUI.dmg
Thu Oct 31 18:05:37 +04 2024: Downloading newer version.
Thu Oct 31 19:30:03 +04 2024: Mounting installer disk image.
Thu Oct 31 19:30:03 +04 2024: Installing...
Process containing 'Acrobat' in its name has been killed.
Thu Oct 31 19:30:14 +04 2024: Unmounting installer disk image.
All volumes unmounted.
Thu Oct 31 19:30:25 +04 2024: Deleting disk image.
Thu Oct 31 19:30:25 +04 2024: ERROR: Adobe Reader update unsuccessful, version remains at 24.002.21005.
--
****** Adobe Acrobat Reader check completed ******
*************Checking log4j*************
JAR file already exists. Skipping download.
Using existing JAR file: /Users/Shared/log4jscan-latest.jar
Log file is either more than 7 days old or does not exist. Running scan...
****** Scan completed. Log file: /Users/Shared/log4j.log ******
*************Checking Acrobat Full Version*************
****** Adobe Acrobat Full is not installed. Exiting ******
****** Adobe Acrobat Full check completed ******
*************Checking Microsoft Office*************
Microsoft AutoUpdate is not installed. Installing...
Installing Microsoft AutoUpdate...
installer: Package name is Microsoft AutoUpdate
installer: Upgrading at base path /
installer:PHASE:Preparing for installation…
installer:PHASE:Preparing the disk…
installer:PHASE:Preparing Microsoft AutoUpdate…
installer:PHASE:Waiting for other installations to complete…
installer:PHASE:Configuring the installation…
installer:STATUS:
installer:%11.478191
installer:PHASE:Writing files…
installer:PHASE:Writing files…
installer:%35.040916
installer:PHASE:Running package scripts…
installer:%36.993912
installer:PHASE:Running package scripts…
installer:%38.785569
installer:PHASE:Running package scripts…
installer:PHASE:Running package scripts…
installer:PHASE:Running package scripts…
installer:PHASE:Running package scripts…
installer:PHASE:Running package scripts…
installer:PHASE:Running package scripts…
installer:PHASE:Running package scripts…
installer:%86.609160
installer:PHASE:Running package scripts…
installer:PHASE:Running package scripts…
installer:%89.499271
installer:PHASE:Running package scripts…
installer:PHASE:Running package scripts…
installer:PHASE:Running package scripts…
installer:PHASE:Running package scripts…
installer:PHASE:Running package scripts…
installer:PHASE:Running package scripts…
installer:PHASE:Running package scripts…
installer:PHASE:Running package scripts…
installer:PHASE:Running package scripts…
installer:PHASE:Running package scripts…
installer:PHASE:Running package scripts…
installer:PHASE:Running package scripts…
installer:PHASE:Running package scripts…
installer:%89.531821
installer:PHASE:Writing package receipts…
installer:PHASE:Validating packages…
installer:%97.750000
installer:STATUS:Running installer actions…
installer:STATUS:
installer:PHASE:Finishing the Installation…
installer:STATUS:
installer:%100.000000
installer:PHASE:The software was successfully installed.
installer: The upgrade was successful.
Opening Microsoft AutoUpdate app...
Continuing script execution...
Installing updates...
*************Check complete for Microsoft Office*************
*************Checking Silverlight*************

*************Check complete for Silverlight*************
*************Checking Java*************
No folder with 'jdk' found.
Removing JRE
Thu Oct 31 19:30:52 +04 2024: Clean up JRE traces...
Searching for rt.jar...
Searching for jrt-fs.jar...
Searching for catalina.jar...
Searching for struts-core-1.3.8.jar...
Searching for rt.ogjarbak...
Searching for jrt-fs.ogjarbak...
*************Check complete for Java*************
*************Checking Safari*************
macOS version is above 13.0. Skipping installation.
*************Check complete for Safari for macOS 11-13 only *************
*************Checking Rogue Apps*************
Searching for Google Chrome.app...
Searching for Safari.app...
Searching for Firefox.app...
No instances of Firefox.app found outside /Applications.
Searching for Thunderbird.app...
No instances of Thunderbird.app found outside /Applications.
Searching for Foxit Reader.app...
No instances of Foxit Reader.app found outside /Applications.
*************Task completed in 1 seconds to Remove rogue apps*************
*************Checking Adobe Apps*************
Downloading https://deploymenttools.acp.adobeoobe.com/RUM/MacIntel/RemoteUpdateManager.dmg to /Users/Shared/RemoteUpdateManager.dmg...
Checksumming Driver Descriptor Map (DDM : 0)…
     Driver Descriptor Map (DDM : 0): verified   CRC32 $967248A4
Checksumming Apple (Apple_partition_map : 1)…
     Apple (Apple_partition_map : 1): verified   CRC32 $1884650E
Checksumming disk image (Apple_HFS : 2)…
          disk image (Apple_HFS : 2): verified   CRC32 $58469387
verified   CRC32 $0D4C4387
/dev/disk2          	Apple_partition_scheme         	
/dev/disk2s1        	Apple_partition_map            	
/dev/disk2s2        	Apple_HFS                      	/Volumes/RemoteUpdateManager
"disk2" ejected.
Remote Update Manager installed successfully.
Adobe Apps Update in progress...
RemoteUpdateManager version is : 3.1.0.3
Starting the RemoteUpdateManager...

*************Adobe apps check completed*************
*************Checking MacOS SU*************
Performing Software Update Check for macOS
App Sanity Check Completed
button returned:OK
****** macOS SU check completed ******
VLC version: 3.0.21
Arch is: x86_64
Installing Zoom for Intel
Latest VLC Installed
****** VLC check completed ******
*************End of Script*************
*************End time: Fri Nov  1 08:22:30 +04 2024*************
*************Elapsed time: 51572 seconds*************
App Sanity Check Completed
