******000000******Start of Script******000000******
*************Start time: Thu Oct 31 20:40:51 +04 2024*************
*************Checking Chrome*************
GC Installed Ver: 130.0.6723.70
****** Chrome DMG is outdated or metadata mismatch. Downloading again. ******
GC Stable Ver: 
GC Installed Ver: 130.0.6723.70
****** Chrome version differs - installed: 130.0.6723.70, available:  ******
****** Application is not running on target Mac. Proceeding Clean Install... ******
****** Install in progress ******
*************Checking Firefox*************
****** Firefox DMG is outdated or metadata mismatch. Downloading again. ******
FF Stable Ver: 
FF Installed Ver: 131.0.2
****** Firefox version differs - installed: 131.0.2, available:  ******
****** Firefox is currently running on target Mac. Proceeding Upgrade. ******
installer: Error - the package path specified was invalid: '/tmp/firefox.pkg'.
****** Latest version of Firefox is installed on target Mac. ******
****** Thunderbird is not installed ******
*************Checking Acrobat Reader*************
****** Adobe Acrobat Reader is installed. Proceeding ******
AR Stable Ver: 24.004.20219
AR Installed Ver: 24.002.21005
****** Adobe Reader is outdated. Updating ******
ARCurrVersNormalized: 2400420219
Latest version of the URL is: https://ardownload2.adobe.com/pub/adobe/reader/mac/AcrobatDC/2400420219/AcroRdrDC_2400420219_MUI.dmg
Thu Oct 31 23:19:14 +04 2024: Downloading newer version.
Thu Oct 31 23:43:50 +04 2024: Mounting installer disk image.
Thu Oct 31 23:43:51 +04 2024: Installing...
Process containing 'Acrobat' in its name has been killed.
Thu Oct 31 23:44:02 +04 2024: Unmounting installer disk image.
All volumes unmounted.
Fri Nov  1 00:00:12 +04 2024: Deleting disk image.
Fri Nov  1 00:00:12 +04 2024: ERROR: Adobe Reader update unsuccessful, version remains at 24.002.21005.
--
****** Adobe Acrobat Reader check completed ******
*************Checking log4j*************
JAR file already exists. Skipping download.
Using existing JAR file: /Users/Shared/log4jscan-latest.jar
Log file is either more than 7 days old or does not exist. Running scan...
****** Scan completed. Log file: /Users/Shared/log4j.log ******
*************Checking Acrobat Full Version*************
****** Adobe Acrobat Full is installed. Proceeding ******
AB Stable Ver: 24.004.20219
AB Installed Ver: 24.003.20180
****** Adobe Full is outdated. Updating ******
ABCurrVersNormalized: 2400420219
Latest version of the URL is: https://ardownload2.adobe.com/pub/adobe/acrobat/mac/AcrobatDC/2400420219/AcrobatDCUpd2400420219.dmg
Fri Nov  1 00:00:12 +04 2024: Downloading newer version.
Fri Nov  1 10:10:54 +04 2024: Mounting installer disk image.
Fri Nov  1 10:10:54 +04 2024: Installing...
Process containing 'Acrobat' in its name has been killed.
installer: Error - the package path specified was invalid: '/Volumes/AcrobatDCUpd2400420219/AcrobatDCUpd2400420219.pkg'.
Fri Nov  1 10:11:05 +04 2024: Unmounting installer disk image.
All volumes unmounted.
Fri Nov  1 10:11:15 +04 2024: Deleting disk image.
Fri Nov  1 10:11:15 +04 2024: ERROR: Adobe Full update unsuccessful, version remains at 24.003.20180.
--
****** Adobe Acrobat Full check completed ******
*************Checking Microsoft Office*************
Microsoft AutoUpdate is installed.
Opening Microsoft AutoUpdate app...
Continuing script execution...
Installing updates...
*************Check complete for Microsoft Office*************
*************Checking Silverlight*************

*************Check complete for Silverlight*************
*************Checking Java*************
No folder with 'jdk' found.
Removing JRE
Fri Nov  1 10:11:15 +04 2024: Clean up JRE traces...
Searching for rt.jar...
Searching for jrt-fs.jar...
Searching for catalina.jar...
Searching for struts-core-1.3.8.jar...
Searching for rt.ogjarbak...
Searching for jrt-fs.ogjarbak...
*************Check complete for Java*************
*************Checking Safari*************
macOS version is above 13.0. Skipping installation.
*************Check complete for Safari for macOS 11-13 only *************
*************Checking Rogue Apps*************
Searching for Google Chrome.app...
Searching for Safari.app...
Searching for Firefox.app...
Searching for Thunderbird.app...
No instances of Thunderbird.app found outside /Applications.
Searching for Foxit Reader.app...
No instances of Foxit Reader.app found outside /Applications.
*************Task completed in 0 seconds to Remove rogue apps*************
*************Checking Adobe Apps*************
Remote Update Manager is already installed.
Adobe Apps Update in progress...
RemoteUpdateManager version is : 3.1.0.3
Starting the RemoteUpdateManager...

**************************************************
Following Acrobat/Reader updates are applicable on the system : 
		(AdobeAcrobatDC-24.0/24.004.20219)
**************************************************
**************************************************
*** Installing (AdobeAcrobatDC-24.0/24.004.20219) ...
*** Successfully installed (AdobeAcrobatDC-24.0/24.004.20219) ...
**************************************************
No new applicable Updates. Seems like all products are up-to-date.
Following Updates were successfully installed :
		(AdobeAcrobatDC-24.0/24.004.20219)
**************************************************
RemoteUpdateManager exiting with Return Code (0)
*************Adobe apps check completed*************
*************Checking MacOS SU*************
Performing Software Update Check for macOS
App Sanity Check Completed
button returned:OK
****** macOS SU check completed ******
VLC version: 3.0.21
Arch is: x86_64
VLC up to date
****** VLC check completed ******
*************End of Script*************
*************End time: Fri Nov  1 10:14:34 +04 2024*************
*************Elapsed time: 48823 seconds*************
App Sanity Check Completed
