******000000******Start of Script******000000******
*************Start time: Thu Oct 31 20:56:10 CST 2024*************
*************Checking Chrome*************
GC Installed Ver: 130.0.6723.91
****** Chrome DMG is outdated or metadata mismatch. Downloading again. ******
GC Stable Ver: 130.0.6723.92
GC Installed Ver: 130.0.6723.91
****** Chrome version differs - installed: 130.0.6723.91, available: 130.0.6723.92 ******
****** Application is currently running on target Mac. Proceeding Upgrade. ******
****** Latest version of Chrome is now installed on target Mac. ******
****** Firefox is not installed ******
****** Thunderbird is not installed ******
*************Checking Acrobat Reader*************
****** Adobe Acrobat Reader is installed. Proceeding ******
AR Stable Ver: 24.004.20219
AR Installed Ver: 24.003.20180
****** Adobe Reader is outdated. Updating ******
ARCurrVersNormalized: 2400420219
Latest version of the URL is: https://ardownload2.adobe.com/pub/adobe/reader/mac/AcrobatDC/2400420219/AcroRdrDC_2400420219_MUI.dmg
Thu Oct 31 21:13:30 CST 2024: Downloading newer version.
Thu Oct 31 21:32:39 CST 2024: Mounting installer disk image.
Thu Oct 31 21:32:39 CST 2024: Installing...
Process containing 'Acrobat' in its name has been killed.
Thu Oct 31 21:32:50 CST 2024: Unmounting installer disk image.
All volumes unmounted.
Thu Oct 31 21:33:01 CST 2024: Deleting disk image.
Thu Oct 31 21:33:01 CST 2024: ERROR: Adobe Reader update unsuccessful, version remains at 24.003.20180.
--
****** Adobe Acrobat Reader check completed ******
*************Checking log4j*************
JAR file already exists. Skipping download.
Using existing JAR file: /Users/Shared/log4jscan-latest.jar
Log file is either more than 7 days old or does not exist. Running scan...
****** Scan completed. Log file: /Users/Shared/log4j.log ******
*************Checking Acrobat Full Version*************
****** Adobe Acrobat Full is installed. Proceeding ******
AB Stable Ver: 24.004.20219
AB Installed Ver: 24.003.20180
****** Adobe Full is outdated. Updating ******
ABCurrVersNormalized: 2400420219
Latest version of the URL is: https://ardownload2.adobe.com/pub/adobe/acrobat/mac/AcrobatDC/2400420219/AcrobatDCUpd2400420219.dmg
Thu Oct 31 22:55:43 CST 2024: Downloading newer version.
Thu Oct 31 23:13:28 CST 2024: Mounting installer disk image.
Thu Oct 31 23:13:29 CST 2024: Installing...
No process containing 'Acrobat' in its name is currently running.
installer: Error - the package path specified was invalid: '/Volumes/AcrobatDCUpd2400420219/AcrobatDCUpd2400420219.pkg'.
Thu Oct 31 23:13:39 CST 2024: Unmounting installer disk image.
All volumes unmounted.
Thu Oct 31 23:13:50 CST 2024: Deleting disk image.
Thu Oct 31 23:13:50 CST 2024: ERROR: Adobe Full update unsuccessful, version remains at 24.003.20180.
--
****** Adobe Acrobat Full check completed ******
*************Checking Microsoft Office*************
Microsoft AutoUpdate is installed.
Opening Microsoft AutoUpdate app...
Continuing script execution...
Installing updates...
*************Check complete for Microsoft Office*************
*************Checking Silverlight*************

*************Check complete for Silverlight*************
*************Checking Java*************
Folder with 'jdk' found.
Checking Java version
Java is installed and working
Performing JDK update...
Intel architecture. Downloading x64 binaries...
Filename: zulu23.30.13-ca-jdk23.0.1-macosx_x64.dmg
Thu Oct 31 23:13:55 CST 2024: Downloading zulu23.30.13-ca-jdk23.0.1-macosx_x64.dmg...
Thu Oct 31 23:14:11 CST 2024: Updating Java...
Mounting /Users/Shared/zulu23.30.13-ca-jdk23.0.1-macosx_x64.dmg
Checksumming Protective Master Boot Record (MBR : 0)…
Protective Master Boot Record (MBR :: verified   CRC32 $D8A46977
Checksumming GPT Header (Primary GPT Header : 1)…
 GPT Header (Primary GPT Header : 1): verified   CRC32 $BF14DDB5
Checksumming GPT Partition Data (Primary GPT Table : 2)…
GPT Partition Data (Primary GPT Tabl: verified   CRC32 $5449BA8C
Checksumming  (Apple_Free : 3)…
                    (Apple_Free : 3): verified   CRC32 $00000000
Checksumming disk image (Apple_HFS : 4)…
          disk image (Apple_HFS : 4): verified   CRC32 $175EBA5A
Checksumming  (Apple_Free : 5)…
                    (Apple_Free : 5): verified   CRC32 $00000000
Checksumming GPT Partition Data (Backup GPT Table : 6)…
GPT Partition Data (Backup GPT Table: verified   CRC32 $5449BA8C
Checksumming GPT Header (Backup GPT Header : 7)…
  GPT Header (Backup GPT Header : 7): verified   CRC32 $A520FBA1
verified   CRC32 $354A6772
/dev/disk2          	GUID_partition_scheme          	
/dev/disk2s1        	Apple_HFS                      	/Volumes/ZuluInstaller
Thu Oct 31 23:32:36 CST 2024: Clean up JRE traces...
Installing /Volumes/ZuluInstaller/Double-Click to Install Azul Zulu JDK 23.pkg ****************
installer: Package name is Azul Zulu JDK 23.30+13
installer: Installing at base path /
installer: The install was successful.
"disk2" ejected.
Searching for rt.jar...
Searching for jrt-fs.jar...
Searching for catalina.jar...
Searching for struts-core-1.3.8.jar...
Searching for rt.ogjarbak...
Searching for jrt-fs.ogjarbak...
Found /usr/local/Cellar/openjdk/21.0.1/libexec/openjdk.jdk/Contents/Home/lib/jrt-fs.ogjarbak (already .ogjarbak)
Found /Users/lx5/Documents/sunapsis/v4.2.9/Contents/runtime/Contents/Home/lib/jrt-fs.ogjarbak (already .ogjarbak)
Java is required. Install Zulu JDK
Folder with 'jdk' found.
Checking Java version
Skipping JDK update as version 23.0.1 is found in Java version.
*************Check complete for Java*************
*************Checking Safari*************
macOS version is above 13.0. Skipping installation.
*************Check complete for Safari for macOS 11-13 only *************
*************Checking Rogue Apps*************
Searching for Google Chrome.app...
Searching for Safari.app...
Searching for Firefox.app...
No instances of Firefox.app found outside /Applications.
Searching for Thunderbird.app...
No instances of Thunderbird.app found outside /Applications.
Searching for Foxit Reader.app...
No instances of Foxit Reader.app found outside /Applications.
*************Task completed in 1 seconds to Remove rogue apps*************
*************Checking Adobe Apps*************
Remote Update Manager is already installed.
Adobe Apps Update in progress...
RemoteUpdateManager version is : 2.2.0.3
Starting the RemoteUpdateManager...

**************************************************
Following Acrobat/Reader updates are applicable on the system : 
		(AdobeAcrobatDC-24.0/24.004.20219)
**************************************************
**************************************************
*** Installing (AdobeAcrobatDC-24.0/24.004.20219) ...
*** Failed to install (AdobeAcrobatDC-24.0/24.004.20219) ...
**************************************************
Following Updates failed to Install :
		(AdobeAcrobatDC-24.0/24.004.20219)
**************************************************
*************Adobe apps check completed*************
*************Checking MacOS SU*************
Performing Software Update Check for macOS
*************No update found*************
****** macOS SU check completed ******
VLC version: 3.0.21
Arch is: x86_64
Installing Zoom for Intel
Checksumming Protective Master Boot Record (MBR : 0)…
Protective Master Boot Record (MBR :: verified   CRC32 $D8D65A25
Checksumming GPT Header (Primary GPT Header : 1)…
 GPT Header (Primary GPT Header : 1): verified   CRC32 $B2A7C206
Checksumming GPT Partition Data (Primary GPT Table : 2)…
GPT Partition Data (Primary GPT Tabl: verified   CRC32 $7E22E383
Checksumming  (Apple_Free : 3)…
                    (Apple_Free : 3): verified   CRC32 $00000000
Checksumming disk image (Apple_HFS : 4)…
          disk image (Apple_HFS : 4): verified   CRC32 $2515A59F
Checksumming  (Apple_Free : 5)…
                    (Apple_Free : 5): verified   CRC32 $00000000
Checksumming GPT Partition Data (Backup GPT Table : 6)…
GPT Partition Data (Backup GPT Table: verified   CRC32 $7E22E383
Checksumming GPT Header (Backup GPT Header : 7)…
  GPT Header (Backup GPT Header : 7): verified   CRC32 $39A5E5C4
verified   CRC32 $59128FB7
/dev/disk2          	GUID_partition_scheme          	
/dev/disk2s1        	Apple_HFS                      	/Volumes/vlc
"/Volumes/vlc" unmounted successfully.
Latest VLC Installed
****** VLC check completed ******
*************End of Script*************
*************End time: Fri Nov  1 00:15:12 CST 2024*************
*************Elapsed time: 11942 seconds*************
App Sanity Check Completed
