******000000******Start of Script******000000******
*************Start time: Thu Oct 31 18:02:36 +04 2024*************
*************Checking Chrome*************
GC Installed Ver: 129.0.6668.71
****** Chrome DMG is outdated or metadata mismatch. Downloading again. ******
GC Stable Ver: 130.0.6723.92
GC Installed Ver: 129.0.6668.71
****** Chrome version differs - installed: 129.0.6668.71, available: 130.0.6723.92 ******
****** Application is not running on target Mac. Proceeding Clean Install... ******
****** Install in progress ******
"disk4" ejected.
****** Firefox is not installed ******
****** Thunderbird is not installed ******
*************Checking Acrobat Reader*************
****** Adobe Acrobat Reader is not installed. Exiting ******
****** Adobe Acrobat Reader check completed ******
*************Checking log4j*************
JAR file already exists. Skipping download.
Using existing JAR file: /Users/Shared/log4jscan-latest.jar
Log file is either more than 7 days old or does not exist. Running scan...
****** Scan completed. Log file: /Users/Shared/log4j.log ******
*************Checking Acrobat Full Version*************
****** Adobe Acrobat Full is not installed. Exiting ******
****** Adobe Acrobat Full check completed ******
*************Checking Microsoft Office*************
Microsoft AutoUpdate is installed.
Opening Microsoft AutoUpdate app...
Continuing script execution...
Installing updates...
*************Check complete for Microsoft Office*************
*************Checking Silverlight*************

*************Check complete for Silverlight*************
*************Checking Java*************
Folder with 'jdk' found.
Checking Java version
Java is installed and working
Performing JDK update...
ARM architecture. Downloading arm64 binaries...
Filename: zulu23.30.13-ca-jdk23.0.1-macosx_aarch64.dmg
Thu Oct 31 18:04:18 +04 2024: Downloading zulu23.30.13-ca-jdk23.0.1-macosx_aarch64.dmg...
Error: Failed to download zulu23.30.13-ca-jdk23.0.1-macosx_aarch64.dmg
Thu Oct 31 18:08:18 +04 2024: Updating Java...
Mounting /Users/Shared/zulu23.30.13-ca-jdk23.0.1-macosx_aarch64.dmg
Thu Oct 31 18:08:19 +04 2024: Clean up JRE traces...
Installing  ****************
installer: Error - the package path specified was invalid: ''.
Searching for rt.jar...
Searching for jrt-fs.jar...
Renaming /Applications/Stata/utilities/java/macos-arm64/zulu-jdk17.0.6/zulu-17.jdk/Contents/Home/lib/jrt-fs.jar to /Applications/Stata/utilities/java/macos-arm64/zulu-jdk17.0.6/zulu-17.jdk/Contents/Home/lib/jrt-fs.ogjarbak
Renaming /Applications/Stata/utilities/java/macosx-x64/zulu-jdk17.0.6/zulu-17.jdk/Contents/Home/lib/jrt-fs.jar to /Applications/Stata/utilities/java/macosx-x64/zulu-jdk17.0.6/zulu-17.jdk/Contents/Home/lib/jrt-fs.ogjarbak
Searching for catalina.jar...
Searching for struts-core-1.3.8.jar...
Searching for rt.ogjarbak...
Searching for jrt-fs.ogjarbak...
Java is required. Install Zulu JDK
ARM architecture. Downloading arm64 binaries...
Filename: zulu23.30.13-ca-jdk23.0.1-macosx_aarch64.dmg
Thu Oct 31 18:08:20 +04 2024: zulu23.30.13-ca-jdk23.0.1-macosx_aarch64.dmg already downloaded.
Thu Oct 31 18:08:20 +04 2024: Updating Java...
Mounting /Users/Shared/zulu23.30.13-ca-jdk23.0.1-macosx_aarch64.dmg
Thu Oct 31 18:08:20 +04 2024: Clean up JRE traces...
Installing  ****************
installer: Error - the package path specified was invalid: ''.
*************Check complete for Java*************
*************Checking Safari*************
macOS version is above 13.0. Skipping installation.
*************Check complete for Safari for macOS 11-13 only *************
*************Checking Rogue Apps*************
Searching for Google Chrome.app...
Searching for Safari.app...
Searching for Firefox.app...
No instances of Firefox.app found outside /Applications.
Searching for Thunderbird.app...
No instances of Thunderbird.app found outside /Applications.
Searching for Foxit Reader.app...
No instances of Foxit Reader.app found outside /Applications.
*************Task completed in 0 seconds to Remove rogue apps*************
*************Checking Adobe Apps*************
Remote Update Manager is already installed.
Adobe Apps Update in progress...
RemoteUpdateManager version is : 3.1.0.3
Starting the RemoteUpdateManager...

*************Adobe apps check completed*************
*************Checking MacOS SU*************
Performing Software Update Check for macOS
App Sanity Check Completed
button returned:OK
****** macOS SU check completed ******
VLC version: 3.0.21
Arch is: arm64
VLC up to date
****** VLC check completed ******
*************End of Script*************
*************End time: Thu Oct 31 20:21:05 +04 2024*************
*************Elapsed time: 8309 seconds*************
App Sanity Check Completed
