
Transcript started, output file is C:\ProgramData\AirWatch\UnifiedAgent\Logs\ADWX_GSD_Patch_ADUAEI16365WKWX_20241205_152853.log
*************GSD Initiated at 2024-12-05 15:28:54*************
*************Check and install Dependencies*************
NuGet provider is installed.
*************Checking PSU Module*************
PSWindowsUpdate module is installed.
*************Checking Package Manager*************


    Directory: C:\temp


Mode                 LastWriteTime         Length Name                                                                 
----                 -------------         ------ ----                                                                 
d-----         12/5/2024   3:29 PM                winget                                                               
Folder created at C:\temp\winget
winget is not installed.
Microsoft.VCLibs.x64.14.00.Desktop.appx is not installed. Installing...
Microsoft.VCLibs.x64.14.00.Desktop.appx has been installed.
Microsoft.UI.Xaml.2.8.x64.appx is not installed. Installing...
Microsoft.UI.Xaml.2.8.x64.appx has been installed.
Dependencies have been checked and installed successfully.
The current user is a system account - nt authority\system. Run choco winget...
*************Running Windows OS Updates*************
Detected as **GSD** process is runinng - Logs below look for ***PSUsection***
************* Running Apps Updates (Timeout 30mins) *************
True
************* Running Apps Updates (Timeout 30mins) *************
True
*************Checking for Silverlight*************
Silverlight is not installed.
*************Checking log4j*************
Downloaded: c:\temp\log4jscan-latest.jar
Scan completed. Log file: C:\ProgramData\AirWatch\UnifiedAgent\Logs\ADWX_log4j.log
*************Checking Ghostscript*************
Ghostscript folder not found. Skipped install process.
*************Checking Java*************
No JDK folder found. Parameter containsJDK remains False.
JRE folder found. Parameter containsJRE set to True.
Uninstalling Java 8 Update 401 (64-bit) using command: MsiExec.exe /X{71024AE4-039E-4CA4-87B4-2F64180401F0}
*************Checking Firefox*************
Mozilla Firefox entries found in HKEY_LOCAL_MACHINE\Software
Deleted Microsoft.PowerShell.Core\Registry::HKEY_LOCAL_MACHINE\Software\Mozilla\Firefox\Extensions
Mozilla Firefox entries found in HKEY_LOCAL_MACHINE\Software\WOW6432Node
Deleted Microsoft.PowerShell.Core\Registry::HKEY_LOCAL_MACHINE\Software\WOW6432Node\Mozilla\Firefox\Extensions

Firefox not found. Exiting
Adobe Creative Cloud is not installed. Installing using winget...
The process output has been logged to C:\temp\winget_log.txt
Log file not found.
Adobe Remote Update Manager is not installed.
Transcript stopped, output file is C:\ProgramData\AirWatch\UnifiedAgent\Logs\ADWX_GSD_Patch_ADUAEI16365WKWX_20241205_152853.log


###PSUsection###
VERBOSE: ADUAEI16365WKWX (12/5/2024 3:29:26 PM): Connecting to Microsoft Update server. Please wait...
VERBOSE: Found [14] Updates in pre search criteria
VERBOSE: Found [4] Updates in post search criteria

X ComputerName Result     KB          Size Title                                                                       
- ------------ ------     --          ---- -----                                                                       
1 ADUAEI163... Accepted   KB890830    73MB Windows Malicious Software Removal Tool x64 - v5.130 (KB890830)             
1 ADUAEI163... Accepted   KB5048163   72MB 2024-11 Cumulative Update Preview for .NET Framework 3.5 and 4.8.1 for Wi...
1 ADUAEI163... Accepted   KB2267602    1GB Security Intelligence Update for Microsoft Defender Antivirus - KB2267602...
1 ADUAEI163... Accepted   KB4023057    3MB 2023-11 Update for Windows 11 Version 23H2 for x64-based Systems (KB4023057)
VERBOSE: Accepted [4] Updates ready to Download
2 ADUAEI163... Downloaded KB890830    73MB Windows Malicious Software Removal Tool x64 - v5.130 (KB890830)             
2 ADUAEI163... Downloaded KB5048163   72MB 2024-11 Cumulative Update Preview for .NET Framework 3.5 and 4.8.1 for Wi...
2 ADUAEI163... Downloaded KB2267602    1GB Security Intelligence Update for Microsoft Defender Antivirus - KB2267602...
2 ADUAEI163... Downloaded KB4023057    3MB 2023-11 Update for Windows 11 Version 23H2 for x64-based Systems (KB4023057)
VERBOSE: Downloaded [4] Updates ready to Install
3 ADUAEI163... Installed  KB890830    73MB Windows Malicious Software Removal Tool x64 - v5.130 (KB890830)             
3 ADUAEI163... Installed  KB5048163   72MB 2024-11 Cumulative Update Preview for .NET Framework 3.5 and 4.8.1 for Wi...
3 ADUAEI163... Installed  KB2267602    1GB Security Intelligence Update for Microsoft Defender Antivirus - KB2267602...
3 ADUAEI163... Installed  KB4023057    3MB 2023-11 Update for Windows 11 Version 23H2 for x64-based Systems (KB4023057)
VERBOSE: Installed [4] Updates
Reboot is required, but do it manually.


###WGUsection 01###
winget.exe completed within the timeout period.
###WGUsection 02###
winget.exe completed within the timeout period.
###WG7zip###
7-Zip version: 23.01 (Path: C:\Program Files\7-Zip\7z.exe)
#############GSD-Fix Completed#############

Transcript started, output file is C:\ProgramData\AirWatch\UnifiedAgent\Logs\ADWX_GSD_Patch_ADUAEI16365WKWX_20241205_205912.log
*************GSD Initiated at 2024-12-05 20:59:12*************
*************Check and install Dependencies*************
NuGet provider is installed.
*************Checking PSU Module*************
PSWindowsUpdate module is installed.
*************Checking Package Manager*************
Folder already exists at C:\temp\winget
winget is not installed.
Microsoft.VCLibs.x64.14.00.Desktop.appx is not installed. Installing...
Microsoft.VCLibs.x64.14.00.Desktop.appx has been installed.
Microsoft.UI.Xaml.2.8.x64.appx is not installed. Installing...
Microsoft.UI.Xaml.2.8.x64.appx has been installed.
Dependencies have been checked and installed successfully.
The current user is a system account - nt authority\system. Run 2nd try...
winget-install 5.0.5
To check for updates, run winget-install -CheckForUpdate
To delay script exit, run winget-install -Wait
To force script pausing after execution, run winget-install -NoExit

##########
# winget #
##########

Installing Microsoft.WinGet.Client module...
Installing winget (this takes a minute or two)...

############
# Complete #
############

winget installed successfully.
Checking if winget is installed and working...
*************Running Windows OS Updates*************
Detected as **GSD** process is runinng - Logs below look for ***PSUsection***
************* Running Apps Updates (Timeout 30 mins) *************
True
************* Running Apps Updates (Timeout 30 mins) *************
True
*************Checking for Silverlight*************
Silverlight is not installed.
*************Checking log4j*************
Using existing JAR file: c:\temp\log4jscan-latest.jar
Failed to execute log4j scan
*************Checking Ghostscript*************
Ghostscript folder not found. Skipped install process.
*************Checking Java*************
No JDK folder found. Parameter containsJDK remains False.
No JRE folder found. Parameter containsJRE remains False.
Adobe Creative Cloud is not installed. Installing using winget...
The process output has been logged to C:\temp\winget_log.txt
Log file not found.
Adobe Remote Update Manager is not installed.
Transcript stopped, output file is C:\ProgramData\AirWatch\UnifiedAgent\Logs\ADWX_GSD_Patch_ADUAEI16365WKWX_20241205_205912.log
###PSUsection###
VERBOSE: ADUAEI16365WKWX (12/5/2024 9:00:56 PM): Connecting to Microsoft Update server. Please wait...
VERBOSE: Found [11] Updates in pre search criteria
VERBOSE: Found [1] Updates in post search criteria

X ComputerName Result     KB          Size Title                                                                       
- ------------ ------     --          ---- -----                                                                       
1 ADUAEI163... Accepted   KB2267602    1GB Security Intelligence Update for Microsoft Defender Antivirus - KB2267602...
VERBOSE: Accepted [1] Updates ready to Download
2 ADUAEI163... Downloaded KB2267602    1GB Security Intelligence Update for Microsoft Defender Antivirus - KB2267602...
VERBOSE: Downloaded [1] Updates ready to Install
3 ADUAEI163... Installed  KB2267602    1GB Security Intelligence Update for Microsoft Defender Antivirus - KB2267602...
VERBOSE: Installed [1] Updates


###WGUsection 01###
winget.exe completed within the timeout period.
###WGUsection 02###
winget.exe completed within the timeout period.
###WG7zip###
7-Zip version: 23.01 (Path: C:\Program Files\7-Zip\7z.exe)
#############GSD-Fix Completed#############
