******000000******Start of Script******000000******
*************Start time: Thu Oct 31 16:56:15 +04 2024*************
*************Checking Chrome*************
GC Installed Ver: 
****** Chrome DMG is outdated or metadata mismatch. Downloading again. ******
GC Stable Ver: 
GC Installed Ver: 
****** Chrome version checked OK () ******
*************Checking Firefox*************
****** Firefox DMG is outdated or metadata mismatch. Downloading again. ******
FF Stable Ver: 132.0
FF Installed Ver: 131.0.3
****** Firefox version differs - installed: 131.0.3, available: 132.0 ******
****** Firefox is currently running on target Mac. Proceeding Upgrade. ******
installer: Package name is 
installer: Upgrading at base path /
installer: The upgrade was successful.
****** Latest version of Firefox is installed on target Mac. ******
****** Thunderbird is not installed ******
*************Checking Acrobat Reader*************
****** Adobe Acrobat Reader is installed. Proceeding ******
AR Stable Ver: 24.004.20219
AR Installed Ver: 24.003.20180
****** Adobe Reader is outdated. Updating ******
ARCurrVersNormalized: 2400420219
Latest version of the URL is: https://ardownload2.adobe.com/pub/adobe/reader/mac/AcrobatDC/2400420219/AcroRdrDC_2400420219_MUI.dmg
Thu Oct 31 17:39:36 +04 2024: Downloading newer version.
Thu Oct 31 17:40:17 +04 2024: Mounting installer disk image.
Thu Oct 31 17:40:31 +04 2024: Installing...
Process containing 'Acrobat' in its name has been killed.
Thu Oct 31 17:48:55 +04 2024: Unmounting installer disk image.
All volumes unmounted.
Thu Oct 31 17:49:06 +04 2024: Deleting disk image.
Thu Oct 31 17:49:06 +04 2024: SUCCESS: Adobe Reader has been updated to version 24.004.20219
****** Adobe Acrobat Reader check completed ******
*************Checking log4j*************
JAR file already exists. Skipping download.
Using existing JAR file: /Users/Shared/log4jscan-latest.jar
Log file is either more than 7 days old or does not exist. Running scan...
****** Scan completed. Log file: /Users/Shared/log4j.log ******
*************Checking Acrobat Full Version*************
****** Adobe Acrobat Full is installed. Proceeding ******
AB Stable Ver: 24.004.20219
AB Installed Ver: 24.003.20180
****** Adobe Full is outdated. Updating ******
ABCurrVersNormalized: 2400420219
Latest version of the URL is: https://ardownload2.adobe.com/pub/adobe/acrobat/mac/AcrobatDC/2400420219/AcrobatDCUpd2400420219.dmg
Thu Oct 31 17:49:08 +04 2024: Downloading newer version.
Thu Oct 31 17:57:18 +04 2024: Mounting installer disk image.
Thu Oct 31 17:57:20 +04 2024: Installing...
No process containing 'Acrobat' in its name is currently running.
installer: Package name is Adobe Acrobat (24.004.20219)
installer: Upgrading at base path /
installer: The upgrade was successful.
Thu Oct 31 19:07:38 +04 2024: Unmounting installer disk image.
Unmounting /dev/disk3s1
Volume AcrobatDCUpd2400420219 on disk3s1 unmounted
All volumes unmounted.
Thu Oct 31 19:07:48 +04 2024: Deleting disk image.
Thu Oct 31 19:07:48 +04 2024: SUCCESS: Adobe Full has been updated to version 24.004.20219
****** Adobe Acrobat Full check completed ******
*************Checking Microsoft Office*************
Microsoft AutoUpdate is installed.
Opening Microsoft AutoUpdate app...
Continuing script execution...
Installing updates...
*************Check complete for Microsoft Office*************
*************Checking Silverlight*************

*************Check complete for Silverlight*************
*************Checking Java*************
No folder with 'jdk' found.
Removing JRE
Thu Oct 31 19:07:49 +04 2024: Clean up JRE traces...
Searching for rt.jar...
Searching for jrt-fs.jar...
Searching for catalina.jar...
Searching for struts-core-1.3.8.jar...
Searching for rt.ogjarbak...
Searching for jrt-fs.ogjarbak...
*************Check complete for Java*************
*************Checking Safari*************
macOS version is above 13.0. Skipping installation.
*************Check complete for Safari for macOS 11-13 only *************
*************Checking Rogue Apps*************
Searching for Google Chrome.app...
Searching for Safari.app...
Searching for Firefox.app...
Searching for Thunderbird.app...
No instances of Thunderbird.app found outside /Applications.
Searching for Foxit Reader.app...
No instances of Foxit Reader.app found outside /Applications.
*************Task completed in 0 seconds to Remove rogue apps*************
*************Checking Adobe Apps*************
Remote Update Manager is already installed.
Adobe Apps Update in progress...
RemoteUpdateManager version is : 3.1.0.3
Starting the RemoteUpdateManager...

**************************************************
No new updates are available for Acrobat/Reader
**************************************************
No new applicable Updates. Seems like all products are up-to-date.
RemoteUpdateManager exiting with Return Code (0)
*************Adobe apps check completed*************
*************Checking MacOS SU*************
Performing Software Update Check for macOS
App Sanity Check Completed
button returned:OK
****** macOS SU check completed ******
VLC version: 3.0.21
Arch is: x86_64
VLC up to date
****** VLC check completed ******
*************End of Script*************
*************End time: Thu Oct 31 19:08:45 +04 2024*************
*************Elapsed time: 7950 seconds*************
App Sanity Check Completed
