
Transcript started, output file is C:\ProgramData\AirWatch\UnifiedAgent\Logs\ADWX_GSD_Patch_XTIAN845F_20241209_223443.log
*************GSD Initiated at 2024-12-09 22:34:43*************
*************Check and install Dependencies*************
NuGet provider is installed.
*************Checking PSU Module*************
PSWindowsUpdate module is installed.
*************Checking Package Manager*************
Folder already exists at C:\temp\winget
winget is installed at C:\Users\cdm436\AppData\Local\Microsoft\WindowsApps\winget.exe
*************Running Windows OS Updates*************
Detected as **GSD** process is runinng - Logs below look for ***PSUsection***
************* Running Apps Updates (Timeout 30 mins) *************
True
************* Running Apps Updates (Timeout 30 mins) *************
True
*************Checking for Silverlight*************
Silverlight is not installed.
*************Checking log4j*************
Downloaded: c:\temp\log4jscan-latest.jar
Failed to execute log4j scan
*************Checking Ghostscript*************
Ghostscript folder not found. Skipped install process.
*************Checking Java*************
No JDK folder found. Parameter containsJDK remains False.
No JRE folder found. Parameter containsJRE remains False.
Adobe Creative Cloud is already installed.
RemoteUpdateManager version is : 3.1.0.3
Starting the RemoteUpdateManager...

No new applicable Updates. Seems like all products are up-to-date.
RemoteUpdateManager exiting with Return Code (0)
Transcript stopped, output file is C:\ProgramData\AirWatch\UnifiedAgent\Logs\ADWX_GSD_Patch_XTIAN845F_20241209_223443.log
###PSUsection###
VERBOSE: XTIAN845F (12/9/2024 10:35:01 PM): Connecting to Microsoft Update server. Please wait...
VERBOSE: Found [0] Updates in pre search criteria
###WGUsection 01###

   - 
   \ 
   | 
   / 
   - 
   \ 
                                                                                                                        

  █████████▒▒▒▒▒▒▒▒▒▒▒▒▒▒▒▒▒▒▒▒▒  1024 KB / 3.24 MB
  ██████████████████▒▒▒▒▒▒▒▒▒▒▒▒  2.00 MB / 3.24 MB
  ███████████████████████████▒▒▒  3.00 MB / 3.24 MB
  ██████████████████████████████  3.24 MB / 3.24 MB
                                                                                                                        

   - 
                                                                                                                        
Name     Id                        Version Available  Source
------------------------------------------------------------
OSFMount PassmarkSoftware.OSFMount Unknown 3.1.1003.0 winget
1 upgrades available.

(1/1) Found OSFMount [PassmarkSoftware.OSFMount] Version 3.1.1003.0
This application is licensed to you by its owner.
Microsoft is not responsible for, nor does it grant any licenses to, third-party packages.
Successfully verified installer hash
Starting package install...

   - 
   \ 
   | 
   / 
   - 
   \ 
   | 
   / 
   - 
   \ 
   | 
   / 
   - 
   \ 
   | 
                                                                                                                        
Installer failed with exit code: 1
Installer log is available at: C:\WINDOWS\TEMP\WinGet\defaultState\WinGet-PassmarkSoftware.OSFMount.3.1.1003.0-2024-12-09-22-35-20.041.log

###WGUsection 02###

   - 
   \ 
                                                                                                                        

  █████████▒▒▒▒▒▒▒▒▒▒▒▒▒▒▒▒▒▒▒▒▒  1024 KB / 3.24 MB
  ██████████████████▒▒▒▒▒▒▒▒▒▒▒▒  2.00 MB / 3.24 MB
  ███████████████████████████▒▒▒  3.00 MB / 3.24 MB
  ██████████████████████████████  3.24 MB / 3.24 MB
                                                                                                                        
Name     Id                        Version Available  Source
------------------------------------------------------------
OSFMount PassmarkSoftware.OSFMount Unknown 3.1.1003.0 winget
1 upgrades available.

(1/1) Found OSFMount [PassmarkSoftware.OSFMount] Version 3.1.1003.0
This application is licensed to you by its owner.
Microsoft is not responsible for, nor does it grant any licenses to, third-party packages.
Successfully verified installer hash
Starting package install...

   - 
   \ 
   | 
   / 
   - 
   \ 
   | 
   / 
   - 
   \ 
   | 
   / 
   - 
   \ 
   | 
                                                                                                                        
Installer failed with exit code: 1
Installer log is available at: C:\WINDOWS\TEMP\WinGet\defaultState\WinGet-PassmarkSoftware.OSFMount.3.1.1003.0-2024-12-09-22-35-25.848.log

###WG7zip###
7-Zip version: 24.09 (Path: C:\Program Files\7-Zip\7z.exe)
#############GSD-Fix Completed#############

Transcript started, output file is C:\ProgramData\AirWatch\UnifiedAgent\Logs\ADWX_GSD_Patch_XTIAN845F_20241209_224833.log
*************GSD Initiated at 2024-12-09 22:48:33*************
*************Check and install Dependencies*************
NuGet provider is installed.
*************Checking PSU Module*************
PSWindowsUpdate module is installed.
*************Checking Package Manager*************
Folder already exists at C:\temp\winget
winget is installed at C:\Users\cdm436\AppData\Local\Microsoft\WindowsApps\winget.exe
*************Running Windows OS Updates*************
Detected as **GSD** process is runinng - Logs below look for ***PSUsection***
************* Running Apps Updates (Timeout 30 mins) *************
True
************* Running Apps Updates (Timeout 30 mins) *************
True
*************Checking for Silverlight*************
Silverlight is not installed.
*************Checking log4j*************
Downloaded: c:\temp\log4jscan-latest.jar
Failed to execute log4j scan
*************Checking Ghostscript*************
Ghostscript folder not found. Skipped install process.
*************Checking Java*************
No JDK folder found. Parameter containsJDK remains False.
No JRE folder found. Parameter containsJRE remains False.
Adobe Creative Cloud is already installed.
RemoteUpdateManager version is : 3.1.0.3
Starting the RemoteUpdateManager...

No new applicable Updates. Seems like all products are up-to-date.
RemoteUpdateManager exiting with Return Code (0)
Transcript stopped, output file is C:\ProgramData\AirWatch\UnifiedAgent\Logs\ADWX_GSD_Patch_XTIAN845F_20241209_224833.log
###PSUsection###
VERBOSE: XTIAN845F (12/9/2024 10:48:42 PM): Connecting to Microsoft Update server. Please wait...
VERBOSE: Found [0] Updates in pre search criteria
###WGUsection 01###

   - 
   \ 
                                                                                                                        

  █████████▒▒▒▒▒▒▒▒▒▒▒▒▒▒▒▒▒▒▒▒▒  1024 KB / 3.24 MB
  ██████████████████▒▒▒▒▒▒▒▒▒▒▒▒  2.00 MB / 3.24 MB
  ███████████████████████████▒▒▒  3.00 MB / 3.24 MB
  ██████████████████████████████  3.24 MB / 3.24 MB
                                                                                                                        

   - 
                                                                                                                        
Name     Id                        Version Available  Source
------------------------------------------------------------
OSFMount PassmarkSoftware.OSFMount Unknown 3.1.1003.0 winget
1 upgrades available.

(1/1) Found OSFMount [PassmarkSoftware.OSFMount] Version 3.1.1003.0
This application is licensed to you by its owner.
Microsoft is not responsible for, nor does it grant any licenses to, third-party packages.
Successfully verified installer hash
Starting package install...

   - 
   \ 
   | 
   / 
   - 
   \ 
   | 
   / 
   - 
   \ 
   | 
   / 
   - 
   \ 
   | 
   / 
                                                                                                                        
Installer failed with exit code: 1
Installer log is available at: C:\WINDOWS\TEMP\WinGet\defaultState\WinGet-PassmarkSoftware.OSFMount.3.1.1003.0-2024-12-09-22-48-58.328.log

###WGUsection 02###

   - 
   \ 
                                                                                                                        

  █████████▒▒▒▒▒▒▒▒▒▒▒▒▒▒▒▒▒▒▒▒▒  1024 KB / 3.24 MB
  ██████████████████▒▒▒▒▒▒▒▒▒▒▒▒  2.00 MB / 3.24 MB
  ███████████████████████████▒▒▒  3.00 MB / 3.24 MB
  ██████████████████████████████  3.24 MB / 3.24 MB
                                                                                                                        

   - 
                                                                                                                        
Name     Id                        Version Available  Source
------------------------------------------------------------
OSFMount PassmarkSoftware.OSFMount Unknown 3.1.1003.0 winget
1 upgrades available.

(1/1) Found OSFMount [PassmarkSoftware.OSFMount] Version 3.1.1003.0
This application is licensed to you by its owner.
Microsoft is not responsible for, nor does it grant any licenses to, third-party packages.
Successfully verified installer hash
Starting package install...

   - 
   \ 
   | 
   / 
   - 
   \ 
   | 
   / 
   - 
   \ 
   | 
   / 
   - 
   \ 
   | 
   / 
                                                                                                                        
Installer failed with exit code: 1
Installer log is available at: C:\WINDOWS\TEMP\WinGet\defaultState\WinGet-PassmarkSoftware.OSFMount.3.1.1003.0-2024-12-09-22-49-04.752.log

###WG7zip###
7-Zip version: 24.09 (Path: C:\Program Files\7-Zip\7z.exe)
#############GSD-Fix Completed#############
