============Sync started successfully============
Wed Nov 13 21:11:20 +04 2024
Current OS: macOS Sequoia 15
Current OS URL: https://support.apple.com/en-ae/121238
Release Date: September 16, 2024
58 days since release date
Is the release date more than 100 days? NO
Installed Version: 15.0.1
CURRENT build for 15 is 15.1
Highest version available: 15.1
Notify_Update to 15.1
============Sync started successfully============
Fri Nov 22 17:10:04 +04 2024
Current OS: macOS Sequoia 15
Current OS URL: https://support.apple.com/en-ae/121238
Release Date: September 16, 2024
67 days since release date
Is the release date more than 100 days? NO
Installed Version: 15.1
CURRENT build for 15 is 15.1.1
Highest version available3: 15
