******000000******Start of Script******000000******
*************Start time: Thu Oct 31 17:04:50 +04 2024*************
*************Checking Chrome*************
GC Installed Ver: 130.0.6723.70
****** Chrome DMG is outdated or metadata mismatch. Downloading again. ******
GC Stable Ver: 
GC Installed Ver: 130.0.6723.70
****** Chrome version differs - installed: 130.0.6723.70, available:  ******
****** Application is currently running on target Mac. Proceeding Upgrade. ******
****** Latest version of Chrome is now installed on target Mac. ******
****** Firefox is not installed ******
****** Thunderbird is not installed ******
*************Checking Acrobat Reader*************
****** Adobe Acrobat Reader is installed. Proceeding ******
AR Stable Ver: 24.004.20219
AR Installed Ver: 24.003.20121
****** Adobe Reader is outdated. Updating ******
ARCurrVersNormalized: 2400420219
Latest version of the URL is: https://ardownload2.adobe.com/pub/adobe/reader/mac/AcrobatDC/2400420219/AcroRdrDC_2400420219_MUI.dmg
Thu Oct 31 17:37:19 +04 2024: Downloading newer version.
Thu Oct 31 17:53:33 +04 2024: Mounting installer disk image.
Thu Oct 31 17:53:33 +04 2024: Installing...
Process containing 'Acrobat' in its name has been killed.
Thu Oct 31 18:05:49 +04 2024: Unmounting installer disk image.
All volumes unmounted.
Thu Oct 31 18:39:25 +04 2024: Deleting disk image.
Thu Oct 31 18:39:25 +04 2024: ERROR: Adobe Reader update unsuccessful, version remains at 24.003.20121.
--
****** Adobe Acrobat Reader check completed ******
*************Checking log4j*************
JAR file already exists. Skipping download.
Using existing JAR file: /Users/Shared/log4jscan-latest.jar
Log file is either more than 7 days old or does not exist. Running scan...
****** Scan completed. Log file: /Users/Shared/log4j.log ******
*************Checking Acrobat Full Version*************
****** Adobe Acrobat Full is installed. Proceeding ******
AB Stable Ver: 24.004.20219
AB Installed Ver: 24.002.21005
****** Adobe Full is outdated. Updating ******
ABCurrVersNormalized: 2400420219
Latest version of the URL is: https://ardownload2.adobe.com/pub/adobe/acrobat/mac/AcrobatDC/2400420219/AcrobatDCUpd2400420219.dmg
Thu Oct 31 21:26:56 +04 2024: Downloading newer version.
Thu Oct 31 22:26:14 +04 2024: Mounting installer disk image.
Thu Oct 31 22:26:14 +04 2024: Installing...
Process containing 'Acrobat' in its name has been killed.
installer: Error - the package path specified was invalid: '/Volumes/AcrobatDCUpd2400420219/AcrobatDCUpd2400420219.pkg'.
Thu Oct 31 22:57:31 +04 2024: Unmounting installer disk image.
All volumes unmounted.
Thu Oct 31 23:32:25 +04 2024: Deleting disk image.
Thu Oct 31 23:32:25 +04 2024: ERROR: Adobe Full update unsuccessful, version remains at 24.002.21005.
--
****** Adobe Acrobat Full check completed ******
*************Checking Microsoft Office*************
Microsoft AutoUpdate is installed.
Opening Microsoft AutoUpdate app...
Continuing script execution...
Installing updates...
*************Check complete for Microsoft Office*************
*************Checking Silverlight*************

*************Check complete for Silverlight*************
*************Checking Java*************
Folder with 'jdk' found.
Checking Java version
Java is installed and working
Performing JDK update...
ARM architecture. Downloading arm64 binaries...
Filename: zulu23.30.13-ca-jdk23.0.1-macosx_aarch64.dmg
Thu Oct 31 23:32:26 +04 2024: Downloading zulu23.30.13-ca-jdk23.0.1-macosx_aarch64.dmg...
Error: Failed to download zulu23.30.13-ca-jdk23.0.1-macosx_aarch64.dmg
Fri Nov  1 22:52:08 +04 2024: Updating Java...
Mounting /Users/Shared/zulu23.30.13-ca-jdk23.0.1-macosx_aarch64.dmg
Fri Nov  1 22:52:08 +04 2024: Clean up JRE traces...
Installing  ****************
installer: Error - the package path specified was invalid: ''.
Searching for rt.jar...
Searching for jrt-fs.jar...
Searching for catalina.jar...
Searching for struts-core-1.3.8.jar...
Searching for rt.ogjarbak...
Searching for jrt-fs.ogjarbak...
*************Check complete for Java*************
*************Checking Safari*************
macOS version is above 13.0. Skipping installation.
*************Check complete for Safari for macOS 11-13 only *************
*************Checking Rogue Apps*************
Searching for Google Chrome.app...
Searching for Safari.app...
Searching for Firefox.app...
No instances of Firefox.app found outside /Applications.
Searching for Thunderbird.app...
No instances of Thunderbird.app found outside /Applications.
Searching for Foxit Reader.app...
No instances of Foxit Reader.app found outside /Applications.
*************Task completed in 0 seconds to Remove rogue apps*************
*************Checking Adobe Apps*************
Remote Update Manager is already installed.
Adobe Apps Update in progress...
RemoteUpdateManager version is : 3.1.0.3
Starting the RemoteUpdateManager...

**************************************************
**************************************************
No new applicable Updates. Seems like all products are up-to-date.
*************Adobe apps check completed*************
*************Checking MacOS SU*************
Performing Software Update Check for macOS
*************No update found*************
****** macOS SU check completed ******
VLC version: 3.0.21
Arch is: arm64
Installing Zoom for ARM
Latest VLC Installed
****** VLC check completed ******
*************End of Script*************
*************End time: Sun Nov  3 01:39:11 +04 2024*************
*************Elapsed time: 203661 seconds*************
App Sanity Check Completed
