******000000******Start of Script******000000******
*************Start time: Thu Oct 31 16:55:22 +04 2024*************
*************Checking Chrome*************
GC Installed Ver: 129.0.6668.59
****** Chrome DMG is outdated or metadata mismatch. Downloading again. ******
GC Stable Ver: 130.0.6723.92
GC Installed Ver: 129.0.6668.59
****** Chrome version differs - installed: 129.0.6668.59, available: 130.0.6723.92 ******
****** Application is not running on target Mac. Proceeding Clean Install... ******
****** Install in progress ******
"disk4" ejected.
*************Checking Firefox*************
****** Firefox DMG is outdated or metadata mismatch. Downloading again. ******
FF Stable Ver: 132.0
FF Installed Ver: 132.0
****** Firefox version checked OK (132.0) ******
****** Thunderbird is not installed ******
*************Checking Acrobat Reader*************
****** Adobe Acrobat Reader is not installed. Exiting ******
****** Adobe Acrobat Reader check completed ******
*************Checking log4j*************
JAR file already exists. Skipping download.
Using existing JAR file: /Users/Shared/log4jscan-latest.jar
Log file is either more than 7 days old or does not exist. Running scan...
****** Scan completed. Log file: /Users/Shared/log4j.log ******
*************Checking Acrobat Full Version*************
****** Adobe Acrobat Full is installed. Proceeding ******
AB Stable Ver: 24.004.20219
AB Installed Ver: 24.003.20180
****** Adobe Full is outdated. Updating ******
ABCurrVersNormalized: 2400420219
Latest version of the URL is: https://ardownload2.adobe.com/pub/adobe/acrobat/mac/AcrobatDC/2400420219/AcrobatDCUpd2400420219.dmg
Thu Oct 31 17:03:21 +04 2024: Downloading newer version.
Thu Oct 31 17:04:01 +04 2024: Mounting installer disk image.
Thu Oct 31 17:04:43 +04 2024: Installing...
Process containing 'Acrobat' in its name has been killed.
installer: Package name is Adobe Acrobat (24.004.20219)
installer: Upgrading at base path /
installer: The upgrade was successful.
Thu Oct 31 17:07:12 +04 2024: Unmounting installer disk image.
Unmounting /dev/disk4s1
Volume AcrobatDCUpd2400420219 on disk4s1 unmounted
All volumes unmounted.
Thu Oct 31 17:07:23 +04 2024: Deleting disk image.
Thu Oct 31 17:07:23 +04 2024: SUCCESS: Adobe Full has been updated to version 24.004.20219
****** Adobe Acrobat Full check completed ******
*************Checking Microsoft Office*************
Microsoft AutoUpdate is not installed. Installing...
Installing Microsoft AutoUpdate...
installer: Package name is Microsoft AutoUpdate
installer: Installing at base path /
installer:PHASE:Preparing for installation…
installer:PHASE:Preparing the disk…
installer:PHASE:Preparing Microsoft AutoUpdate…
installer:PHASE:Waiting for other installations to complete…
installer:PHASE:Configuring the installation…
installer:STATUS:
installer:%36.074492
installer:PHASE:Running package scripts…
installer:%86.741257
installer:PHASE:Running package scripts…
installer:%88.689451
installer:PHASE:Running package scripts…
installer:%89.499271
installer:PHASE:Running package scripts…
installer:PHASE:Running package scripts…
installer:PHASE:Running package scripts…
installer:PHASE:Running package scripts…
installer:PHASE:Running package scripts…
installer:PHASE:Running package scripts…
installer:PHASE:Running package scripts…
installer:PHASE:Running package scripts…
installer:PHASE:Running package scripts…
installer:PHASE:Running package scripts…
installer:PHASE:Validating packages…
installer:%97.750000
installer:STATUS:Running installer actions…
installer:STATUS:
installer:PHASE:Finishing the Installation…
installer:STATUS:
installer:%100.000000
installer:PHASE:The software was successfully installed.
installer: The install was successful.
Opening Microsoft AutoUpdate app...
Continuing script execution...
Installing updates...
*************Check complete for Microsoft Office*************
*************Checking Silverlight*************

*************Check complete for Silverlight*************
*************Checking Java*************
Folder with 'jdk' found.
Checking Java version
Java is installed and working
Performing JDK update...
ARM architecture. Downloading arm64 binaries...
Filename: zulu23.30.13-ca-jdk23.0.1-macosx_aarch64.dmg
Thu Oct 31 17:08:11 +04 2024: Downloading zulu23.30.13-ca-jdk23.0.1-macosx_aarch64.dmg...
Thu Oct 31 17:08:22 +04 2024: Updating Java...
Mounting /Users/Shared/zulu23.30.13-ca-jdk23.0.1-macosx_aarch64.dmg
Checksumming Protective Master Boot Record (MBR : 0)…
Protective Master Boot Record (MBR :: verified   CRC32 $58EB7463
Checksumming GPT Header (Primary GPT Header : 1)…
 GPT Header (Primary GPT Header : 1): verified   CRC32 $C186CEB6
Checksumming GPT Partition Data (Primary GPT Table : 2)…
GPT Partition Data (Primary GPT Tabl: verified   CRC32 $CB59E3F9
Checksumming  (Apple_Free : 3)…
                    (Apple_Free : 3): verified   CRC32 $00000000
Checksumming disk image (Apple_HFS : 4)…
          disk image (Apple_HFS : 4): verified   CRC32 $002D6988
Checksumming  (Apple_Free : 5)…
                    (Apple_Free : 5): verified   CRC32 $00000000
Checksumming GPT Partition Data (Backup GPT Table : 6)…
GPT Partition Data (Backup GPT Table: verified   CRC32 $CB59E3F9
Checksumming GPT Header (Backup GPT Header : 7)…
  GPT Header (Backup GPT Header : 7): verified   CRC32 $C4C58D02
verified   CRC32 $D7E7EB9E
/dev/disk5          	GUID_partition_scheme          	
/dev/disk5s1        	Apple_HFS                      	/Volumes/ZuluInstaller
Thu Oct 31 17:08:30 +04 2024: Clean up JRE traces...
Installing /Volumes/ZuluInstaller/Double-Click to Install Azul Zulu JDK 23.pkg ****************
installer: Package name is Azul Zulu JDK 23.30+13
installer: Installing at base path /
installer: The install was successful.
"disk5" ejected.
Searching for rt.jar...
Searching for jrt-fs.jar...
Searching for catalina.jar...
Searching for struts-core-1.3.8.jar...
Searching for rt.ogjarbak...
Searching for jrt-fs.ogjarbak...
*************Check complete for Java*************
*************Checking Safari*************
macOS version is above 13.0. Skipping installation.
*************Check complete for Safari for macOS 11-13 only *************
*************Checking Rogue Apps*************
Searching for Google Chrome.app...
Searching for Safari.app...
Searching for Firefox.app...
Searching for Thunderbird.app...
No instances of Thunderbird.app found outside /Applications.
Searching for Foxit Reader.app...
No instances of Foxit Reader.app found outside /Applications.
*************Task completed in 0 seconds to Remove rogue apps*************
*************Checking Adobe Apps*************
Remote Update Manager is already installed.
Adobe Apps Update in progress...
RemoteUpdateManager version is : 3.1.0.3
Starting the RemoteUpdateManager...

**************************************************
No new updates are available for Acrobat/Reader
**************************************************
*************Adobe apps check completed*************
*************Checking MacOS SU*************
Performing Software Update Check for macOS
App Sanity Check Completed
button returned:OK
****** macOS SU check completed ******
VLC version: 3.0.21
Arch is: arm64
VLC up to date
****** VLC check completed ******
*************End of Script*************
*************End time: Thu Oct 31 21:51:01 +04 2024*************
*************Elapsed time: 17739 seconds*************
App Sanity Check Completed
