******000000******Start of Script******000000******
*************Start time: Thu Oct 31 17:00:11 +04 2024*************
*************Checking Chrome*************
GC Installed Ver: 
****** Chrome DMG is outdated or metadata mismatch. Downloading again. ******
GC Stable Ver: 130.0.6723.92
GC Installed Ver: 
****** Chrome version differs - installed: , available: 130.0.6723.92 ******
****** Application is not running on target Mac. Proceeding Clean Install... ******
****** Install in progress ******
"disk4" ejected.
*************Checking Firefox*************
****** Firefox DMG is outdated or metadata mismatch. Downloading again. ******
FF Stable Ver: 
FF Installed Ver: 131.0.2
****** Firefox version differs - installed: 131.0.2, available:  ******
****** Firefox is currently running on target Mac. Proceeding Upgrade. ******
installer: Error - the package path specified was invalid: '/tmp/firefox.pkg'.
****** Latest version of Firefox is installed on target Mac. ******
*************Checking Thunderbird*************
****** Thunderbird DMG is outdated or metadata mismatch. Downloading again. ******
TB Stable Ver: 131.0.1
TB Installed Ver: 128.3.2
****** Thunderbird version differs - installed: 128.3.2, available: 131.0.1 ******
****** Thunderbird is not running on target Mac. Proceeding Clean Install...******
"disk4" ejected.
****** Latest version of Thunderbird is now installed on target Mac.******
*************Checking Acrobat Reader*************
****** Adobe Acrobat Reader is installed. Proceeding ******
AR Stable Ver: 24.004.20219
AR Installed Ver: 24.003.20180
****** Adobe Reader is outdated. Updating ******
ARCurrVersNormalized: 2400420219
Latest version of the URL is: https://ardownload2.adobe.com/pub/adobe/reader/mac/AcrobatDC/2400420219/AcroRdrDC_2400420219_MUI.dmg
Thu Oct 31 17:15:27 +04 2024: Downloading newer version.
Thu Oct 31 17:22:20 +04 2024: Mounting installer disk image.
Thu Oct 31 17:22:20 +04 2024: Installing...
No process containing 'Acrobat' in its name is currently running.
Thu Oct 31 17:22:30 +04 2024: Unmounting installer disk image.
All volumes unmounted.
Thu Oct 31 17:22:40 +04 2024: Deleting disk image.
Thu Oct 31 17:22:40 +04 2024: ERROR: Adobe Reader update unsuccessful, version remains at 24.003.20180.
--
****** Adobe Acrobat Reader check completed ******
*************Checking log4j*************
JAR file already exists. Skipping download.
Using existing JAR file: /Users/Shared/log4jscan-latest.jar
Log file is either more than 7 days old or does not exist. Running scan...
****** Scan completed. Log file: /Users/Shared/log4j.log ******
*************Checking Acrobat Full Version*************
****** Adobe Acrobat Full is not installed. Exiting ******
****** Adobe Acrobat Full check completed ******
*************Checking Microsoft Office*************
Microsoft AutoUpdate is installed.
Opening Microsoft AutoUpdate app...
Continuing script execution...
Installing updates...
*************Check complete for Microsoft Office*************
*************Checking Silverlight*************

*************Check complete for Silverlight*************
*************Checking Java*************
No folder with 'jdk' found.
Removing JRE
Thu Oct 31 17:22:41 +04 2024: Clean up JRE traces...
Searching for rt.jar...
Searching for jrt-fs.jar...
Searching for catalina.jar...
Searching for struts-core-1.3.8.jar...
Searching for rt.ogjarbak...
Searching for jrt-fs.ogjarbak...
*************Check complete for Java*************
*************Checking Safari*************
macOS version is above 13.0. Skipping installation.
*************Check complete for Safari for macOS 11-13 only *************
*************Checking Rogue Apps*************
Searching for Google Chrome.app...
No instances of Google Chrome.app found outside /Applications.
Searching for Safari.app...
Searching for Firefox.app...
Searching for Thunderbird.app...
No instances of Thunderbird.app found outside /Applications.
Searching for Foxit Reader.app...
No instances of Foxit Reader.app found outside /Applications.
*************Task completed in 0 seconds to Remove rogue apps*************
*************Checking Adobe Apps*************
Remote Update Manager is already installed.
Adobe Apps Update in progress...
RemoteUpdateManager version is : 3.1.0.3
Starting the RemoteUpdateManager...

Following Updates are applicable on the system :
		(CCXP/5.8.0.16/macarm64)
		(ILST/28.7.2.154/macuniversal)
**************************************************
Following Updates are to be downloaded :
		(CCXP/5.8.0.16/macarm64)
		(ILST/28.7.2.154/macuniversal)
**************************************************
*** Downloading (CCXP/5.8.0.16/macarm64) ...
*** Failed to download (CCXP/5.8.0.16/macarm64) ...
*** Downloading (ILST/28.7.2.154/macuniversal) ...
*** Failed to download (ILST/28.7.2.154/macuniversal) ...
Some Updates failed to download ...
**************************************************
No new Updates to be installed ...
**************************************************
Following Updates failed to Download :
		(CCXP/2.2.1/5.8.0/macarm64)
		(ILST/28.0/28.7.2/macuniversal)
**************************************************
*************Adobe apps check completed*************
*************Checking MacOS SU*************
Performing Software Update Check for macOS
App Sanity Check Completed
button returned:OK
****** macOS SU check completed ******
VLC version: 3.0.21
Arch is: arm64
Installing Zoom for ARM
Checksumming Protective Master Boot Record (MBR : 0)…
Protective Master Boot Record (MBR :: verified   CRC32 $C203F25B
Checksumming GPT Header (Primary GPT Header : 1)…
 GPT Header (Primary GPT Header : 1): verified   CRC32 $A4737F4D
Checksumming GPT Partition Data (Primary GPT Table : 2)…
GPT Partition Data (Primary GPT Tabl: verified   CRC32 $588135DA
Checksumming  (Apple_Free : 3)…
                    (Apple_Free : 3): verified   CRC32 $00000000
Checksumming disk image (Apple_HFS : 4)…
          disk image (Apple_HFS : 4): verified   CRC32 $07679627
Checksumming  (Apple_Free : 5)…
                    (Apple_Free : 5): verified   CRC32 $00000000
Checksumming GPT Partition Data (Backup GPT Table : 6)…
GPT Partition Data (Backup GPT Table: verified   CRC32 $588135DA
Checksumming GPT Header (Backup GPT Header : 7)…
  GPT Header (Backup GPT Header : 7): verified   CRC32 $FE7067D3
verified   CRC32 $D842EE35
/dev/disk4          	GUID_partition_scheme          	
/dev/disk4s1        	Apple_HFS                      	/Volumes/vlc
"/Volumes/vlc" unmounted successfully.
Latest VLC Installed
****** VLC check completed ******
*************End of Script*************
*************End time: Thu Oct 31 18:15:43 +04 2024*************
*************Elapsed time: 4532 seconds*************
App Sanity Check Completed
