******000000******Start of Script******000000******
*************Start time: Thu Oct 31 16:55:51 +04 2024*************
*************Checking Chrome*************
GC Installed Ver: 130.0.6723.91
****** Chrome DMG is outdated or metadata mismatch. Downloading again. ******
GC Stable Ver: 130.0.6723.92
GC Installed Ver: 130.0.6723.91
****** Chrome version differs - installed: 130.0.6723.91, available: 130.0.6723.92 ******
****** Application is currently running on target Mac. Proceeding Upgrade. ******
****** Latest version of Chrome is now installed on target Mac. ******
****** Firefox is not installed ******
****** Thunderbird is not installed ******
*************Checking Acrobat Reader*************
****** Adobe Acrobat Reader is installed. Proceeding ******
AR Stable Ver: 24.004.20219
AR Installed Ver: 24.003.20180
****** Adobe Reader is outdated. Updating ******
ARCurrVersNormalized: 2400420219
Latest version of the URL is: https://ardownload2.adobe.com/pub/adobe/reader/mac/AcrobatDC/2400420219/AcroRdrDC_2400420219_MUI.dmg
Thu Oct 31 16:56:58 +04 2024: Downloading newer version.
Thu Oct 31 16:58:14 +04 2024: Mounting installer disk image.
Thu Oct 31 16:58:17 +04 2024: Installing...
Process containing 'Acrobat' in its name has been killed.
Thu Oct 31 16:59:49 +04 2024: Unmounting installer disk image.
All volumes unmounted.
Thu Oct 31 16:59:59 +04 2024: Deleting disk image.
Thu Oct 31 16:59:59 +04 2024: SUCCESS: Adobe Reader has been updated to version 24.004.20219
****** Adobe Acrobat Reader check completed ******
*************Checking log4j*************
JAR file already exists. Skipping download.
Using existing JAR file: /Users/Shared/log4jscan-latest.jar
Log file is either more than 7 days old or does not exist. Running scan...
****** Scan completed. Log file: /Users/Shared/log4j.log ******
*************Checking Acrobat Full Version*************
****** Adobe Acrobat Full is installed. Proceeding ******
AB Stable Ver: 24.004.20219
AB Installed Ver: 24.003.20180
****** Adobe Full is outdated. Updating ******
ABCurrVersNormalized: 2400420219
Latest version of the URL is: https://ardownload2.adobe.com/pub/adobe/acrobat/mac/AcrobatDC/2400420219/AcrobatDCUpd2400420219.dmg
Thu Oct 31 17:00:00 +04 2024: Downloading newer version.
Thu Oct 31 17:02:04 +04 2024: Mounting installer disk image.
Thu Oct 31 17:02:10 +04 2024: Installing...
Process containing 'Acrobat' in its name has been killed.
installer: Package name is Adobe Acrobat (24.004.20219)
installer: Upgrading at base path /
installer: The upgrade was successful.
Thu Oct 31 17:05:12 +04 2024: Unmounting installer disk image.
Unmounting /dev/disk4s1
Volume AcrobatDCUpd2400420219 on disk4s1 unmounted
All volumes unmounted.
Thu Oct 31 17:05:23 +04 2024: Deleting disk image.
Thu Oct 31 17:05:23 +04 2024: SUCCESS: Adobe Full has been updated to version 24.004.20219
****** Adobe Acrobat Full check completed ******
*************Checking Microsoft Office*************
Microsoft AutoUpdate is installed.
Opening Microsoft AutoUpdate app...
Continuing script execution...
Installing updates...
*************Check complete for Microsoft Office*************
*************Checking Silverlight*************

*************Check complete for Silverlight*************
*************Checking Java*************
No folder with 'jdk' found.
Removing JRE
Thu Oct 31 17:05:24 +04 2024: Clean up JRE traces...
Searching for rt.jar...
Searching for jrt-fs.jar...
Searching for catalina.jar...
Searching for struts-core-1.3.8.jar...
Searching for rt.ogjarbak...
Searching for jrt-fs.ogjarbak...
*************Check complete for Java*************
*************Checking Safari*************
macOS version is above 13.0. Skipping installation.
*************Check complete for Safari for macOS 11-13 only *************
*************Checking Rogue Apps*************
Searching for Google Chrome.app...
Searching for Safari.app...
Searching for Firefox.app...
No instances of Firefox.app found outside /Applications.
Searching for Thunderbird.app...
No instances of Thunderbird.app found outside /Applications.
Searching for Foxit Reader.app...
No instances of Foxit Reader.app found outside /Applications.
*************Task completed in 0 seconds to Remove rogue apps*************
*************Checking Adobe Apps*************
Remote Update Manager is already installed.
Adobe Apps Update in progress...
RemoteUpdateManager version is : 3.1.0.3
Starting the RemoteUpdateManager...

**************************************************
No new updates are available for Acrobat/Reader
**************************************************
Following Updates are applicable on the system :
		(ACAI/0.5.3.1/macarm64)
		(ACR/17.0.0.1097/macuniversal)
**************************************************
Following Updates are to be downloaded :
		(ACAI/0.5.3.1/macarm64)
		(ACR/17.0.0.1097/macuniversal)
**************************************************
*** Downloading (ACAI/0.5.3.1/macarm64) ...
*** Successfully downloaded (ACAI/0.5.3.1/macarm64) ...
*** Downloading (ACR/17.0.0.1097/macuniversal) ...
*** Successfully downloaded (ACR/17.0.0.1097/macuniversal) ...
All Updates downloaded successfully ...
**************************************************
*** Installing (ACAI/0.5.3.1/macarm64) ...
Progress: 0%Progress: 0%*** Failed to install (ACAI/0.5.3.1/macarm64) ...
*** Installing (ACR/17.0.0.1097/macuniversal) ...
Exit Code: 131          
Progress: 0%Progress: 0%Exit Code: 131          
*** Failed to install (ACR/17.0.0.1097/macuniversal) ...
Some Updates failed to install ...
**************************************************
Following Updates failed to Install :
		(ACAI/0.1.0/0.5.3/macarm64)
		(ACR/9.6/17.0/macuniversal)
**************************************************
*************Adobe apps check completed*************
*************Checking MacOS SU*************
Performing Software Update Check for macOS
App Sanity Check Completed
button returned:OK
****** macOS SU check completed ******
VLC version: 3.0.21
Arch is: arm64
VLC up to date
****** VLC check completed ******
*************End of Script*************
*************End time: Thu Oct 31 17:11:16 +04 2024*************
*************Elapsed time: 925 seconds*************
App Sanity Check Completed
