******000000******Start of Script******000000******
*************Start time: Thu Oct 31 16:59:44 +04 2024*************
*************Checking Chrome*************
GC Installed Ver: 130.0.6723.71
****** Chrome DMG is outdated or metadata mismatch. Downloading again. ******
GC Stable Ver: 130.0.6723.92
GC Installed Ver: 130.0.6723.71
****** Chrome version differs - installed: 130.0.6723.71, available: 130.0.6723.92 ******
****** Application is currently running on target Mac. Proceeding Upgrade. ******
****** Latest version of Chrome is now installed on target Mac. ******
****** Firefox is not installed ******
****** Thunderbird is not installed ******
*************Checking Acrobat Reader*************
****** Adobe Acrobat Reader is installed. Proceeding ******
AR Stable Ver: 24.004.20219
AR Installed Ver: 24.003.20180
****** Adobe Reader is outdated. Updating ******
ARCurrVersNormalized: 2400420219
Latest version of the URL is: https://ardownload2.adobe.com/pub/adobe/reader/mac/AcrobatDC/2400420219/AcroRdrDC_2400420219_MUI.dmg
Thu Oct 31 17:04:23 +04 2024: Downloading newer version.
Thu Oct 31 17:06:04 +04 2024: Mounting installer disk image.
Thu Oct 31 17:06:45 +04 2024: Installing...
Process containing 'Acrobat' in its name has been killed.
Thu Oct 31 17:08:23 +04 2024: Unmounting installer disk image.
All volumes unmounted.
Thu Oct 31 17:08:33 +04 2024: Deleting disk image.
Thu Oct 31 17:08:33 +04 2024: SUCCESS: Adobe Reader has been updated to version 24.004.20219
****** Adobe Acrobat Reader check completed ******
*************Checking log4j*************
JAR file already exists. Skipping download.
Using existing JAR file: /Users/Shared/log4jscan-latest.jar
Log file is either more than 7 days old or does not exist. Running scan...
****** Scan completed. Log file: /Users/Shared/log4j.log ******
*************Checking Acrobat Full Version*************
****** Adobe Acrobat Full is installed. Proceeding ******
AB Stable Ver: 24.004.20219
AB Installed Ver: 24.003.20180
****** Adobe Full is outdated. Updating ******
ABCurrVersNormalized: 2400420219
Latest version of the URL is: https://ardownload2.adobe.com/pub/adobe/acrobat/mac/AcrobatDC/2400420219/AcrobatDCUpd2400420219.dmg
Thu Oct 31 17:08:34 +04 2024: Downloading newer version.
Thu Oct 31 17:10:37 +04 2024: Mounting installer disk image.
Thu Oct 31 17:10:43 +04 2024: Installing...
No process containing 'Acrobat' in its name is currently running.
installer: Package name is Adobe Acrobat (24.004.20219)
installer: Upgrading at base path /
installer: The upgrade was successful.
Thu Oct 31 17:15:04 +04 2024: Unmounting installer disk image.
Unmounting /dev/disk5s1
Volume AcrobatDCUpd2400420219 on disk5s1 unmounted
All volumes unmounted.
Thu Oct 31 17:15:14 +04 2024: Deleting disk image.
Thu Oct 31 17:15:14 +04 2024: SUCCESS: Adobe Full has been updated to version 24.004.20219
****** Adobe Acrobat Full check completed ******
*************Checking Microsoft Office*************
Microsoft AutoUpdate is installed.
Opening Microsoft AutoUpdate app...
Continuing script execution...
Installing updates...
*************Check complete for Microsoft Office*************
*************Checking Silverlight*************

*************Check complete for Silverlight*************
*************Checking Java*************
No folder with 'jdk' found.
Removing JRE
Thu Oct 31 17:15:15 +04 2024: Clean up JRE traces...
Searching for rt.jar...
Searching for jrt-fs.jar...
Searching for catalina.jar...
Searching for struts-core-1.3.8.jar...
Searching for rt.ogjarbak...
Searching for jrt-fs.ogjarbak...
*************Check complete for Java*************
*************Checking Safari*************
macOS version is above 13.0. Skipping installation.
*************Check complete for Safari for macOS 11-13 only *************
*************Checking Rogue Apps*************
Searching for Google Chrome.app...
Searching for Safari.app...
Searching for Firefox.app...
No instances of Firefox.app found outside /Applications.
Searching for Thunderbird.app...
No instances of Thunderbird.app found outside /Applications.
Searching for Foxit Reader.app...
No instances of Foxit Reader.app found outside /Applications.
*************Task completed in 0 seconds to Remove rogue apps*************
*************Checking Adobe Apps*************
Remote Update Manager is already installed.
Adobe Apps Update in progress...
RemoteUpdateManager version is : 3.1.0.3
Starting the RemoteUpdateManager...

**************************************************
No new updates are available for Acrobat/Reader
**************************************************
Following Updates are applicable on the system :
		(CCXP/5.8.0.16/macarm64)
		(LIBS/4.6.4.2/macarm64)
**************************************************
Following Updates are to be downloaded :
		(CCXP/5.8.0.16/macarm64)
		(LIBS/4.6.4.2/macarm64)
**************************************************
*** Downloading (CCXP/5.8.0.16/macarm64) ...
*** Successfully downloaded (CCXP/5.8.0.16/macarm64) ...
*** Downloading (LIBS/4.6.4.2/macarm64) ...
*** Successfully downloaded (LIBS/4.6.4.2/macarm64) ...
All Updates downloaded successfully ...
**************************************************
*** Installing (CCXP/5.8.0.16/macarm64) ...
customhook: 61.097ms
directories on user machine [ 'com.adobe.ccx.start-5.9.0' ]
builds to keep [ 'com.adobe.ccx.start-7.8.0', 'com.adobe.ccx.start-5.9.0' ]
directories to delete []
*** Successfully installed (CCXP/5.8.0.16/macarm64) ...
*** Installing (LIBS/4.6.4.2/macarm64) ...
*** Successfully installed (LIBS/4.6.4.2/macarm64) ...
All Updates installed successfully ...
**************************************************
Following Updates were successfully installed :
		(CCXP/2.2.1/5.8.0/macarm64)
		(LIBS/2.14.7/4.6.4/macarm64)
**************************************************
RemoteUpdateManager exiting with Return Code (0)
*************Adobe apps check completed*************
*************Checking MacOS SU*************
Performing Software Update Check for macOS
App Sanity Check Completed
button returned:OK
****** macOS SU check completed ******
VLC version: 3.0.21
Arch is: arm64
Installing Zoom for ARM
Checksumming Protective Master Boot Record (MBR : 0)…
Protective Master Boot Record (MBR :: verified   CRC32 $C203F25B
Checksumming GPT Header (Primary GPT Header : 1)…
 GPT Header (Primary GPT Header : 1): verified   CRC32 $A4737F4D
Checksumming GPT Partition Data (Primary GPT Table : 2)…
GPT Partition Data (Primary GPT Tabl: verified   CRC32 $588135DA
Checksumming  (Apple_Free : 3)…
                    (Apple_Free : 3): verified   CRC32 $00000000
Checksumming disk image (Apple_HFS : 4)…
          disk image (Apple_HFS : 4): verified   CRC32 $07679627
Checksumming  (Apple_Free : 5)…
                    (Apple_Free : 5): verified   CRC32 $00000000
Checksumming GPT Partition Data (Backup GPT Table : 6)…
GPT Partition Data (Backup GPT Table: verified   CRC32 $588135DA
Checksumming GPT Header (Backup GPT Header : 7)…
  GPT Header (Backup GPT Header : 7): verified   CRC32 $FE7067D3
verified   CRC32 $D842EE35
/dev/disk6          	GUID_partition_scheme          	
/dev/disk6s1        	Apple_HFS                      	/Volumes/vlc
"/Volumes/vlc" unmounted successfully.
Latest VLC Installed
****** VLC check completed ******
*************End of Script*************
*************End time: Thu Oct 31 17:22:11 +04 2024*************
*************Elapsed time: 1347 seconds*************
App Sanity Check Completed
