
Transcript started, output file is C:\ProgramData\AirWatch\UnifiedAgent\Logs\ADWX_GSD_Patch_ADUAEI18302LPWX_20241205_152841.log
*************GSD Initiated at 2024-12-05 15:28:42*************
*************Check and install Dependencies*************
NuGet provider is installed.
*************Checking PSU Module*************
PSWindowsUpdate module is installed.
*************Checking Package Manager*************


    Directory: C:\temp


Mode                 LastWriteTime         Length Name                                                                 
----                 -------------         ------ ----                                                                 
d-----         12/5/2024   3:28 PM                winget                                                               
Folder created at C:\temp\winget
winget is not installed.
Microsoft.VCLibs.x64.14.00.Desktop.appx is not installed. Installing...
Microsoft.VCLibs.x64.14.00.Desktop.appx has been installed.
Microsoft.UI.Xaml.2.8.x64.appx is not installed. Installing...
Microsoft.UI.Xaml.2.8.x64.appx has been installed.
Dependencies have been checked and installed successfully.
The current user is a system account - nt authority\system. Run choco winget...
*************Running Windows OS Updates*************
Detected as **GSD** process is runinng - Logs below look for ***PSUsection***
************* Running Apps Updates (Timeout 30mins) *************
True
************* Running Apps Updates (Timeout 30mins) *************
True
*************Checking for Silverlight*************
Silverlight is not installed.
*************Checking log4j*************
Downloaded: c:\temp\log4jscan-latest.jar
Failed to execute log4j scan
*************Checking Ghostscript*************
Ghostscript folder not found. Skipped install process.
*************Checking Java*************
No JDK folder found. Parameter containsJDK remains False.
No JRE folder found. Parameter containsJRE remains False.
*************Checking Firefox*************
Mozilla Firefox entries found for user SID: .DEFAULT at .DEFAULT\Software\Mozilla\Firefox
Deleted Microsoft.PowerShell.Core\Registry::HKEY_USERS\.DEFAULT\Software\Mozilla\Firefox\Default Browser Agent
Deleted Microsoft.PowerShell.Core\Registry::HKEY_USERS\.DEFAULT\Software\Mozilla\Firefox\DllPrefetchExperiment
Deleted Microsoft.PowerShell.Core\Registry::HKEY_USERS\.DEFAULT\Software\Mozilla\Firefox\Installer
Deleted Microsoft.PowerShell.Core\Registry::HKEY_USERS\.DEFAULT\Software\Mozilla\Firefox\Installer\308046B0AF4A39CB
Deleted Microsoft.PowerShell.Core\Registry::HKEY_USERS\.DEFAULT\Software\Mozilla\Firefox\Launcher
Deleted Microsoft.PowerShell.Core\Registry::HKEY_USERS\.DEFAULT\Software\Mozilla\Firefox\PreXULSkeletonUISettings
Mozilla Firefox entries found for user SID: S-1-5-18 at S-1-5-18\Software\Mozilla\Firefox
Mozilla Firefox entries found in HKEY_LOCAL_MACHINE\Software
Deleted Microsoft.PowerShell.Core\Registry::HKEY_LOCAL_MACHINE\Software\Mozilla\Firefox\TaskBarIDs

Firefox installed is based on x64
Installed Firefox Version: 132.0.2
Latest stable firefox: 133.0
Installing 64-bit Firefox...
Firefox installation completed.
Adobe Creative Cloud is not installed. Installing using winget...
The process output has been logged to C:\temp\winget_log.txt
Log file not found.
Adobe Remote Update Manager is not installed.
Transcript stopped, output file is C:\ProgramData\AirWatch\UnifiedAgent\Logs\ADWX_GSD_Patch_ADUAEI18302LPWX_20241205_152841.log


###PSUsection###
VERBOSE: ADUAEI18302LPWX (12/5/2024 3:28:58 PM): Connecting to Microsoft Update server. Please wait...
VERBOSE: Found [29] Updates in pre search criteria
VERBOSE: Found [2] Updates in post search criteria

X ComputerName Result     KB          Size Title                                                                       
- ------------ ------     --          ---- -----                                                                       
1 ADUAEI183... Accepted   KB890830    73MB Windows Malicious Software Removal Tool x64 - v5.130 (KB890830)             
1 ADUAEI183... Accepted   KB5048163   72MB 2024-11 Cumulative Update Preview for .NET Framework 3.5 and 4.8.1 for Wi...
VERBOSE: Accepted [2] Updates ready to Download
2 ADUAEI183... Downloaded KB890830    73MB Windows Malicious Software Removal Tool x64 - v5.130 (KB890830)             
2 ADUAEI183... Downloaded KB5048163   72MB 2024-11 Cumulative Update Preview for .NET Framework 3.5 and 4.8.1 for Wi...
VERBOSE: Downloaded [2] Updates ready to Install
3 ADUAEI183... Installed  KB890830    73MB Windows Malicious Software Removal Tool x64 - v5.130 (KB890830)             
3 ADUAEI183... Installed  KB5048163   72MB 2024-11 Cumulative Update Preview for .NET Framework 3.5 and 4.8.1 for Wi...
VERBOSE: Installed [2] Updates
Reboot is required, but do it manually.


###WGUsection 01###
winget.exe completed within the timeout period.
###WGUsection 02###
winget.exe completed within the timeout period.
###WG7zip###
7-Zip version: 22.01 (Path: C:\Program Files\7-Zip\7z.exe)
#############GSD-Fix Completed#############

Transcript started, output file is C:\ProgramData\AirWatch\UnifiedAgent\Logs\ADWX_GSD_Patch_ADUAEI18302LPWX_20241206_091308.log
*************GSD Initiated at 2024-12-06 09:13:08*************
*************Check and install Dependencies*************
NuGet provider is installed.
*************Checking PSU Module*************
PSWindowsUpdate module is installed.
*************Checking Package Manager*************
Folder already exists at C:\temp\winget
winget is not installed.
Microsoft.VCLibs.x64.14.00.Desktop.appx is not installed. Installing...
Microsoft.VCLibs.x64.14.00.Desktop.appx has been installed.
Microsoft.UI.Xaml.2.8.x64.appx is not installed. Installing...
Microsoft.UI.Xaml.2.8.x64.appx has been installed.
Dependencies have been checked and installed successfully.
The current user is a system account - nt authority\system. Run 2nd try...
winget-install 5.0.5
To check for updates, run winget-install -CheckForUpdate
To delay script exit, run winget-install -Wait
To force script pausing after execution, run winget-install -NoExit

##########
# winget #
##########

Installing Microsoft.WinGet.Client module...
Installing winget (this takes a minute or two)...

############
# Complete #
############

winget installed successfully.
Checking if winget is installed and working...
*************Running Windows OS Updates*************
Detected as **GSD** process is runinng - Logs below look for ***PSUsection***
************* Running Apps Updates (Timeout 30 mins) *************
True
************* Running Apps Updates (Timeout 30 mins) *************
True
*************Checking for Silverlight*************
Silverlight is not installed.
*************Checking log4j*************
Using existing JAR file: c:\temp\log4jscan-latest.jar
Failed to execute log4j scan
*************Checking Ghostscript*************
Ghostscript folder not found. Skipped install process.
*************Checking Java*************
No JDK folder found. Parameter containsJDK remains False.
No JRE folder found. Parameter containsJRE remains False.
Adobe Creative Cloud is not installed. Installing using winget...
The process output has been logged to C:\temp\winget_log.txt
Log file not found.
Adobe Remote Update Manager is not installed.
Transcript stopped, output file is C:\ProgramData\AirWatch\UnifiedAgent\Logs\ADWX_GSD_Patch_ADUAEI18302LPWX_20241206_091308.log
###PSUsection###
VERBOSE: ADUAEI18302LPWX (12/6/2024 9:13:51 AM): Connecting to Microsoft Update server. Please wait...
VERBOSE: Found [27] Updates in pre search criteria
VERBOSE: Found [0] Updates in post search criteria
VERBOSE: Accepted [0] Updates ready to Download
VERBOSE: Downloaded [0] Updates ready to Install
VERBOSE: Installed [0] Updates
###WGUsection 01###
winget.exe completed within the timeout period.
###WGUsection 02###
winget.exe completed within the timeout period.
###WG7zip###
7-Zip version: 22.01 (Path: C:\Program Files\7-Zip\7z.exe)
#############GSD-Fix Completed#############
