============Sync started successfully============
Thu Nov 14 00:56:20 +04 2024
Current OS: macOS Sequoia 15
Current OS URL: https://support.apple.com/en-ae/121238
Release Date: September 16, 2024
59 days since release date
Is the release date more than 100 days? NO
Installed Version: 15.0.1
CURRENT build for 15 is 15.1
Highest version available: 15.1
Notify_Update to 15.1
============Sync started successfully============
Mon Nov 25 12:17:00 +04 2024
Current OS: macOS Sequoia 15
Current OS URL: https://support.apple.com/en-ae/121238
Release Date: September 16, 2024
70 days since release date
Is the release date more than 100 days? NO
Installed Version: 15.1
CURRENT build for 15 is 15.1.1
Highest version available3: 15
