
Transcript started, output file is C:\ProgramData\AirWatch\UnifiedAgent\Logs\ADWX_GSD_Patch_ADUAEI16383WKWX_20241205_205911.log
*************GSD Initiated at 2024-12-05 20:59:11*************
*************Check and install Dependencies*************
NuGet provider is installed.
*************Checking PSU Module*************
PSWindowsUpdate module is installed.
*************Checking Package Manager*************
Folder already exists at C:\temp\winget
winget is not installed.
Microsoft.VCLibs.x64.14.00.Desktop.appx is not installed. Installing...
Microsoft.VCLibs.x64.14.00.Desktop.appx has been installed.
Microsoft.UI.Xaml.2.8.x64.appx is not installed. Installing...
Microsoft.UI.Xaml.2.8.x64.appx has been installed.
Dependencies have been checked and installed successfully.
The current user is a system account - nt authority\system. Run 2nd try...
winget-install 5.0.5
To check for updates, run winget-install -CheckForUpdate
To delay script exit, run winget-install -Wait
To force script pausing after execution, run winget-install -NoExit

##########
# winget #
##########

Installing Microsoft.WinGet.Client module...
Installing winget (this takes a minute or two)...

############
# Complete #
############

winget installed successfully.
Checking if winget is installed and working...
*************Running Windows OS Updates*************
Detected as **GSD** process is runinng - Logs below look for ***PSUsection***
************* Running Apps Updates (Timeout 30 mins) *************
True
************* Running Apps Updates (Timeout 30 mins) *************
True
*************Checking for Silverlight*************
Silverlight is not installed.
*************Checking log4j*************
Using existing JAR file: c:\temp\log4jscan-latest.jar
Failed to execute log4j scan
*************Checking Ghostscript*************
Ghostscript folder not found. Skipped install process.
*************Checking Java*************
No JDK folder found. Parameter containsJDK remains False.
No JRE folder found. Parameter containsJRE remains False.
Adobe Creative Cloud is already installed.
Adobe Remote Update Manager is not installed.
Transcript stopped, output file is C:\ProgramData\AirWatch\UnifiedAgent\Logs\ADWX_GSD_Patch_ADUAEI16383WKWX_20241205_205911.log
###PSUsection###
VERBOSE: ADUAEI16383WKWX (12/5/2024 9:01:05 PM): Connecting to Microsoft Update server. Please wait...
VERBOSE: Found [9] Updates in pre search criteria
VERBOSE: Found [0] Updates in post search criteria
VERBOSE: Accepted [0] Updates ready to Download
VERBOSE: Downloaded [0] Updates ready to Install
VERBOSE: Installed [0] Updates
###WGUsection 01###

   - 
   \ 
   | 
   / 
   - 
   \ 
   | 
   / 
   - 
   \ 
   | 
   / 
                                                                                                                        

  ███████████████████▒▒▒▒▒▒▒▒▒▒▒  1024 KB / 1.50 MB
  ██████████████████████████████  1.50 MB / 1.50 MB
                                                                                                                        

  █████████▒▒▒▒▒▒▒▒▒▒▒▒▒▒▒▒▒▒▒▒▒  1024 KB / 3.24 MB
  ██████████████████▒▒▒▒▒▒▒▒▒▒▒▒  2.00 MB / 3.24 MB
  ███████████████████████████▒▒▒  3.00 MB / 3.24 MB
  ██████████████████████████████  3.24 MB / 3.24 MB
                                                                                                                        

   - 
                                                                                                                        
No installed package found matching input criteria.
###WGUsection 02###

   - 
   \ 
   | 
   / 
   - 
                                                                                                                        

  █████████▒▒▒▒▒▒▒▒▒▒▒▒▒▒▒▒▒▒▒▒▒  1024 KB / 3.24 MB
  ██████████████████▒▒▒▒▒▒▒▒▒▒▒▒  2.00 MB / 3.24 MB
  ███████████████████████████▒▒▒  3.00 MB / 3.24 MB
  ██████████████████████████████  3.24 MB / 3.24 MB
                                                                                                                        
No installed package found matching input criteria.
###WG7zip###
7-Zip version: 24.09 (Path: C:\Program Files\7-Zip\7z.exe)
#############GSD-Fix Completed#############
