******000000******Start of Script******000000******
*************Start time: Thu Oct 31 16:55:13 +04 2024*************
*************Checking Chrome*************
GC Installed Ver: 130.0.6723.92
****** Chrome DMG is fresh and metadata matches. Skipping download. ******
GC Stable Ver: 130.0.6723.92
GC Installed Ver: 130.0.6723.92
****** Chrome version checked OK (130.0.6723.92) ******
****** Firefox is not installed ******
****** Thunderbird is not installed ******
*************Checking Acrobat Reader*************
****** Adobe Acrobat Reader is installed. Proceeding ******
AR Stable Ver: 24.004.20219
AR Installed Ver: 24.003.20180
****** Adobe Reader is outdated. Updating ******
ARCurrVersNormalized: 2400420219
Latest version of the URL is: https://ardownload2.adobe.com/pub/adobe/reader/mac/AcrobatDC/2400420219/AcroRdrDC_2400420219_MUI.dmg
Thu Oct 31 16:55:20 +04 2024: Downloading newer version.
Thu Oct 31 16:56:52 +04 2024: Mounting installer disk image.
Thu Oct 31 16:56:56 +04 2024: Installing...
Process containing 'Acrobat' in its name has been killed.
Thu Oct 31 16:58:29 +04 2024: Unmounting installer disk image.
All volumes unmounted.
Thu Oct 31 16:58:39 +04 2024: Deleting disk image.
Thu Oct 31 16:58:39 +04 2024: SUCCESS: Adobe Reader has been updated to version 24.004.20219
****** Adobe Acrobat Reader check completed ******
*************Checking log4j*************
JAR file already exists. Skipping download.
Using existing JAR file: /Users/Shared/log4jscan-latest.jar
Log file is not more than 7 days old. Skipping scan.
*************Checking Acrobat Full Version*************
****** Adobe Acrobat Full is installed. Proceeding ******
AB Stable Ver: 24.004.20219
AB Installed Ver: 24.003.20180
****** Adobe Full is outdated. Updating ******
ABCurrVersNormalized: 2400420219
Latest version of the URL is: https://ardownload2.adobe.com/pub/adobe/acrobat/mac/AcrobatDC/2400420219/AcrobatDCUpd2400420219.dmg
Thu Oct 31 16:58:40 +04 2024: Downloaded file is already in place.
Thu Oct 31 16:58:40 +04 2024: Mounting installer disk image.
Thu Oct 31 16:58:40 +04 2024: Installing...
Process containing 'Acrobat' in its name has been killed.
installer: Error - the package path specified was invalid: '/Volumes/AcrobatDCUpd2400420219/AcrobatDCUpd2400420219.pkg'.
Thu Oct 31 16:58:51 +04 2024: Unmounting installer disk image.
All volumes unmounted.
Thu Oct 31 16:59:01 +04 2024: Deleting disk image.
Thu Oct 31 16:59:01 +04 2024: ERROR: Adobe Full update unsuccessful, version remains at 24.003.20180.
--
****** Adobe Acrobat Full check completed ******
*************Checking Microsoft Office*************
Microsoft AutoUpdate is installed.
Opening Microsoft AutoUpdate app...
Continuing script execution...
Installing updates...
*************Check complete for Microsoft Office*************
*************Checking Silverlight*************

*************Check complete for Silverlight*************
*************Checking Java*************
No folder with 'jdk' found.
Removing JRE
Thu Oct 31 16:59:01 +04 2024: Clean up JRE traces...
Searching for rt.jar...
Searching for jrt-fs.jar...
Searching for catalina.jar...
Searching for struts-core-1.3.8.jar...
Searching for rt.ogjarbak...
Searching for jrt-fs.ogjarbak...
Found /Applications/DNASTAR/Lasergene 17/jre/Contents/Home/lib/jrt-fs.ogjarbak (already .ogjarbak)
Found /Applications/DNASTAR/Lasergene 17/jre_11/Contents/Home/lib/jrt-fs.ogjarbak (already .ogjarbak)
Java is required. Install Zulu JDK
ARM architecture. Downloading arm64 binaries...
Filename: zulu23.30.13-ca-jdk23.0.1-macosx_aarch64.dmg
Thu Oct 31 16:59:02 +04 2024: zulu23.30.13-ca-jdk23.0.1-macosx_aarch64.dmg already downloaded.
Thu Oct 31 16:59:02 +04 2024: Updating Java...
Mounting /Users/Shared/zulu23.30.13-ca-jdk23.0.1-macosx_aarch64.dmg
Thu Oct 31 16:59:03 +04 2024: Clean up JRE traces...
Installing  ****************
installer: Error - the package path specified was invalid: ''.
*************Check complete for Java*************
*************Checking Safari*************
macOS version is above 13.0. Skipping installation.
*************Check complete for Safari for macOS 11-13 only *************
*************Checking Rogue Apps*************
Searching for Google Chrome.app...
Searching for Safari.app...
Searching for Firefox.app...
No instances of Firefox.app found outside /Applications.
Searching for Thunderbird.app...
No instances of Thunderbird.app found outside /Applications.
Searching for Foxit Reader.app...
No instances of Foxit Reader.app found outside /Applications.
*************Task completed in 0 seconds to Remove rogue apps*************
*************Checking Adobe Apps*************
Remote Update Manager is already installed.
Adobe Apps Update in progress...
RemoteUpdateManager version is : 3.1.0.3
Starting the RemoteUpdateManager...

**************************************************
Following Acrobat/Reader updates are applicable on the system : 
		(AdobeAcrobatDC-24.0/24.004.20219)
**************************************************
**************************************************
*** Installing (AdobeAcrobatDC-24.0/24.004.20219) ...
*** Successfully installed (AdobeAcrobatDC-24.0/24.004.20219) ...
**************************************************
Following Updates are applicable on the system :
		(COSY/7.2.0.58/macarm64)
		(PPRO/24.6.3.004/macuniversal)
		(CCXP/5.8.0.16/macarm64)
		(AME/24.6.3.004/macuniversal)
		(LIBS/4.6.4.2/macarm64)
		(ILST/28.7.2.154/macuniversal)
**************************************************
Following Updates are to be downloaded :
		(COSY/7.2.0.58/macarm64)
		(PPRO/24.6.3.004/macuniversal)
		(CCXP/5.8.0.16/macarm64)
		(AME/24.6.3.004/macuniversal)
		(LIBS/4.6.4.2/macarm64)
		(ILST/28.7.2.154/macuniversal)
**************************************************
*** Downloading (COSY/7.2.0.58/macarm64) ...
*** Failed to download (COSY/7.2.0.58/macarm64) ...
*** Downloading (PPRO/24.6.3.004/macuniversal) ...
*** Failed to download (PPRO/24.6.3.004/macuniversal) ...
*** Downloading (CCXP/5.8.0.16/macarm64) ...
*** Failed to download (CCXP/5.8.0.16/macarm64) ...
*** Downloading (AME/24.6.3.004/macuniversal) ...
*** Failed to download (AME/24.6.3.004/macuniversal) ...
*** Downloading (LIBS/4.6.4.2/macarm64) ...
*** Failed to download (LIBS/4.6.4.2/macarm64) ...
*** Downloading (ILST/28.7.2.154/macuniversal) ...
*** Failed to download (ILST/28.7.2.154/macuniversal) ...
Some Updates failed to download ...
**************************************************
No new Updates to be installed ...
**************************************************
Following Updates failed to Download :
		(AME/24.0/24.6.3/macuniversal)
		(CCXP/2.2.1/5.8.0/macarm64)
		(COSY/2.4.1/7.2.0/macarm64)
		(ILST/28.0/28.7.2/macuniversal)
		(LIBS/2.14.7/4.6.4/macarm64)
		(PPRO/24.0/24.6.3/macuniversal)
**************************************************
Following Updates were successfully installed :
		(AdobeAcrobatDC-24.0/24.004.20219)
**************************************************
*************Adobe apps check completed*************
*************Checking MacOS SU*************
Performing Software Update Check for macOS
App Sanity Check Completed
button returned:OK
****** macOS SU check completed ******
VLC version: 3.0.21
Arch is: arm64
Installing Zoom for ARM
Latest VLC Installed
****** VLC check completed ******
*************End of Script*************
*************End time: Thu Oct 31 17:07:02 +04 2024*************
*************Elapsed time: 709 seconds*************
App Sanity Check Completed
