******000000******Start of Script******000000******
*************Start time: Mon Nov  4 18:18:11 +04 2024*************
*************Checking Chrome*************
GC Installed Ver: 130.0.6723.92
****** Chrome DMG is outdated or metadata mismatch. Downloading again. ******
GC Stable Ver: 130.0.6723.92
GC Installed Ver: 130.0.6723.92
****** Chrome version checked OK (130.0.6723.92) ******
****** Firefox is not installed ******
****** Thunderbird is not installed ******
*************Checking Acrobat Reader*************
****** Adobe Acrobat Reader is installed. Proceeding ******
AR Stable Ver: 24.004.20219
AR Installed Ver: 24.003.20180
****** Adobe Reader is outdated. Updating ******
ARCurrVersNormalized: 2400420219
Latest version of the URL is: https://ardownload2.adobe.com/pub/adobe/reader/mac/AcrobatDC/2400420219/AcroRdrDC_2400420219_MUI.dmg
Mon Nov  4 18:35:53 +04 2024: Downloading newer version.
Mon Nov  4 19:05:22 +04 2024: Mounting installer disk image.
Mon Nov  4 19:05:22 +04 2024: Installing...
Process containing 'Acrobat' in its name has been killed.
Mon Nov  4 19:05:34 +04 2024: Unmounting installer disk image.
All volumes unmounted.
Mon Nov  4 19:22:33 +04 2024: Deleting disk image.
Mon Nov  4 19:22:33 +04 2024: ERROR: Adobe Reader update unsuccessful, version remains at 24.003.20180.
--
****** Adobe Acrobat Reader check completed ******
*************Checking log4j*************
JAR file already exists. Skipping download.
Using existing JAR file: /Users/Shared/log4jscan-latest.jar
Log file is either more than 7 days old or does not exist. Running scan...
****** Scan completed. Log file: /Users/Shared/log4j.log ******
*************Checking Acrobat Full Version*************
****** Adobe Acrobat Full is installed. Proceeding ******
AB Stable Ver: 24.004.20219
AB Installed Ver: 24.003.20180
****** Adobe Full is outdated. Updating ******
ABCurrVersNormalized: 2400420219
Latest version of the URL is: https://ardownload2.adobe.com/pub/adobe/acrobat/mac/AcrobatDC/2400420219/AcrobatDCUpd2400420219.dmg
****** Acrobat DMG is outdated or metadata mismatch. Downloading again. ******
Mon Nov  4 19:23:47 +04 2024: Mounting installer disk image.
Mon Nov  4 19:23:47 +04 2024: Installing...
Process containing 'Acrobat' in its name has been killed.
installer: Error - the package path specified was invalid: '/Volumes/AcrobatDCUpd2400420219/AcrobatDCUpd2400420219.pkg'.
Mon Nov  4 19:23:58 +04 2024: Unmounting installer disk image.
All volumes unmounted.
Mon Nov  4 19:24:58 +04 2024: Deleting disk image.
Mon Nov  4 19:24:58 +04 2024: ERROR: Adobe Full update unsuccessful, version remains at 24.003.20180.
--
****** Adobe Acrobat Full check completed ******
*************Checking Microsoft Office*************
Microsoft AutoUpdate is installed.
Opening Microsoft AutoUpdate app...
Continuing script execution...
Installing updates...
*************Check complete for Microsoft Office*************
*************Checking Silverlight*************

*************Check complete for Silverlight*************
*************Checking Java*************
No folder with 'jdk' found.
Removing JRE
Mon Nov  4 19:24:58 +04 2024: Clean up JRE traces...
Searching for rt.jar...
Searching for jrt-fs.jar...
Searching for catalina.jar...
Searching for struts-core-1.3.8.jar...
Searching for rt.ogjarbak...
Searching for jrt-fs.ogjarbak...
*************Check complete for Java*************
*************Checking Safari*************
macOS version is above 13.0. Skipping installation.
*************Check complete for Safari for macOS 11-13 only *************
*************Checking Rogue Apps*************
Searching for Google Chrome.app...
Searching for Safari.app...
Searching for Firefox.app...
No instances of Firefox.app found outside /Applications.
Searching for Thunderbird.app...
No instances of Thunderbird.app found outside /Applications.
Searching for Foxit Reader.app...
No instances of Foxit Reader.app found outside /Applications.
*************Task completed in 0 seconds to Remove rogue apps*************
*************Checking Adobe Apps*************
Remote Update Manager is already installed.
Adobe Apps Update in progress...
RemoteUpdateManager version is : 3.1.0.3
Starting the RemoteUpdateManager...

**************************************************
Following Acrobat/Reader updates are applicable on the system : 
		(AdobeAcrobatDC-24.0/24.004.20219)
**************************************************
**************************************************
*** Installing (AdobeAcrobatDC-24.0/24.004.20219) ...
*** Failed to install (AdobeAcrobatDC-24.0/24.004.20219) ...
**************************************************
Following Updates failed to Install :
		(AdobeAcrobatDC-24.0/24.004.20219)
**************************************************
*************Adobe apps check completed*************
*************Checking MacOS SU*************
Performing Software Update Check for macOS
*************No update found*************
****** macOS SU check completed ******
VLC version: 
Arch is: arm64
Installing Zoom for ARM
Latest VLC Installed
****** VLC check completed ******
Path not found, skipping: /Applications/Adobe Acrobat 2015
Path not found, skipping: /Applications/Adobe Digital Editions 4.5.app
Path not found, skipping: /Applications/Adobe Illustrator CC 2015
Path not found, skipping: /Applications/Adobe Illustrator CC 2016
Path not found, skipping: /Applications/Adobe Illustrator CC 2017
Path not found, skipping: /Applications/Adobe Illustrator CC 2018
Path not found, skipping: /Applications/Adobe Illustrator CC 2019
Path not found, skipping: /Applications/Adobe Illustrator 2020
Path not found, skipping: /Applications/Adobe Illustrator 2021
Path not found, skipping: /Applications/Adobe Illustrator 2022
Path not found, skipping: /Applications/Adobe Photoshop CC 2015
Path not found, skipping: /Applications/Adobe Photoshop CC 2016
Path not found, skipping: /Applications/Adobe Photoshop CC 2017
Path not found, skipping: /Applications/Adobe Photoshop CC 2018
Path not found, skipping: /Applications/Adobe Photoshop 2020
Path not found, skipping: /Applications/Adobe Photoshop 2021
Path not found, skipping: /Applications/Adobe Photoshop 2022
Deleting: /private/var/root/.Trash/Adobe Acrobat Reader.app
Path not found, skipping: /private/var/root/.Trash/Adobe Reader19-49-38.app
Path not found, skipping: /Users/mm9511/Library/CloudStorage/GoogleDrive-mm9511@nyu.edu/My Drive/Adobe Acrobat Reader.app
Path not found, skipping: /Applications/Adobe Acrobat XI Pro
Path not found, skipping: /Users/ag9141/Documents/mpi/Applications/Adobe Acrobat Reader DC.app
Path not found, skipping: /Applications/Adobe Animate CC 2017
Path not found, skipping: /Applications/Adobe Animate 2022
Searching for .app files with 'adobe' in Trash directories...
Status: DISABLED for user itops
*************End of Script*************
*************End time: Mon Nov  4 19:51:52 +04 2024*************
*************Elapsed time: 5621 seconds*************
App Sanity Check Completed
******000000******Start of Script******000000******
*************Start time: Thu Nov 14 17:46:54 +04 2024*************
*************Checking Chrome*************
GC Installed Ver: 130.0.6723.117
****** Chrome DMG is outdated or metadata mismatch. Downloading again. ******
GC Stable Ver: 
GC Installed Ver: 130.0.6723.117
****** Chrome version differs - installed: 130.0.6723.117, available:  ******
****** Application is currently running on target Mac. Proceeding Upgrade. ******
****** Latest version of Chrome is now installed on target Mac. ******
****** Firefox is not installed ******
****** Thunderbird is not installed ******
*************Checking Acrobat Reader*************
****** Adobe Acrobat Reader is not installed. Exiting ******
****** Adobe Acrobat Reader check completed ******
*************Checking log4j*************
JAR file already exists. Skipping download.
Using existing JAR file: /Users/Shared/log4jscan-latest.jar
Log file is either more than 7 days old or does not exist. Running scan...
****** Scan completed. Log file: /Users/Shared/log4j.log ******
*************Checking Acrobat Full Version*************
****** Adobe Acrobat Full is installed. Proceeding ******
AB Stable Ver: 24.004.20243
AB Installed Ver: 24.004.20243
****** Adobe Full is up to date. Exiting ******
****** Adobe Acrobat Full check completed ******
*************Checking Microsoft Office*************
Microsoft AutoUpdate is installed.
Opening Microsoft AutoUpdate app...
Continuing script execution...
Installing updates...
Update available: Latest version is , installed version is 16.91.
*************Check complete for Microsoft Office*************
*************Checking Silverlight*************

*************Check complete for Silverlight*************
*************Checking Java*************
No folder with 'jdk' found.
Removing JRE
Thu Nov 14 18:31:40 +04 2024: Clean up JRE traces...
Searching for rt.jar...
Searching for jrt-fs.jar...
Searching for catalina.jar...
Searching for struts-core-1.3.8.jar...
Searching for rt.ogjarbak...
Searching for jrt-fs.ogjarbak...
*************Check complete for Java*************
*************Checking Safari*************
macOS version is above 13.0. Skipping installation.
*************Check complete for Safari for macOS 11-13 only *************
*************Checking Rogue Apps*************
Searching for Google Chrome.app...
Searching for Safari.app...
Searching for Firefox.app...
No instances of Firefox.app found outside /Applications.
Searching for Thunderbird.app...
No instances of Thunderbird.app found outside /Applications.
Searching for Foxit Reader.app...
No instances of Foxit Reader.app found outside /Applications.
*************Task completed in 0 seconds to Remove rogue apps*************
*************Checking Adobe Apps*************
Remote Update Manager is already installed.
Adobe Apps Update in progress...
RemoteUpdateManager version is : 3.1.0.3
Starting the RemoteUpdateManager...

**************************************************
No new updates are available for Acrobat/Reader
**************************************************
Following Updates are applicable on the system :
		(ACR/17.0.1.7/macuniversal)
		(ILST/28.7.2.154/macuniversal)
**************************************************
Following Updates are to be downloaded :
		(ACR/17.0.1.7/macuniversal)
		(ILST/28.7.2.154/macuniversal)
**************************************************
*** Downloading (ACR/17.0.1.7/macuniversal) ...
*** Failed to download (ACR/17.0.1.7/macuniversal) ...
*** Downloading (ILST/28.7.2.154/macuniversal) ...
*** Failed to download (ILST/28.7.2.154/macuniversal) ...
Some Updates failed to download ...
**************************************************
No new Updates to be installed ...
**************************************************
Following Updates failed to Download :
		(ACR/9.6/17.0.1/macuniversal)
		(ILST/28.0/28.7.2/macuniversal)
**************************************************
*************Adobe apps check completed*************
*************Checking MacOS SU*************
Performing Software Update Check for macOS
App Sanity Check Completed
button returned:OK
****** macOS SU check completed ******
*************Checking VLC*************
VLC version: 
Arch is: arm64
Installing VLC for ARM
Latest VLC Installed
****** VLC check completed ******
*************Manual files removal*************
Path not found, skipping: /Applications/Adobe Acrobat 2015
Path not found, skipping: /Applications/Adobe Digital Editions 4.5.app
Path not found, skipping: /Applications/Adobe Illustrator CC 2015
Path not found, skipping: /Applications/Adobe Illustrator CC 2016
Path not found, skipping: /Applications/Adobe Illustrator CC 2017
Path not found, skipping: /Applications/Adobe Illustrator CC 2018
Path not found, skipping: /Applications/Adobe Illustrator CC 2019
Path not found, skipping: /Applications/Adobe Illustrator 2020
Path not found, skipping: /Applications/Adobe Illustrator 2021
Path not found, skipping: /Applications/Adobe Illustrator 2022
Path not found, skipping: /Applications/Adobe Illustrator 2023
Path not found, skipping: /Applications/Adobe Photoshop CC 2015
Path not found, skipping: /Applications/Adobe Photoshop CC 2016
Path not found, skipping: /Applications/Adobe Photoshop CC 2017
Path not found, skipping: /Applications/Adobe Photoshop CC 2018
Path not found, skipping: /Applications/Adobe Photoshop 2020
Path not found, skipping: /Applications/Adobe Photoshop 2021
Path not found, skipping: /Applications/Adobe Photoshop 2022
Deleting: /Applications/Adobe Photoshop 2023
Path not found, skipping: /private/var/root/.Trash/Adobe Acrobat Reader.app
Path not found, skipping: /private/var/root/.Trash/Adobe Reader19-49-38.app
Path not found, skipping: /Users/mm9511/Library/CloudStorage/GoogleDrive-mm9511@nyu.edu/My Drive/Adobe Acrobat Reader.app
Path not found, skipping: /Applications/Adobe Acrobat XI Pro
Path not found, skipping: /Users/ag9141/Documents/mpi/Applications/Adobe Acrobat Reader DC.app
Path not found, skipping: /Applications/Adobe Animate CC 2017
Path not found, skipping: /Applications/Adobe Animate 2022
Path not found, skipping: /Applications/Adobe Illustrator CC 2015.3
Path not found, skipping: /Applications/Adobe Photoshop CC 2015.5
Path not found, skipping: /Users/mohamadabbas/Desktop/Desktop/Shows/Programs/Mac 2/del/VLC.app
Path not found, skipping: /Users/wm955/bin/JDownloader 2.0.220930
Path not found, skipping: /Users/ag9141/Documents/MPI/Applications/Microsoft Word.app
Path not found, skipping: /Applications/Microsoft Word.app.installBackup
Path not found, skipping: /Users/ag9141/Documents/MPI/Applications/Microsoft OneNote.app
Path not found, skipping: /Users/sb7444/Desktop/Cisco AnyConnect Secure Mobility Client.app
Path not found, skipping: /Users/sm5436/Desktop/DO NOT DELETE MANUALS/Applications/Microsoft Word.app
Path not found, skipping: /Users/sm5436/Desktop/DO NOT DELETE MANUALS/Applications/Cisco/Cisco AnyConnect Secure Mobility Client.app
Path not found, skipping: /Users/sm5436/Desktop/DO NOT DELETE MANUALS/Applications/Adobe Acrobat DC/Adobe Acrobat.app
Path not found, skipping: /opt/homebrew/Cellar/openjdk@11
Path not found, skipping: /Users/hha026/Downloads/Fiji.app
Path not found, skipping: /Users/ag6042/Documents/documents26042024/Fiji.app
Path not found, skipping: /Users/hha026/Downloads/Fiji.app
Path not found, skipping: /System/Volumes/Data/Users/baglio/Library/Application Support/minecraft
Path not found, skipping: /System/Volumes/Data/Users/akj4/Dropbox/My Mac (MacBook-Pro.local)/Downloads/merlin-3
Path not found, skipping: /System/Volumes/Data/Users/nd48/Library/Application Support/minecraft
Path not found, skipping: /Applications/Cisco/Cisco AnyConnect Secure Mobility Client.app
Deleting: /opt/cisco/anyconnect
Path not found, skipping: /Applications/Cisco/Cisco AnyConnect Secure Mobility Client1.app
Path not found, skipping: /Users/sm5436/Desktop/DO NOT DELETE MANUALS/Applications/Cisco/Cisco AnyConnect Secure Mobility Client.app
Searching for .app files with 'adobe' in Trash directories...
*************Cleanup completedd*************
*************Get more info*************
########TOKEN
Status: DISABLED for user itops
########MDMLINK
WS1 Enrolled
########BIGFIX
########XDR
*************TEMP Task*************
*************SSaver update Nov 2024*************
Deleted: /Users/Shared/NYUAD/01.jpg
Deleted: /Users/Shared/NYUAD/02.jpg
Deleted: /Users/Shared/NYUAD/03.jpg
Deleted: /Users/Shared/NYUAD/04.jpg
Deleted: /Users/Shared/NYUAD/05.jpg
Deleted: /Users/Shared/NYUAD/06.jpg
Deleted: /Users/Shared/NYUAD/07.jpg
File not found: /Users/Shared/NYUAD/08.jpg
Deleted: /Users/Shared/NYUAD/09.jpg
*************End of Script*************
*************End time: Fri Nov 15 11:20:52 +04 2024*************
*************Elapsed time: 63238 seconds*************
App Sanity Check Completed
******000000******Start of Script******000000******
*************Start time: Fri Nov 22 16:35:00 +04 2024*************
*************Checking Chrome*************
GC Installed Ver: 131.0.6778.86
****** Chrome DMG is outdated or metadata mismatch. Downloading again. ******
GC Stable Ver: 131.0.6778.86
GC Installed Ver: 131.0.6778.86
****** Chrome version checked OK (131.0.6778.86) ******
****** Firefox is not installed ******
****** Thunderbird is not installed ******
*************Checking Acrobat Reader*************
****** Adobe Acrobat Reader is not installed. Exiting ******
****** Adobe Acrobat Reader check completed ******
*************Checking log4j*************
JAR file already exists. Skipping download.
Using existing JAR file: /Users/Shared/log4jscan-latest.jar
Log file is not more than 7 days old. Skipping scan.
*************Checking Acrobat Full Version*************
****** Adobe Acrobat Full is installed. Proceeding ******
AB Stable Ver: 24.004.20272
AB Installed Ver: 24.004.20272
****** Adobe Full is up to date. Exiting ******
AB Stable Ver: 24.004.20272
AB Installed Ver: 24.004.20272
****** Adobe Full is up to date. Exiting ******
****** Adobe Acrobat Full check completed ******
*************Checking Microsoft Office*************
Microsoft AutoUpdate is installed.
Opening Microsoft AutoUpdate app...
Continuing script execution...
Installing updates...
Update available: Latest version is , installed version is 16.91.
*************Check complete for Microsoft Office*************
*************Checking Silverlight*************

*************Check complete for Silverlight*************
*************Checking Java*************
No folder with 'jdk' found.
Removing JRE
Fri Nov 22 16:35:26 +04 2024: Clean up JRE traces...
Searching for rt.jar...
Searching for jrt-fs.jar...
Searching for catalina.jar...
Searching for struts-core-1.3.8.jar...
Searching for rt.ogjarbak...
Searching for jrt-fs.ogjarbak...
*************Check complete for Java*************
*************Checking Safari*************
macOS version is above 13.0. Skipping installation.
*************Check complete for Safari for macOS 11-13 only *************
*************Checking Rogue Apps*************
Searching for Google Chrome.app...
Searching for Safari.app...
Searching for Firefox.app...
No instances of Firefox.app found outside /Applications.
Searching for Thunderbird.app...
No instances of Thunderbird.app found outside /Applications.
Searching for Foxit Reader.app...
No instances of Foxit Reader.app found outside /Applications.
*************Task completed in 0 seconds to Remove rogue apps*************
*************Checking Adobe Apps*************
Remote Update Manager is already installed.
Adobe Apps Update in progress...
RemoteUpdateManager version is : 3.1.0.3
Starting the RemoteUpdateManager...

**************************************************
No new updates are available for Acrobat/Reader
**************************************************
Following Updates are applicable on the system :
		(IDSN/19.5.1.114/macuniversal)
		(ILST/28.7.2.154/macuniversal)
**************************************************
Following Updates are to be downloaded :
		(IDSN/19.5.1.114/macuniversal)
		(ILST/28.7.2.154/macuniversal)
**************************************************
*** Downloading (IDSN/19.5.1.114/macuniversal) ...
*** Successfully downloaded (IDSN/19.5.1.114/macuniversal) ...
*** Downloading (ILST/28.7.2.154/macuniversal) ...
*** Successfully downloaded (ILST/28.7.2.154/macuniversal) ...
All Updates downloaded successfully ...
**************************************************
*** Installing (IDSN/19.5.1.114/macuniversal) ...
Progress: 0%Progress: 0%*** Failed to install (IDSN/19.5.1.114/macuniversal) ...
*** Installing (ILST/28.7.2.154/macuniversal) ...
Exit Code: 131          
Progress: 0%Progress: 0%*** Failed to install (ILST/28.7.2.154/macuniversal) ...
Some Updates failed to install ...
**************************************************
Following Updates failed to Install :
		(IDSN/19.0/19.5.1/macuniversal)
		(ILST/28.0/28.7.2/macuniversal)
**************************************************
Exit Code: 131          
*************Adobe apps check completed*************
*************Checking MacOS SU*************
Performing Software Update Check for macOS
*************Notify for updated*************
****** macOS SU check completed ******
*************Checking VLC*************
VLC version: 3.0.21
Arch is: arm64
Installing VLC for ARM
Checksumming Protective Master Boot Record (MBR : 0)…
Protective Master Boot Record (MBR :: verified   CRC32 $C203F25B
Checksumming GPT Header (Primary GPT Header : 1)…
 GPT Header (Primary GPT Header : 1): verified   CRC32 $A4737F4D
Checksumming GPT Partition Data (Primary GPT Table : 2)…
GPT Partition Data (Primary GPT Tabl: verified   CRC32 $588135DA
Checksumming  (Apple_Free : 3)…
                    (Apple_Free : 3): verified   CRC32 $00000000
Checksumming disk image (Apple_HFS : 4)…
          disk image (Apple_HFS : 4): verified   CRC32 $07679627
Checksumming  (Apple_Free : 5)…
                    (Apple_Free : 5): verified   CRC32 $00000000
Checksumming GPT Partition Data (Backup GPT Table : 6)…
GPT Partition Data (Backup GPT Table: verified   CRC32 $588135DA
Checksumming GPT Header (Backup GPT Header : 7)…
  GPT Header (Backup GPT Header : 7): verified   CRC32 $FE7067D3
verified   CRC32 $D842EE35
/dev/disk4          	GUID_partition_scheme          	
/dev/disk4s1        	Apple_HFS                      	/Volumes/vlc
"/Volumes/vlc" unmounted successfully.
Latest VLC Installed
****** VLC check completed ******
*************Manual files removal*************
Path not found, skipping: /Applications/Adobe Acrobat 2015
Path not found, skipping: /Applications/Adobe Digital Editions 4.5.app
Path not found, skipping: /Applications/Adobe Illustrator CC 2015
Path not found, skipping: /Applications/Adobe Illustrator CC 2016
Path not found, skipping: /Applications/Adobe Illustrator CC 2017
Path not found, skipping: /Applications/Adobe Illustrator CC 2018
Path not found, skipping: /Applications/Adobe Illustrator CC 2019
Path not found, skipping: /Applications/Adobe Illustrator 2020
Path not found, skipping: /Applications/Adobe Illustrator 2021
Path not found, skipping: /Applications/Adobe Illustrator 2022
Path not found, skipping: /Applications/Adobe Illustrator 2023
Path not found, skipping: /Applications/Adobe Photoshop CC 2015
Path not found, skipping: /Applications/Adobe Photoshop CC 2016
Path not found, skipping: /Applications/Adobe Photoshop CC 2017
Path not found, skipping: /Applications/Adobe Photoshop CC 2018
Path not found, skipping: /Applications/Adobe Photoshop 2020
Path not found, skipping: /Applications/Adobe Photoshop 2021
Path not found, skipping: /Applications/Adobe Photoshop 2022
Path not found, skipping: /Applications/Adobe Photoshop 2023
Path not found, skipping: /private/var/root/.Trash/Adobe Acrobat Reader.app
Path not found, skipping: /private/var/root/.Trash/Adobe Reader19-49-38.app
Path not found, skipping: /Users/mm9511/Library/CloudStorage/GoogleDrive-mm9511@nyu.edu/My Drive/Adobe Acrobat Reader.app
Path not found, skipping: /Applications/Adobe Acrobat XI Pro
Path not found, skipping: /Users/ag9141/Documents/mpi/Applications/Adobe Acrobat Reader DC.app
Path not found, skipping: /Applications/Adobe Animate CC 2017
Path not found, skipping: /Applications/Adobe Animate 2022
Path not found, skipping: /Applications/Adobe Illustrator CC 2015.3
Path not found, skipping: /Applications/Adobe Photoshop CC 2015.5
Path not found, skipping: /Users/mohamadabbas/Desktop/Desktop/Shows/Programs/Mac 2/del/VLC.app
Path not found, skipping: /Users/wm955/bin/JDownloader 2.0.220930
Path not found, skipping: /Users/ag9141/Documents/MPI/Applications/Microsoft Word.app
Path not found, skipping: /Applications/Microsoft Word.app.installBackup
Path not found, skipping: /Users/ag9141/Documents/MPI/Applications/Microsoft OneNote.app
Path not found, skipping: /Users/sb7444/Desktop/Cisco AnyConnect Secure Mobility Client.app
Path not found, skipping: /Users/sm5436/Desktop/DO NOT DELETE MANUALS/Applications/Microsoft Word.app
Path not found, skipping: /Users/sm5436/Desktop/DO NOT DELETE MANUALS/Applications/Cisco/Cisco AnyConnect Secure Mobility Client.app
Path not found, skipping: /Users/sm5436/Desktop/DO NOT DELETE MANUALS/Applications/Adobe Acrobat DC/Adobe Acrobat.app
Path not found, skipping: /opt/homebrew/Cellar/openjdk@11
Path not found, skipping: /Users/hha026/Downloads/Fiji.app
Path not found, skipping: /Users/ag6042/Documents/documents26042024/Fiji.app
Path not found, skipping: /Users/hha026/Downloads/Fiji.app
Path not found, skipping: /System/Volumes/Data/Users/baglio/Library/Application Support/minecraft
Path not found, skipping: /System/Volumes/Data/Users/akj4/Dropbox/My Mac (MacBook-Pro.local)/Downloads/merlin-3
Path not found, skipping: /System/Volumes/Data/Users/nd48/Library/Application Support/minecraft
Path not found, skipping: /Applications/Cisco/Cisco AnyConnect Secure Mobility Client.app
Path not found, skipping: /opt/cisco/anyconnect
Path not found, skipping: /Applications/Cisco/Cisco AnyConnect Secure Mobility Client1.app
Path not found, skipping: /Users/sm5436/Desktop/DO NOT DELETE MANUALS/Applications/Cisco/Cisco AnyConnect Secure Mobility Client.app
Searching for .app files with 'adobe' in Trash directories...
*************Cleanup completedd*************
*************Get more info*************
########TOKEN
Status: DISABLED for user itops
########MDMLINK
WS1 Enrolled
########BIGFIX
########XDR
*************TEMP Task*************
*************SSaver update Nov 2024*************
File not found: /Users/Shared/NYUAD/01.jpg
File not found: /Users/Shared/NYUAD/02.jpg
File not found: /Users/Shared/NYUAD/03.jpg
File not found: /Users/Shared/NYUAD/04.jpg
File not found: /Users/Shared/NYUAD/05.jpg
File not found: /Users/Shared/NYUAD/06.jpg
File not found: /Users/Shared/NYUAD/07.jpg
File not found: /Users/Shared/NYUAD/08.jpg
File not found: /Users/Shared/NYUAD/09.jpg
*************End of Script*************
*************End time: Fri Nov 22 16:51:59 +04 2024*************
*************Elapsed time: 1019 seconds*************
App Sanity Check Completed
******000000******Start of Script******000000******
*************Start time: Thu Dec 12 17:01:49 +04 2024*************
*************Checking Chrome*************
GC Installed Ver: 131.0.6778.110
****** Chrome DMG is outdated or metadata mismatch. Downloading again. ******
GC Stable Ver: 131.0.6778.140
GC Installed Ver: 131.0.6778.110
****** Chrome version differs - installed: 131.0.6778.110, available: 131.0.6778.140 ******
****** Application is currently running on target Mac. Proceeding Upgrade. ******
****** Latest version of Chrome is now installed on target Mac. ******
****** Firefox is not installed ******
****** Thunderbird is not installed ******
*************Checking Adobe Air*************
Uninstaller not present
Forgetting package
****** Adobe Air check completed ******
*************Checking Acrobat Reader*************
****** Adobe Acrobat Reader is not installed. Exiting ******
****** Adobe Acrobat Reader check completed ******
*************Checking log4j*************
JAR file already exists. Skipping download.
Using existing JAR file: /Users/Shared/log4jscan-latest.jar
Log file is either more than 7 days old or does not exist. Running scan...
****** Scan completed. Log file: /Users/Shared/log4j.log ******
*************Checking Acrobat Full Version*************
****** Adobe Acrobat Full is installed. Proceeding ******
AB Stable Ver: 24.005.20320
AB Installed Ver: 24.004.20272
****** Adobe Full is outdated. Updating ******
ABCurrVersNormalized: 2400520320
Latest version of the URL is: https://ardownload2.adobe.com/pub/adobe/acrobat/mac/AcrobatDC/2400520320/AcrobatDCUpd2400520320.dmg
****** Acrobat DMG is outdated or metadata mismatch. Downloading again. ******
Thu Dec 12 17:20:54 +04 2024: Mounting installer disk image.
Thu Dec 12 17:20:55 +04 2024: Installing...
Process containing 'Acrobat' in its name has been killed.
installer: Error - the package path specified was invalid: '/Volumes/AcrobatDCUpd2400520320/AcrobatDCUpd2400520320.pkg'.
Thu Dec 12 17:21:05 +04 2024: Unmounting installer disk image.
All volumes unmounted.
Thu Dec 12 17:21:15 +04 2024: Deleting disk image.
Thu Dec 12 17:21:15 +04 2024: ERROR: Adobe Full update unsuccessful, version remains at 24.004.20272.
****** Acrobat DC is outdated or metadata mismatch. Downloading again. ******
installer: Error - the package path specified was invalid: '/Volumes/Acrobat/Acrobat/Acrobat DC Installer.pkg'.
****** Acrobat DC full install performed as updater failed. ******
AB Stable Ver: 24.005.20320
AB Installed Ver: 0.0
****** Adobe Full is outdated. Updating ******
ABCurrVersNormalized: 2400520320
Latest version of the URL is: https://ardownload2.adobe.com/pub/adobe/acrobat/mac/AcrobatDC/2400520320/AcrobatDCUpd2400520320.dmg
****** Acrobat DMG is outdated or metadata mismatch. Downloading again. ******
Thu Dec 12 17:37:50 +04 2024: Mounting installer disk image.
Thu Dec 12 17:37:50 +04 2024: Installing...
Process containing 'Acrobat' in its name has been killed.
installer: Error - the package path specified was invalid: '/Volumes/AcrobatDCUpd2400520320/AcrobatDCUpd2400520320.pkg'.
Thu Dec 12 17:38:25 +04 2024: Unmounting installer disk image.
All volumes unmounted.
Thu Dec 12 17:39:00 +04 2024: Deleting disk image.
Thu Dec 12 17:39:01 +04 2024: ERROR: Adobe Full update unsuccessful, version remains at 0.0.
****** Acrobat DC is outdated or metadata mismatch. Downloading again. ******
installer: Error - the package path specified was invalid: '/Volumes/Acrobat/Acrobat/Acrobat DC Installer.pkg'.
****** Acrobat DC full install performed as updater failed. ******
****** Adobe Acrobat Full check completed ******
*************Checking Microsoft Office*************
Microsoft AutoUpdate is installed.
Opening Microsoft AutoUpdate app...
Continuing script execution...
Installing updates...
Update available: Latest version is , installed version is 16.92.
*************Check complete for Microsoft Office*************
*************Checking Silverlight*************

*************Check complete for Silverlight*************
*************Checking Java*************
No folder with 'jdk' found.
Removing JRE
Thu Dec 12 18:04:55 +04 2024: Clean up JRE traces...
Searching for rt.jar...
Searching for jrt-fs.jar...
Searching for catalina.jar...
Searching for struts-core-1.3.8.jar...
Searching for rt.ogjarbak...
Searching for jrt-fs.ogjarbak...
*************Check complete for Java*************
*************Checking Safari*************
macOS version is above 13.0. Skipping installation.
*************Check complete for Safari for macOS 11-13 only *************
*************Checking Rogue Apps*************
Searching for Google Chrome.app...
Searching for Safari.app...
Searching for Firefox.app...
No instances of Firefox.app found outside /Applications.
Searching for Thunderbird.app...
No instances of Thunderbird.app found outside /Applications.
Searching for Foxit Reader.app...
No instances of Foxit Reader.app found outside /Applications.
*************Task completed in 0 seconds to Remove rogue apps*************
*************Checking Adobe Apps*************
Remote Update Manager is already installed.
Adobe Apps Update in progress...
RemoteUpdateManager version is : 3.1.0.3
Starting the RemoteUpdateManager...

Following Updates are applicable on the system :
		(ILST/28.7.3.164/macuniversal)
		(IDSN/19.5.1.114/macuniversal)
		(ACR/17.1.0.55/macuniversal)
		(LRCC/8.1.202412050700/macuniversal)
		(LIBS/4.8.23.1/macarm64)
**************************************************
Following Updates are to be downloaded :
		(ILST/28.7.3.164/macuniversal)
		(IDSN/19.5.1.114/macuniversal)
		(ACR/17.1.0.55/macuniversal)
		(LRCC/8.1.202412050700/macuniversal)
		(LIBS/4.8.23.1/macarm64)
**************************************************
*** Downloading (ILST/28.7.3.164/macuniversal) ...
*** Failed to download (ILST/28.7.3.164/macuniversal) ...
*** Downloading (IDSN/19.5.1.114/macuniversal) ...
*** Failed to download (IDSN/19.5.1.114/macuniversal) ...
*** Downloading (ACR/17.1.0.55/macuniversal) ...
*** Failed to download (ACR/17.1.0.55/macuniversal) ...
*** Downloading (LRCC/8.1.202412050700/macuniversal) ...
*** Failed to download (LRCC/8.1.202412050700/macuniversal) ...
*** Downloading (LIBS/4.8.23.1/macarm64) ...
*** Failed to download (LIBS/4.8.23.1/macarm64) ...
Some Updates failed to download ...
**************************************************
No new Updates to be installed ...
**************************************************
Following Updates failed to Download :
		(ACR/9.6/17.1/macuniversal)
		(IDSN/19.0/19.5.1/macuniversal)
		(ILST/28.0/28.7.3/macuniversal)
		(LIBS/2.14.7/4.8.23/macarm64)
		(LRCC/1.0/8.1/macuniversal)
**************************************************
*************Adobe apps check completed*************
*************Checking MacOS SU*************
Performing Software Update Check for macOS
*************Notify for updated*************
****** macOS SU check completed ******
*************Checking VLC*************
VLC version: 3.0.21
Arch is: arm64
VLC up to date
****** VLC check completed ******
*************Manual files removal*************
Path not found, skipping: /Applications/Adobe Acrobat 2015
Path not found, skipping: /Applications/Adobe Digital Editions 4.5.app
Path not found, skipping: /Applications/Adobe Illustrator CC 2015
Path not found, skipping: /Applications/Adobe Illustrator CC 2016
Path not found, skipping: /Applications/Adobe Illustrator CC 2017
Path not found, skipping: /Applications/Adobe Illustrator CC 2018
Path not found, skipping: /Applications/Adobe Illustrator CC 2019
Path not found, skipping: /Applications/Adobe Illustrator 2020
Path not found, skipping: /Applications/Adobe Illustrator 2021
Path not found, skipping: /Applications/Adobe Illustrator 2022
Path not found, skipping: /Applications/Adobe Illustrator 2023
Path not found, skipping: /Applications/Adobe Photoshop CC 2015
Path not found, skipping: /Applications/Adobe Photoshop CC 2016
Path not found, skipping: /Applications/Adobe Photoshop CC 2017
Path not found, skipping: /Applications/Adobe Photoshop CC 2018
Path not found, skipping: /Applications/Adobe Photoshop 2020
Path not found, skipping: /Applications/Adobe Photoshop 2021
Path not found, skipping: /Applications/Adobe Photoshop 2022
Path not found, skipping: /Applications/Adobe Photoshop 2023
Path not found, skipping: /private/var/root/.Trash/Adobe Acrobat Reader.app
Path not found, skipping: /private/var/root/.Trash/Adobe Reader19-49-38.app
Path not found, skipping: /Users/mm9511/Library/CloudStorage/GoogleDrive-mm9511@nyu.edu/My Drive/Adobe Acrobat Reader.app
Path not found, skipping: /Applications/Adobe Acrobat XI Pro
Path not found, skipping: /Users/ag9141/Documents/mpi/Applications/Adobe Acrobat Reader DC.app
Path not found, skipping: /Applications/Adobe Animate CC 2017
Path not found, skipping: /Applications/Adobe Animate 2022
Path not found, skipping: /Applications/Adobe Illustrator CC 2015.3
Path not found, skipping: /Applications/Adobe Photoshop CC 2015.5
Path not found, skipping: /Users/mohamadabbas/Desktop/Desktop/Shows/Programs/Mac 2/del/VLC.app
Path not found, skipping: /Users/wm955/bin/JDownloader 2.0.220930
Path not found, skipping: /Users/ag9141/Documents/MPI/Applications/Microsoft Word.app
Path not found, skipping: /Applications/Microsoft Word.app.installBackup
Path not found, skipping: /Users/ag9141/Documents/MPI/Applications/Microsoft OneNote.app
Path not found, skipping: /Users/sb7444/Desktop/Cisco AnyConnect Secure Mobility Client.app
Path not found, skipping: /Users/sm5436/Desktop/DO NOT DELETE MANUALS/Applications/Microsoft Word.app
Path not found, skipping: /Users/sm5436/Desktop/DO NOT DELETE MANUALS/Applications/Cisco/Cisco AnyConnect Secure Mobility Client.app
Path not found, skipping: /Users/sm5436/Desktop/DO NOT DELETE MANUALS/Applications/Adobe Acrobat DC/Adobe Acrobat.app
Path not found, skipping: /opt/homebrew/Cellar/openjdk@11
Path not found, skipping: /Users/hha026/Downloads/Fiji.app
Path not found, skipping: /Users/ag6042/Documents/documents26042024/Fiji.app
Path not found, skipping: /Users/hha026/Downloads/Fiji.app
Path not found, skipping: /System/Volumes/Data/Users/baglio/Library/Application Support/minecraft
Path not found, skipping: /System/Volumes/Data/Users/akj4/Dropbox/My Mac (MacBook-Pro.local)/Downloads/merlin-3
Path not found, skipping: /System/Volumes/Data/Users/nd48/Library/Application Support/minecraft
Path not found, skipping: /Applications/Cisco/Cisco AnyConnect Secure Mobility Client.app
Path not found, skipping: /opt/cisco/anyconnect
Path not found, skipping: /Applications/Cisco/Cisco AnyConnect Secure Mobility Client1.app
Path not found, skipping: /Users/sm5436/Desktop/DO NOT DELETE MANUALS/Applications/Cisco/Cisco AnyConnect Secure Mobility Client.app
Searching for .app files with 'adobe' in Trash directories...
*************Cleanup completedd*************
*************Get more info*************
########TOKEN
Status: DISABLED for user itops
########MDMLINK
WS1 Enrolled
########BIGFIX
########XDR
*************TEMP Task*************
*************SSaver update Nov 2024*************
File not found: /Users/Shared/NYUAD/01.jpg
File not found: /Users/Shared/NYUAD/02.jpg
File not found: /Users/Shared/NYUAD/03.jpg
File not found: /Users/Shared/NYUAD/04.jpg
File not found: /Users/Shared/NYUAD/05.jpg
File not found: /Users/Shared/NYUAD/06.jpg
File not found: /Users/Shared/NYUAD/07.jpg
File not found: /Users/Shared/NYUAD/08.jpg
File not found: /Users/Shared/NYUAD/09.jpg
*************End of Script*************
*************End time: Thu Dec 12 20:06:46 +04 2024*************
*************Elapsed time: 11097 seconds*************
App Sanity Check Completed
