============Sync started successfully============
Wed Nov 13 23:39:17 +04 2024
Current OS: macOS Sequoia 15
Current OS URL: https://support.apple.com/en-ae/121238
Release Date: September 16, 2024
58 days since release date
Is the release date more than 100 days? NO
Installed Version: 15.1
CURRENT build for 15 is 15.1
Highest version available: 15.1
Compliant. No action required.
============Sync started successfully============
Sat Nov 23 02:00:44 +04 2024
Current OS: macOS Sequoia 15
Current OS URL: https://support.apple.com/en-ae/121238
Release Date: 
20049 days since release date
Is the release date more than 100 days? Yes
Installed Version: 15.1
CURRENT build for 15 is 15.1.1
Highest version available1: 15.1.1
