******000000******Start of Script******000000******
*************Start time: Thu Oct 31 16:55:54 +04 2024*************
*************Checking Chrome*************
GC Installed Ver: 130.0.6723.70
****** Chrome DMG is outdated or metadata mismatch. Downloading again. ******
GC Stable Ver: 130.0.6723.92
GC Installed Ver: 130.0.6723.70
****** Chrome version differs - installed: 130.0.6723.70, available: 130.0.6723.92 ******
****** Application is currently running on target Mac. Proceeding Upgrade. ******
****** Latest version of Chrome is now installed on target Mac. ******
****** Firefox is not installed ******
****** Thunderbird is not installed ******
*************Checking Acrobat Reader*************
****** Adobe Acrobat Reader is installed. Proceeding ******
AR Stable Ver: 24.004.20219
AR Installed Ver: 24.003.20121
****** Adobe Reader is outdated. Updating ******
ARCurrVersNormalized: 2400420219
Latest version of the URL is: https://ardownload2.adobe.com/pub/adobe/reader/mac/AcrobatDC/2400420219/AcroRdrDC_2400420219_MUI.dmg
Thu Oct 31 17:00:45 +04 2024: Downloading newer version.
Thu Oct 31 17:01:46 +04 2024: Mounting installer disk image.
Thu Oct 31 17:02:28 +04 2024: Installing...
Process containing 'Acrobat' in its name has been killed.
Thu Oct 31 17:04:05 +04 2024: Unmounting installer disk image.
All volumes unmounted.
Thu Oct 31 17:04:16 +04 2024: Deleting disk image.
Thu Oct 31 17:04:16 +04 2024: SUCCESS: Adobe Reader has been updated to version 24.004.20219
****** Adobe Acrobat Reader check completed ******
*************Checking log4j*************
JAR file already exists. Skipping download.
Using existing JAR file: /Users/Shared/log4jscan-latest.jar
Log file is either more than 7 days old or does not exist. Running scan...
****** Scan completed. Log file: /Users/Shared/log4j.log ******
*************Checking Acrobat Full Version*************
****** Adobe Acrobat Full is installed. Proceeding ******
AB Stable Ver: 24.004.20219
AB Installed Ver: 24.003.20121
****** Adobe Full is outdated. Updating ******
ABCurrVersNormalized: 2400420219
Latest version of the URL is: https://ardownload2.adobe.com/pub/adobe/acrobat/mac/AcrobatDC/2400420219/AcrobatDCUpd2400420219.dmg
Thu Oct 31 17:04:16 +04 2024: Downloading newer version.
Thu Oct 31 17:21:34 +04 2024: Mounting installer disk image.
Thu Oct 31 17:21:34 +04 2024: Installing...
Process containing 'Acrobat' in its name has been killed.
installer: Error - the package path specified was invalid: '/Volumes/AcrobatDCUpd2400420219/AcrobatDCUpd2400420219.pkg'.
Thu Oct 31 17:24:21 +04 2024: Unmounting installer disk image.
All volumes unmounted.
Thu Oct 31 17:24:31 +04 2024: Deleting disk image.
Thu Oct 31 17:24:31 +04 2024: ERROR: Adobe Full update unsuccessful, version remains at 24.003.20121.
--
****** Adobe Acrobat Full check completed ******
*************Checking Microsoft Office*************
Microsoft AutoUpdate is installed.
Opening Microsoft AutoUpdate app...
Continuing script execution...
Installing updates...
*************Check complete for Microsoft Office*************
*************Checking Silverlight*************

*************Check complete for Silverlight*************
*************Checking Java*************
No folder with 'jdk' found.
Removing JRE
Thu Oct 31 17:24:32 +04 2024: Clean up JRE traces...
Searching for rt.jar...
Searching for jrt-fs.jar...
Searching for catalina.jar...
Searching for struts-core-1.3.8.jar...
Searching for rt.ogjarbak...
Searching for jrt-fs.ogjarbak...
*************Check complete for Java*************
*************Checking Safari*************
macOS version is above 13.0. Skipping installation.
*************Check complete for Safari for macOS 11-13 only *************
*************Checking Rogue Apps*************
Searching for Google Chrome.app...
Searching for Safari.app...
Searching for Firefox.app...
No instances of Firefox.app found outside /Applications.
Searching for Thunderbird.app...
No instances of Thunderbird.app found outside /Applications.
Searching for Foxit Reader.app...
No instances of Foxit Reader.app found outside /Applications.
*************Task completed in 0 seconds to Remove rogue apps*************
*************Checking Adobe Apps*************
Remote Update Manager is already installed.
Adobe Apps Update in progress...
RemoteUpdateManager version is : 3.1.0.3
Starting the RemoteUpdateManager...

**************************************************
Following Acrobat/Reader updates are applicable on the system : 
		(AdobeAcrobatDC-24.0/24.004.20219)
**************************************************
**************************************************
*** Installing (AdobeAcrobatDC-24.0/24.004.20219) ...
*** Successfully installed (AdobeAcrobatDC-24.0/24.004.20219) ...
**************************************************
Following Updates are applicable on the system :
		(PHSP/25.12.0.806/macuniversal)
		(ILST/28.7.2.154/macuniversal)
		(ACR/17.0.0.1097/macuniversal)
**************************************************
Following Updates are to be downloaded :
		(PHSP/25.12.0.806/macuniversal)
		(ILST/28.7.2.154/macuniversal)
		(ACR/17.0.0.1097/macuniversal)
**************************************************
*** Downloading (PHSP/25.12.0.806/macuniversal) ...
*** Successfully downloaded (PHSP/25.12.0.806/macuniversal) ...
*** Downloading (ILST/28.7.2.154/macuniversal) ...
*** Successfully downloaded (ILST/28.7.2.154/macuniversal) ...
*** Downloading (ACR/17.0.0.1097/macuniversal) ...
*** Successfully downloaded (ACR/17.0.0.1097/macuniversal) ...
All Updates downloaded successfully ...
**************************************************
*** Installing (PHSP/25.12.0.806/macuniversal) ...
Progress: 0%Progress: 0%*** Failed to install (PHSP/25.12.0.806/macuniversal) ...
*** Installing (ILST/28.7.2.154/macuniversal) ...
Exit Code: 131          
Progress: 0%Progress: 0%Exit Code: 131          
*** Failed to install (ILST/28.7.2.154/macuniversal) ...
*** Installing (ACR/17.0.0.1097/macuniversal) ...
Progress: 0%Progress: 0%*** Failed to install (ACR/17.0.0.1097/macuniversal) ...
Some Updates failed to install ...
**************************************************
Following Updates failed to Install :
		(ACR/9.6/17.0/macuniversal)
		(ILST/28.0/28.7.2/macuniversal)
		(PHSP/25.0/25.12/macuniversal)
**************************************************
Following Updates were successfully installed :
		(AdobeAcrobatDC-24.0/24.004.20219)
**************************************************
Exit Code: 131          
*************Adobe apps check completed*************
*************Checking MacOS SU*************
Performing Software Update Check for macOS
App Sanity Check Completed
button returned:OK
****** macOS SU check completed ******
VLC version: 3.0.21
Arch is: arm64
VLC up to date
****** VLC check completed ******
*************End of Script*************
*************End time: Thu Oct 31 17:41:10 +04 2024*************
*************Elapsed time: 2716 seconds*************
App Sanity Check Completed
