
Transcript started, output file is C:\ProgramData\AirWatch\UnifiedAgent\Logs\ADWX_GSD_Patch_ADUAED15985LPWX_20241205_233329.log
*************GSD Initiated at 2024-12-05 23:33:30*************
*************Check and install Dependencies*************
NuGet provider is installed.
*************Checking PSU Module*************
PSWindowsUpdate module is installed.
*************Checking Package Manager*************


    Directory: C:\temp


Mode                 LastWriteTime         Length Name                                                                 
----                 -------------         ------ ----                                                                 
d-----         12/5/2024  11:33 PM                winget                                                               
Folder created at C:\temp\winget
winget is not installed.
Microsoft.VCLibs.x64.14.00.Desktop.appx is not installed. Installing...
Microsoft.VCLibs.x64.14.00.Desktop.appx has been installed.
Microsoft.UI.Xaml.2.8.x64.appx is not installed. Installing...
Microsoft.UI.Xaml.2.8.x64.appx has been installed.
Dependencies have been checked and installed successfully.
The current user is a system account - nt authority\system. Run 2nd try...
*************Running Windows OS Updates*************
Detected as **GSD** process is runinng - Logs below look for ***PSUsection***


    Directory: C:\


Mode                 LastWriteTime         Length Name                                                                 
----                 -------------         ------ ----                                                                 
d-----         12/5/2024  11:33 PM                temp                                                                 
************* Running Apps Updates (Timeout 30 mins) *************
************* Running Apps Updates (Timeout 30 mins) *************
*************Checking for Silverlight*************
Silverlight is not installed.
*************Checking log4j*************
Downloaded: c:\temp\log4jscan-latest.jar
Scan completed. Log file: C:\ProgramData\AirWatch\UnifiedAgent\Logs\ADWX_log4j.log
*************Checking Ghostscript*************
Ghostscript folder not found. Skipped install process.
*************Checking Java*************
No JDK folder found. Parameter containsJDK remains False.
JRE folder found. Parameter containsJRE set to True.
Uninstalling Java 8 Update 391 (64-bit) using command: MsiExec.exe /X{71324AE4-039E-4CA4-87B4-2F64180391F0}
Adobe Creative Cloud is not installed. Installing using winget...
The process output has been logged to C:\temp\winget_log.txt
Log file not found.
Adobe Remote Update Manager is not installed.
Transcript stopped, output file is C:\ProgramData\AirWatch\UnifiedAgent\Logs\ADWX_GSD_Patch_ADUAED15985LPWX_20241205_233329.log


###PSUsection###
VERBOSE: ADUAED15985LPWX (12/5/2024 11:34:33 PM): Connecting to Microsoft Update server. Please wait...
Install-WindowsUpdate : An operation did not complete because the service is not in the data store. Probably you don't 
have permission for remote connection to Windows Update Agent or used wrong ServiceID.
At line:1 char:1
+ Install-WindowsUpdate -NotCategory Drivers -NotTitle Firmware -Micros ...
+ ~~~~~~~~~~~~~~~~~~~~~~~~~~~~~~~~~~~~~~~~~~~~~~~~~~~~~~~~~~~~~~~~~~~~~
    + CategoryInfo          : CloseError: (:) [Get-WindowsUpdate], Exception
    + FullyQualifiedErrorId : 0x80248014,PSWindowsUpdate.GetWindowsUpdate
 
###WGUsection 01###
###WGUsection 02###
###WG7zip###
7-Zip version: 23.01 (Path: C:\Program Files\7-Zip\7z.exe)
#############GSD-Fix Completed#############
