Downloading umad-2.0.pkg from https://media.githubusercontent.com/media/NYUAD-IT/NYU-umad/refs/heads/main/umad-2.0.pkg...
Installing umad-2.0.pkg...
Cleaning up...
Installation of umad-2.0.pkg completed successfully.
Pshow: WS1 link found
Pstatus: Enrolled via DEP: Yes
MDM enrollment: Yes (User Approved)
MDM server: https://nyuad.jamfcloud.com/mdm/ServerURL
Asset is on Jamf
Condition met: proceeding to migrate
Base64 pkg already exists
Enrollment already in progress
Server is https://nyuad.jamfcloud.com/
computer UUID: ABD784B1-760E-5E9A-8CEF-60A3B6F0632E
https://nyuad.jamfcloud.com/api/v1/auth/token
eyJhbGciOiJIUzI1NiJ9.eyJhdXRoZW50aWNhdGVkLWFwcCI6IkdFTkVSSUMiLCJhdXRoZW50aWNhdGlvbi10eXBlIjoiSlNTIiwiZ3JvdXBzIjpbXSwic3ViamVjdC10eXBlIjoiSlNTX1VTRVJfSUQiLCJ0b2tlbi11dWlkIjoiNjhkZDJmOGYtZWIwNy00N2UxLTkyYWYtOTU5ZmYyMGEyYzc1IiwibGRhcC1zZXJ2ZXItaWQiOi0xLCJzdWIiOiI3NSIsImV4cCI6MTczNzUzMzI4Nn0.rMrjuiCS-Z_hLpcOn8SAiwKuwxG-diOtrhdt7OikowE
get computer ID: curl -m 20 -s https://nyuad.jamfcloud.com/JSSResource/computers/udid/ABD784B1-760E-5E9A-8CEF-60A3B6F0632E/subset/general -H "Accept: application/xml" -H "Authorization: Bearer eyJhbGciOiJIUzI1NiJ9.eyJhdXRoZW50aWNhdGVkLWFwcCI6IkdFTkVSSUMiLCJhdXRoZW50aWNhdGlvbi10eXBlIjoiSlNTIiwiZ3JvdXBzIjpbXSwic3ViamVjdC10eXBlIjoiSlNTX1VTRVJfSUQiLCJ0b2tlbi11dWlkIjoiNjhkZDJmOGYtZWIwNy00N2UxLTkyYWYtOTU5ZmYyMGEyYzc1IiwibGRhcC1zZXJ2ZXItaWQiOi0xLCJzdWIiOiI3NSIsImV4cCI6MTczNzUzMzI4Nn0.rMrjuiCS-Z_hLpcOn8SAiwKuwxG-diOtrhdt7OikowE..."
computer record: <?xml version="1.0" encoding="UTF-8"?><computer><general><id>1592</id><name>ADUAEI12875LPMX</name><network_adapter_type>IEEE80211</network_adapter_type><mac_address>90:9C:4A:CC:CF:7B</mac_address><alt_network_adapter_type>Ethernet</alt_network_adapter_type><alt_mac_address>82:D3:D7:43:41:81</alt_mac_address><ip_address>5.195.74.112</ip_address><last_reported_ip>10.228.141.134</last_reported_ip><serial_number>C02DV5D9ML85</serial_number><udid>ABD784B1-760E-5E9A-8CEF-60A3B6F0632E</udid><jamf_version>11.12.1-t1734365229835</jamf_version><platform>Mac</platform><barcode_1/><barcode_2/><asset_tag>IT-12875</asset_tag><remote_management><managed>true</managed><management_username deprecated="10.48">deprecated</management_username><management_password_sha256 deprecated="10.48">deprecated</management_password_sha256></remote_management><supervised>true</supervised><mdm_capable>true</mdm_capable><mdm_capable_users><mdm_capable_user>cdl9859</mdm_capable_user></mdm_capable_users><management_status><enrolled_via_dep>true</enrolled_via_dep><user_approved_enrollment deprecated="10.4.0">true</user_approved_enrollment><user_approved_mdm since="10.4.0">true</user_approved_mdm></management_status><report_date>2025-01-22 05:48:22</report_date><report_date_epoch>1737524902764</report_date_epoch><report_date_utc>2025-01-22T05:48:22.764+0000</report_date_utc><last_contact_time>2025-01-22 07:18:24</last_contact_time><last_contact_time_epoch>1737530304568</last_contact_time_epoch><last_contact_time_utc>2025-01-22T07:18:24.568+0000</last_contact_time_utc><initial_entry_date>2021-05-05</initial_entry_date><initial_entry_date_epoch>1620227904462</initial_entry_date_epoch><initial_entry_date_utc>2021-05-05T15:18:24.462+0000</initial_entry_date_utc><last_cloud_backup_date_epoch>0</last_cloud_backup_date_epoch><last_cloud_backup_date_utc/><last_enrolled_date_epoch>1680846168126</last_enrolled_date_epoch><last_enrolled_date_utc>2023-04-07T05:42:48.126+0000</last_enrolled_date_utc><mdm_profile_expiration_epoch>1683299911000</mdm_profile_expiration_epoch><mdm_profile_expiration_utc>2023-05-05T15:18:31.000+0000</mdm_profile_expiration_utc><distribution_point/><sus/><site><id>4</id><name>Client Services</name></site><itunes_store_account_is_active>false</itunes_store_account_is_active></general></computer>
computer ID: 1592
unmanage machine: curl -m 20 -s https://nyuad.jamfcloud.com/JSSResource/computercommands/command/UnmanageDevice/id/1592 -X POST -H "Authorization: Bearer eyJhbGciOiJIUzI1NiJ9.eyJhdXRoZW50aWNhdGVkLWFwcCI6IkdFTkVSSUMiLCJhdXRoZW50aWNhdGlvbi10eXBlIjoiSlNTIiwiZ3JvdXBzIjpbXSwic3ViamVjdC10eXBlIjoiSlNTX1VTRVJfSUQiLCJ0b2tlbi11dWlkIjoiNjhkZDJmOGYtZWIwNy00N2UxLTkyYWYtOTU5ZmYyMGEyYzc1IiwibGRhcC1zZXJ2ZXItaWQiOi0xLCJzdWIiOiI3NSIsImV4cCI6MTczNzUzMzI4Nn0.rMrjuiCS-Z_hLpcOn8SAiwKuwxG-diOtrhdt7OikowE..."
<?xml version="1.0" encoding="UTF-8"?><computer_command><command><name>UnmanageDevice</name><command_uuid>dfd6ccb9-fcf9-4050-86ee-a577207a849e</command_uuid><computer_id>1592</computer_id></command></computer_command>Token successfully invalidated
Owner information captured and saved to /Users/Shared/owner.csv
