******000000******Start of Script******000000******
*************Start time: Tue Nov  5 08:32:58 +04 2024*************
*************Checking Chrome*************
GC Installed Ver: 130.0.6723.92
****** Chrome DMG is outdated or metadata mismatch. Downloading again. ******
GC Stable Ver: 130.0.6723.92
GC Installed Ver: 130.0.6723.92
****** Chrome version checked OK (130.0.6723.92) ******
****** Firefox is not installed ******
****** Thunderbird is not installed ******
*************Checking Acrobat Reader*************
****** Adobe Acrobat Reader is not installed. Exiting ******
****** Adobe Acrobat Reader check completed ******
*************Checking log4j*************
JAR file already exists. Skipping download.
Using existing JAR file: /Users/Shared/log4jscan-latest.jar
Log file is not more than 7 days old. Skipping scan.
*************Checking Acrobat Full Version*************
****** Adobe Acrobat Full is not installed. Exiting ******
****** Adobe Acrobat Full check completed ******
*************Checking Microsoft Office*************
Microsoft AutoUpdate is installed.
Opening Microsoft AutoUpdate app...
Continuing script execution...
Installing updates...
*************Check complete for Microsoft Office*************
*************Checking Silverlight*************

*************Check complete for Silverlight*************
*************Checking Java*************
No folder with 'jdk' found.
Removing JRE
Tue Nov  5 08:33:22 +04 2024: Clean up JRE traces...
Searching for rt.jar...
Searching for jrt-fs.jar...
Searching for catalina.jar...
Searching for struts-core-1.3.8.jar...
Searching for rt.ogjarbak...
Searching for jrt-fs.ogjarbak...
*************Check complete for Java*************
*************Checking Safari*************
macOS version is above 13.0. Skipping installation.
*************Check complete for Safari for macOS 11-13 only *************
*************Checking Rogue Apps*************
Searching for Google Chrome.app...
Searching for Safari.app...
Searching for Firefox.app...
No instances of Firefox.app found outside /Applications.
Searching for Thunderbird.app...
No instances of Thunderbird.app found outside /Applications.
Searching for Foxit Reader.app...
No instances of Foxit Reader.app found outside /Applications.
*************Task completed in 0 seconds to Remove rogue apps*************
*************Checking Adobe Apps*************
Remote Update Manager is already installed.
Adobe Apps Update in progress...
RemoteUpdateManager version is : 3.1.0.3
Starting the RemoteUpdateManager...

*************Adobe apps check completed*************
*************Checking MacOS SU*************
Performing Software Update Check for macOS
App Sanity Check Completed
button returned:OK
****** macOS SU check completed ******
VLC version: 3.0.21
Arch is: arm64
VLC up to date
****** VLC check completed ******
Path not found, skipping: /Applications/Adobe Acrobat 2015
Path not found, skipping: /Applications/Adobe Digital Editions 4.5.app
Path not found, skipping: /Applications/Adobe Illustrator CC 2015
Path not found, skipping: /Applications/Adobe Illustrator CC 2016
Path not found, skipping: /Applications/Adobe Illustrator CC 2017
Path not found, skipping: /Applications/Adobe Illustrator CC 2018
Path not found, skipping: /Applications/Adobe Illustrator CC 2019
Path not found, skipping: /Applications/Adobe Illustrator 2020
Path not found, skipping: /Applications/Adobe Illustrator 2021
Path not found, skipping: /Applications/Adobe Illustrator 2022
Path not found, skipping: /Applications/Adobe Photoshop CC 2015
Path not found, skipping: /Applications/Adobe Photoshop CC 2016
Path not found, skipping: /Applications/Adobe Photoshop CC 2017
Path not found, skipping: /Applications/Adobe Photoshop CC 2018
Path not found, skipping: /Applications/Adobe Photoshop 2020
Path not found, skipping: /Applications/Adobe Photoshop 2021
Path not found, skipping: /Applications/Adobe Photoshop 2022
Path not found, skipping: /private/var/root/.Trash/Adobe Acrobat Reader.app
Path not found, skipping: /private/var/root/.Trash/Adobe Reader19-49-38.app
Path not found, skipping: /Users/mm9511/Library/CloudStorage/GoogleDrive-mm9511@nyu.edu/My Drive/Adobe Acrobat Reader.app
Path not found, skipping: /Applications/Adobe Acrobat XI Pro
Path not found, skipping: /Users/ag9141/Documents/mpi/Applications/Adobe Acrobat Reader DC.app
Path not found, skipping: /Applications/Adobe Animate CC 2017
Path not found, skipping: /Applications/Adobe Animate 2022
Searching for .app files with 'adobe' in Trash directories...
Status: ENABLED for user itops
*************End of Script*************
*************End time: Tue Nov  5 08:33:38 +04 2024*************
*************Elapsed time: 40 seconds*************
App Sanity Check Completed
