============Sync started successfully============
Wed Nov 13 21:11:17 +04 2024
Current OS: macOS Sequoia 15
Current OS URL: https://support.apple.com/en-ae/121238
Release Date: September 16, 2024
58 days since release date
Is the release date more than 100 days? NO
Installed Version: 14.7.1
CURRENT build for 14 is 14.7.1
Allowed OS is 14 (static)
Highest version available: 14.7.1
Compliant. No action required.
============Sync started successfully============
Mon Nov 25 09:23:29 +04 2024
Current OS: macOS Sequoia 15
Current OS URL: https://support.apple.com/en-ae/121238
Release Date: September 16, 2024
70 days since release date
Is the release date more than 100 days? NO
Installed Version: 15.1.1
CURRENT build for 15 is 15.1.1
Highest version available4: 15.1.1
============Sync started successfully============
Thu Jan 9 14:51:27 +04 2025
Current OS: macOS Sequoia 15
Current OS URL: https://support.apple.com/en-ae/121238
Release Date: September 16, 2024
115 days since release date
Is the release date more than 200 days? NO
Installed Version: 15.1.1
CURRENT build for 15 is 15.2
List of available version 15.2 15.1.1 15.1 15.0.1 14.7.2 14.7.1 13.7.2 13.7.1 12.7.4 11.7.10 10.15.7 10.15.7 10.15.6 10.15.6 
Highest version available2: 15.2
Forced_Update to 15.2
Request for software update completed successfully
