============Sync started successfully============
Fri Nov 15 23:00:51 +04 2024
Current OS: macOS Sequoia 15
Current OS URL: https://support.apple.com/en-ae/121238
Release Date: September 16, 2024
60 days since release date
Is the release date more than 100 days? NO
Installed Version: 15.1
CURRENT build for 15 is 15.1
Highest version available: 15.1
Compliant. No action required.
============Sync started successfully============
Fri Nov 22 16:35:20 +04 2024
Current OS: macOS Sequoia 15
Current OS URL: https://support.apple.com/en-ae/121238
Release Date: September 16, 2024
67 days since release date
Is the release date more than 100 days? NO
Installed Version: 15.1
CURRENT build for 15 is 15.1.1
Highest version available4: 15.1.1
============Sync started successfully============
Fri Jan 3 23:07:59 +04 2025
Current OS: macOS Sequoia 15
Current OS URL: https://support.apple.com/en-ae/121238
Release Date: September 16, 2024
109 days since release date
Is the release date more than 200 days? NO
Installed Version: 15.1.1
CURRENT build for 15 is 15.2
List of available version 15.2 15.1.1 15.1 15.0.1 15.0 14.7.2 14.7.1 14.7 14.4.1 13.7.2 13.7.1 13.7 13.6.6 12.7.4 11.7.10 10.15.7 10.15.7 10.15.6 10.14.6 
Highest version available2: 15.2
Forced_Update to 15.2
Request for software update completed successfully
============Sync started successfully============
Mon Jan 6 19:13:09 +04 2025
Current OS: macOS Sequoia 15
Current OS URL: https://support.apple.com/en-ae/121238
Release Date: September 16, 2024
112 days since release date
Is the release date more than 200 days? NO
Installed Version: 15.1.1
CURRENT build for 15 is 15.2
List of available version 15.2 15.1.1 15.1 15.0.1 15.0 14.7.2 14.7.1 14.7 14.4.1 13.7.2 13.7.1 13.7 13.6.6 12.7.4 11.7.10 10.15.7 10.15.7 10.15.6 10.14.6 
Highest version available2: 15.2
Forced_Update to 15.2
Request for software update completed successfully
