******000000******Start of Script******000000******
*************Start time: Thu Oct 31 17:18:42 +04 2024*************
*************Checking Chrome*************
GC Installed Ver: 130.0.6723.91
****** Chrome DMG is outdated or metadata mismatch. Downloading again. ******
GC Stable Ver: 
GC Installed Ver: 130.0.6723.91
****** Chrome version differs - installed: 130.0.6723.91, available:  ******
****** Application is currently running on target Mac. Proceeding Upgrade. ******
****** Latest version of Chrome is now installed on target Mac. ******
****** Firefox is not installed ******
****** Thunderbird is not installed ******
*************Checking Acrobat Reader*************
****** Adobe Acrobat Reader is installed. Proceeding ******
AR Stable Ver: 
AR Installed Ver: 24.003.20180
****** Adobe Reader is outdated. Updating ******
ARCurrVersNormalized: 
Latest version of the URL is: https://ardownload2.adobe.com/pub/adobe/reader/mac/AcrobatDC//AcroRdrDC__MUI.dmg
Thu Oct 31 17:19:35 +04 2024: Downloaded file is already in place.
Thu Oct 31 17:19:35 +04 2024: Mounting installer disk image.
Thu Oct 31 17:19:35 +04 2024: Installing...
Process containing 'Acrobat' in its name has been killed.
Thu Oct 31 17:19:46 +04 2024: Unmounting installer disk image.
All volumes unmounted.
Thu Oct 31 17:23:45 +04 2024: Deleting disk image.
Thu Oct 31 17:23:45 +04 2024: ERROR: Adobe Reader update unsuccessful, version remains at 24.003.20180.
--
****** Adobe Acrobat Reader check completed ******
*************Checking log4j*************
JAR file already exists. Skipping download.
Using existing JAR file: /Users/Shared/log4jscan-latest.jar
Log file is either more than 7 days old or does not exist. Running scan...
****** Scan completed. Log file: /Users/Shared/log4j.log ******
*************Checking Acrobat Full Version*************
****** Adobe Acrobat Full is installed. Proceeding ******
AB Stable Ver: 
AB Installed Ver: 24.003.20121
****** Adobe Full is outdated. Updating ******
ABCurrVersNormalized: 
Latest version of the URL is: https://ardownload2.adobe.com/pub/adobe/acrobat/mac/AcrobatDC//AcrobatDCUpd.dmg
Thu Oct 31 17:23:45 +04 2024: Downloading newer version.
Thu Oct 31 17:23:45 +04 2024: Mounting installer disk image.
Thu Oct 31 17:23:45 +04 2024: Installing...
Process containing 'Acrobat' in its name has been killed.
installer: Error - the package path specified was invalid: '/Volumes/AcrobatDCUpd/AcrobatDCUpd.pkg'.
Thu Oct 31 17:33:36 +04 2024: Unmounting installer disk image.
All volumes unmounted.
Thu Oct 31 17:33:46 +04 2024: Deleting disk image.
Thu Oct 31 17:33:46 +04 2024: SUCCESS: Adobe Full has been updated to version 
****** Adobe Acrobat Full check completed ******
*************Checking Microsoft Office*************
Microsoft AutoUpdate is installed.
Opening Microsoft AutoUpdate app...
Continuing script execution...
Installing updates...
*************Check complete for Microsoft Office*************
*************Checking Silverlight*************

*************Check complete for Silverlight*************
*************Checking Java*************
No folder with 'jdk' found.
Removing JRE
Thu Oct 31 17:33:47 +04 2024: Clean up JRE traces...
Searching for rt.jar...
Searching for jrt-fs.jar...
Searching for catalina.jar...
Searching for struts-core-1.3.8.jar...
Searching for rt.ogjarbak...
Searching for jrt-fs.ogjarbak...
*************Check complete for Java*************
*************Checking Safari*************
macOS version is above 13.0. Skipping installation.
*************Check complete for Safari for macOS 11-13 only *************
*************Checking Rogue Apps*************
Searching for Google Chrome.app...
Searching for Safari.app...
Searching for Firefox.app...
No instances of Firefox.app found outside /Applications.
Searching for Thunderbird.app...
No instances of Thunderbird.app found outside /Applications.
Searching for Foxit Reader.app...
No instances of Foxit Reader.app found outside /Applications.
*************Task completed in 0 seconds to Remove rogue apps*************
*************Checking Adobe Apps*************
Remote Update Manager is already installed.
Adobe Apps Update in progress...
RemoteUpdateManager version is : 2.6.0.3
Starting the RemoteUpdateManager...

**************************************************
Following Acrobat/Reader updates are applicable on the system : 
		(AdobeAcrobatDC-24.0/24.004.20219)
**************************************************
**************************************************
Following conflicting processes are found running. Skipping installation of updates for (com.adobe.acrobat.dc) ...
		(Acrobat)
**************************************************
Following Updates are applicable on the system :
		(ILST/29.0.1.192/macuniversal)
		(SBSTD/14.0.2.8324/macarm64)
		(LTRM/14.0.1.202410161356/macuniversal)
		(SBSTP/10.1.0.3963/macarm64)
		(LRCC/8.0.202410031027/macuniversal)
**************************************************
Following Updates are to be downloaded :
		(ILST/29.0.1.192/macuniversal)
		(SBSTD/14.0.2.8324/macarm64)
		(LTRM/14.0.1.202410161356/macuniversal)
		(SBSTP/10.1.0.3963/macarm64)
		(LRCC/8.0.202410031027/macuniversal)
**************************************************
*** Downloading (ILST/29.0.1.192/macuniversal) ...
*** Successfully downloaded (ILST/29.0.1.192/macuniversal) ...
*** Downloading (SBSTD/14.0.2.8324/macarm64) ...
*** Successfully downloaded (SBSTD/14.0.2.8324/macarm64) ...
*** Downloading (LTRM/14.0.1.202410161356/macuniversal) ...
*************Adobe apps check completed*************
*************Checking MacOS SU*************
Performing Software Update Check for macOS
App Sanity Check Completed
button returned:OK
****** macOS SU check completed ******
VLC version: 3.0.21
Arch is: arm64
Installing Zoom for ARM
Checksumming Protective Master Boot Record (MBR : 0)…
Protective Master Boot Record (MBR :: verified   CRC32 $C203F25B
Checksumming GPT Header (Primary GPT Header : 1)…
 GPT Header (Primary GPT Header : 1): verified   CRC32 $A4737F4D
Checksumming GPT Partition Data (Primary GPT Table : 2)…
GPT Partition Data (Primary GPT Tabl: verified   CRC32 $588135DA
Checksumming  (Apple_Free : 3)…
                    (Apple_Free : 3): verified   CRC32 $00000000
Checksumming disk image (Apple_HFS : 4)…
          disk image (Apple_HFS : 4): verified   CRC32 $07679627
Checksumming  (Apple_Free : 5)…
                    (Apple_Free : 5): verified   CRC32 $00000000
Checksumming GPT Partition Data (Backup GPT Table : 6)…
GPT Partition Data (Backup GPT Table: verified   CRC32 $588135DA
Checksumming GPT Header (Backup GPT Header : 7)…
  GPT Header (Backup GPT Header : 7): verified   CRC32 $FE7067D3
verified   CRC32 $D842EE35
/dev/disk4          	GUID_partition_scheme          	
/dev/disk4s1        	Apple_HFS                      	/Volumes/vlc
"/Volumes/vlc" unmounted successfully.
Latest VLC Installed
****** VLC check completed ******
*************End of Script*************
*************End time: Thu Oct 31 21:29:07 +04 2024*************
*************Elapsed time: 15025 seconds*************
App Sanity Check Completed
