============Sync started successfully============
Wed Nov 13 21:11:16 +04 2024
Current OS: macOS Sequoia 15
Current OS URL: https://support.apple.com/en-ae/121238
Release Date: September 16, 2024
58 days since release date
Is the release date more than 100 days? NO
Installed Version: 14.7.1
CURRENT build for 14 is 14.7.1
Allowed OS is 14 (static)
Highest version available: 14.7.1
Compliant. No action required.
============Sync started successfully============
Mon Jan 6 13:04:51 +04 2025
Current OS: macOS Sequoia 15
Current OS URL: https://support.apple.com/en-ae/121238
Release Date: September 16, 2024
112 days since release date
Is the release date more than 200 days? NO
Installed Version: 14.7.1
CURRENT build for 14 is 14.7.2
List of available version 15.2 15.1.1 15.1 15.0.1 15.0 14.7.2 14.7.1 14.7 14.4.1 13.7.2 13.7.1 13.7 13.6.6 
Highest version available3: 14.7.2
Forced_Update to 14.7.2
Request for software update completed successfully
============Sync started successfully============
Mon Jan 6 19:13:16 +04 2025
Current OS: macOS Sequoia 15
Current OS URL: https://support.apple.com/en-ae/121238
Release Date: September 16, 2024
112 days since release date
Is the release date more than 200 days? NO
Installed Version: 14.7.2
CURRENT build for 14 is 14.7.2
List of available version 15.2 15.1.1 15.1 15.0.1 15.0 14.7.2 14.7.1 14.7 14.4.1 13.7.2 13.7.1 13.7 13.6.6 
Highest version available3: 14.7.2
Compliant. No action required.
============Sync started successfully============
Wed Jan 22 15:17:51 +04 2025
Current OS: macOS Sequoia 15
Current OS URL: https://support.apple.com/en-ae/121238
Release Date: September 16, 2024
128 days since release date
Is the release date more than 0 days? Yes
Installed Version: 14.7.2
CURRENT build for 14 is 14.7.2
List of available version 15.2 15.1.1 15.1 15.0.1 14.7.2 14.7.1 13.7.2 13.7.1 
Highest version available4: 15.2
Notify_Update to 15.2
