============Sync started successfully============
Wed Nov 13 21:26:00 +04 2024
Current OS: macOS Sequoia 15
Current OS URL: https://support.apple.com/en-ae/121238
Release Date: September 16, 2024
58 days since release date
Is the release date more than 100 days? NO
Installed Version: 14.6.1
CURRENT build for 14 is 14.7.1
Allowed OS is 14 (static)
Highest version available: 14.7.1
Notify_Update to 14.7.1
============Sync started successfully============
Fri Nov 22 16:46:19 +04 2024
Current OS: macOS Sequoia 15
Current OS URL: https://support.apple.com/en-ae/121238
Release Date: September 16, 2024
67 days since release date
Is the release date more than 100 days? NO
Installed Version: 15.1
CURRENT build for 15 is 15.1.1
Highest version available3: 15
