============Sync started successfully============
Fri Jan 3 17:45:32 +04 2025
Current OS: macOS Sequoia 15
Current OS URL: https://support.apple.com/en-ae/121238
Release Date: September 16, 2024
109 days since release date
Is the release date more than 200 days? NO
Installed Version: 15.1.1
CURRENT build for 15 is 15.2
Highest version available2: 15.1.1
Compliant. No action required.
============Sync started successfully============
Fri Jan 3 22:52:05 +04 2025
Current OS: macOS Sequoia 15
Current OS URL: https://support.apple.com/en-ae/121238
Release Date: September 16, 2024
109 days since release date
Is the release date more than 200 days? NO
Installed Version: 15.1.1
CURRENT build for 15 is 15.2
List of available version 15.2 15.1.1 15.1 
Highest version available2: 15.2
Notify_Update to 15.2
============Sync started successfully============
Mon Jan 6 19:13:09 +04 2025
Current OS: macOS Sequoia 15
Current OS URL: https://support.apple.com/en-ae/121238
Release Date: September 16, 2024
112 days since release date
Is the release date more than 200 days? NO
Installed Version: 15.1.1
CURRENT build for 15 is 15.2
List of available version 15.2 15.1.1 15.1 
Highest version available2: 15.2
Notify_Update to 15.2
============Sync started successfully============
Active network service: Wi-Fi
Current DNS for 'Wi-Fi':
No DNS servers are set.
DNS does not start with 127.0, no changes made.
Mon Jan 27 18:43:26 +04 2025
Current OS: macOS Sequoia 15
Current OS URL: https://support.apple.com/en-ae/121238
Release Date: September 16, 2024
133 days since release date
Is the release date more than 0 days? Yes
Installed Version: 15.1.1
CURRENT build for 15 is 15.2
List of available version 15.2 15.1.1 15.1 
Highest version available2: 15.2
Notify_Update to 15.2
