******000000******Start of Script******000000******
*************Start time: Thu Oct 31 16:55:34 +04 2024*************
*************Checking Chrome*************
GC Installed Ver: 130.0.6723.70
****** Chrome DMG is outdated or metadata mismatch. Downloading again. ******
GC Stable Ver: 130.0.6723.92
GC Installed Ver: 130.0.6723.70
****** Chrome version differs - installed: 130.0.6723.70, available: 130.0.6723.92 ******
****** Application is currently running on target Mac. Proceeding Upgrade. ******
****** Latest version of Chrome is now installed on target Mac. ******
****** Firefox is not installed ******
****** Thunderbird is not installed ******
*************Checking Acrobat Reader*************
****** Adobe Acrobat Reader is installed. Proceeding ******
AR Stable Ver: 24.004.20219
AR Installed Ver: 24.003.20180
****** Adobe Reader is outdated. Updating ******
ARCurrVersNormalized: 2400420219
Latest version of the URL is: https://ardownload2.adobe.com/pub/adobe/reader/mac/AcrobatDC/2400420219/AcroRdrDC_2400420219_MUI.dmg
Thu Oct 31 17:10:40 +04 2024: Downloading newer version.
Thu Oct 31 17:27:09 +04 2024: Mounting installer disk image.
Thu Oct 31 17:27:15 +04 2024: Installing...
No process containing 'Acrobat' in its name is currently running.
Thu Oct 31 17:28:58 +04 2024: Unmounting installer disk image.
All volumes unmounted.
Thu Oct 31 17:29:08 +04 2024: Deleting disk image.
Thu Oct 31 17:29:08 +04 2024: SUCCESS: Adobe Reader has been updated to version 24.004.20219
****** Adobe Acrobat Reader check completed ******
*************Checking log4j*************
JAR file already exists. Skipping download.
Using existing JAR file: /Users/Shared/log4jscan-latest.jar
Log file is either more than 7 days old or does not exist. Running scan...
****** Scan completed. Log file: /Users/Shared/log4j.log ******
*************Checking Acrobat Full Version*************
****** Adobe Acrobat Full is not installed. Exiting ******
****** Adobe Acrobat Full check completed ******
*************Checking Microsoft Office*************
Microsoft AutoUpdate is installed.
Opening Microsoft AutoUpdate app...
Continuing script execution...
Installing updates...
*************Check complete for Microsoft Office*************
*************Checking Silverlight*************

*************Check complete for Silverlight*************
*************Checking Java*************
No folder with 'jdk' found.
Removing JRE
Thu Oct 31 17:29:09 +04 2024: Clean up JRE traces...
Searching for rt.jar...
Searching for jrt-fs.jar...
Searching for catalina.jar...
Searching for struts-core-1.3.8.jar...
Searching for rt.ogjarbak...
Searching for jrt-fs.ogjarbak...
Found /Applications/Stata/utilities/java/macosx-x64/zulu-jdk17.0.7/zulu-17.jdk/Contents/Home/lib/jrt-fs.ogjarbak (already .ogjarbak)
Found /Applications/Stata/utilities/java/macos-arm64/zulu-jdk17.0.7/zulu-17.jdk/Contents/Home/lib/jrt-fs.ogjarbak (already .ogjarbak)
Java is required. Install Zulu JDK
ARM architecture. Downloading arm64 binaries...
Filename: zulu23.30.13-ca-jdk23.0.1-macosx_aarch64.dmg
Thu Oct 31 17:29:09 +04 2024: Downloading zulu23.30.13-ca-jdk23.0.1-macosx_aarch64.dmg...
Thu Oct 31 17:29:45 +04 2024: Updating Java...
Mounting /Users/Shared/zulu23.30.13-ca-jdk23.0.1-macosx_aarch64.dmg
正在計算「Protective Master Boot Record (MBR : 0)」的核對碼⋯
Protective Master Boot Record (MBR :：已驗證CRC32 $58EB7463
正在計算「GPT Header (Primary GPT Header : 1)」的核對碼⋯
 GPT Header (Primary GPT Header : 1)：已驗證CRC32 $C186CEB6
正在計算「GPT Partition Data (Primary GPT Table : 2)」的核對碼⋯
GPT Partition Data (Primary GPT Tabl：已驗證CRC32 $CB59E3F9
正在計算「 (Apple_Free : 3)」的核對碼⋯
                    (Apple_Free : 3)：已驗證CRC32 $00000000
正在計算「disk image (Apple_HFS : 4)」的核對碼⋯
          disk image (Apple_HFS : 4)：已驗證CRC32 $002D6988
正在計算「 (Apple_Free : 5)」的核對碼⋯
                    (Apple_Free : 5)：已驗證CRC32 $00000000
正在計算「GPT Partition Data (Backup GPT Table : 6)」的核對碼⋯
GPT Partition Data (Backup GPT Table：已驗證CRC32 $CB59E3F9
正在計算「GPT Header (Backup GPT Header : 7)」的核對碼⋯
  GPT Header (Backup GPT Header : 7)：已驗證CRC32 $C4C58D02
已驗證CRC32 $D7E7EB9E
/dev/disk4          	GUID_partition_scheme          	
/dev/disk4s1        	Apple_HFS                      	/Volumes/ZuluInstaller
Thu Oct 31 17:29:56 +04 2024: Clean up JRE traces...
Installing /Volumes/ZuluInstaller/Double-Click to Install Azul Zulu JDK 23.pkg ****************
installer: Package name is Azul Zulu JDK 23.30+13
installer: Installing at base path /
installer: The install was successful.
"disk4" ejected.
*************Check complete for Java*************
*************Checking Safari*************
macOS version is above 13.0. Skipping installation.
*************Check complete for Safari for macOS 11-13 only *************
*************Checking Rogue Apps*************
Searching for Google Chrome.app...
Searching for Safari.app...
Searching for Firefox.app...
No instances of Firefox.app found outside /Applications.
Searching for Thunderbird.app...
No instances of Thunderbird.app found outside /Applications.
Searching for Foxit Reader.app...
No instances of Foxit Reader.app found outside /Applications.
*************Task completed in 0 seconds to Remove rogue apps*************
*************Checking Adobe Apps*************
Remote Update Manager is already installed.
Adobe Apps Update in progress...
RemoteUpdateManager version is : 3.1.0.3
Starting the RemoteUpdateManager...

*************Adobe apps check completed*************
*************Checking MacOS SU*************
Performing Software Update Check for macOS
App Sanity Check Completed
button returned:OK
****** macOS SU check completed ******
VLC version: 3.0.21
Arch is: arm64
Installing Zoom for ARM
正在計算「Protective Master Boot Record (MBR : 0)」的核對碼⋯
Protective Master Boot Record (MBR :：已驗證CRC32 $C203F25B
正在計算「GPT Header (Primary GPT Header : 1)」的核對碼⋯
 GPT Header (Primary GPT Header : 1)：已驗證CRC32 $A4737F4D
正在計算「GPT Partition Data (Primary GPT Table : 2)」的核對碼⋯
GPT Partition Data (Primary GPT Tabl：已驗證CRC32 $588135DA
正在計算「 (Apple_Free : 3)」的核對碼⋯
                    (Apple_Free : 3)：已驗證CRC32 $00000000
正在計算「disk image (Apple_HFS : 4)」的核對碼⋯
          disk image (Apple_HFS : 4)：已驗證CRC32 $07679627
正在計算「 (Apple_Free : 5)」的核對碼⋯
                    (Apple_Free : 5)：已驗證CRC32 $00000000
正在計算「GPT Partition Data (Backup GPT Table : 6)」的核對碼⋯
GPT Partition Data (Backup GPT Table：已驗證CRC32 $588135DA
正在計算「GPT Header (Backup GPT Header : 7)」的核對碼⋯
  GPT Header (Backup GPT Header : 7)：已驗證CRC32 $FE7067D3
已驗證CRC32 $D842EE35
/dev/disk4          	GUID_partition_scheme          	
/dev/disk4s1        	Apple_HFS                      	/Volumes/vlc
"/Volumes/vlc" unmounted successfully.
Latest VLC Installed
****** VLC check completed ******
*************End of Script*************
*************End time: Fri Nov  1 10:41:48 +04 2024*************
*************Elapsed time: 63974 seconds*************
App Sanity Check Completed
