
The EP is: 
Bypass
Deleted old log file: C:\ProgramData\AirWatch\UnifiedAgent\Logs\ADWX_PSUJob_20241206_134555.log
Transcript started, output file is C:\ProgramData\AirWatch\UnifiedAgent\Logs\ADWX_GSD_Patch_ADUAEI14766LPWX_20250106_140001.log
*************GSD Initiated at 2025-01-06 14:00:01*************
*************Check and install Dependencies*************
NuGet provider is installed.
*************Checking PSU Module*************
PSWindowsUpdate module is installed.
*************Checking Package Manager*************
Folder already exists at C:\temp\winget
winget is not installed.
Microsoft.VCLibs.x64.14.00.Desktop.appx is already installed.
Microsoft.UI.Xaml.2.8.x64.appx is not installed. Installing...
Microsoft.UI.Xaml.2.8.x64.appx has been installed.
Dependencies have been checked and installed successfully.
The current user is a system account - nt authority\system. Run 2nd try...
winget-install 5.0.5
To check for updates, run winget-install -CheckForUpdate
To delay script exit, run winget-install -Wait
To force script pausing after execution, run winget-install -NoExit

##########
# winget #
##########

Installing Microsoft.WinGet.Client module...
Installing winget (this takes a minute or two)...

############
# Complete #
############

winget installed successfully.
Checking if winget is installed and working...
*************Running Windows OS Updates*************
Detected as **GSD** process is runinng - Logs below look for ***PSUsection***
************* Running Apps Updates (Timeout 30 mins) *************
True
************* Running Apps Updates (Timeout 30 mins) *************
True
*************Checking for Silverlight*************
Silverlight is not installed.
*************Checking log4j*************
Using existing JAR file: c:\temp\log4jscan-latest.jar
Failed to execute log4j scan
*************Checking Ghostscript*************
Ghostscript folder not found. Skipped install process.
*************Checking Java*************
No JDK folder found. Parameter containsJDK remains False.
No JRE folder found. Parameter containsJRE remains False.
Adobe Creative Cloud is not installed. Installing using winget...
The process output has been logged to C:\temp\winget_log.txt
Log file not found.
Adobe Remote Update Manager is not installed.
Transcript stopped, output file is C:\ProgramData\AirWatch\UnifiedAgent\Logs\ADWX_GSD_Patch_ADUAEI14766LPWX_20250106_140001.log
The EP is: 
Bypass
###PSUsection###
VERBOSE: ADUAEI14766LPWX (1/6/2025 2:00:42 PM): Connecting to Microsoft Update server. Please wait...
VERBOSE: Found [15] Updates in pre search criteria
VERBOSE: Found [1] Updates in post search criteria

X ComputerName Result     KB          Size Title                                                                       
- ------------ ------     --          ---- -----                                                                       
1 ADUAEI147... Accepted   KB2267602    1GB Security Intelligence Update for Microsoft Defender Antivirus - KB2267602...
VERBOSE: Accepted [1] Updates ready to Download
2 ADUAEI147... Downloaded KB2267602    1GB Security Intelligence Update for Microsoft Defender Antivirus - KB2267602...
VERBOSE: Downloaded [1] Updates ready to Install
3 ADUAEI147... Installed  KB2267602    1GB Security Intelligence Update for Microsoft Defender Antivirus - KB2267602...
VERBOSE: Installed [1] Updates


###WGUsection 01###
###WGUsection 02###
###WG7zip###
7-Zip version: 24.09 (Path: C:\Program Files\7-Zip\7z.exe)
#############GSD-Fix Completed#############
