******000000******Start of Script******000000******
*************Start time: Mon Nov  4 21:16:33 +04 2024*************
*************Checking Chrome*************
GC Installed Ver: 130.0.6723.92
****** Chrome DMG is outdated or metadata mismatch. Downloading again. ******
GC Stable Ver: 130.0.6723.92
GC Installed Ver: 130.0.6723.92
****** Chrome version checked OK (130.0.6723.92) ******
****** Firefox is not installed ******
****** Thunderbird is not installed ******
*************Checking Acrobat Reader*************
****** Adobe Acrobat Reader is not installed. Exiting ******
****** Adobe Acrobat Reader check completed ******
*************Checking log4j*************
Downloaded: /Users/Shared/log4jscan-latest.jar
Log file is not more than 7 days old. Skipping scan.
*************Checking Acrobat Full Version*************
****** Adobe Acrobat Full is not installed. Exiting ******
****** Adobe Acrobat Full check completed ******
*************Checking Microsoft Office*************
Microsoft AutoUpdate is not installed. Installing...
Installing Microsoft AutoUpdate...
installer: Package name is Microsoft AutoUpdate
installer: Installing at base path /
installer:PHASE:Preparing for installation…
installer:PHASE:Preparing the disk…
installer:PHASE:Preparing Microsoft AutoUpdate…
installer:PHASE:Waiting for other installations to complete…
installer:PHASE:Waiting for other installations to complete…
installer:PHASE:Waiting for other installations to complete…
installer:PHASE:Waiting for other installations to complete…
installer:PHASE:Waiting for other installations to complete…
installer:PHASE:Waiting for other installations to complete…
installer:PHASE:Waiting for other installations to complete…
installer:PHASE:Waiting for other installations to complete…
installer:PHASE:Waiting for other installations to complete…
installer:PHASE:Waiting for other installations to complete…
installer:PHASE:Configuring the installation…
installer:STATUS:
installer:%3.175000
installer:PHASE:Validating packages…
installer:%11.478191
installer:PHASE:Writing files…
installer:%35.452688
installer:PHASE:Running package scripts…
installer:%37.447890
installer:PHASE:Running package scripts…
installer:%38.785569
installer:PHASE:Running package scripts…
installer:%85.690449
installer:PHASE:Running package scripts…
installer:%87.653967
installer:PHASE:Running package scripts…
installer:%89.044154
installer:PHASE:Running package scripts…
installer:%89.499271
installer:PHASE:Running package scripts…
installer:PHASE:Running package scripts…
installer:PHASE:Running package scripts…
installer:PHASE:Running package scripts…
installer:PHASE:Running package scripts…
installer:PHASE:Running package scripts…
installer:PHASE:Running package scripts…
installer:PHASE:Running package scripts…
installer:PHASE:Running package scripts…
installer:PHASE:Running package scripts…
installer:PHASE:Running package scripts…
installer:PHASE:Running package scripts…
installer:PHASE:Running package scripts…
installer:PHASE:Running package scripts…
installer:PHASE:Running package scripts…
installer:PHASE:Running package scripts…
installer:PHASE:Validating packages…
installer:PHASE:Validating packages…
installer:%97.750000
installer:STATUS:Running installer actions…
installer:STATUS:
installer:PHASE:Finishing the Installation…
installer:STATUS:
installer:%100.000000
installer:PHASE:The software was successfully installed.
installer: The install was successful.
Opening Microsoft AutoUpdate app...
Continuing script execution...
Installing updates...
*************Check complete for Microsoft Office*************
*************Checking Silverlight*************

*************Check complete for Silverlight*************
*************Checking Java*************
No folder with 'jdk' found.
Removing JRE
Mon Nov  4 22:25:42 +04 2024: Clean up JRE traces...
Searching for rt.jar...
Searching for jrt-fs.jar...
Searching for catalina.jar...
Searching for struts-core-1.3.8.jar...
Searching for rt.ogjarbak...
Found /Applications/DNASTAR/Lasergene 14/jre/Contents/Home/jre/lib/rt.ogjarbak (already .ogjarbak)
Found /Applications/DNASTAR/Navigator 14/jre/Contents/Home/jre/lib/rt.ogjarbak (already .ogjarbak)
Found /Applications/DNASTAR/Lasergene 13/jre/Contents/Home/jre/lib/rt.ogjarbak (already .ogjarbak)
Searching for jrt-fs.ogjarbak...
Java is required. Install Zulu JDK
Intel architecture. Downloading x64 binaries...
Filename: zulu23.30.13-ca-jdk23.0.1-macosx_x64.dmg
Mon Nov  4 22:25:44 +04 2024: Downloading zulu23.30.13-ca-jdk23.0.1-macosx_x64.dmg...
Mon Nov  4 22:28:34 +04 2024: Updating Java...
Mounting /Users/Shared/zulu23.30.13-ca-jdk23.0.1-macosx_x64.dmg
Checksumming Protective Master Boot Record (MBR : 0)…
Protective Master Boot Record (MBR :: verified   CRC32 $D8A46977
Checksumming GPT Header (Primary GPT Header : 1)…
 GPT Header (Primary GPT Header : 1): verified   CRC32 $BF14DDB5
Checksumming GPT Partition Data (Primary GPT Table : 2)…
GPT Partition Data (Primary GPT Tabl: verified   CRC32 $5449BA8C
Checksumming  (Apple_Free : 3)…
                    (Apple_Free : 3): verified   CRC32 $00000000
Checksumming disk image (Apple_HFS : 4)…
          disk image (Apple_HFS : 4): verified   CRC32 $175EBA5A
Checksumming  (Apple_Free : 5)…
                    (Apple_Free : 5): verified   CRC32 $00000000
Checksumming GPT Partition Data (Backup GPT Table : 6)…
GPT Partition Data (Backup GPT Table: verified   CRC32 $5449BA8C
Checksumming GPT Header (Backup GPT Header : 7)…
  GPT Header (Backup GPT Header : 7): verified   CRC32 $A520FBA1
verified   CRC32 $354A6772
/dev/disk2          	GUID_partition_scheme          	
/dev/disk2s1        	Apple_HFS                      	/Volumes/ZuluInstaller
Mon Nov  4 22:29:36 +04 2024: Clean up JRE traces...
Installing /Volumes/ZuluInstaller/Double-Click to Install Azul Zulu JDK 23.pkg ****************
installer: Package name is Azul Zulu JDK 23.30+13
installer: Installing at base path /
installer: The install was successful.
"disk2" ejected.
*************Check complete for Java*************
*************Checking Safari*************
Downloading Safari17.5MontereyAuto.pkg...
Failed to download Safari17.5MontereyAuto.pkg. URL may be dead or unreachable.
*************Check complete for Safari for macOS 11-13 only *************
*************Checking Rogue Apps*************
Searching for Google Chrome.app...
Searching for Safari.app...
Searching for Firefox.app...
No instances of Firefox.app found outside /Applications.
Searching for Thunderbird.app...
No instances of Thunderbird.app found outside /Applications.
Searching for Foxit Reader.app...
No instances of Foxit Reader.app found outside /Applications.
*************Task completed in 0 seconds to Remove rogue apps*************
*************Checking Adobe Apps*************
Remote Update Manager is already installed.
Adobe Apps Update in progress...
*************Adobe apps check completed*************
*************Checking MacOS SU*************
Performing Software Update Check for macOS
*************No update found*************
****** macOS SU check completed ******
VLC version: 3.0.21
Arch is: x86_64
Installing Zoom for Intel
Latest VLC Installed
****** VLC check completed ******
Deleting: /Applications/Adobe Acrobat 2015
Path not found, skipping: /Applications/Adobe Digital Editions 4.5.app
Path not found, skipping: /Applications/Adobe Illustrator CC 2015
Path not found, skipping: /Applications/Adobe Illustrator CC 2016
Path not found, skipping: /Applications/Adobe Illustrator CC 2017
Path not found, skipping: /Applications/Adobe Illustrator CC 2018
Path not found, skipping: /Applications/Adobe Illustrator CC 2019
Path not found, skipping: /Applications/Adobe Illustrator 2020
Path not found, skipping: /Applications/Adobe Illustrator 2021
Path not found, skipping: /Applications/Adobe Illustrator 2022
Path not found, skipping: /Applications/Adobe Photoshop CC 2015
Path not found, skipping: /Applications/Adobe Photoshop CC 2016
Path not found, skipping: /Applications/Adobe Photoshop CC 2017
Path not found, skipping: /Applications/Adobe Photoshop CC 2018
Path not found, skipping: /Applications/Adobe Photoshop 2020
Path not found, skipping: /Applications/Adobe Photoshop 2021
Path not found, skipping: /Applications/Adobe Photoshop 2022
Path not found, skipping: /private/var/root/.Trash/Adobe Acrobat Reader.app
Path not found, skipping: /private/var/root/.Trash/Adobe Reader19-49-38.app
Path not found, skipping: /Users/mm9511/Library/CloudStorage/GoogleDrive-mm9511@nyu.edu/My Drive/Adobe Acrobat Reader.app
Path not found, skipping: /Applications/Adobe Acrobat XI Pro
Path not found, skipping: /Users/ag9141/Documents/mpi/Applications/Adobe Acrobat Reader DC.app
Path not found, skipping: /Applications/Adobe Animate CC 2017
Path not found, skipping: /Applications/Adobe Animate 2022
Searching for .app files with 'adobe' in Trash directories...
Status: ENABLED for user itops
*************End of Script*************
*************End time: Tue Nov  5 08:50:48 +04 2024*************
*************Elapsed time: 41655 seconds*************
App Sanity Check Completed
