============Sync started successfully============
Wed Nov 13 22:00:07 +04 2024
Current OS: macOS Sequoia 15
Current OS URL: https://support.apple.com/en-ae/121238
Release Date: September 16, 2024
58 days since release date
Is the release date more than 100 days? NO
Installed Version: 14.6.1
CURRENT build for 14 is 14.7.1
Allowed OS is 14 (static)
Highest version available: 14.7.1
Notify_Update to 14.7.1
============Sync started successfully============
============Sync started successfully============
Sat Jan 4 13:57:24 +04 2025
Current OS: macOS Sequoia 15
Current OS URL: https://support.apple.com
Release Date: 
20092 days since release date
Is the release date more than 200 days? Yes
Installed Version: 14.7.1
CURRENT build for 14 is 14.7.2
List of available version 15.2 15.1.1 15.1 15.0.1 15.0 14.7.2 14.7.1 14.7 14.6.1 14.4.1 
Highest version available4: 15.2
Notify_Update to 15.2
============Sync started successfully============
Mon Jan 6 22:15:11 +04 2025
Current OS: macOS Sequoia 15
Current OS URL: https://support.apple.com/en-ae/121238
Release Date: September 16, 2024
112 days since release date
Is the release date more than 200 days? NO
Installed Version: 14.7.1
CURRENT build for 14 is 14.7.2
List of available version 15.2 15.1.1 15.1 15.0.1 15.0 14.7.2 14.7.1 14.7 14.4.1 
Highest version available3: 14.7.2
Notify_Update to 14.7.2
============Sync started successfully============
Thu Jan 23 14:47:06 +04 2025
Current OS: macOS Sequoia 15
Current OS URL: https://support.apple.com/en-ae/121238
Release Date: September 16, 2024
129 days since release date
Is the release date more than 0 days? Yes
Installed Version: 14.7.1
CURRENT build for 14 is 14.7.2
List of available version 15.2 15.1.1 15.1 15.0.1 14.7.2 14.7.1 
Highest version available4: 15.2
Notify_Update to 15.2
============Sync started successfully============
Active network service: USB 10/100/1000 LAN
Current DNS for 'USB 10/100/1000 LAN':
No DNS servers are set.
DNS does not start with 127.0, no changes made.
Mon Jan 27 18:59:15 +04 2025
Current OS: macOS Sequoia 15
Current OS URL: https://support.apple.com/en-ae/121238
Release Date: September 16, 2024
133 days since release date
Is the release date more than 0 days? Yes
Installed Version: 15.0.1
CURRENT build for 15 is 15.2
List of available version 15.2 15.1.1 15.1 15.0.1 14.7.2 14.7.1 
Highest version available2: 15.2
Notify_Update to 15.2
