Downloading umad-2.0.pkg from https://media.githubusercontent.com/media/NYUAD-IT/NYU-umad/refs/heads/main/umad-2.0.pkg...
Installing umad-2.0.pkg...
Cleaning up...
Installation of umad-2.0.pkg completed successfully.
Pshow: WS1 link found
Pstatus: Enrolled via DEP: Yes
MDM enrollment: Yes (User Approved)
MDM server: https://nyuad.jamfcloud.com/mdm/ServerURL
Asset is on Jamf
Condition met: proceeding to migrate
Downloading Base64 pkg
Enrollment already in progress
Server is https://nyuad.jamfcloud.com/
computer UUID: 31C845B5-E802-5C84-9EB6-7453ABD28C12
https://nyuad.jamfcloud.com/api/v1/auth/token
eyJhbGciOiJIUzI1NiJ9.eyJhdXRoZW50aWNhdGVkLWFwcCI6IkdFTkVSSUMiLCJhdXRoZW50aWNhdGlvbi10eXBlIjoiSlNTIiwiZ3JvdXBzIjpbXSwic3ViamVjdC10eXBlIjoiSlNTX1VTRVJfSUQiLCJ0b2tlbi11dWlkIjoiNDZmYzI0NTQtOGJjOC00YzkxLWFiNDUtZGFhZTMyYjZhOGQxIiwibGRhcC1zZXJ2ZXItaWQiOi0xLCJzdWIiOiI3NSIsImV4cCI6MTczNzUyODA3MX0.Ev7dbC_v8kueYxAuadWTG3xhHjt1-_lGmCmDADsTavI
get computer ID: curl -m 20 -s https://nyuad.jamfcloud.com/JSSResource/computers/udid/31C845B5-E802-5C84-9EB6-7453ABD28C12/subset/general -H "Accept: application/xml" -H "Authorization: Bearer eyJhbGciOiJIUzI1NiJ9.eyJhdXRoZW50aWNhdGVkLWFwcCI6IkdFTkVSSUMiLCJhdXRoZW50aWNhdGlvbi10eXBlIjoiSlNTIiwiZ3JvdXBzIjpbXSwic3ViamVjdC10eXBlIjoiSlNTX1VTRVJfSUQiLCJ0b2tlbi11dWlkIjoiNDZmYzI0NTQtOGJjOC00YzkxLWFiNDUtZGFhZTMyYjZhOGQxIiwibGRhcC1zZXJ2ZXItaWQiOi0xLCJzdWIiOiI3NSIsImV4cCI6MTczNzUyODA3MX0.Ev7dbC_v8kueYxAuadWTG3xhHjt1-_lGmCmDADsTavI..."
computer record: <?xml version="1.0" encoding="UTF-8"?><computer><general><id>2361</id><name>ADUAED18557LPMX</name><network_adapter_type>IEEE80211</network_adapter_type><mac_address>1C:57:DC:59:DB:25</mac_address><alt_network_adapter_type>Ethernet</alt_network_adapter_type><alt_mac_address>36:A7:F8:11:C9:80</alt_mac_address><ip_address>91.230.41.207</ip_address><last_reported_ip>10.225.60.155</last_reported_ip><serial_number>TFK77L90VF</serial_number><udid>31C845B5-E802-5C84-9EB6-7453ABD28C12</udid><jamf_version>10.46.1-t1683911857</jamf_version><platform>Mac</platform><barcode_1/><barcode_2/><asset_tag>IT-18557</asset_tag><remote_management><managed>true</managed><management_username deprecated="10.48">deprecated</management_username><management_password_sha256 deprecated="10.48">deprecated</management_password_sha256></remote_management><supervised>true</supervised><mdm_capable>true</mdm_capable><mdm_capable_users><mdm_capable_user>fs999</mdm_capable_user></mdm_capable_users><management_status><enrolled_via_dep>true</enrolled_via_dep><user_approved_enrollment deprecated="10.4.0">true</user_approved_enrollment><user_approved_mdm since="10.4.0">true</user_approved_mdm></management_status><report_date>2023-06-21 07:47:23</report_date><report_date_epoch>1687333643043</report_date_epoch><report_date_utc>2023-06-21T07:47:23.043+0000</report_date_utc><last_contact_time>2023-06-21 07:57:44</last_contact_time><last_contact_time_epoch>1687334264931</last_contact_time_epoch><last_contact_time_utc>2023-06-21T07:57:44.931+0000</last_contact_time_utc><initial_entry_date>2022-10-25</initial_entry_date><initial_entry_date_epoch>1666692404201</initial_entry_date_epoch><initial_entry_date_utc>2022-10-25T10:06:44.201+0000</initial_entry_date_utc><last_cloud_backup_date_epoch>0</last_cloud_backup_date_epoch><last_cloud_backup_date_utc/><last_enrolled_date_epoch>1666696393897</last_enrolled_date_epoch><last_enrolled_date_utc>2022-10-25T11:13:13.897+0000</last_enrolled_date_utc><mdm_profile_expiration_epoch>1729854758000</mdm_profile_expiration_epoch><mdm_profile_expiration_utc>2024-10-25T11:12:38.000+0000</mdm_profile_expiration_utc><distribution_point/><sus/><site><id>4</id><name>Client Services</name></site><itunes_store_account_is_active>false</itunes_store_account_is_active></general></computer>
computer ID: 2361
unmanage machine: curl -m 20 -s https://nyuad.jamfcloud.com/JSSResource/computercommands/command/UnmanageDevice/id/2361 -X POST -H "Authorization: Bearer eyJhbGciOiJIUzI1NiJ9.eyJhdXRoZW50aWNhdGVkLWFwcCI6IkdFTkVSSUMiLCJhdXRoZW50aWNhdGlvbi10eXBlIjoiSlNTIiwiZ3JvdXBzIjpbXSwic3ViamVjdC10eXBlIjoiSlNTX1VTRVJfSUQiLCJ0b2tlbi11dWlkIjoiNDZmYzI0NTQtOGJjOC00YzkxLWFiNDUtZGFhZTMyYjZhOGQxIiwibGRhcC1zZXJ2ZXItaWQiOi0xLCJzdWIiOiI3NSIsImV4cCI6MTczNzUyODA3MX0.Ev7dbC_v8kueYxAuadWTG3xhHjt1-_lGmCmDADsTavI..."
<?xml version="1.0" encoding="UTF-8"?><computer_command><command><name>UnmanageDevice</name><command_uuid>0b4c1344-0712-4f18-93a5-8a03ef9f69fc</command_uuid><computer_id>2361</computer_id></command></computer_command>Token successfully invalidated
Owner information captured and saved to /Users/Shared/owner.csv
