*************Start of Script*************
*************Checking Chrome*************
GC Installed Ver: 127.0.6533.73
GC Stable Ver: 127.0.6533.73
GC Installed Ver: 127.0.6533.73
****** Chrome version checked OK (127.0.6533.73) ******
*************Checking Firefox*************
FF Stable Ver: 128.0.2
FF Installed Ver: 
Firefox is not installed. Exiting.
*************Checking Thunderbird*************
TB Stable Ver: 115.13.0
TB Installed Ver: 
Thunderbird is not installed. Exiting.
*************Checking Acrobat Reader*************
****** Adobe Acrobat Reader is installed. Proceeding ******
AR Stable Ver: 24.002.20933
AR Installed Ver: 24.002.20933
****** Adobe Reader is up to date. Exiting ******
****** Adobe Acrobat Reader check completed ******
*************Checking log4j*************
JAR file already exists. Skipping download.
Using existing JAR file: /Users/Shared/log4jscan-latest.jar
****** Scan completed. Log file: /Users/Shared/log4j.log ******
*************Checking Acrobat Full Version*************
****** Adobe Acrobat Full is installed. Proceeding ******
AB Stable Ver: 24.002.20933
AB Installed Ver: 24.002.20933
****** Adobe Full is up to date. Exiting ******
****** Adobe Acrobat Full check completed ******
*************Checking MacOS SU*************
Performing Software Update Check for macOS
Software Update Tool

Finding available software
****** macOS SU check completed ******
*************Checking Microsoft Office*************
Microsoft AutoUpdate is installed.
Opening Microsoft AutoUpdate app...
Continuing script execution...
Installing updates...
*************Check complete for Microsoft Office*************
*************Checking Silverlight*************

*************Check complete for Silverlight*************
*************Checking Java*************
Folder with 'jdk' found.
Checking Java version
Skipping JDK update as version 22.0.2 is found in Java version.
Searching for rt.jar...
Searching for jrt-fs.jar...
Searching for catalina.jar...
Searching for struts-core-1.3.8.jar...
Searching for rt.ogjarbak...
Searching for jrt-fs.ogjarbak...
Found /Library/Application Support/JAMF/Composer/Sources/Sunapsis 1.0.2 with SH Module/ROOT/Users/Shared/sunapsis/v4.2.9/Contents/runtime/Contents/Home/lib/jrt-fs.ogjarbak (already .ogjarbak)
Java is required. Install Zulu JDK
Folder with 'jdk' found.
Checking Java version
Skipping JDK update as version 22.0.2 is found in Java version.
*************Check complete for Java*************
*************Checking Safari*************
macOS version is above 13.0. Skipping installation.
*************Check complete for Safari for macOS 11-13 only *************
*************Checking Rogue Apps*************
Searching for Google Chrome.app...
Searching for Safari.app...
Searching for Firefox.app...
No instances of Firefox.app found outside /Applications.
Searching for Thunderbird.app...
No instances of Thunderbird.app found outside /Applications.
Searching for Foxit Reader.app...
No instances of Foxit Reader.app found outside /Applications.
*************Task completed in 0 seconds to Remove rogue apps*************
App Sanity Check Completed
*************End of Script*************
*************Start of Script*************
*************Checking Chrome*************
GC Installed Ver: 127.0.6533.90
GC Stable Ver: 127.0.6533.100
GC Installed Ver: 127.0.6533.90
****** Chrome version differs - installed: 127.0.6533.90, available: 127.0.6533.100 ******
****** Application is currently running on target Mac. Proceeding Upgrade.******
installer: Package name is Google Chrome
installer: Upgrading at base path /
installer: The upgrade was successful.
****** Latest version of Chrome is now installed on target Mac.******
*************Checking Firefox*************
FF Stable Ver: 129.0
FF Installed Ver: 
Firefox is not installed. Exiting.
*************Checking Thunderbird*************
*************Start of Script*************
*************Checking Chrome*************
GC Installed Ver: 127.0.6533.100
GC Stable Ver: 127.0.6533.100
GC Installed Ver: 127.0.6533.100
****** Chrome version checked OK (127.0.6533.100) ******
*************Checking Firefox*************
FF Stable Ver: 129.0
FF Installed Ver: 
Firefox is not installed. Exiting.
*************Checking Thunderbird*************
TB Stable Ver: 115.14.0
TB Installed Ver: 
Thunderbird is not installed. Exiting.
*************Checking Acrobat Reader*************
****** Adobe Acrobat Reader is installed. Proceeding ******
AR Stable Ver: 24.002.20964
AR Installed Ver: 24.002.20964
****** Adobe Reader is up to date. Exiting ******
****** Adobe Acrobat Reader check completed ******
*************Checking log4j*************
JAR file already exists. Skipping download.
Using existing JAR file: /Users/Shared/log4jscan-latest.jar
****** Scan completed. Log file: /Users/Shared/log4j.log ******
*************Checking Acrobat Full Version*************
****** Adobe Acrobat Full is not installed. Exiting ******
****** Adobe Acrobat Full check completed ******
*************Checking MacOS SU*************
Performing Software Update Check for macOS
****** macOS SU check completed ******
*************Checking Microsoft Office*************
Microsoft AutoUpdate is installed.
Opening Microsoft AutoUpdate app...
Continuing script execution...
Installing updates...
*************Check complete for Microsoft Office*************
*************Checking Silverlight*************

*************Check complete for Silverlight*************
*************Checking Java*************
Folder with 'jdk' found.
Checking Java version
Skipping JDK update as version 22.0.2 is found in Java version.
Searching for rt.jar...
Searching for jrt-fs.jar...
Searching for catalina.jar...
Searching for struts-core-1.3.8.jar...
Searching for rt.ogjarbak...
Searching for jrt-fs.ogjarbak...
Found /Library/Application Support/JAMF/Composer/Sources/Sunapsis 1.0.2 with SH Module/ROOT/Users/Shared/sunapsis/v4.2.9/Contents/runtime/Contents/Home/lib/jrt-fs.ogjarbak (already .ogjarbak)
Java is required. Install Zulu JDK
Folder with 'jdk' found.
Checking Java version
Skipping JDK update as version 22.0.2 is found in Java version.
*************Check complete for Java*************
*************Checking Safari*************
macOS version is above 13.0. Skipping installation.
*************Check complete for Safari for macOS 11-13 only *************
*************Checking Rogue Apps*************
Searching for Google Chrome.app...
No instances of Google Chrome.app found outside /Applications.
Searching for Safari.app...
Searching for Firefox.app...
/Users/cdm436/Applications (Parallels)/{7f03cb7d-745b-4908-9f76-1aab21b9d47c} Applications.localized/Firefox.app has been deleted.
/Users/cdm436/Applications (Parallels)/{a718923b-04d4-42c7-be8a-c8a17754bc78} Applications.localized/Firefox.app has been deleted.
Searching for Thunderbird.app...
No instances of Thunderbird.app found outside /Applications.
Searching for Foxit Reader.app...
No instances of Foxit Reader.app found outside /Applications.
*************Task completed in 0 seconds to Remove rogue apps*************
*************Checking Adobe Apps*************
Internal server reachable. Downloading from internal server...
/Users/Shared/CreativeCloudInstaller.pkg already exists. Skipping download.
installer: Package name is MX-X64-MAN-CCX
installer: Installing at base path /
installer: The install failed. (The Installer encountered an error that caused the installation to fail. Contact the software manufacturer for assistance. An error occurred while running scripts from the package “CreativeCloudInstaller.pkg”.)
Adobe Creative Cloud installed successfully.
Remote Update Manager is already installed.
RemoteUpdateManager version is : 3.1.0.3
Starting the RemoteUpdateManager...

*************Adobe apps check completed*************
App Sanity Check Completed
*************End of Script*************
*************Start of Script*************
*************Checking Chrome*************
GC Installed Ver: 127.0.6533.100
GC Stable Ver: 127.0.6533.100
GC Installed Ver: 127.0.6533.100
****** Chrome version checked OK (127.0.6533.100) ******
*************Checking Firefox*************
FF Stable Ver: 129.0
FF Installed Ver: 
Firefox is not installed. Exiting.
*************Checking Thunderbird*************
TB Stable Ver: 115.14.0
TB Installed Ver: 
Thunderbird is not installed. Exiting.
*************Checking Acrobat Reader*************
****** Adobe Acrobat Reader is installed. Proceeding ******
AR Stable Ver: 24.002.20964
AR Installed Ver: 24.002.20964
****** Adobe Reader is up to date. Exiting ******
****** Adobe Acrobat Reader check completed ******
*************Checking log4j*************
JAR file already exists. Skipping download.
Using existing JAR file: /Users/Shared/log4jscan-latest.jar
****** Scan completed. Log file: /Users/Shared/log4j.log ******
*************Checking Acrobat Full Version*************
****** Adobe Acrobat Full is not installed. Exiting ******
****** Adobe Acrobat Full check completed ******
*************Checking MacOS SU*************
Performing Software Update Check for macOS
****** macOS SU check completed ******
*************Checking Microsoft Office*************
Microsoft AutoUpdate is installed.
Opening Microsoft AutoUpdate app...
Continuing script execution...
Installing updates...
*************Check complete for Microsoft Office*************
*************Checking Silverlight*************

*************Check complete for Silverlight*************
*************Checking Java*************
Folder with 'jdk' found.
Checking Java version
Skipping JDK update as version 22.0.2 is found in Java version.
Searching for rt.jar...
Searching for jrt-fs.jar...
Searching for catalina.jar...
Searching for struts-core-1.3.8.jar...
Searching for rt.ogjarbak...
Searching for jrt-fs.ogjarbak...
Found /Library/Application Support/JAMF/Composer/Sources/Sunapsis 1.0.2 with SH Module/ROOT/Users/Shared/sunapsis/v4.2.9/Contents/runtime/Contents/Home/lib/jrt-fs.ogjarbak (already .ogjarbak)
Java is required. Install Zulu JDK
Folder with 'jdk' found.
Checking Java version
Skipping JDK update as version 22.0.2 is found in Java version.
*************Check complete for Java*************
*************Checking Safari*************
macOS version is above 13.0. Skipping installation.
*************Check complete for Safari for macOS 11-13 only *************
*************Checking Rogue Apps*************
Searching for Google Chrome.app...
No instances of Google Chrome.app found outside /Applications.
Searching for Safari.app...
Searching for Firefox.app...
No instances of Firefox.app found outside /Applications.
Searching for Thunderbird.app...
No instances of Thunderbird.app found outside /Applications.
Searching for Foxit Reader.app...
No instances of Foxit Reader.app found outside /Applications.
*************Task completed in 0 seconds to Remove rogue apps*************
*************Checking Adobe Apps*************
Internal server reachable. Downloading from internal server...
/Users/Shared/CreativeCloudInstaller.pkg already exists. Skipping download.
installer: Package name is MX-X64-MAN-CCX
installer: Installing at base path /
installer: The install failed. (The Installer encountered an error that caused the installation to fail. Contact the software manufacturer for assistance. An error occurred while running scripts from the package “CreativeCloudInstaller.pkg”.)
Adobe Creative Cloud installed successfully.
Remote Update Manager is already installed.
*************Adobe apps check completed*************
App Sanity Check Completed
*************End of Script*************
*************Start of Script*************
*************Checking Chrome*************
GC Installed Ver: 127.0.6533.100
GC Stable Ver: 127.0.6533.100
GC Installed Ver: 127.0.6533.100
****** Chrome version checked OK (127.0.6533.100) ******
*************Checking Firefox*************
FF Stable Ver: 129.0
FF Installed Ver: 
Firefox is not installed. Exiting.
*************Checking Thunderbird*************
TB Stable Ver: 115.14.0
TB Installed Ver: 
Thunderbird is not installed. Exiting.
*************Checking Acrobat Reader*************
****** Adobe Acrobat Reader is installed. Proceeding ******
AR Stable Ver: 24.002.20964
AR Installed Ver: 24.002.20964
****** Adobe Reader is up to date. Exiting ******
****** Adobe Acrobat Reader check completed ******
*************Checking log4j*************
JAR file already exists. Skipping download.
Using existing JAR file: /Users/Shared/log4jscan-latest.jar
****** Scan completed. Log file: /Users/Shared/log4j.log ******
*************Checking Acrobat Full Version*************
****** Adobe Acrobat Full is not installed. Exiting ******
****** Adobe Acrobat Full check completed ******
*************Checking MacOS SU*************
Performing Software Update Check for macOS
****** macOS SU check completed ******
*************Checking Microsoft Office*************
Microsoft AutoUpdate is installed.
Opening Microsoft AutoUpdate app...
Continuing script execution...
Installing updates...
*************Check complete for Microsoft Office*************
*************Checking Silverlight*************

*************Check complete for Silverlight*************
*************Checking Java*************
Folder with 'jdk' found.
Checking Java version
Skipping JDK update as version 22.0.2 is found in Java version.
Searching for rt.jar...
Searching for jrt-fs.jar...
Searching for catalina.jar...
Searching for struts-core-1.3.8.jar...
Searching for rt.ogjarbak...
Searching for jrt-fs.ogjarbak...
Found /Library/Application Support/JAMF/Composer/Sources/Sunapsis 1.0.2 with SH Module/ROOT/Users/Shared/sunapsis/v4.2.9/Contents/runtime/Contents/Home/lib/jrt-fs.ogjarbak (already .ogjarbak)
Java is required. Install Zulu JDK
Folder with 'jdk' found.
Checking Java version
Skipping JDK update as version 22.0.2 is found in Java version.
*************Check complete for Java*************
*************Checking Safari*************
macOS version is above 13.0. Skipping installation.
*************Check complete for Safari for macOS 11-13 only *************
*************Checking Rogue Apps*************
Searching for Google Chrome.app...
No instances of Google Chrome.app found outside /Applications.
Searching for Safari.app...
Searching for Firefox.app...
No instances of Firefox.app found outside /Applications.
Searching for Thunderbird.app...
No instances of Thunderbird.app found outside /Applications.
Searching for Foxit Reader.app...
No instances of Foxit Reader.app found outside /Applications.
*************Task completed in 0 seconds to Remove rogue apps*************
*************Checking Adobe Apps*************
Internal server reachable. Downloading from internal server...
/Users/Shared/CreativeCloudInstaller.pkg already exists. Skipping download.
installer: Package name is MX-X64-MAN-CCX
installer: Installing at base path /
installer: The install failed. (The Installer encountered an error that caused the installation to fail. Contact the software manufacturer for assistance. An error occurred while running scripts from the package “CreativeCloudInstaller.pkg”.)
Adobe Creative Cloud installed successfully.
Remote Update Manager is already installed.
*************Adobe apps check completed*************
App Sanity Check Completed
*************End of Script*************
*************Start of Script*************
*************Checking Chrome*************
GC Installed Ver: 127.0.6533.100
GC Stable Ver: 127.0.6533.100
GC Installed Ver: 127.0.6533.100
****** Chrome version checked OK (127.0.6533.100) ******
*************Checking Firefox*************
FF Stable Ver: 129.0
FF Installed Ver: 
Firefox is not installed. Exiting.
*************Checking Thunderbird*************
TB Stable Ver: 115.14.0
TB Installed Ver: 
Thunderbird is not installed. Exiting.
*************Checking Acrobat Reader*************
****** Adobe Acrobat Reader is installed. Proceeding ******
AR Stable Ver: 24.002.20964
AR Installed Ver: 24.002.20964
****** Adobe Reader is up to date. Exiting ******
****** Adobe Acrobat Reader check completed ******
*************Checking log4j*************
JAR file already exists. Skipping download.
Using existing JAR file: /Users/Shared/log4jscan-latest.jar
****** Scan completed. Log file: /Users/Shared/log4j.log ******
*************Checking Acrobat Full Version*************
****** Adobe Acrobat Full is not installed. Exiting ******
****** Adobe Acrobat Full check completed ******
*************Checking MacOS SU*************
Performing Software Update Check for macOS
****** macOS SU check completed ******
*************Checking Microsoft Office*************
Microsoft AutoUpdate is installed.
Opening Microsoft AutoUpdate app...
Continuing script execution...
Installing updates...
*************Check complete for Microsoft Office*************
*************Checking Silverlight*************

*************Check complete for Silverlight*************
*************Checking Java*************
Folder with 'jdk' found.
Checking Java version
Skipping JDK update as version 22.0.2 is found in Java version.
Searching for rt.jar...
Searching for jrt-fs.jar...
Searching for catalina.jar...
Searching for struts-core-1.3.8.jar...
Searching for rt.ogjarbak...
Searching for jrt-fs.ogjarbak...
Found /Library/Application Support/JAMF/Composer/Sources/Sunapsis 1.0.2 with SH Module/ROOT/Users/Shared/sunapsis/v4.2.9/Contents/runtime/Contents/Home/lib/jrt-fs.ogjarbak (already .ogjarbak)
Java is required. Install Zulu JDK
Folder with 'jdk' found.
Checking Java version
Skipping JDK update as version 22.0.2 is found in Java version.
*************Check complete for Java*************
*************Checking Safari*************
macOS version is above 13.0. Skipping installation.
*************Check complete for Safari for macOS 11-13 only *************
*************Checking Rogue Apps*************
Searching for Google Chrome.app...
No instances of Google Chrome.app found outside /Applications.
Searching for Safari.app...
Searching for Firefox.app...
No instances of Firefox.app found outside /Applications.
Searching for Thunderbird.app...
No instances of Thunderbird.app found outside /Applications.
Searching for Foxit Reader.app...
No instances of Foxit Reader.app found outside /Applications.
*************Task completed in 1 seconds to Remove rogue apps*************
*************Checking Adobe Apps*************
Internal server reachable. Downloading from internal server...
/Users/Shared/CreativeCloudInstaller.pkg already exists. Skipping download.
installer: Package name is MX-X64-MAN-CCX
installer: Installing at base path /
installer: The install failed. (The Installer encountered an error that caused the installation to fail. Contact the software manufacturer for assistance. An error occurred while running scripts from the package “CreativeCloudInstaller.pkg”.)
Adobe Creative Cloud installed successfully.
Remote Update Manager is already installed.
RemoteUpdateManager version is : 3.1.0.3
Starting the RemoteUpdateManager...

*************Start of Script*************
*************Checking Chrome*************
GC Installed Ver: 127.0.6533.100
GC Stable Ver: 127.0.6533.120
GC Installed Ver: 127.0.6533.100
****** Chrome version differs - installed: 127.0.6533.100, available: 127.0.6533.120 ******
****** Application is currently running on target Mac. Proceeding Upgrade.******
installer: Package name is Google Chrome
installer: Upgrading at base path /
installer: The upgrade was successful.
****** Latest version of Chrome is now installed on target Mac.******
*************Checking Firefox*************
FF Stable Ver: 129.0.1
FF Installed Ver: 
Firefox is not installed. Exiting.
*************Checking Thunderbird*************
TB Stable Ver: 115.14.0
TB Installed Ver: 
Thunderbird is not installed. Exiting.
*************Checking Acrobat Reader*************
****** Adobe Acrobat Reader is installed. Proceeding ******
AR Stable Ver: 24.002.21005
AR Installed Ver: 24.002.20964
****** Adobe Reader is outdated. Updating ******
ARCurrVersNormalized: 2400221005
Latest version of the URL is: https://ardownload2.adobe.com/pub/adobe/reader/mac/AcrobatDC/2400221005/AcroRdrDC_2400221005_MUI.dmg
Wed Aug 14 12:33:01 +04 2024: Downloading newer version.
Wed Aug 14 12:33:33 +04 2024: Mounting installer disk image.
Wed Aug 14 12:33:36 +04 2024: Installing...
Process containing 'Acrobat' in its name has been killed.
Wed Aug 14 12:36:25 +04 2024: Unmounting installer disk image.
All volumes unmounted.
Wed Aug 14 12:36:35 +04 2024: Deleting disk image.
Wed Aug 14 12:36:36 +04 2024: SUCCESS: Adobe Reader has been updated to version 24.002.21005
****** Adobe Acrobat Reader check completed ******
*************Checking log4j*************
JAR file already exists. Skipping download.
Using existing JAR file: /Users/Shared/log4jscan-latest.jar
****** Scan completed. Log file: /Users/Shared/log4j.log ******
*************Checking Acrobat Full Version*************
****** Adobe Acrobat Full is installed. Proceeding ******
AB Stable Ver: 24.002.21005
AB Installed Ver: 24.002.21005
****** Adobe Full is up to date. Exiting ******
****** Adobe Acrobat Full check completed ******
*************Checking MacOS SU*************
Performing Software Update Check for macOS
****** macOS SU check completed ******
*************Checking Microsoft Office*************
Microsoft AutoUpdate is installed.
Opening Microsoft AutoUpdate app...
Continuing script execution...
Installing updates...
*************Check complete for Microsoft Office*************
*************Checking Silverlight*************

*************Check complete for Silverlight*************
*************Checking Java*************
Folder with 'jdk' found.
Checking Java version
Java encountered an issue: error
Java is not installed or not working
Wed Aug 14 12:36:38 +04 2024: Clean up JRE traces...
Searching for rt.jar...
Searching for jrt-fs.jar...
Searching for catalina.jar...
Searching for struts-core-1.3.8.jar...
Searching for rt.ogjarbak...
Searching for jrt-fs.ogjarbak...
Found /Library/Application Support/JAMF/Composer/Sources/Sunapsis 1.0.2 with SH Module/ROOT/Users/Shared/sunapsis/v4.2.9/Contents/runtime/Contents/Home/lib/jrt-fs.ogjarbak (already .ogjarbak)
Java is required. Install Zulu JDK
Intel architecture. Downloading x64 binaries...
Filename: zulu22.32.15-ca-jdk22.0.2-macosx_x64.dmg
Wed Aug 14 12:36:40 +04 2024: Downloading zulu22.32.15-ca-jdk22.0.2-macosx_x64.dmg...
Wed Aug 14 12:36:54 +04 2024: Updating Java...
Mounting /Users/Shared/zulu22.32.15-ca-jdk22.0.2-macosx_x64.dmg
Checksumming Protective Master Boot Record (MBR : 0)…
Protective Master Boot Record (MBR :: verified   CRC32 $049916CF
Checksumming GPT Header (Primary GPT Header : 1)…
 GPT Header (Primary GPT Header : 1): verified   CRC32 $58BA2A56
Checksumming GPT Partition Data (Primary GPT Table : 2)…
GPT Partition Data (Primary GPT Tabl: verified   CRC32 $2176B7E9
Checksumming  (Apple_Free : 3)…
                    (Apple_Free : 3): verified   CRC32 $00000000
Checksumming disk image (Apple_HFS : 4)…
          disk image (Apple_HFS : 4): verified   CRC32 $29E392EC
Checksumming  (Apple_Free : 5)…
                    (Apple_Free : 5): verified   CRC32 $00000000
Checksumming GPT Partition Data (Backup GPT Table : 6)…
GPT Partition Data (Backup GPT Table: verified   CRC32 $2176B7E9
Checksumming GPT Header (Backup GPT Header : 7)…
  GPT Header (Backup GPT Header : 7): verified   CRC32 $E8EFEB83
verified   CRC32 $F39F8F5B
/dev/disk5          	GUID_partition_scheme          	
/dev/disk5s1        	Apple_HFS                      	/Volumes/ZuluInstaller
Wed Aug 14 12:37:06 +04 2024: Clean up JRE traces...
Installing /Volumes/ZuluInstaller/Double-Click to Install Azul Zulu JDK 22.pkg ****************
installer: Package name is Azul Zulu JDK 22.32+15
installer: Upgrading at base path /
installer: The upgrade was successful.
"disk5" ejected.
*************Check complete for Java*************
*************Checking Safari*************
macOS version is above 13.0. Skipping installation.
*************Check complete for Safari for macOS 11-13 only *************
*************Checking Rogue Apps*************
Searching for Google Chrome.app...
Searching for Safari.app...
Searching for Firefox.app...
/Users/cdm436/Applications (Parallels)/{7f03cb7d-745b-4908-9f76-1aab21b9d47c} Applications.localized/Firefox.app has been deleted.
Searching for Thunderbird.app...
No instances of Thunderbird.app found outside /Applications.
Searching for Foxit Reader.app...
No instances of Foxit Reader.app found outside /Applications.
*************Task completed in 1 seconds to Remove rogue apps*************
*************Checking Adobe Apps*************
Adobe Creative Cloud is already installed.
Remote Update Manager is already installed.
*************Start of Script*************
*************Checking Chrome*************
GC Installed Ver: 127.0.6533.120
GC Stable Ver: 127.0.6533.120
GC Installed Ver: 127.0.6533.120
****** Chrome version checked OK (127.0.6533.120) ******
*************Checking Firefox*************
FF Stable Ver: 129.0.1
FF Installed Ver: 
Firefox is not installed. Exiting.
*************Checking Thunderbird*************
TB Stable Ver: 115.14.0
TB Installed Ver: 
Thunderbird is not installed. Exiting.
*************Checking Acrobat Reader*************
****** Adobe Acrobat Reader is installed. Proceeding ******
AR Stable Ver: 24.002.21005
AR Installed Ver: 24.002.21005
****** Adobe Reader is up to date. Exiting ******
****** Adobe Acrobat Reader check completed ******
*************Checking log4j*************
JAR file already exists. Skipping download.
Using existing JAR file: /Users/Shared/log4jscan-latest.jar
****** Scan completed. Log file: /Users/Shared/log4j.log ******
*************Checking Acrobat Full Version*************
****** Adobe Acrobat Full is installed. Proceeding ******
AB Stable Ver: 24.002.21005
AB Installed Ver: 24.002.21005
****** Adobe Full is up to date. Exiting ******
****** Adobe Acrobat Full check completed ******
*************Checking MacOS SU*************
Performing Software Update Check for macOS
****** macOS SU check completed ******
*************Checking Microsoft Office*************
Microsoft AutoUpdate is installed.
Opening Microsoft AutoUpdate app...
Continuing script execution...
Installing updates...
*************Check complete for Microsoft Office*************
*************Checking Silverlight*************

*************Check complete for Silverlight*************
*************Checking Java*************
Folder with 'jdk' found.
Checking Java version
Skipping JDK update as version 22.0.2 is found in Java version.
Searching for rt.jar...
Searching for jrt-fs.jar...
Searching for catalina.jar...
Searching for struts-core-1.3.8.jar...
Searching for rt.ogjarbak...
Searching for jrt-fs.ogjarbak...
Found /Library/Application Support/JAMF/Composer/Sources/Sunapsis 1.0.2 with SH Module/ROOT/Users/Shared/sunapsis/v4.2.9/Contents/runtime/Contents/Home/lib/jrt-fs.ogjarbak (already .ogjarbak)
Java is required. Install Zulu JDK
Folder with 'jdk' found.
Checking Java version
Skipping JDK update as version 22.0.2 is found in Java version.
*************Check complete for Java*************
*************Checking Safari*************
macOS version is above 13.0. Skipping installation.
*************Check complete for Safari for macOS 11-13 only *************
*************Checking Rogue Apps*************
Searching for Google Chrome.app...
Searching for Safari.app...
Searching for Firefox.app...
No instances of Firefox.app found outside /Applications.
Searching for Thunderbird.app...
No instances of Thunderbird.app found outside /Applications.
Searching for Foxit Reader.app...
No instances of Foxit Reader.app found outside /Applications.
*************Task completed in 1 seconds to Remove rogue apps*************
*************Checking Adobe Apps*************
Internal server reachable. Downloading from internal server...
/Users/Shared/CreativeCloudInstaller.pkg already exists. Skipping download.
Adobe Creative Cloud installed successfully.
Remote Update Manager is already installed.
Adobe Apps Update in progress...
Adobe Creative Cloud Uninstaller not found.
*************Adobe apps check completed*************
App Sanity Check Completed
*************End of Script*************
*************Start of Script*************
*************Checking Chrome*************
GC Installed Ver: 128.0.6613.85
****** Chrome DMG is fresh. Skipping download. ******
GC Stable Ver: 128.0.6613.85
GC Installed Ver: 128.0.6613.85
****** Chrome version checked OK (128.0.6613.85) ******
*************Checking Firefox*************
****** Firefox DMG is fresh. Skipping download. ******
FF Stable Ver: 129.0.2
FF Installed Ver: 129.0.2
****** Firefox version checked OK (129.0.2) ******
*************Checking Thunderbird*************
****** Thunderbird DMG is fresh. Skipping download. ******
TB Stable Ver: 115.14.0
TB Installed Ver: 
Thunderbird is not installed. Exiting.
*************Checking Acrobat Reader*************
****** Adobe Acrobat Reader is installed. Proceeding ******
AR Stable Ver: 24.002.21005
AR Installed Ver: 24.002.21005
****** Adobe Reader is up to date. Exiting ******
****** Adobe Acrobat Reader check completed ******
*************Checking log4j*************
JAR file already exists. Skipping download.
Using existing JAR file: /Users/Shared/log4jscan-latest.jar
Log file is not more than 7 days old. Skipping scan.
*************Checking Acrobat Full Version*************
****** Adobe Acrobat Full is installed. Proceeding ******
AB Stable Ver: 24.002.21005
AB Installed Ver: 24.002.21005
****** Adobe Full is up to date. Exiting ******
****** Adobe Acrobat Full check completed ******
*************Checking MacOS SU*************
Performing Software Update Check for macOS
****** macOS SU check completed ******
*************Checking Microsoft Office*************
Microsoft AutoUpdate is installed.
Opening Microsoft AutoUpdate app...
Continuing script execution...
Installing updates...
*************Check complete for Microsoft Office*************
*************Checking Silverlight*************

*************Check complete for Silverlight*************
*************Checking Java*************
Folder with 'jdk' found.
Checking Java version
Skipping JDK update as version 22.0.2 is found in Java version.
Searching for rt.jar...
Searching for jrt-fs.jar...
Searching for catalina.jar...
Searching for struts-core-1.3.8.jar...
Searching for rt.ogjarbak...
Searching for jrt-fs.ogjarbak...
Found /Library/Application Support/JAMF/Composer/Sources/Sunapsis 1.0.2 with SH Module/ROOT/Users/Shared/sunapsis/v4.2.9/Contents/runtime/Contents/Home/lib/jrt-fs.ogjarbak (already .ogjarbak)
Java is required. Install Zulu JDK
Folder with 'jdk' found.
Checking Java version
Skipping JDK update as version 22.0.2 is found in Java version.
*************Check complete for Java*************
*************Checking Safari*************
macOS version is above 13.0. Skipping installation.
*************Check complete for Safari for macOS 11-13 only *************
*************Checking Rogue Apps*************
Searching for Google Chrome.app...
Searching for Safari.app...
Searching for Firefox.app...
Searching for Thunderbird.app...
No instances of Thunderbird.app found outside /Applications.
Searching for Foxit Reader.app...
No instances of Foxit Reader.app found outside /Applications.
*************Task completed in 0 seconds to Remove rogue apps*************
*************Checking Adobe Apps*************
Remote Update Manager is already installed.
Adobe Apps Update in progress...
RemoteUpdateManager version is : 3.1.0.3
Starting the RemoteUpdateManager...

**************************************************
No new updates are available for Acrobat/Reader
**************************************************
No new applicable Updates. Seems like all products are up-to-date.
RemoteUpdateManager exiting with Return Code (0)
*************Adobe apps check completed*************
App Sanity Check Completed
*************End of Script*************
*************Start of Script*************
*************Checking Chrome*************
GC Installed Ver: 128.0.6613.85
****** Chrome DMG is fresh. Skipping download. ******
GC Stable Ver: 128.0.6613.85
GC Installed Ver: 128.0.6613.85
****** Chrome version checked OK (128.0.6613.85) ******
*************Checking Firefox*************
****** Firefox DMG is fresh. Skipping download. ******
FF Stable Ver: 129.0.2
FF Installed Ver: 129.0.2
****** Firefox version checked OK (129.0.2) ******
*************Checking Thunderbird*************
****** Thunderbird DMG is fresh. Skipping download. ******
TB Stable Ver: 115.14.0
TB Installed Ver: 
Thunderbird is not installed. Exiting.
*************Checking Acrobat Reader*************
****** Adobe Acrobat Reader is installed. Proceeding ******
AR Stable Ver: 24.002.21005
AR Installed Ver: 24.002.21005
****** Adobe Reader is up to date. Exiting ******
****** Adobe Acrobat Reader check completed ******
*************Checking log4j*************
JAR file already exists. Skipping download.
Using existing JAR file: /Users/Shared/log4jscan-latest.jar
Log file is not more than 7 days old. Skipping scan.
*************Checking Acrobat Full Version*************
****** Adobe Acrobat Full is installed. Proceeding ******
AB Stable Ver: 24.002.21005
AB Installed Ver: 24.002.21005
****** Adobe Full is up to date. Exiting ******
****** Adobe Acrobat Full check completed ******
*************Checking MacOS SU*************
Performing Software Update Check for macOS
****** macOS SU check completed ******
*************Checking Microsoft Office*************
Microsoft AutoUpdate is installed.
Opening Microsoft AutoUpdate app...
Continuing script execution...
Installing updates...
*************Check complete for Microsoft Office*************
*************Checking Silverlight*************

*************Check complete for Silverlight*************
*************Checking Java*************
Folder with 'jdk' found.
Checking Java version
Skipping JDK update as version 22.0.2 is found in Java version.
Searching for rt.jar...
Searching for jrt-fs.jar...
Searching for catalina.jar...
Searching for struts-core-1.3.8.jar...
Searching for rt.ogjarbak...
Searching for jrt-fs.ogjarbak...
Found /Library/Application Support/JAMF/Composer/Sources/Sunapsis 1.0.2 with SH Module/ROOT/Users/Shared/sunapsis/v4.2.9/Contents/runtime/Contents/Home/lib/jrt-fs.ogjarbak (already .ogjarbak)
Java is required. Install Zulu JDK
Folder with 'jdk' found.
Checking Java version
Skipping JDK update as version 22.0.2 is found in Java version.
*************Check complete for Java*************
*************Checking Safari*************
macOS version is above 13.0. Skipping installation.
*************Check complete for Safari for macOS 11-13 only *************
*************Checking Rogue Apps*************
Searching for Google Chrome.app...
Searching for Safari.app...
Searching for Firefox.app...
Searching for Thunderbird.app...
No instances of Thunderbird.app found outside /Applications.
Searching for Foxit Reader.app...
No instances of Foxit Reader.app found outside /Applications.
*************Task completed in 1 seconds to Remove rogue apps*************
*************Checking Adobe Apps*************
Remote Update Manager is already installed.
Adobe Apps Update in progress...
RemoteUpdateManager version is : 3.1.0.3
Starting the RemoteUpdateManager...

**************************************************
No new updates are available for Acrobat/Reader
**************************************************
No new applicable Updates. Seems like all products are up-to-date.
RemoteUpdateManager exiting with Return Code (0)
*************Adobe apps check completed*************
App Sanity Check Completed
*************End of Script*************
*************Start of Script*************
*************Checking Chrome*************
GC Installed Ver: 128.0.6613.85
****** Chrome DMG is fresh. Skipping download. ******
GC Stable Ver: 128.0.6613.85
GC Installed Ver: 128.0.6613.85
****** Chrome version checked OK (128.0.6613.85) ******
*************Checking Firefox*************
****** Firefox DMG is fresh. Skipping download. ******
FF Stable Ver: 129.0.2
FF Installed Ver: 129.0.2
****** Firefox version checked OK (129.0.2) ******
*************Checking Thunderbird*************
****** Thunderbird DMG is fresh. Skipping download. ******
TB Stable Ver: 115.14.0
TB Installed Ver: 
Thunderbird is not installed. Exiting.
*************Checking Acrobat Reader*************
****** Adobe Acrobat Reader is installed. Proceeding ******
AR Stable Ver: 24.002.21005
AR Installed Ver: 24.002.21005
****** Adobe Reader is up to date. Exiting ******
****** Adobe Acrobat Reader check completed ******
*************Checking log4j*************
JAR file already exists. Skipping download.
Using existing JAR file: /Users/Shared/log4jscan-latest.jar
Log file is not more than 7 days old. Skipping scan.
*************Checking Acrobat Full Version*************
****** Adobe Acrobat Full is installed. Proceeding ******
AB Stable Ver: 24.002.21005
AB Installed Ver: 24.002.21005
****** Adobe Full is up to date. Exiting ******
****** Adobe Acrobat Full check completed ******
*************Checking MacOS SU*************
Performing Software Update Check for macOS
****** macOS SU check completed ******
*************Checking Microsoft Office*************
Microsoft AutoUpdate is installed.
Opening Microsoft AutoUpdate app...
Continuing script execution...
Installing updates...
*************Check complete for Microsoft Office*************
*************Checking Silverlight*************

*************Check complete for Silverlight*************
*************Checking Java*************
Folder with 'jdk' found.
Checking Java version
Skipping JDK update as version 22.0.2 is found in Java version.
Searching for rt.jar...
Searching for jrt-fs.jar...
Searching for catalina.jar...
Searching for struts-core-1.3.8.jar...
Searching for rt.ogjarbak...
Searching for jrt-fs.ogjarbak...
Found /Library/Application Support/JAMF/Composer/Sources/Sunapsis 1.0.2 with SH Module/ROOT/Users/Shared/sunapsis/v4.2.9/Contents/runtime/Contents/Home/lib/jrt-fs.ogjarbak (already .ogjarbak)
Java is required. Install Zulu JDK
Folder with 'jdk' found.
Checking Java version
Skipping JDK update as version 22.0.2 is found in Java version.
*************Check complete for Java*************
*************Checking Safari*************
macOS version is above 13.0. Skipping installation.
*************Check complete for Safari for macOS 11-13 only *************
*************Checking Rogue Apps*************
Searching for Google Chrome.app...
Searching for Safari.app...
Searching for Firefox.app...
Searching for Thunderbird.app...
No instances of Thunderbird.app found outside /Applications.
Searching for Foxit Reader.app...
No instances of Foxit Reader.app found outside /Applications.
*************Task completed in 1 seconds to Remove rogue apps*************
*************Checking Adobe Apps*************
Remote Update Manager is already installed.
Adobe Apps Update in progress...
RemoteUpdateManager version is : 3.1.0.3
Starting the RemoteUpdateManager...

**************************************************
No new updates are available for Acrobat/Reader
**************************************************
No new applicable Updates. Seems like all products are up-to-date.
RemoteUpdateManager exiting with Return Code (0)
*************Adobe apps check completed*************
App Sanity Check Completed
*************End of Script*************
******000000******Start of Script******000000******
*************Checking Chrome*************
GC Installed Ver: 128.0.6613.85
****** Chrome DMG is fresh and metadata matches. Skipping download. ******
GC Stable Ver: 128.0.6613.85
GC Installed Ver: 128.0.6613.85
****** Chrome version checked OK (128.0.6613.85) ******
*************Checking Firefox*************
****** Firefox DMG is fresh and metadata matches. Skipping download. ******
FF Stable Ver: 129.0.2
FF Installed Ver: 129.0.2
****** Firefox version checked OK (129.0.2) ******
****** Thunderbird is not installed ******
*************Checking Acrobat Reader*************
****** Adobe Acrobat Reader is installed. Proceeding ******
AR Stable Ver: 24.002.21005
AR Installed Ver: 24.002.21005
****** Adobe Reader is up to date. Exiting ******
****** Adobe Acrobat Reader check completed ******
*************Checking log4j*************
JAR file already exists. Skipping download.
Using existing JAR file: /Users/Shared/log4jscan-latest.jar
Log file is not more than 7 days old. Skipping scan.
*************Checking Acrobat Full Version*************
****** Adobe Acrobat Full is installed. Proceeding ******
AB Stable Ver: 24.002.21005
AB Installed Ver: 24.002.21005
****** Adobe Full is up to date. Exiting ******
****** Adobe Acrobat Full check completed ******
*************Checking Microsoft Office*************
Microsoft AutoUpdate is installed.
Opening Microsoft AutoUpdate app...
Continuing script execution...
Installing updates...
*************Check complete for Microsoft Office*************
*************Checking Silverlight*************

*************Check complete for Silverlight*************
*************Checking Java*************
Folder with 'jdk' found.
Checking Java version
Skipping JDK update as version 22.0.2 is found in Java version.
Searching for rt.jar...
Searching for jrt-fs.jar...
Searching for catalina.jar...
Searching for struts-core-1.3.8.jar...
Searching for rt.ogjarbak...
Searching for jrt-fs.ogjarbak...
Found /Library/Application Support/JAMF/Composer/Sources/Sunapsis 1.0.2 with SH Module/ROOT/Users/Shared/sunapsis/v4.2.9/Contents/runtime/Contents/Home/lib/jrt-fs.ogjarbak (already .ogjarbak)
Java is required. Install Zulu JDK
Folder with 'jdk' found.
Checking Java version
Skipping JDK update as version 22.0.2 is found in Java version.
*************Check complete for Java*************
*************Checking Safari*************
macOS version is above 13.0. Skipping installation.
*************Check complete for Safari for macOS 11-13 only *************
*************Checking Rogue Apps*************
Searching for Google Chrome.app...
Searching for Safari.app...
Searching for Firefox.app...
Searching for Thunderbird.app...
No instances of Thunderbird.app found outside /Applications.
Searching for Foxit Reader.app...
No instances of Foxit Reader.app found outside /Applications.
*************Task completed in 1 seconds to Remove rogue apps*************
*************Checking Adobe Apps*************
Remote Update Manager is already installed.
Adobe Apps Update in progress...
RemoteUpdateManager version is : 3.1.0.3
Starting the RemoteUpdateManager...

**************************************************
No new updates are available for Acrobat/Reader
**************************************************
No new applicable Updates. Seems like all products are up-to-date.
RemoteUpdateManager exiting with Return Code (0)
*************Adobe apps check completed*************
*************Checking MacOS SU*************
Performing Software Update Check for macOS
*************No update found*************
****** macOS SU check completed ******
App Sanity Check Completed
*************End of Script*************
******000000******Start of Script******000000******
Current date and time: Tue Aug 27 09:06:21 +04 2024
*************Checking Chrome*************
GC Installed Ver: 128.0.6613.85
****** Chrome DMG is fresh and metadata matches. Skipping download. ******
GC Stable Ver: 128.0.6613.85
GC Installed Ver: 128.0.6613.85
****** Chrome version checked OK (128.0.6613.85) ******
*************Checking Firefox*************
****** Firefox DMG is fresh and metadata matches. Skipping download. ******
FF Stable Ver: 129.0.2
FF Installed Ver: 129.0.2
****** Firefox version checked OK (129.0.2) ******
****** Thunderbird is not installed ******
*************Checking Acrobat Reader*************
****** Adobe Acrobat Reader is installed. Proceeding ******
AR Stable Ver: 24.002.21005
AR Installed Ver: 24.002.21005
****** Adobe Reader is up to date. Exiting ******
****** Adobe Acrobat Reader check completed ******
*************Checking log4j*************
JAR file already exists. Skipping download.
Using existing JAR file: /Users/Shared/log4jscan-latest.jar
Log file is not more than 7 days old. Skipping scan.
*************Checking Acrobat Full Version*************
****** Adobe Acrobat Full is installed. Proceeding ******
AB Stable Ver: 24.002.21005
AB Installed Ver: 24.002.21005
****** Adobe Full is up to date. Exiting ******
****** Adobe Acrobat Full check completed ******
*************Checking Microsoft Office*************
Microsoft AutoUpdate is installed.
Opening Microsoft AutoUpdate app...
Continuing script execution...
Installing updates...
*************Check complete for Microsoft Office*************
*************Checking Silverlight*************

*************Check complete for Silverlight*************
*************Checking Java*************
Folder with 'jdk' found.
Checking Java version
Skipping JDK update as version 22.0.2 is found in Java version.
Searching for rt.jar...
Searching for jrt-fs.jar...
Searching for catalina.jar...
Searching for struts-core-1.3.8.jar...
Searching for rt.ogjarbak...
Searching for jrt-fs.ogjarbak...
Found /Library/Application Support/JAMF/Composer/Sources/Sunapsis 1.0.2 with SH Module/ROOT/Users/Shared/sunapsis/v4.2.9/Contents/runtime/Contents/Home/lib/jrt-fs.ogjarbak (already .ogjarbak)
Java is required. Install Zulu JDK
Folder with 'jdk' found.
Checking Java version
Skipping JDK update as version 22.0.2 is found in Java version.
*************Check complete for Java*************
*************Checking Safari*************
macOS version is above 13.0. Skipping installation.
*************Check complete for Safari for macOS 11-13 only *************
*************Checking Rogue Apps*************
Searching for Google Chrome.app...
Searching for Safari.app...
Searching for Firefox.app...
Searching for Thunderbird.app...
No instances of Thunderbird.app found outside /Applications.
Searching for Foxit Reader.app...
No instances of Foxit Reader.app found outside /Applications.
*************Task completed in 0 seconds to Remove rogue apps*************
*************Checking Adobe Apps*************
Remote Update Manager is already installed.
Adobe Apps Update in progress...
RemoteUpdateManager version is : 3.1.0.3
Starting the RemoteUpdateManager...

**************************************************
No new updates are available for Acrobat/Reader
**************************************************
No new applicable Updates. Seems like all products are up-to-date.
RemoteUpdateManager exiting with Return Code (0)
*************Adobe apps check completed*************
*************Checking MacOS SU*************
Performing Software Update Check for macOS
*************No update found*************
****** macOS SU check completed ******
App Sanity Check Completed
*************End of Script*************
Current date and time: Tue Aug 27 09:06:41 +04 2024
******000000******Start of Script******000000******
*************Start time: Tue Aug 27 09:12:38 +04 2024*************
*************Checking Chrome*************
GC Installed Ver: 128.0.6613.85
****** Chrome DMG is fresh and metadata matches. Skipping download. ******
GC Stable Ver: 128.0.6613.85
GC Installed Ver: 128.0.6613.85
****** Chrome version checked OK (128.0.6613.85) ******
*************Checking Firefox*************
****** Firefox DMG is fresh and metadata matches. Skipping download. ******
FF Stable Ver: 129.0.2
FF Installed Ver: 129.0.2
****** Firefox version checked OK (129.0.2) ******
****** Thunderbird is not installed ******
*************Checking Acrobat Reader*************
****** Adobe Acrobat Reader is installed. Proceeding ******
AR Stable Ver: 24.002.21005
AR Installed Ver: 24.002.21005
****** Adobe Reader is up to date. Exiting ******
****** Adobe Acrobat Reader check completed ******
*************Checking log4j*************
JAR file already exists. Skipping download.
Using existing JAR file: /Users/Shared/log4jscan-latest.jar
Log file is not more than 7 days old. Skipping scan.
*************Checking Acrobat Full Version*************
****** Adobe Acrobat Full is installed. Proceeding ******
AB Stable Ver: 24.002.21005
AB Installed Ver: 24.002.21005
****** Adobe Full is up to date. Exiting ******
****** Adobe Acrobat Full check completed ******
*************Checking Microsoft Office*************
Microsoft AutoUpdate is installed.
Opening Microsoft AutoUpdate app...
Continuing script execution...
Installing updates...
*************Check complete for Microsoft Office*************
*************Checking Silverlight*************

*************Check complete for Silverlight*************
*************Checking Java*************
Folder with 'jdk' found.
Checking Java version
Skipping JDK update as version 22.0.2 is found in Java version.
Searching for rt.jar...
Searching for jrt-fs.jar...
Searching for catalina.jar...
Searching for struts-core-1.3.8.jar...
Searching for rt.ogjarbak...
Searching for jrt-fs.ogjarbak...
Found /Library/Application Support/JAMF/Composer/Sources/Sunapsis 1.0.2 with SH Module/ROOT/Users/Shared/sunapsis/v4.2.9/Contents/runtime/Contents/Home/lib/jrt-fs.ogjarbak (already .ogjarbak)
Java is required. Install Zulu JDK
Folder with 'jdk' found.
Checking Java version
Skipping JDK update as version 22.0.2 is found in Java version.
*************Check complete for Java*************
*************Checking Safari*************
macOS version is above 13.0. Skipping installation.
*************Check complete for Safari for macOS 11-13 only *************
*************Checking Rogue Apps*************
Searching for Google Chrome.app...
Searching for Safari.app...
Searching for Firefox.app...
Searching for Thunderbird.app...
No instances of Thunderbird.app found outside /Applications.
Searching for Foxit Reader.app...
No instances of Foxit Reader.app found outside /Applications.
*************Task completed in 0 seconds to Remove rogue apps*************
*************Checking Adobe Apps*************
Remote Update Manager is already installed.
Adobe Apps Update in progress...
RemoteUpdateManager version is : 3.1.0.3
Starting the RemoteUpdateManager...

**************************************************
No new updates are available for Acrobat/Reader
**************************************************
No new applicable Updates. Seems like all products are up-to-date.
RemoteUpdateManager exiting with Return Code (0)
*************Adobe apps check completed*************
*************Checking MacOS SU*************
Performing Software Update Check for macOS
*************No update found*************
****** macOS SU check completed ******
*************End of Script*************
*************End time: Tue Aug 27 09:12:58 +04 2024*************
*************Elapsed time: 20 seconds*************
App Sanity Check Completed
******000000******Start of Script******000000******
*************Start time: Wed Oct 16 10:54:19 +04 2024*************
*************Checking Chrome*************
GC Installed Ver: 130.0.6723.58
****** Chrome DMG is outdated or metadata mismatch. Downloading again. ******
GC Stable Ver: 130.0.6723.59
GC Installed Ver: 130.0.6723.58
****** Chrome version differs - installed: 130.0.6723.58, available: 130.0.6723.59 ******
****** Application is currently running on target Mac. Proceeding Upgrade. ******
****** Latest version of Chrome is now installed on target Mac. ******
****** Firefox is not installed ******
****** Thunderbird is not installed ******
*************Checking Acrobat Reader*************
****** Adobe Acrobat Reader is installed. Proceeding ******
AR Stable Ver: 24.003.20180
AR Installed Ver: 24.003.20180
****** Adobe Reader is up to date. Exiting ******
****** Adobe Acrobat Reader check completed ******
*************Checking log4j*************
JAR file already exists. Skipping download.
Using existing JAR file: /Users/Shared/log4jscan-latest.jar
Log file is not more than 7 days old. Skipping scan.
*************Checking Acrobat Full Version*************
****** Adobe Acrobat Full is installed. Proceeding ******
AB Stable Ver: 24.003.20180
AB Installed Ver: 24.003.20180
****** Adobe Full is up to date. Exiting ******
****** Adobe Acrobat Full check completed ******
*************Checking Microsoft Office*************
Microsoft AutoUpdate is installed.
Opening Microsoft AutoUpdate app...
Continuing script execution...
Installing updates...
*************Check complete for Microsoft Office*************
*************Checking Silverlight*************

*************Check complete for Silverlight*************
*************Checking Java*************
Folder with 'jdk' found.
Checking Java version
Java is installed and working
Performing JDK update...
Intel architecture. Downloading x64 binaries...
Filename: zulu23.30.13-ca-jdk23.0.1-macosx_x64.dmg
Wed Oct 16 10:55:10 +04 2024: Downloading zulu23.30.13-ca-jdk23.0.1-macosx_x64.dmg...
Error: Failed to download zulu23.30.13-ca-jdk23.0.1-macosx_x64.dmg
Wed Oct 16 10:55:16 +04 2024: Updating Java...
Mounting /Users/Shared/zulu23.30.13-ca-jdk23.0.1-macosx_x64.dmg
Wed Oct 16 10:55:17 +04 2024: Clean up JRE traces...
Installing  ****************
installer: Error - the package path specified was invalid: ''.
Searching for rt.jar...
Searching for jrt-fs.jar...
Searching for catalina.jar...
Searching for struts-core-1.3.8.jar...
Searching for rt.ogjarbak...
Found /Users/cdm436/tizen-studio/jdk/Contents/Home/jre/lib/rt.ogjarbak (already .ogjarbak)
Searching for jrt-fs.ogjarbak...
Found /Library/Application Support/JAMF/Composer/Sources/Sunapsis 1.0.2 with SH Module/ROOT/Users/Shared/sunapsis/v4.2.9/Contents/runtime/Contents/Home/lib/jrt-fs.ogjarbak (already .ogjarbak)
Java is required. Install Zulu JDK
Intel architecture. Downloading x64 binaries...
Filename: zulu23.30.13-ca-jdk23.0.1-macosx_x64.dmg
Wed Oct 16 10:55:19 +04 2024: zulu23.30.13-ca-jdk23.0.1-macosx_x64.dmg already downloaded.
Wed Oct 16 10:55:19 +04 2024: Updating Java...
Mounting /Users/Shared/zulu23.30.13-ca-jdk23.0.1-macosx_x64.dmg
Wed Oct 16 10:55:20 +04 2024: Clean up JRE traces...
Installing  ****************
installer: Error - the package path specified was invalid: ''.
*************Check complete for Java*************
*************Checking Safari*************
macOS version is above 13.0. Skipping installation.
*************Check complete for Safari for macOS 11-13 only *************
*************Checking Rogue Apps*************
Searching for Google Chrome.app...
/Users/cdm436/Applications (Parallels)/{7f03cb7d-745b-4908-9f76-1aab21b9d47c} Applications.localized/Google Chrome.app has been deleted.
Searching for Safari.app...
Searching for Firefox.app...
/Users/cdm436/Applications (Parallels)/{7f03cb7d-745b-4908-9f76-1aab21b9d47c} Applications.localized/Firefox.app has been deleted.
Searching for Thunderbird.app...
No instances of Thunderbird.app found outside /Applications.
Searching for Foxit Reader.app...
No instances of Foxit Reader.app found outside /Applications.
*************Task completed in 0 seconds to Remove rogue apps*************
*************Checking Adobe Apps*************
Remote Update Manager is already installed.
Adobe Apps Update in progress...
RemoteUpdateManager version is : 3.1.0.3
Starting the RemoteUpdateManager...

**************************************************
**************************************************
*************Adobe apps check completed*************
*************Checking MacOS SU*************
Performing Software Update Check for macOS
*************No update found*************
****** macOS SU check completed ******
VLC version: 3.0.21
Arch is: x86_64
Installing Zoom for Intel
Latest VLC Installed
****** VLC check completed ******
*************End of Script*************
*************End time: Wed Oct 16 10:56:37 +04 2024*************
*************Elapsed time: 138 seconds*************
App Sanity Check Completed
