============Sync started successfully============
Wed Nov 13 21:11:16 +04 2024
Current OS: macOS Sequoia 15
Current OS URL: https://support.apple.com/en-ae/121238
Release Date: September 16, 2024
58 days since release date
Is the release date more than 100 days? NO
Installed Version: 14.7
CURRENT build for 14 is 14.7.1
Allowed OS is 14 (static)
Highest version available: 14.7.1
Notify_Update to 14.7.1
============Sync started successfully============
Fri Nov 22 16:35:21 +04 2024
Current OS: macOS Sequoia 15
Current OS URL: https://support.apple.com/en-ae/121238
Release Date: September 16, 2024
67 days since release date
Is the release date more than 100 days? NO
Installed Version: 14.7.1
CURRENT build for 14 is 14.7.1
Highest version available3: 15
============Sync started successfully============
Fri Jan 3 17:45:44 +04 2025
Current OS: macOS Sequoia 15
Current OS URL: https://support.apple.com/en-ae/121238
Release Date: September 16, 2024
109 days since release date
Is the release date more than 200 days? NO
Installed Version: 14.7.1
CURRENT build for 14 is 14.7.2
Highest version available2: 14.7.1
Compliant. No action required.
============Sync started successfully============
Fri Jan 3 22:41:30 +04 2025
Current OS: macOS Sequoia 15
Current OS URL: https://support.apple.com/en-ae/121238
Release Date: September 16, 2024
109 days since release date
Is the release date more than 200 days? NO
Installed Version: 14.7.1
CURRENT build for 14 is 14.7.2
List of available version 15.2 15.1.1 15.1 15.0.1 15.0 14.7.2 14.7.1 14.7 14.4.1 13.7.2 13.7.1 13.7 13.6.6 
Highest version available3: 14.7.2
Notify_Update to 14.7.2
============Sync started successfully============
Mon Jan 6 19:13:09 +04 2025
Current OS: macOS Sequoia 15
Current OS URL: https://support.apple.com/en-ae/121238
Release Date: September 16, 2024
112 days since release date
Is the release date more than 200 days? NO
Installed Version: 14.7.1
CURRENT build for 14 is 14.7.2
List of available version 15.2 15.1.1 15.1 15.0.1 15.0 14.7.2 14.7.1 14.7 14.4.1 13.7.2 13.7.1 13.7 13.6.6 
Highest version available3: 14.7.2
Notify_Update to 14.7.2
============Sync started successfully============
Active network service: Wi-Fi
Current DNS for 'Wi-Fi':
127.0.0.2
DNS starts with 127.0, setting DNS to DHCP (automatic)...
BloXOne app found. Uninstalling...
BloxOne Endpoint unistalled successfully.
BloXOne app uninstalled.
DNS set to automatic.
Fri Jan 31 12:11:53 +04 2025
Current OS: macOS Sequoia 15
Current OS URL: https://support.apple.com/en-ae/121238
Release Date: September 16, 2024
137 days since release date
Is the release date more than 0 days? Yes
Installed Version: 14.7.1
CURRENT build for 14 is 14.7.3
List of available version 15.3 15.2 15.1.1 15.1 14.7.3 14.7.2 14.7.1 13.7.3 13.7.2 13.7.1 
Highest version available4: 15.3
Notify_Update to 15.3
