============Sync started successfully============
Mon Jan 6 13:50:52 +04 2025
Current OS: macOS Sequoia 15
Current OS URL: https://support.apple.com/en-ae/121238
Release Date: September 16, 2024
112 days since release date
Is the release date more than 200 days? NO
Installed Version: 15.1
CURRENT build for 15 is 15.2
List of available version 15.2 15.1.1 15.1 
Highest version available2: 15.2
Notify_Update to 15.2
============Sync started successfully============
Mon Jan 6 19:15:48 +04 2025
Current OS: macOS Sequoia 15
Current OS URL: https://support.apple.com
Release Date: 
20094 days since release date
Is the release date more than 200 days? Yes
Installed Version: 15.1
CURRENT build for 15 is 15.2
List of available version 15.2 15.1.1 15.1 
Highest version available2: 15.2
Notify_Update to 15.2
============Sync started successfully============
Active network service: Wi-Fi
Current DNS for 'Wi-Fi':
No DNS servers are set.
DNS does not start with 127.0, no changes made.
Mon Jan 27 21:00:20 +04 2025
Current OS: macOS Sequoia 15
Current OS URL: https://support.apple.com
Release Date: 
20115 days since release date
Is the release date more than 0 days? Yes
Installed Version: 15.1
CURRENT build for 15 is 15.2
List of available version 15.2 15.1.1 15.1 
Highest version available2: 15.2
Notify_Update to 15.2
