============Sync started successfully============
Wed Nov 13 21:11:25 +04 2024
Current OS: macOS Sequoia 15
Current OS URL: https://support.apple.com/en-ae/121238
Release Date: September 16, 2024
58 days since release date
Is the release date more than 100 days? NO
Installed Version: 15.0
CURRENT build for 15 is 15.1
Highest version available: 15.1
Forced_Update to 15.1
Request for software update completed successfully
============Sync started successfully============
Fri Nov 22 17:29:18 +04 2024
Current OS: macOS Sequoia 15
Current OS URL: https://support.apple.com/en-ae/121238
Release Date: September 16, 2024
67 days since release date
Is the release date more than 100 days? NO
Installed Version: 15.1.1
CURRENT build for 15 is 15.1.1
Highest version available3: 15
============Sync started successfully============
Fri Jan 3 17:45:41 +04 2025
Current OS: macOS Sequoia 15
Current OS URL: https://support.apple.com/en-ae/121238
Release Date: September 16, 2024
109 days since release date
Is the release date more than 200 days? NO
Installed Version: 15.1.1
CURRENT build for 15 is 15.2
Highest version available2: 15.1.1
Compliant. No action required.
============Sync started successfully============
Sat Jan 4 01:14:56 +04 2025
Current OS: macOS Sequoia 15
Current OS URL: https://support.apple.com/en-ae/121238
Release Date: September 16, 2024
110 days since release date
Is the release date more than 200 days? NO
Installed Version: 15.1.1
CURRENT build for 15 is 15.2
List of available version 15.2 15.1.1 15.1 15.0.1 15.0 14.7.2 14.7.1 14.7 14.4.1 13.7.2 13.7.1 13.7 13.6.6 12.7.4 
Highest version available2: 15.2
Notify_Update to 15.2
