============Sync started successfully============
Fri Nov 22 16:38:42 +04 2024
Current OS: macOS Sequoia 15
Current OS URL: https://support.apple.com/en-ae/121238
Release Date: September 16, 2024
67 days since release date
Is the release date more than 100 days? NO
Installed Version: 15.1
CURRENT build for 15 is 15.1.1
Highest version available3: 15
============Sync started successfully============
============Sync started successfully============
Mon Jan 6 20:14:50 +04 2025
Mon Jan 6 20:14:50 +04 2025
Current OS: macOS Sequoia 15
Current OS: macOS Sequoia 15
Current OS URL: https://support.apple.com/en-ae/121238
Current OS URL: https://support.apple.com/en-ae/121238
Release Date: September 16, 2024
Release Date: September 16, 2024
112 days since release date
112 days since release date
Is the release date more than 200 days? NO
Is the release date more than 200 days? NO
Installed Version: 15.1
Installed Version: 15.1
CURRENT build for 15 is 15.2
CURRENT build for 15 is 15.2
List of available version 15.2 15.1.1 15.1 
List of available version 15.2 15.1.1 15.1 
Highest version available2: 15.2
Highest version available2: 15.2
Forced_Update to 15.2
Forced_Update to 15.2
Request for software update completed successfully
Request for software update completed successfully
