###################################################
******000000******GSD Fix Started******000000******
###################################################
*************Start time: Mon Jan 27 19:19:56 +04 2025*************
*************Checking Chrome*************
GC Installed Ver: 132.0.6834.111
****** Chrome DMG is fresh and metadata matches. Skipping download. ******
GC Stable Ver: 132.0.6834.111
GC Installed Ver: 132.0.6834.111
****** Chrome version checked OK (132.0.6834.111) ******
****** Firefox is not installed ******
****** Thunderbird is not installed ******
*************Checking Adobe Air*************
Uninstaller not present
Forgetting package
****** Adobe Air check completed ******
*************Checking Acrobat Reader*************
****** Adobe Acrobat Reader is not installed. Exiting ******
****** Adobe Acrobat Reader check completed ******
*************Checking log4j*************
JAR file already exists. Skipping download.
Using existing JAR file: /Users/Shared/log4jscan-latest.jar
Log file is not more than 7 days old. Skipping scan.
*************Checking Acrobat Full Version*************
****** Adobe Acrobat Full is not installed. Exiting ******
****** Adobe Acrobat Full check completed ******
*************Checking Microsoft Office*************
Microsoft AutoUpdate is installed.
Opening Microsoft AutoUpdate app...
Continuing script execution...
Installing updates...
Update available: Latest version is 16.93.25011212, installed version is 16.90.
*************Check complete for Microsoft Office*************
*************Checking Silverlight*************

*************Check complete for Silverlight*************
*************Checking Java*************
No folder with 'jdk' found.
Removing JRE
Mon Jan 27 19:19:59 +04 2025: Clean up JRE traces...
Searching for rt.jar...
Searching for jrt-fs.jar...
Searching for catalina.jar...
Searching for struts-core-1.3.8.jar...
Searching for rt.ogjarbak...
Searching for jrt-fs.ogjarbak...
*************Check complete for Java*************
*************Checking Fiji*************
Fiji.app not found. Skipping download and install.
No action taken.
*************Check complete for Fiji *************
*************Checking Safari*************
Downloading Safari18.2VenturaAuto.pkg...
Failed to download Safari18.2VenturaAuto.pkg. URL may be dead or unreachable.
*************Check complete for Safari for macOS 11-14 only *************
*************Checking Rogue Apps*************
Searching for Google Chrome.app...
Searching for Safari.app...
Searching for Firefox.app...
No instances of Firefox.app found outside /Applications.
Searching for Thunderbird.app...
No instances of Thunderbird.app found outside /Applications.
Searching for Foxit Reader.app...
No instances of Foxit Reader.app found outside /Applications.
*************Task completed in 0 seconds to Remove rogue apps*************
*************Checking Adobe Apps*************
Remote Update Manager is already installed.
Adobe Apps Update in progress...
RemoteUpdateManager version is : 3.1.0.3
Starting the RemoteUpdateManager...

*************Adobe apps check completed*************
*************Checking MacOS SU*************
Performing Software Update Check for macOS
*************No update found*************
****** macOS SU check completed ******
*************Checking VLC*************
VLC version: 3.0.21
Arch is: arm64
Installing VLC for ARM
Latest VLC Installed
****** VLC check completed ******
*************Manual files removal*************
Path not found, skipping: /Applications/Adobe Acrobat 2015
Path not found, skipping: /Applications/Adobe Digital Editions 4.5.app
Path not found, skipping: /Applications/Adobe Illustrator CC 2015
Path not found, skipping: /Applications/Adobe Illustrator CC 2016
Path not found, skipping: /Applications/Adobe Illustrator CC 2017
Path not found, skipping: /Applications/Adobe Illustrator CC 2018
Path not found, skipping: /Applications/Adobe Illustrator CC 2019
Path not found, skipping: /Applications/Adobe Illustrator 2020
Path not found, skipping: /Applications/Adobe Illustrator 2021
Path not found, skipping: /Applications/Adobe Illustrator 2022
Path not found, skipping: /Applications/Adobe Illustrator 2023
Path not found, skipping: /Applications/Adobe Illustrator 2024
Path not found, skipping: /Applications/Adobe Photoshop CC 2015
Path not found, skipping: /Applications/Adobe Photoshop CC 2016
Path not found, skipping: /Applications/Adobe Photoshop CC 2017
Path not found, skipping: /Applications/Adobe Photoshop CC 2018
Path not found, skipping: /Applications/Adobe Photoshop 2020
Path not found, skipping: /Applications/Adobe Photoshop 2021
Path not found, skipping: /Applications/Adobe Photoshop 2022
Path not found, skipping: /Applications/Adobe Photoshop 2023
Path not found, skipping: /Applications/Adobe Photoshop 2024
Path not found, skipping: /private/var/root/.Trash/Adobe Acrobat Reader.app
Path not found, skipping: /private/var/root/.Trash/Adobe Reader19-49-38.app
Path not found, skipping: /Users/mm9511/Library/CloudStorage/GoogleDrive-mm9511@nyu.edu/My Drive/Adobe Acrobat Reader.app
Path not found, skipping: /Applications/Adobe Acrobat XI Pro
Path not found, skipping: /Users/ag9141/Documents/mpi/Applications/Adobe Acrobat Reader DC.app
Path not found, skipping: /Applications/Adobe Animate CC 2017
Path not found, skipping: /Applications/Adobe Animate 2022
Path not found, skipping: /Applications/Adobe Illustrator CC 2015.3
Path not found, skipping: /Applications/Adobe Photoshop CC 2015.5
Path not found, skipping: /Users/ao1217/Downloads/Fiji.app
Path not found, skipping: /Users/ag6042/Downloads/download26042024/Fiji.app
Path not found, skipping: /Applications/Fiji 3.app
Path not found, skipping: /Applications/Fiji 2.app
Path not found, skipping: /Users/mohamadabbas/Desktop/Desktop/Shows/Programs/Mac 2/__MACOSX/VLC.app
Searching for .app files with 'adobe' in Trash directories...
*************Cleanup completedd*************
*************Checking Brew*************
Checking Command Line Tools for Xcode
Homebrew Installation
Console user is ak6935
Homebrew update check 1
Checking for Xcode Command Line Tools installation
Updating Homebrew
==> Updating Homebrew...
Already up-to-date.
Homebrew installation complete
Application not found at /Applications/Firefox.app. Skipping...
Installing vlc...
==> Downloading https://raw.githubusercontent.com/Homebrew/homebrew-cask/9834ec7fc454023dc1649c09048319620c3fe5df/Casks/v/vlc.rb
==> Verifying checksum for '459f3cb3b8d2f9f3a45a66703a3759b5c9328e455ec37754a6726450c2775e05--vlc.rb'
==> Downloading https://get.videolan.org/vlc/3.0.21/macosx/vlc-3.0.21-intel64.dmg
==> Downloading from https://mirror.library.ucy.ac.cy/videolan/vlc/3.0.21/macosx/vlc-3.0.21-intel64.dmg
==> Verifying checksum for 'f8f4c305170532bb8a08edb14e8118fe8e105039372eda17f9347bc3c980d628--vlc-3.0.21-intel64.dmg'
==> Installing Cask vlc
mv /private/tmp/homebrew-unpack-20250128-64006-ihlhtc/.background.tiff /usr/local/Caskroom/vlc/3.0.21/.background.tiff
mv /private/tmp/homebrew-unpack-20250128-64006-ihlhtc/VLC.app /usr/local/Caskroom/vlc/3.0.21/VLC.app
==> Removing App '/Applications/VLC.app'
==> Using sudo to gain ownership of path '/Applications/VLC.app'
==> Purging files for version 3.0.21 of Cask vlc
Installing zoom...
==> Downloading https://raw.githubusercontent.com/Homebrew/homebrew-cask/9834ec7fc454023dc1649c09048319620c3fe5df/Casks/z/zoom.rb
==> Verifying checksum for '1960d1acce48d1cb6d83587b085d882f31f683d8126665b07a37f7207b6171e8--zoom.rb'
==> Downloading https://cdn.zoom.us/prod/6.3.6.47101/zoomusInstallerFull.pkg
==> Verifying checksum for 'adcb81dcd19eb49d939c174bd2bbbc3e33928e1f8cce04d96a8cf5c6f237b547--zoomusInstallerFull.pkg'
==> Installing Cask zoom
cp -p /Users/ak6935/Library/Caches/Homebrew/downloads/adcb81dcd19eb49d939c174bd2bbbc3e33928e1f8cce04d96a8cf5c6f237b547--zoomusInstallerFull.pkg /usr/local/Caskroom/zoom/6.3.6.47101/zoomusInstallerFull.pkg
==> Running installer for zoom with sudo; the password may be necessary.
==> Purging files for version 6.3.6.47101 of Cask zoom
Installing google-chrome...
==> Downloading https://dl.google.com/chrome/mac/universal/stable/GGRO/googlechrome.dmg
==> Verifying checksum for '88881e66883c4776fff9b3019b48a26795020439a33ddbedd3bd4620283aecd2--googlechrome.dmg'
==> Installing Cask google-chrome
mv /private/tmp/homebrew-unpack-20250128-65534-8e5ovw/.keystone_install /usr/local/Caskroom/google-chrome/132.0.6834.111/.keystone_install
mv /private/tmp/homebrew-unpack-20250128-65534-8e5ovw/Google Chrome.app /usr/local/Caskroom/google-chrome/132.0.6834.111/Google Chrome.app
==> Removing App '/Applications/Google Chrome.app'
==> Using sudo to gain ownership of path '/Applications/Google Chrome.app'
==> Purging files for version 132.0.6834.111 of Cask google-chrome
Installing google-drive...
==> Downloading https://dl.google.com/drive-file-stream/5-percent/GoogleDrive.dmg
==> Verifying checksum for '84693b003c10517f01579bedcab912bc7c5fa5c3b18a8b838de123793c4f0fa7--GoogleDrive.dmg'
==> Installing Cask google-drive
mv /private/tmp/homebrew-unpack-20250128-65929-nrvy0y/.keystone_install /usr/local/Caskroom/google-drive/103.0.3/.keystone_install
mv /private/tmp/homebrew-unpack-20250128-65929-nrvy0y/GoogleDrive.pkg /usr/local/Caskroom/google-drive/103.0.3/GoogleDrive.pkg
==> Running installer for google-drive with sudo; the password may be necessary.
==> Purging files for version 103.0.3 of Cask google-drive
Application not found at /Applications/Cisco Jabber.app. Skipping...
Installing microsoft-office-businesspro...
==> Downloading https://officecdnmac.microsoft.com/pr/C1297A47-86C4-4C1F-97FA-950631F94777/MacAutoupdate/Microsoft_365_and_Office_16.93.25011212_BusinessPro_Installer.pkg
==> Verifying checksum for '64d27a7e4fa19f2c9c24499c7e6f15def59df97739a7b8f877b94cba64669fa3--Microsoft_365_and_Office_16.93.25011212_BusinessPro_Installer.pkg'
==> Installing dependencies: microsoft-auto-update
==> Downloading https://officecdnmac.microsoft.com/pr/C1297A47-86C4-4C1F-97FA-950631F94777/MacAutoupdate/Microsoft_AutoUpdate_4.77.24121924_Updater.pkg
==> Verifying checksum for '38b317fabadcb8a2edfbebeecd7292e2bed8635c48543cc0e46c270126c87ac8--Microsoft_AutoUpdate_4.77.24121924_Updater.pkg'
==> Installing Cask microsoft-auto-update
cp -p /Users/ak6935/Library/Caches/Homebrew/downloads/38b317fabadcb8a2edfbebeecd7292e2bed8635c48543cc0e46c270126c87ac8--Microsoft_AutoUpdate_4.77.24121924_Updater.pkg /usr/local/Caskroom/microsoft-auto-update/4.77.24121924/Microsoft_AutoUpdate_4.77.24121924_Updater.pkg
==> Running installer for microsoft-auto-update with sudo; the password may be necessary.
==> Purging files for version 4.77.24121924 of Cask microsoft-auto-update
Application not found at /Applications/Adobe Acrobat Reader.app. Skipping...
Application not found at /Applications/Adobe Acrobat DC. Skipping...
Application not found at /Applications/Wireshark.app. Skipping...
Application not found at /Applications/VMware Fusion.app. Skipping...
Application not found at /Applications/Thunderbird.app. Skipping...
*************Brew check completed*************
*************Get more info*************
########TOKEN
Status: DISABLED for user itops
########MDMLINK
WS1 Enrolled
########BIGFIX
########XDR
*************TEMP Task*************
*************SSaver update Nov 2024*************
File not found: /Users/Shared/NYUAD/01.jpg
File not found: /Users/Shared/NYUAD/02.jpg
File not found: /Users/Shared/NYUAD/03.jpg
File not found: /Users/Shared/NYUAD/04.jpg
File not found: /Users/Shared/NYUAD/05.jpg
File not found: /Users/Shared/NYUAD/06.jpg
File not found: /Users/Shared/NYUAD/07.jpg
File not found: /Users/Shared/NYUAD/08.jpg
File not found: /Users/Shared/NYUAD/09.jpg
*************End of Script*************
*************End time: Tue Jan 28 09:24:59 +04 2025*************
*************Elapsed time: 50703 seconds*************
App Sanity Check Completed
