============Sync started successfully============
Fri Jan 3 08:49:27 EST 2025
Current OS: macOS Sequoia 15
Current OS URL: https://support.apple.com/en-ae/121238
Release Date: September 16, 2024
109 days since release date
Is the release date more than 200 days? NO
Installed Version: 14.7.1
CURRENT build for 14 is 14.7.2
Highest version available2: 14.7.1
Compliant. No action required.
============Sync started successfully============
Fri Jan 3 13:41:27 EST 2025
Current OS: macOS Sequoia 15
Current OS URL: https://support.apple.com/en-ae/121238
Release Date: September 16, 2024
109 days since release date
Is the release date more than 200 days? NO
Installed Version: 14.7.1
CURRENT build for 14 is 14.7.2
List of available version 15.2 15.1.1 15.1 15.0.1 15.0 14.7.2 14.7.1 14.7 14.4.1 13.7.2 13.7.1 13.7 13.6.6 12.7.4 
Highest version available3: 14.7.2
Notify_Update to 14.7.2
============Sync started successfully============
Mon Jan 6 10:26:30 EST 2025
Current OS: macOS Sequoia 15
Current OS URL: https://support.apple.com/en-ae/121238
Release Date: September 16, 2024
112 days since release date
Is the release date more than 200 days? NO
Installed Version: 14.7.1
CURRENT build for 14 is 14.7.2
List of available version 15.2 15.1.1 15.1 15.0.1 15.0 14.7.2 14.7.1 14.7 14.4.1 13.7.2 13.7.1 13.7 13.6.6 12.7.4 
Highest version available3: 14.7.2
Notify_Update to 14.7.2
============Sync started successfully============
Wed Jan 22 06:07:47 EST 2025
Current OS: macOS Sequoia 15
Current OS URL: https://support.apple.com/en-ae/121238
Release Date: September 16, 2024
128 days since release date
Is the release date more than 0 days? Yes
Installed Version: 14.7.1
CURRENT build for 14 is 14.7.2
List of available version 15.2 15.1.1 15.1 15.0.1 14.7.2 14.7.1 13.7.2 13.7.1 12.7.4 
Highest version available4: 15.2
Notify_Update to 15.2
