
The EP is: 
Bypass
Transcript started, output file is C:\ProgramData\AirWatch\UnifiedAgent\Logs\ADWX_GSD_Patch_ADUAEI14636LPWX_20241219_131524.log
*************GSD Initiated at 2024-12-19 13:15:24*************
*************Check and install Dependencies*************
NuGet provider is installed.
*************Checking PSU Module*************
PSWindowsUpdate module is installed.
*************Checking Package Manager*************
Folder already exists at C:\temp\winget
winget is not installed.
Microsoft.VCLibs.x64.14.00.Desktop.appx is not installed. Installing...
Microsoft.VCLibs.x64.14.00.Desktop.appx has been installed.
Microsoft.UI.Xaml.2.8.x64.appx is not installed. Installing...
Microsoft.UI.Xaml.2.8.x64.appx has been installed.
Dependencies have been checked and installed successfully.
The current user is a system account - nt authority\system. Run 2nd try...
winget-install 5.0.5
To check for updates, run winget-install -CheckForUpdate
To delay script exit, run winget-install -Wait
To force script pausing after execution, run winget-install -NoExit

##########
# winget #
##########

Installing Microsoft.WinGet.Client module...
Installing winget (this takes a minute or two)...

############
# Complete #
############

winget installed successfully.
Checking if winget is installed and working...
*************Running Windows OS Updates*************
Detected as **GSD** process is runinng - Logs below look for ***PSUsection***
************* Running Apps Updates (Timeout 30 mins) *************
True
************* Running Apps Updates (Timeout 30 mins) *************
True
*************Checking for Silverlight*************
Silverlight is not installed.
*************Checking log4j*************
Using existing JAR file: c:\temp\log4jscan-latest.jar
Failed to execute log4j scan
*************Checking Ghostscript*************
Ghostscript folder not found. Skipped install process.
*************Checking Java*************
No JDK folder found. Parameter containsJDK remains False.
No JRE folder found. Parameter containsJRE remains False.
Adobe Creative Cloud is already installed.
Adobe Remote Update Manager is not installed.
Transcript stopped, output file is C:\ProgramData\AirWatch\UnifiedAgent\Logs\ADWX_GSD_Patch_ADUAEI14636LPWX_20241219_131524.log
The EP is: 
Bypass
###PSUsection###
VERBOSE: ADUAEI14636LPWX (12/19/2024 1:16:10 PM): Connecting to Microsoft Update server. Please wait...
VERBOSE: Found [31] Updates in pre search criteria
VERBOSE: Found [1] Updates in post search criteria

X ComputerName Result     KB          Size Title                                                                       
- ------------ ------     --          ---- -----                                                                       
1 ADUAEI146... Accepted   KB5048685  128GB 2024-12 Cumulative Update for Windows 11 Version 23H2 for x64-based Syste...
VERBOSE: Accepted [1] Updates ready to Download
2 ADUAEI146... Downloaded KB5048685  128GB 2024-12 Cumulative Update for Windows 11 Version 23H2 for x64-based Syste...
VERBOSE: Downloaded [1] Updates ready to Install
3 ADUAEI146... Installed  KB5048685  128GB 2024-12 Cumulative Update for Windows 11 Version 23H2 for x64-based Syste...
VERBOSE: Installed [1] Updates
Reboot is required, but do it manually.


###WGUsection 01###
###WGUsection 02###
###WG7zip###
7-Zip version: 24.05 (Path: C:\Program Files\7-Zip\7z.exe)
#############GSD-Fix Completed#############
