============Sync started successfully============
Thu Nov 14 09:59:31 +04 2024
Current OS: macOS Sequoia 15
Current OS URL: https://support.apple.com/en-ae/121238
Release Date: September 16, 2024
59 days since release date
Is the release date more than 100 days? NO
Installed Version: 15.1
CURRENT build for 15 is 15.1
Highest version available: 15.1
Compliant. No action required.
============Sync started successfully============
Fri Nov 22 16:42:23 +04 2024
Current OS: macOS Sequoia 15
Current OS URL: https://support.apple.com/en-ae/121238
Release Date: September 16, 2024
67 days since release date
Is the release date more than 100 days? NO
Installed Version: 15.1
CURRENT build for 15 is 15.1.1
Highest version available3: 15
============Sync started successfully============
Active network service: Wi-Fi
Current DNS for 'Wi-Fi':
No DNS servers are set.
DNS does not start with 127.0, no changes made.
Mon Jan 27 18:34:07 +04 2025
Current OS: macOS Sequoia 15
Current OS URL: https://support.apple.com/en-ae/121238
Release Date: September 16, 2024
133 days since release date
Is the release date more than 0 days? Yes
Installed Version: 15.1.1
CURRENT build for 15 is 15.2
List of available version 15.2 15.1.1 15.1 15.0.1 14.7.2 14.7.1 13.7.2 13.7.1 12.7.4 
Highest version available2: 15.2
Notify_Update to 15.2
