============Sync started successfully============
Wed Nov 13 21:22:55 +04 2024
Current OS: macOS Sequoia 15
Current OS URL: https://support.apple.com
Release Date: 
20040 days since release date
Is the release date more than 100 days? Yes
Installed Version: 14.4.1
CURRENT build for 14 is 14.7.1
Highest version available: 15.1
Notify_Update to 15.1
============Sync started successfully============
Fri Nov 22 20:18:05 +04 2024
Current OS: macOS Sequoia 15
Current OS URL: https://support.apple.com/en-ae/121238
Release Date: September 16, 2024
67 days since release date
Is the release date more than 100 days? NO
Installed Version: 15.1
CURRENT build for 15 is 15.1.1
Highest version available3: 15
