============Sync started successfully============
Wed Nov 13 21:44:07 +04 2024
Current OS:  
Current OS URL: https://support.apple.com
Release Date: 
20040 days since release date
Is the release date more than 100 days? Yes
Installed Version: 14.7.1
CURRENT build for 14 is not available
Highest version available: 15.1
Notify_Update to 15.1
============Sync started successfully============
============Sync started successfully============
Fri Jan 3 21:02:51 GMT 2025
Current OS: macOS Sequoia 15
Current OS URL: https://support.apple.com/en-ae/121238
Release Date: September 16, 2024
109 days since release date
Is the release date more than 200 days? NO
Installed Version: 15.1.1
CURRENT build for 15 is 15.2
List of available version 15.2 15.1.1 15.1 15.0.1 15.0 14.7.2 14.7.1 14.7 14.4.1 13.7.2 13.7.1 13.7 13.6.6 
Highest version available2: 15.2
Notify_Update to 15.2
