============Sync started successfully============
Wed Nov 13 21:55:40 +04 2024
Current OS: macOS Sequoia 15
Current OS URL: https://support.apple.com/en-ae/121238
Release Date: September 16, 2024
58 days since release date
Is the release date more than 100 days? NO
Installed Version: 15.1
CURRENT build for 15 is 15.1
Highest version available: 15.1
Compliant. No action required.
============Sync started successfully============
Fri Nov 22 16:35:38 +04 2024
Current OS: macOS Sequoia 15
Current OS URL: https://support.apple.com/en-ae/121238
Release Date: September 16, 2024
67 days since release date
Is the release date more than 100 days? NO
Installed Version: 15.1
CURRENT build for 15 is 15.1.1
Highest version available3: 15
============Sync started successfully============
Fri Jan 3 13:51:34 +04 2025
Current OS:  
Current OS URL: https://support.apple.com
Release Date: 
20091 days since release date
Is the release date more than 200 days? Yes
Installed Version: 15.1
CURRENT build for 15 is not available
Highest version available1: 15.2
Forced_Update to 15.2
Request for software update completed successfully
