Downloading umad-2.0.pkg from https://media.githubusercontent.com/media/NYUAD-IT/NYU-umad/refs/heads/main/umad-2.0.pkg...
Installing umad-2.0.pkg...
Cleaning up...
Installation of umad-2.0.pkg completed successfully.
Pshow: WS1 link found
Pstatus: Enrolled via DEP: Yes
MDM enrollment: Yes (User Approved)
MDM server: https://nyuad.jamfcloud.com/mdm/ServerURL
Asset is on Jamf
Condition met: proceeding to migrate
Base64 pkg already exists
Enrollment already in progress
Server is https://nyuad.jamfcloud.com/
computer UUID: 746F5715-75FE-5FA6-A716-7A1C3ECEB48C
https://nyuad.jamfcloud.com/api/v1/auth/token
eyJhbGciOiJIUzI1NiJ9.eyJhdXRoZW50aWNhdGVkLWFwcCI6IkdFTkVSSUMiLCJhdXRoZW50aWNhdGlvbi10eXBlIjoiSlNTIiwiZ3JvdXBzIjpbXSwic3ViamVjdC10eXBlIjoiSlNTX1VTRVJfSUQiLCJ0b2tlbi11dWlkIjoiMmNlNjk3ZjQtNGFhZi00YWM0LWIzYjQtNGI5OTQ1YTBhMDE4IiwibGRhcC1zZXJ2ZXItaWQiOi0xLCJzdWIiOiI3NSIsImV4cCI6MTczNzQ4MjU1NX0._-ACxrqxVzwfs3gUeBUUpTpnVcgYFsVIqKhjZbXFXaQ
get computer ID: curl -m 20 -s https://nyuad.jamfcloud.com/JSSResource/computers/udid/746F5715-75FE-5FA6-A716-7A1C3ECEB48C/subset/general -H "Accept: application/xml" -H "Authorization: Bearer eyJhbGciOiJIUzI1NiJ9.eyJhdXRoZW50aWNhdGVkLWFwcCI6IkdFTkVSSUMiLCJhdXRoZW50aWNhdGlvbi10eXBlIjoiSlNTIiwiZ3JvdXBzIjpbXSwic3ViamVjdC10eXBlIjoiSlNTX1VTRVJfSUQiLCJ0b2tlbi11dWlkIjoiMmNlNjk3ZjQtNGFhZi00YWM0LWIzYjQtNGI5OTQ1YTBhMDE4IiwibGRhcC1zZXJ2ZXItaWQiOi0xLCJzdWIiOiI3NSIsImV4cCI6MTczNzQ4MjU1NX0._-ACxrqxVzwfs3gUeBUUpTpnVcgYFsVIqKhjZbXFXaQ..."
computer record: <?xml version="1.0" encoding="UTF-8"?><computer><general><id>2366</id><name>ADUAED18852WKMX</name><network_adapter_type>Ethernet</network_adapter_type><mac_address>3C:A6:F6:A3:DD:72</mac_address><alt_network_adapter_type>IEEE80211</alt_network_adapter_type><alt_mac_address>3C:A6:F6:AF:75:80</alt_mac_address><ip_address>5.195.74.113</ip_address><last_reported_ip>10.228.133.240</last_reported_ip><serial_number>H12JJ0CUQ6X3</serial_number><udid>746F5715-75FE-5FA6-A716-7A1C3ECEB48C</udid><jamf_version>11.12.1-t1734365229835</jamf_version><platform>Mac</platform><barcode_1/><barcode_2/><asset_tag/><remote_management><managed>true</managed><management_username deprecated="10.48">deprecated</management_username><management_password_sha256 deprecated="10.48">deprecated</management_password_sha256></remote_management><supervised>true</supervised><mdm_capable>true</mdm_capable><mdm_capable_users><mdm_capable_user>mp5158</mdm_capable_user></mdm_capable_users><management_status><enrolled_via_dep>true</enrolled_via_dep><user_approved_enrollment deprecated="10.4.0">true</user_approved_enrollment><user_approved_mdm since="10.4.0">true</user_approved_mdm></management_status><report_date>2025-01-21 10:02:28</report_date><report_date_epoch>1737453748867</report_date_epoch><report_date_utc>2025-01-21T10:02:28.867+0000</report_date_utc><last_contact_time>2025-01-21 15:20:57</last_contact_time><last_contact_time_epoch>1737472857172</last_contact_time_epoch><last_contact_time_utc>2025-01-21T15:20:57.172+0000</last_contact_time_utc><initial_entry_date>2022-10-27</initial_entry_date><initial_entry_date_epoch>1666873900177</initial_entry_date_epoch><initial_entry_date_utc>2022-10-27T12:31:40.177+0000</initial_entry_date_utc><last_cloud_backup_date_epoch>0</last_cloud_backup_date_epoch><last_cloud_backup_date_utc/><last_enrolled_date_epoch>1682334259941</last_enrolled_date_epoch><last_enrolled_date_utc>2023-04-24T11:04:19.941+0000</last_enrolled_date_utc><mdm_profile_expiration_epoch>1730032313000</mdm_profile_expiration_epoch><mdm_profile_expiration_utc>2024-10-27T12:31:53.000+0000</mdm_profile_expiration_utc><distribution_point/><sus/><site><id>4</id><name>Client Services</name></site><itunes_store_account_is_active>false</itunes_store_account_is_active></general></computer>
computer ID: 2366
unmanage machine: curl -m 20 -s https://nyuad.jamfcloud.com/JSSResource/computercommands/command/UnmanageDevice/id/2366 -X POST -H "Authorization: Bearer eyJhbGciOiJIUzI1NiJ9.eyJhdXRoZW50aWNhdGVkLWFwcCI6IkdFTkVSSUMiLCJhdXRoZW50aWNhdGlvbi10eXBlIjoiSlNTIiwiZ3JvdXBzIjpbXSwic3ViamVjdC10eXBlIjoiSlNTX1VTRVJfSUQiLCJ0b2tlbi11dWlkIjoiMmNlNjk3ZjQtNGFhZi00YWM0LWIzYjQtNGI5OTQ1YTBhMDE4IiwibGRhcC1zZXJ2ZXItaWQiOi0xLCJzdWIiOiI3NSIsImV4cCI6MTczNzQ4MjU1NX0._-ACxrqxVzwfs3gUeBUUpTpnVcgYFsVIqKhjZbXFXaQ..."
<?xml version="1.0" encoding="UTF-8"?><computer_command><command><name>UnmanageDevice</name><command_uuid>1f99540f-2777-4a19-9b2b-34a6cd35e5be</command_uuid><computer_id>2366</computer_id></command></computer_command>Token successfully invalidated
Owner information captured and saved to /Users/Shared/owner.csv
Downloading umad-2.0.pkg from https://media.githubusercontent.com/media/NYUAD-IT/NYU-umad/refs/heads/main/umad-2.0.pkg...
Installing umad-2.0.pkg...
Cleaning up...
Installation of umad-2.0.pkg completed successfully.
Pshow: WS1 link found
Pstatus: Enrolled via DEP: Yes
MDM enrollment: Yes (User Approved)
MDM server: https://nyuad.jamfcloud.com/mdm/ServerURL
Asset is on Jamf
Condition met: proceeding to migrate
Base64 pkg already exists
Enrollment already in progress
Server is https://nyuad.jamfcloud.com/
computer UUID: 746F5715-75FE-5FA6-A716-7A1C3ECEB48C
https://nyuad.jamfcloud.com/api/v1/auth/token
eyJhbGciOiJIUzI1NiJ9.eyJhdXRoZW50aWNhdGVkLWFwcCI6IkdFTkVSSUMiLCJhdXRoZW50aWNhdGlvbi10eXBlIjoiSlNTIiwiZ3JvdXBzIjpbXSwic3ViamVjdC10eXBlIjoiSlNTX1VTRVJfSUQiLCJ0b2tlbi11dWlkIjoiNjk4YWQzZTktM2NlOC00MmUzLTg4ZjItZmRkYWM1MTE1OWNkIiwibGRhcC1zZXJ2ZXItaWQiOi0xLCJzdWIiOiI3NSIsImV4cCI6MTczNzk4OTAyNH0.6HGBert8zJW-TgY0tpFtf-cSCOQjihDcRRUzcNh20MU
get computer ID: curl -m 20 -s https://nyuad.jamfcloud.com/JSSResource/computers/udid/746F5715-75FE-5FA6-A716-7A1C3ECEB48C/subset/general -H "Accept: application/xml" -H "Authorization: Bearer eyJhbGciOiJIUzI1NiJ9.eyJhdXRoZW50aWNhdGVkLWFwcCI6IkdFTkVSSUMiLCJhdXRoZW50aWNhdGlvbi10eXBlIjoiSlNTIiwiZ3JvdXBzIjpbXSwic3ViamVjdC10eXBlIjoiSlNTX1VTRVJfSUQiLCJ0b2tlbi11dWlkIjoiNjk4YWQzZTktM2NlOC00MmUzLTg4ZjItZmRkYWM1MTE1OWNkIiwibGRhcC1zZXJ2ZXItaWQiOi0xLCJzdWIiOiI3NSIsImV4cCI6MTczNzk4OTAyNH0.6HGBert8zJW-TgY0tpFtf-cSCOQjihDcRRUzcNh20MU..."
computer record: <?xml version="1.0" encoding="UTF-8"?><computer><general><id>2366</id><name>ADUAED18852WKMX</name><network_adapter_type>Ethernet</network_adapter_type><mac_address>3C:A6:F6:A3:DD:72</mac_address><alt_network_adapter_type>IEEE80211</alt_network_adapter_type><alt_mac_address>3C:A6:F6:AF:75:80</alt_mac_address><ip_address>5.195.74.112</ip_address><last_reported_ip>10.228.133.240</last_reported_ip><serial_number>H12JJ0CUQ6X3</serial_number><udid>746F5715-75FE-5FA6-A716-7A1C3ECEB48C</udid><jamf_version>11.12.1-t1734365229835</jamf_version><platform>Mac</platform><barcode_1/><barcode_2/><asset_tag/><remote_management><managed>true</managed><management_username deprecated="10.48">deprecated</management_username><management_password_sha256 deprecated="10.48">deprecated</management_password_sha256></remote_management><supervised>true</supervised><mdm_capable>true</mdm_capable><mdm_capable_users><mdm_capable_user>mp5158</mdm_capable_user></mdm_capable_users><management_status><enrolled_via_dep>true</enrolled_via_dep><user_approved_enrollment deprecated="10.4.0">true</user_approved_enrollment><user_approved_mdm since="10.4.0">true</user_approved_mdm></management_status><report_date>2025-01-22 08:47:42</report_date><report_date_epoch>1737535662068</report_date_epoch><report_date_utc>2025-01-22T08:47:42.068+0000</report_date_utc><last_contact_time>2025-01-27 13:41:28</last_contact_time><last_contact_time_epoch>1737985288905</last_contact_time_epoch><last_contact_time_utc>2025-01-27T13:41:28.905+0000</last_contact_time_utc><initial_entry_date>2022-10-27</initial_entry_date><initial_entry_date_epoch>1666873900177</initial_entry_date_epoch><initial_entry_date_utc>2022-10-27T12:31:40.177+0000</initial_entry_date_utc><last_cloud_backup_date_epoch>0</last_cloud_backup_date_epoch><last_cloud_backup_date_utc/><last_enrolled_date_epoch>1682334259941</last_enrolled_date_epoch><last_enrolled_date_utc>2023-04-24T11:04:19.941+0000</last_enrolled_date_utc><mdm_profile_expiration_epoch>1730032313000</mdm_profile_expiration_epoch><mdm_profile_expiration_utc>2024-10-27T12:31:53.000+0000</mdm_profile_expiration_utc><distribution_point/><sus/><site><id>4</id><name>Client Services</name></site><itunes_store_account_is_active>false</itunes_store_account_is_active></general></computer>
computer ID: 2366
unmanage machine: curl -m 20 -s https://nyuad.jamfcloud.com/JSSResource/computercommands/command/UnmanageDevice/id/2366 -X POST -H "Authorization: Bearer eyJhbGciOiJIUzI1NiJ9.eyJhdXRoZW50aWNhdGVkLWFwcCI6IkdFTkVSSUMiLCJhdXRoZW50aWNhdGlvbi10eXBlIjoiSlNTIiwiZ3JvdXBzIjpbXSwic3ViamVjdC10eXBlIjoiSlNTX1VTRVJfSUQiLCJ0b2tlbi11dWlkIjoiNjk4YWQzZTktM2NlOC00MmUzLTg4ZjItZmRkYWM1MTE1OWNkIiwibGRhcC1zZXJ2ZXItaWQiOi0xLCJzdWIiOiI3NSIsImV4cCI6MTczNzk4OTAyNH0.6HGBert8zJW-TgY0tpFtf-cSCOQjihDcRRUzcNh20MU..."
<?xml version="1.0" encoding="UTF-8"?><computer_command><command><name>UnmanageDevice</name><command_uuid>7c5a1a96-5f8f-40db-9ef3-ef0165f1c635</command_uuid><computer_id>2366</computer_id></command></computer_command>Token successfully invalidated
Owner information captured and saved to /Users/Shared/owner.csv
