============Sync started successfully============
Thu Nov 14 07:20:39 +04 2024
Current OS: macOS Sequoia 15
Current OS URL: https://support.apple.com/en-ae/121238
Release Date: September 16, 2024
59 days since release date
Is the release date more than 100 days? NO
Installed Version: 14.4.1
CURRENT build for 14 is 14.7.1
Allowed OS is 14 (static)
Highest version available: 14.7.1
Notify_Update to 14.7.1
============Sync started successfully============
Fri Nov 22 18:39:14 +04 2024
Current OS: macOS Sequoia 15
Current OS URL: https://support.apple.com/en-ae/121238
Release Date: September 16, 2024
67 days since release date
Is the release date more than 100 days? NO
Installed Version: 15.1
CURRENT build for 15 is 15.1.1
Highest version available3: 15
============Sync started successfully============
Sat Jan 4 11:26:47 +04 2025
Current OS: macOS Sequoia 15
Current OS URL: https://support.apple.com/en-ae/121238
Release Date: September 16, 2024
110 days since release date
Is the release date more than 200 days? NO
Installed Version: 15.1
CURRENT build for 15 is 15.2
List of available version 15.2 15.1.1 15.1 15.0.1 15.0 14.7.2 14.7.1 14.7 14.4.1 13.7.2 13.7.1 13.7 13.6.6 
Highest version available2: 15.2
Forced_Update to 15.2
Request for software update completed successfully
============Sync started successfully============
Mon Jan 6 19:13:21 +04 2025
Current OS: macOS Sequoia 15
Current OS URL: https://support.apple.com/en-ae/121238
Release Date: September 16, 2024
112 days since release date
Is the release date more than 200 days? NO
Installed Version: 15.1
CURRENT build for 15 is 15.2
List of available version 15.2 15.1.1 15.1 15.0.1 15.0 14.7.2 14.7.1 14.7 14.4.1 13.7.2 13.7.1 13.7 13.6.6 
Highest version available2: 15.2
Forced_Update to 15.2
Request for software update completed successfully
============Sync started successfully============
Active network service: Wi-Fi
Current DNS for 'Wi-Fi':
No DNS servers are set.
DNS does not start with 127.0, no changes made.
Mon Jan 27 18:28:23 +04 2025
Current OS: macOS Sequoia 15
Current OS URL: https://support.apple.com/en-ae/121238
Release Date: September 16, 2024
133 days since release date
Is the release date more than 0 days? Yes
Installed Version: 15.1
CURRENT build for 15 is 15.2
List of available version 15.2 15.1.1 15.1 15.0.1 14.7.2 14.7.1 13.7.2 13.7.1 
Highest version available2: 15.2
Notify_Update to 15.2
