******000000******Start of Script******000000******
*************Start time: Thu Oct 31 19:15:26 +04 2024*************
*************Checking Chrome*************
GC Installed Ver: 130.0.6723.92
****** Chrome DMG is outdated or metadata mismatch. Downloading again. ******
GC Stable Ver: 
GC Installed Ver: 130.0.6723.92
****** Chrome version differs - installed: 130.0.6723.92, available:  ******
****** Application is currently running on target Mac. Proceeding Upgrade. ******
****** Latest version of Chrome is now installed on target Mac. ******
****** Firefox is not installed ******
****** Thunderbird is not installed ******
*************Checking Acrobat Reader*************
****** Adobe Acrobat Reader is installed. Proceeding ******
AR Stable Ver: 24.004.20219
AR Installed Ver: 24.003.20180
****** Adobe Reader is outdated. Updating ******
ARCurrVersNormalized: 2400420219
Latest version of the URL is: https://ardownload2.adobe.com/pub/adobe/reader/mac/AcrobatDC/2400420219/AcroRdrDC_2400420219_MUI.dmg
Thu Oct 31 19:23:36 +04 2024: Downloading newer version.
Sat Nov  9 14:24:34 +04 2024: Mounting installer disk image.
Sat Nov  9 14:24:35 +04 2024: Installing...
No process containing 'Acrobat' in its name is currently running.
Sat Nov  9 14:24:46 +04 2024: Unmounting installer disk image.
All volumes unmounted.
Sat Nov  9 14:24:57 +04 2024: Deleting disk image.
Sat Nov  9 14:24:57 +04 2024: ERROR: Adobe Reader update unsuccessful, version remains at 24.003.20180.
--
****** Adobe Acrobat Reader check completed ******
*************Checking log4j*************
JAR file already exists. Skipping download.
Using existing JAR file: /Users/Shared/log4jscan-latest.jar
Log file is either more than 7 days old or does not exist. Running scan...
****** Scan completed. Log file: /Users/Shared/log4j.log ******
*************Checking Acrobat Full Version*************
****** Adobe Acrobat Full is not installed. Exiting ******
****** Adobe Acrobat Full check completed ******
*************Checking Microsoft Office*************
Microsoft AutoUpdate is installed.
Opening Microsoft AutoUpdate app...
Continuing script execution...
Installing updates...
*************Check complete for Microsoft Office*************
*************Checking Silverlight*************

*************Check complete for Silverlight*************
*************Checking Java*************
No folder with 'jdk' found.
Removing JRE
Sat Nov  9 14:24:58 +04 2024: Clean up JRE traces...
Searching for rt.jar...
Searching for jrt-fs.jar...
Searching for catalina.jar...
Searching for struts-core-1.3.8.jar...
Searching for rt.ogjarbak...
Searching for jrt-fs.ogjarbak...
*************Check complete for Java*************
*************Checking Safari*************
macOS version is above 13.0. Skipping installation.
*************Check complete for Safari for macOS 11-13 only *************
*************Checking Rogue Apps*************
Searching for Google Chrome.app...
Searching for Safari.app...
Searching for Firefox.app...
No instances of Firefox.app found outside /Applications.
Searching for Thunderbird.app...
No instances of Thunderbird.app found outside /Applications.
Searching for Foxit Reader.app...
No instances of Foxit Reader.app found outside /Applications.
*************Task completed in 1 seconds to Remove rogue apps*************
*************Checking Adobe Apps*************
Remote Update Manager is already installed.
Adobe Apps Update in progress...
RemoteUpdateManager version is : 3.1.0.3
Starting the RemoteUpdateManager...

*************Adobe apps check completed*************
*************Checking MacOS SU*************
Performing Software Update Check for macOS
App Sanity Check Completed
button returned:OK
****** macOS SU check completed ******
VLC version: 3.0.21
Arch is: x86_64
Installing Zoom for Intel
正在检查“Protective Master Boot Record (MBR : 0)”的校验和…
Protective Master Boot Record (MBR :：已验证CRC32 $D8D65A25
正在检查“GPT Header (Primary GPT Header : 1)”的校验和…
 GPT Header (Primary GPT Header : 1)：已验证CRC32 $B2A7C206
正在检查“GPT Partition Data (Primary GPT Table : 2)”的校验和…
GPT Partition Data (Primary GPT Tabl：已验证CRC32 $7E22E383
正在检查“ (Apple_Free : 3)”的校验和…
                    (Apple_Free : 3)：已验证CRC32 $00000000
正在检查“disk image (Apple_HFS : 4)”的校验和…
          disk image (Apple_HFS : 4)：已验证CRC32 $2515A59F
正在检查“ (Apple_Free : 5)”的校验和…
                    (Apple_Free : 5)：已验证CRC32 $00000000
正在检查“GPT Partition Data (Backup GPT Table : 6)”的校验和…
GPT Partition Data (Backup GPT Table：已验证CRC32 $7E22E383
正在检查“GPT Header (Backup GPT Header : 7)”的校验和…
  GPT Header (Backup GPT Header : 7)：已验证CRC32 $39A5E5C4
已验证CRC32 $59128FB7
/dev/disk2          	GUID_partition_scheme          	
/dev/disk2s1        	Apple_HFS                      	/Volumes/vlc
"/Volumes/vlc" unmounted successfully.
Latest VLC Installed
****** VLC check completed ******
*************End of Script*************
*************End time: Sat Nov  9 14:33:58 +04 2024*************
*************Elapsed time: 760712 seconds*************
App Sanity Check Completed
