
The EP is: 
Bypass
Deleted old log file: C:\ProgramData\AirWatch\UnifiedAgent\Logs\ADWX_GSD_Patch_ADUAEI07953LPWX_20241206_134520.log
Deleted old log file: C:\ProgramData\AirWatch\UnifiedAgent\Logs\ADWX_PSUJob_20241206_134600.log
Deleted old log file: C:\ProgramData\AirWatch\UnifiedAgent\Logs\ADWX_WingetJob_20241206_134947.log
Transcript started, output file is C:\ProgramData\AirWatch\UnifiedAgent\Logs\ADWX_GSD_Patch_ADUAEI07953LPWX_20250106_204942.log
*************GSD Initiated at 2025-01-06 20:49:42*************
*************Check and install Dependencies*************
NuGet provider is installed.
*************Checking PSU Module*************
PSWindowsUpdate module is installed.
*************Checking Package Manager*************
Folder already exists at C:\temp\winget
winget is not installed.
Microsoft.VCLibs.x64.14.00.Desktop.appx is already installed.
Microsoft.UI.Xaml.2.8.x64.appx is not installed. Installing...
Microsoft.UI.Xaml.2.8.x64.appx has been installed.
Dependencies have been checked and installed successfully.
The current user is a system account - nt authority\system. Run 2nd try...
winget-install 5.0.5
To check for updates, run winget-install -CheckForUpdate
To delay script exit, run winget-install -Wait
To force script pausing after execution, run winget-install -NoExit

##########
# winget #
##########

Installing Microsoft.WinGet.Client module...
Installing winget (this takes a minute or two)...

############
# Complete #
############

winget installed successfully.
Checking if winget is installed and working...
*************Running Windows OS Updates*************
Detected as **GSD** process is runinng - Logs below look for ***PSUsection***
************* Running Apps Updates (Timeout 30 mins) *************
True
************* Running Apps Updates (Timeout 30 mins) *************
True
*************Checking for Silverlight*************
Silverlight is not installed.
*************Checking log4j*************
Using existing JAR file: c:\temp\log4jscan-latest.jar
Failed to execute log4j scan
*************Checking Ghostscript*************
Ghostscript folder not found. Skipped install process.
*************Checking Java*************
No JDK folder found. Parameter containsJDK remains False.
No JRE folder found. Parameter containsJRE remains False.
Adobe Creative Cloud is already installed.
Adobe Remote Update Manager is not installed.
Transcript stopped, output file is C:\ProgramData\AirWatch\UnifiedAgent\Logs\ADWX_GSD_Patch_ADUAEI07953LPWX_20250106_204942.log
The EP is: 
Bypass
###PSUsection###
VERBOSE: ADUAEI07953LPWX (1/6/2025 8:50:17 PM): Connecting to Microsoft Update server. Please wait...
VERBOSE: Found [10] Updates in pre search criteria
VERBOSE: Found [1] Updates in post search criteria

X ComputerName Result     KB          Size Title                                                                       
- ------------ ------     --          ---- -----                                                                       
1 ADUAEI079... Accepted   KB2267602    1GB Security Intelligence Update for Microsoft Defender Antivirus - KB2267602...
VERBOSE: Accepted [1] Updates ready to Download
2 ADUAEI079... Downloaded KB2267602    1GB Security Intelligence Update for Microsoft Defender Antivirus - KB2267602...
VERBOSE: Downloaded [1] Updates ready to Install
3 ADUAEI079... Installed  KB2267602    1GB Security Intelligence Update for Microsoft Defender Antivirus - KB2267602...
VERBOSE: Installed [1] Updates


###WGUsection 01###

   - 
   \ 
   | 
   / 
   - 
   \ 
   | 
   / 
   - 
                                                                                                                        

  ███████████████████▒▒▒▒▒▒▒▒▒▒▒  1024 KB / 1.54 MB
  ██████████████████████████████  1.54 MB / 1.54 MB
                                                                                                                        

  ████████▒▒▒▒▒▒▒▒▒▒▒▒▒▒▒▒▒▒▒▒▒▒  1024 KB / 3.35 MB
  █████████████████▒▒▒▒▒▒▒▒▒▒▒▒▒  2.00 MB / 3.35 MB
  ██████████████████████████▒▒▒▒  3.00 MB / 3.35 MB
  ██████████████████████████████  3.35 MB / 3.35 MB
                                                                                                                        

   - 
                                                                                                                        
Name                                    Id                        Version      Available   Source
-------------------------------------------------------------------------------------------------
Zoom Workplace (64-bit)                 Zoom.Zoom                 6.2.50939    6.3.54827   winget
Workspace ONE Intelligent Hub Installer VMware.IntelligentHub     24.4.12.0    24.4.13.0   winget
Microsoft.WindowsTerminal               Microsoft.WindowsTerminal 1.20.11781.0 1.21.3231.0 winget
3 upgrades available.

Installing dependencies:
This package requires the following dependencies:
  - Packages
      Microsoft.UI.Xaml.2.8 [>= 8.2306.22001.0]
(1/3) Found Zoom Workplace [Zoom.Zoom] Version 6.3.54827
This application is licensed to you by its owner.
Microsoft is not responsible for, nor does it grant any licenses to, third-party packages.
Downloading https://zoom.us/client/6.3.5.54827/ZoomInstallerFull.msi?archType=x64

   - 
   \ 
   | 
   / 
   - 
   \ 
   | 
   / 
   - 
   \ 
   | 
   / 
   - 
   \ 
   | 
   / 
   - 
   \ 
                                                                                                                        

  ▒▒▒▒▒▒▒▒▒▒▒▒▒▒▒▒▒▒▒▒▒▒▒▒▒▒▒▒▒▒  1024 KB /  132 MB
  █▒▒▒▒▒▒▒▒▒▒▒▒▒▒▒▒▒▒▒▒▒▒▒▒▒▒▒▒▒  5.00 MB /  132 MB
  ██▒▒▒▒▒▒▒▒▒▒▒▒▒▒▒▒▒▒▒▒▒▒▒▒▒▒▒▒  12.0 MB /  132 MB
  ████▒▒▒▒▒▒▒▒▒▒▒▒▒▒▒▒▒▒▒▒▒▒▒▒▒▒  19.0 MB /  132 MB
  ██████▒▒▒▒▒▒▒▒▒▒▒▒▒▒▒▒▒▒▒▒▒▒▒▒  27.0 MB /  132 MB
  ███████▒▒▒▒▒▒▒▒▒▒▒▒▒▒▒▒▒▒▒▒▒▒▒  34.0 MB /  132 MB
  █████████▒▒▒▒▒▒▒▒▒▒▒▒▒▒▒▒▒▒▒▒▒  42.0 MB /  132 MB
  ███████████▒▒▒▒▒▒▒▒▒▒▒▒▒▒▒▒▒▒▒  50.0 MB /  132 MB
  █████████████▒▒▒▒▒▒▒▒▒▒▒▒▒▒▒▒▒  58.0 MB /  132 MB
  ██████████████▒▒▒▒▒▒▒▒▒▒▒▒▒▒▒▒  65.0 MB /  132 MB
  ████████████████▒▒▒▒▒▒▒▒▒▒▒▒▒▒  73.0 MB /  132 MB
  ██████████████████▒▒▒▒▒▒▒▒▒▒▒▒  80.0 MB /  132 MB
  ███████████████████▒▒▒▒▒▒▒▒▒▒▒  87.0 MB /  132 MB
  █████████████████████▒▒▒▒▒▒▒▒▒  95.0 MB /  132 MB
  ███████████████████████▒▒▒▒▒▒▒   103 MB /  132 MB
  ████████████████████████▒▒▒▒▒▒   110 MB /  132 MB
  ██████████████████████████▒▒▒▒   117 MB /  132 MB
  ████████████████████████████▒▒   124 MB /  132 MB
  █████████████████████████████▒   132 MB /  132 MB
  ██████████████████████████████   132 MB /  132 MB
Successfully verified installer hash
Starting package install...

   - 
   \ 
   | 
   / 
   - 
   \ 
   | 
   / 
   - 
   \ 
   | 
   / 
   - 
   \ 
   | 
   / 
   - 
   \ 
   | 
   / 
   - 
   \ 
   | 
   / 
   - 
   \ 
   | 
   / 
   - 
   \ 
   | 
   / 
   - 
   \ 
   | 
   / 
   - 
   \ 
   | 
   / 
   - 
   \ 
   | 
   / 
   - 
   \ 
   | 
   / 
   - 
   \ 
   | 
   / 
   - 
   \ 
   | 
   / 
   - 
   \ 
   | 
   / 
   - 
   \ 
   | 
   / 
   - 
   \ 
   | 
   / 
   - 
   \ 
                                                                                                                        
Successfully installed

(2/3) Found Workspace ONE Intelligent Hub [VMware.IntelligentHub] Version 24.4.13.0
This application is licensed to you by its owner.
Microsoft is not responsible for, nor does it grant any licenses to, third-party packages.
Downloading https://packages.vmware.com/wsone/AirwatchAgent.msi

   - 
   \ 
   | 
   / 
   - 
   \ 
   | 
   / 
   - 
   \ 
   | 
   / 
   - 
   \ 
   | 
   / 
   - 
   \ 
   | 
   / 
   - 
   \ 
                                                                                                                        

  ▒▒▒▒▒▒▒▒▒▒▒▒▒▒▒▒▒▒▒▒▒▒▒▒▒▒▒▒▒▒  1024 KB /  260 MB
  ▒▒▒▒▒▒▒▒▒▒▒▒▒▒▒▒▒▒▒▒▒▒▒▒▒▒▒▒▒▒  7.00 MB /  260 MB
  █▒▒▒▒▒▒▒▒▒▒▒▒▒▒▒▒▒▒▒▒▒▒▒▒▒▒▒▒▒  15.0 MB /  260 MB
  ██▒▒▒▒▒▒▒▒▒▒▒▒▒▒▒▒▒▒▒▒▒▒▒▒▒▒▒▒  25.0 MB /  260 MB
  ███▒▒▒▒▒▒▒▒▒▒▒▒▒▒▒▒▒▒▒▒▒▒▒▒▒▒▒  27.0 MB /  260 MB
  ████▒▒▒▒▒▒▒▒▒▒▒▒▒▒▒▒▒▒▒▒▒▒▒▒▒▒  36.0 MB /  260 MB
  █████▒▒▒▒▒▒▒▒▒▒▒▒▒▒▒▒▒▒▒▒▒▒▒▒▒  45.0 MB /  260 MB
  █████▒▒▒▒▒▒▒▒▒▒▒▒▒▒▒▒▒▒▒▒▒▒▒▒▒  51.0 MB /  260 MB
  ██████▒▒▒▒▒▒▒▒▒▒▒▒▒▒▒▒▒▒▒▒▒▒▒▒  59.0 MB /  260 MB
  ███████▒▒▒▒▒▒▒▒▒▒▒▒▒▒▒▒▒▒▒▒▒▒▒  66.0 MB /  260 MB
  ███████▒▒▒▒▒▒▒▒▒▒▒▒▒▒▒▒▒▒▒▒▒▒▒  69.0 MB /  260 MB
  ████████▒▒▒▒▒▒▒▒▒▒▒▒▒▒▒▒▒▒▒▒▒▒  74.0 MB /  260 MB
  █████████▒▒▒▒▒▒▒▒▒▒▒▒▒▒▒▒▒▒▒▒▒  79.0 MB /  260 MB
  █████████▒▒▒▒▒▒▒▒▒▒▒▒▒▒▒▒▒▒▒▒▒  83.0 MB /  260 MB
  ██████████▒▒▒▒▒▒▒▒▒▒▒▒▒▒▒▒▒▒▒▒  89.0 MB /  260 MB
  ██████████▒▒▒▒▒▒▒▒▒▒▒▒▒▒▒▒▒▒▒▒  93.0 MB /  260 MB
  ███████████▒▒▒▒▒▒▒▒▒▒▒▒▒▒▒▒▒▒▒  98.0 MB /  260 MB
  ████████████▒▒▒▒▒▒▒▒▒▒▒▒▒▒▒▒▒▒   105 MB /  260 MB
  ████████████▒▒▒▒▒▒▒▒▒▒▒▒▒▒▒▒▒▒   110 MB /  260 MB
  █████████████▒▒▒▒▒▒▒▒▒▒▒▒▒▒▒▒▒   115 MB /  260 MB
  █████████████▒▒▒▒▒▒▒▒▒▒▒▒▒▒▒▒▒   120 MB /  260 MB
  █████████████▒▒▒▒▒▒▒▒▒▒▒▒▒▒▒▒▒   121 MB /  260 MB
  ██████████████▒▒▒▒▒▒▒▒▒▒▒▒▒▒▒▒   124 MB /  260 MB
  ██████████████▒▒▒▒▒▒▒▒▒▒▒▒▒▒▒▒   125 MB /  260 MB
  ███████████████▒▒▒▒▒▒▒▒▒▒▒▒▒▒▒   132 MB /  260 MB
  ███████████████▒▒▒▒▒▒▒▒▒▒▒▒▒▒▒   138 MB /  260 MB
  ████████████████▒▒▒▒▒▒▒▒▒▒▒▒▒▒   144 MB /  260 MB
  █████████████████▒▒▒▒▒▒▒▒▒▒▒▒▒   151 MB /  260 MB
  ██████████████████▒▒▒▒▒▒▒▒▒▒▒▒   158 MB /  260 MB
  ██████████████████▒▒▒▒▒▒▒▒▒▒▒▒   164 MB /  260 MB
  ███████████████████▒▒▒▒▒▒▒▒▒▒▒   172 MB /  260 MB
  ████████████████████▒▒▒▒▒▒▒▒▒▒   179 MB /  260 MB
  █████████████████████▒▒▒▒▒▒▒▒▒   188 MB /  260 MB
  ██████████████████████▒▒▒▒▒▒▒▒   193 MB /  260 MB
  ███████████████████████▒▒▒▒▒▒▒   200 MB /  260 MB
  ███████████████████████▒▒▒▒▒▒▒   207 MB /  260 MB
  ████████████████████████▒▒▒▒▒▒   213 MB /  260 MB
  █████████████████████████▒▒▒▒▒   219 MB /  260 MB
  ██████████████████████████▒▒▒▒   228 MB /  260 MB
  ██████████████████████████▒▒▒▒   233 MB /  260 MB
  ███████████████████████████▒▒▒   239 MB /  260 MB
  ████████████████████████████▒▒   247 MB /  260 MB
  █████████████████████████████▒   253 MB /  260 MB
  ██████████████████████████████   260 MB /  260 MB
Successfully verified installer hash
Starting package install...

   - 
   \ 
   | 
   / 
   - 
   \ 
   | 
   / 
   - 
   \ 
   | 
   / 
   - 
   \ 
   | 
   / 
   - 
   \ 
   | 
   / 
   - 
   \ 
   | 
   / 
   - 
   \ 
   | 
   / 
   - 
   \ 
   | 
   / 
   - 
   \ 
   | 
   / 
   - 
   \ 
   | 
   / 
   - 
   \ 
   | 
   / 
   - 
   \ 
   | 
   / 
   - 
   \ 
   | 
   / 
   - 
   \ 
   | 
   / 
   - 
   \ 
   | 
   / 
   - 
   \ 
   | 
   / 
   - 
   \ 
   | 
   / 
   - 
   \ 
   | 
   / 
   - 
   \ 
   | 
   / 
   - 
   \ 
   | 
   / 
   - 
   \ 
   | 
   / 
   - 
   \ 
   | 
   / 
   - 
   \ 
   | 
   / 
   - 
   \ 
   | 
   / 
   - 
   \ 
   | 
   / 
   - 
   \ 
   | 
   / 
   - 
   \ 
   | 
   / 
   - 
   \ 
   | 
   / 
   - 
   \ 
   | 
   / 
   - 
   \ 
   | 
   / 
   - 
   \ 
   | 
   / 
   - 
   \ 
   | 
   / 
   - 
   \ 
   | 
   / 
   - 
   \ 
   | 
   / 
   - 
   \ 
   | 
   / 
   - 
   \ 
   | 
   / 
   - 
   \ 
   | 
   / 
   - 
   \ 
   | 
   / 
   - 
   \ 
   | 
   / 
   - 
   \ 
   | 
   / 
   - 
   \ 
   | 
   / 
   - 
   \ 
   | 
   / 
   - 
   \ 
   | 
   / 
   - 
   \ 
                                                                                                                        
Successfully installed

(3/3) Found Windows Terminal [Microsoft.WindowsTerminal] Version 1.21.3231.0
This application is licensed to you by its owner.
Microsoft is not responsible for, nor does it grant any licenses to, third-party packages.
(1/1) Found Microsoft.UI.Xaml [Microsoft.UI.Xaml.2.8] Version 8.2310.30001.0
This application is licensed to you by its owner.
Microsoft is not responsible for, nor does it grant any licenses to, third-party packages.
Successfully verified installer hash
Starting package install...

   - 
   \ 
   | 
   / 
   - 
   \ 
   | 
   / 
   - 
   \ 
   | 
   / 
   - 
                                                                                                                        

  ▒▒▒▒▒▒▒▒▒▒▒▒▒▒▒▒▒▒▒▒▒▒▒▒▒▒▒▒▒▒  2%
  ▒▒▒▒▒▒▒▒▒▒▒▒▒▒▒▒▒▒▒▒▒▒▒▒▒▒▒▒▒▒  2%
  ██████████████▒▒▒▒▒▒▒▒▒▒▒▒▒▒▒▒  48%
  ████████████████████████████▒▒  95%
Installer failed with exit code: 0x80070057 : The parameter is incorrect.


###WGUsection 02###

   - 
   \ 
   | 
   / 
   - 
                                                                                                                        

  ████████▒▒▒▒▒▒▒▒▒▒▒▒▒▒▒▒▒▒▒▒▒▒  1024 KB / 3.35 MB
  █████████████████▒▒▒▒▒▒▒▒▒▒▒▒▒  2.00 MB / 3.35 MB
  ██████████████████████████▒▒▒▒  3.00 MB / 3.35 MB
  ██████████████████████████████  3.35 MB / 3.35 MB
                                                                                                                        
Name                      Id                        Version      Available   Source
-----------------------------------------------------------------------------------
Microsoft.WindowsTerminal Microsoft.WindowsTerminal 1.20.11781.0 1.21.3231.0 winget
1 upgrades available.

Installing dependencies:
This package requires the following dependencies:
  - Packages
      Microsoft.UI.Xaml.2.8 [>= 8.2306.22001.0]
(1/1) Found Windows Terminal [Microsoft.WindowsTerminal] Version 1.21.3231.0
This application is licensed to you by its owner.
Microsoft is not responsible for, nor does it grant any licenses to, third-party packages.
(1/1) Found Microsoft.UI.Xaml [Microsoft.UI.Xaml.2.8] Version 8.2310.30001.0
This application is licensed to you by its owner.
Microsoft is not responsible for, nor does it grant any licenses to, third-party packages.
Successfully verified installer hash
Starting package install...

   - 
   \ 
   | 
   / 
   - 
   \ 
   | 
   / 
   - 
   \ 
   | 
   / 
                                                                                                                        

  ▒▒▒▒▒▒▒▒▒▒▒▒▒▒▒▒▒▒▒▒▒▒▒▒▒▒▒▒▒▒  2%
  ▒▒▒▒▒▒▒▒▒▒▒▒▒▒▒▒▒▒▒▒▒▒▒▒▒▒▒▒▒▒  2%
  ██████████████▒▒▒▒▒▒▒▒▒▒▒▒▒▒▒▒  48%
  ████████████████████████████▒▒  95%
Installer failed with exit code: 0x80070057 : The parameter is incorrect.


###WG7zip###
7-Zip version: 24.09 (Path: C:\Program Files\7-Zip\7z.exe)
#############GSD-Fix Completed#############
