******000000******Start of Script******000000******
*************Start time: Mon Nov  4 18:39:46 +04 2024*************
*************Checking Chrome*************
GC Installed Ver: 130.0.6723.92
****** Chrome DMG is fresh and metadata matches. Skipping download. ******
GC Stable Ver: 130.0.6723.92
GC Installed Ver: 130.0.6723.92
****** Chrome version checked OK (130.0.6723.92) ******
****** Firefox is not installed ******
****** Thunderbird is not installed ******
*************Checking Acrobat Reader*************
****** Adobe Acrobat Reader is not installed. Exiting ******
****** Adobe Acrobat Reader check completed ******
*************Checking log4j*************
JAR file already exists. Skipping download.
Using existing JAR file: /Users/Shared/log4jscan-latest.jar
Log file is not more than 7 days old. Skipping scan.
*************Checking Acrobat Full Version*************
****** Adobe Acrobat Full is installed. Proceeding ******
AB Stable Ver: 24.004.20219
AB Installed Ver: 24.004.20219
****** Adobe Full is up to date. Exiting ******
****** Adobe Acrobat Full check completed ******
*************Checking Microsoft Office*************
Microsoft AutoUpdate is installed.
Opening Microsoft AutoUpdate app...
Continuing script execution...
Installing updates...
*************Check complete for Microsoft Office*************
*************Checking Silverlight*************

*************Check complete for Silverlight*************
*************Checking Java*************
No folder with 'jdk' found.
Removing JRE
Mon Nov  4 18:39:48 +04 2024: Clean up JRE traces...
Searching for rt.jar...
Renaming /Users/anique/Desktop/Docs/NYUAD.undergraduate/Fall 2018/Intro To CS/processing-3.4/java/lib/rt.jar to /Users/anique/Desktop/Docs/NYUAD.undergraduate/Fall 2018/Intro To CS/processing-3.4/java/lib/rt.ogjarbak
Searching for jrt-fs.jar...
Searching for catalina.jar...
Searching for struts-core-1.3.8.jar...
Searching for rt.ogjarbak...
Searching for jrt-fs.ogjarbak...
Java is required. Install Zulu JDK
ARM architecture. Downloading arm64 binaries...
Filename: zulu23.30.13-ca-jdk23.0.1-macosx_aarch64.dmg
Mon Nov  4 18:39:48 +04 2024: Downloading zulu23.30.13-ca-jdk23.0.1-macosx_aarch64.dmg...
Error: Failed to download zulu23.30.13-ca-jdk23.0.1-macosx_aarch64.dmg
Tue Nov  5 09:28:26 +04 2024: Updating Java...
Mounting /Users/Shared/zulu23.30.13-ca-jdk23.0.1-macosx_aarch64.dmg
Tue Nov  5 09:28:26 +04 2024: Clean up JRE traces...
Installing  ****************
installer: Error - the package path specified was invalid: ''.
*************Check complete for Java*************
*************Checking Safari*************
macOS version is above 13.0. Skipping installation.
*************Check complete for Safari for macOS 11-13 only *************
*************Checking Rogue Apps*************
Searching for Google Chrome.app...
Searching for Safari.app...
Searching for Firefox.app...
No instances of Firefox.app found outside /Applications.
Searching for Thunderbird.app...
No instances of Thunderbird.app found outside /Applications.
Searching for Foxit Reader.app...
No instances of Foxit Reader.app found outside /Applications.
*************Task completed in 0 seconds to Remove rogue apps*************
*************Checking Adobe Apps*************
Remote Update Manager is already installed.
Adobe Apps Update in progress...
RemoteUpdateManager version is : 3.1.0.3
Starting the RemoteUpdateManager...

**************************************************
No new updates are available for Acrobat/Reader
**************************************************
Following Updates are applicable on the system :
		(ILST/29.0.1.192/macuniversal)
**************************************************
Following Updates are to be downloaded :
		(ILST/29.0.1.192/macuniversal)
**************************************************
*** Downloading (ILST/29.0.1.192/macuniversal) ...
*** Successfully downloaded (ILST/29.0.1.192/macuniversal) ...
All Updates downloaded successfully ...
**************************************************
*** Installing (ILST/29.0.1.192/macuniversal) ...
Progress: 0%Progress: 0%*** Failed to install (ILST/29.0.1.192/macuniversal) ...
Some Updates failed to install ...
**************************************************
Following Updates failed to Install :
		(ILST/29.0/29.0.1/macuniversal)
**************************************************
Exit Code: 131          
*************Adobe apps check completed*************
*************Checking MacOS SU*************
Performing Software Update Check for macOS
*************No update found*************
****** macOS SU check completed ******
VLC version: 3.0.21
Arch is: arm64
VLC up to date
****** VLC check completed ******
Path not found, skipping: /Applications/Adobe Acrobat 2015
Deleting: /Applications/Adobe Digital Editions 4.5.app
Path not found, skipping: /Applications/Adobe Illustrator CC 2015
Path not found, skipping: /Applications/Adobe Illustrator CC 2016
Path not found, skipping: /Applications/Adobe Illustrator CC 2017
Path not found, skipping: /Applications/Adobe Illustrator CC 2018
Path not found, skipping: /Applications/Adobe Illustrator CC 2019
Path not found, skipping: /Applications/Adobe Illustrator 2020
Path not found, skipping: /Applications/Adobe Illustrator 2021
Path not found, skipping: /Applications/Adobe Illustrator 2022
Path not found, skipping: /Applications/Adobe Photoshop CC 2015
Path not found, skipping: /Applications/Adobe Photoshop CC 2016
Path not found, skipping: /Applications/Adobe Photoshop CC 2017
Path not found, skipping: /Applications/Adobe Photoshop CC 2018
Path not found, skipping: /Applications/Adobe Photoshop 2020
Path not found, skipping: /Applications/Adobe Photoshop 2021
Path not found, skipping: /Applications/Adobe Photoshop 2022
Path not found, skipping: /private/var/root/.Trash/Adobe Acrobat Reader.app
Path not found, skipping: /private/var/root/.Trash/Adobe Reader19-49-38.app
Path not found, skipping: /Users/mm9511/Library/CloudStorage/GoogleDrive-mm9511@nyu.edu/My Drive/Adobe Acrobat Reader.app
Path not found, skipping: /Applications/Adobe Acrobat XI Pro
Path not found, skipping: /Users/ag9141/Documents/mpi/Applications/Adobe Acrobat Reader DC.app
Path not found, skipping: /Applications/Adobe Animate CC 2017
Path not found, skipping: /Applications/Adobe Animate 2022
Searching for .app files with 'adobe' in Trash directories...
Deleting from Trash: /Users/anique/.Trash/Adobe Premiere Pro 2024/Adobe Premiere Pro 2024.app
Deleting from Trash: /Users/anique/.Trash/Adobe Premiere Pro 2024/Adobe Premiere Pro 2024.app/Contents/AdobeCrashReport.app
Deleting from Trash: /Users/anique/.Trash/Adobe Premiere Pro 2024/Adobe Premiere Pro 2024.app/Contents/Frameworks/AdobeCrashReporter.framework/Versions/A/AdobeCRDaemon.app
Deleting from Trash: /Users/anique/.Trash/Adobe Premiere Pro 2024/Adobe Premiere Pro 2024.app/Contents/Frameworks/AdobeCrashReporter.framework/Versions/A/Adobe Crash Reporter.app
Deleting from Trash: /Users/anique/.Trash/Adobe Illustrator 2024/Adobe Illustrator.app
Deleting from Trash: /Users/anique/.Trash/Adobe Illustrator 2024/Adobe Illustrator.app/Contents/Frameworks/AdobeCrashReporter.framework/Versions/A/Adobe Crash Processor.app
Deleting from Trash: /Users/anique/.Trash/Adobe Illustrator 2024/Adobe Illustrator.app/Contents/Frameworks/AdobeCrashReporter.framework/Versions/A/Adobe Crash Reporter.app
Deleting from Trash: /Users/anique/.Trash/Adobe Media Encoder 2024/Adobe Media Encoder 2024.app
Deleting from Trash: /Users/anique/.Trash/Adobe Media Encoder 2024/Adobe Media Encoder 2024.app/Contents/AdobeCrashReport.app
Deleting from Trash: /Users/anique/.Trash/Adobe Media Encoder 2024/Adobe Media Encoder 2024.app/Contents/Frameworks/AdobeCrashReporter.framework/Versions/A/AdobeCRDaemon.app
Deleting from Trash: /Users/anique/.Trash/Adobe Media Encoder 2024/Adobe Media Encoder 2024.app/Contents/Frameworks/AdobeCrashReporter.framework/Versions/A/Adobe Crash Reporter.app
Status: ENABLED for user itops
*************End of Script*************
*************End time: Tue Nov  5 09:33:03 +04 2024*************
*************Elapsed time: 53597 seconds*************
App Sanity Check Completed
