******000000******Start of Script******000000******
*************Start time: Wed Nov  6 21:57:39 +04 2024*************
*************Checking Chrome*************
GC Installed Ver: 
****** Chrome DMG is outdated or metadata mismatch. Downloading again. ******
******000000******Start of Script******000000******
*************Start time: Thu Nov 14 16:26:25 +04 2024*************
*************Checking Chrome*************
GC Installed Ver: 130.0.6723.117
****** Chrome DMG is outdated or metadata mismatch. Downloading again. ******
GC Stable Ver: 
GC Installed Ver: 130.0.6723.117
****** Chrome version differs - installed: 130.0.6723.117, available:  ******
****** Application is not running on target Mac. Proceeding Clean Install... ******
****** Install in progress ******
****** Firefox is not installed ******
****** Thunderbird is not installed ******
*************Checking Acrobat Reader*************
****** Adobe Acrobat Reader is installed. Proceeding ******
AR Stable Ver: 24.004.20243
AR Installed Ver: 24.004.20243
****** Adobe Reader is up to date. Exiting ******
****** Adobe Acrobat Reader check completed ******
*************Checking log4j*************
JAR file already exists. Skipping download.
Using existing JAR file: /Users/Shared/log4jscan-latest.jar
Log file is either more than 7 days old or does not exist. Running scan...
****** Scan completed. Log file: /Users/Shared/log4j.log ******
*************Checking Acrobat Full Version*************
****** Adobe Acrobat Full is not installed. Exiting ******
****** Adobe Acrobat Full check completed ******
*************Checking Microsoft Office*************
Microsoft AutoUpdate is installed.
Opening Microsoft AutoUpdate app...
Continuing script execution...
Installing updates...
Update available: Latest version is , installed version is 16.91.
*************Check complete for Microsoft Office*************
*************Checking Silverlight*************

*************Check complete for Silverlight*************
*************Checking Java*************
No folder with 'jdk' found.
Removing JRE
Thu Nov 14 16:31:52 +04 2024: Clean up JRE traces...
Searching for rt.jar...
Searching for jrt-fs.jar...
Searching for catalina.jar...
Searching for struts-core-1.3.8.jar...
Searching for rt.ogjarbak...
Searching for jrt-fs.ogjarbak...
*************Check complete for Java*************
*************Checking Safari*************
macOS version is above 13.0. Skipping installation.
*************Check complete for Safari for macOS 11-13 only *************
*************Checking Rogue Apps*************
Searching for Google Chrome.app...
Searching for Safari.app...
Searching for Firefox.app...
No instances of Firefox.app found outside /Applications.
Searching for Thunderbird.app...
No instances of Thunderbird.app found outside /Applications.
Searching for Foxit Reader.app...
No instances of Foxit Reader.app found outside /Applications.
*************Task completed in 1 seconds to Remove rogue apps*************
*************Checking Adobe Apps*************
Remote Update Manager is already installed.
Adobe Apps Update in progress...
RemoteUpdateManager version is : 3.1.0.3
Starting the RemoteUpdateManager...

*************Adobe apps check completed*************
*************Checking MacOS SU*************
Performing Software Update Check for macOS
App Sanity Check Completed
button returned:OK
****** macOS SU check completed ******
*************Checking VLC*************
VLC version: 3.0.21
Arch is: x86_64
VLC up to date
****** VLC check completed ******
*************Manual files removal*************
Path not found, skipping: /Applications/Adobe Acrobat 2015
Path not found, skipping: /Applications/Adobe Digital Editions 4.5.app
Path not found, skipping: /Applications/Adobe Illustrator CC 2015
Path not found, skipping: /Applications/Adobe Illustrator CC 2016
Path not found, skipping: /Applications/Adobe Illustrator CC 2017
Path not found, skipping: /Applications/Adobe Illustrator CC 2018
Path not found, skipping: /Applications/Adobe Illustrator CC 2019
Path not found, skipping: /Applications/Adobe Illustrator 2020
Path not found, skipping: /Applications/Adobe Illustrator 2021
Path not found, skipping: /Applications/Adobe Illustrator 2022
Path not found, skipping: /Applications/Adobe Illustrator 2023
Path not found, skipping: /Applications/Adobe Photoshop CC 2015
Path not found, skipping: /Applications/Adobe Photoshop CC 2016
Path not found, skipping: /Applications/Adobe Photoshop CC 2017
Path not found, skipping: /Applications/Adobe Photoshop CC 2018
Path not found, skipping: /Applications/Adobe Photoshop 2020
Path not found, skipping: /Applications/Adobe Photoshop 2021
Path not found, skipping: /Applications/Adobe Photoshop 2022
Path not found, skipping: /Applications/Adobe Photoshop 2023
Deleting: /private/var/root/.Trash/Adobe Acrobat Reader.app
Path not found, skipping: /private/var/root/.Trash/Adobe Reader19-49-38.app
Path not found, skipping: /Users/mm9511/Library/CloudStorage/GoogleDrive-mm9511@nyu.edu/My Drive/Adobe Acrobat Reader.app
Path not found, skipping: /Applications/Adobe Acrobat XI Pro
Path not found, skipping: /Users/ag9141/Documents/mpi/Applications/Adobe Acrobat Reader DC.app
Path not found, skipping: /Applications/Adobe Animate CC 2017
Path not found, skipping: /Applications/Adobe Animate 2022
Path not found, skipping: /Applications/Adobe Illustrator CC 2015.3
Path not found, skipping: /Applications/Adobe Photoshop CC 2015.5
Path not found, skipping: /Users/mohamadabbas/Desktop/Desktop/Shows/Programs/Mac 2/del/VLC.app
Path not found, skipping: /Users/wm955/bin/JDownloader 2.0.220930
Path not found, skipping: /Users/ag9141/Documents/MPI/Applications/Microsoft Word.app
Path not found, skipping: /Applications/Microsoft Word.app.installBackup
Path not found, skipping: /Users/ag9141/Documents/MPI/Applications/Microsoft OneNote.app
Path not found, skipping: /Users/sb7444/Desktop/Cisco AnyConnect Secure Mobility Client.app
Path not found, skipping: /Users/sm5436/Desktop/DO NOT DELETE MANUALS/Applications/Microsoft Word.app
Path not found, skipping: /Users/sm5436/Desktop/DO NOT DELETE MANUALS/Applications/Cisco/Cisco AnyConnect Secure Mobility Client.app
Path not found, skipping: /Users/sm5436/Desktop/DO NOT DELETE MANUALS/Applications/Adobe Acrobat DC/Adobe Acrobat.app
Path not found, skipping: /opt/homebrew/Cellar/openjdk@11
Path not found, skipping: /Users/hha026/Downloads/Fiji.app
Path not found, skipping: /Users/ag6042/Documents/documents26042024/Fiji.app
Path not found, skipping: /Users/hha026/Downloads/Fiji.app
Path not found, skipping: /System/Volumes/Data/Users/baglio/Library/Application Support/minecraft
Path not found, skipping: /System/Volumes/Data/Users/akj4/Dropbox/My Mac (MacBook-Pro.local)/Downloads/merlin-3
Path not found, skipping: /System/Volumes/Data/Users/nd48/Library/Application Support/minecraft
Path not found, skipping: /Applications/Cisco/Cisco AnyConnect Secure Mobility Client.app
Deleting: /opt/cisco/anyconnect
Path not found, skipping: /Applications/Cisco/Cisco AnyConnect Secure Mobility Client1.app
Path not found, skipping: /Users/sm5436/Desktop/DO NOT DELETE MANUALS/Applications/Cisco/Cisco AnyConnect Secure Mobility Client.app
Searching for .app files with 'adobe' in Trash directories...
Deleting from Trash: /private/var/root/.Trash/Adobe Reader 8-08-53.app
Deleting from Trash: /private/var/root/.Trash/Adobe Reader 8-08-53.app/Contents/Frameworks/AdobeCrashReporter.framework/Versions/A/Adobe Crash Processor.app
Deleting from Trash: /private/var/root/.Trash/Adobe Reader 8-08-53.app/Contents/Frameworks/AdobeCrashReporter.framework/Versions/A/Adobe Crash Reporter.app
Deleting from Trash: /private/var/root/.Trash/Adobe Reader 8-08-53.app/Contents/Frameworks/RdrCEF Helper (Renderer).app/Contents/Frameworks/AdobeCrashReporter.framework/Versions/A/Adobe Crash Processor.app
Deleting from Trash: /private/var/root/.Trash/Adobe Reader 8-08-53.app/Contents/Frameworks/RdrCEF Helper (Renderer).app/Contents/Frameworks/AdobeCrashReporter.framework/Versions/A/Adobe Crash Reporter.app
Deleting from Trash: /private/var/root/.Trash/Adobe Reader 8-08-53.app/Contents/Frameworks/RdrCEF Helper (GPU).app/Contents/Frameworks/AdobeCrashReporter.framework/Versions/A/Adobe Crash Processor.app
Deleting from Trash: /private/var/root/.Trash/Adobe Reader 8-08-53.app/Contents/Frameworks/RdrCEF Helper (GPU).app/Contents/Frameworks/AdobeCrashReporter.framework/Versions/A/Adobe Crash Reporter.app
Deleting from Trash: /private/var/root/.Trash/Adobe Reader 8-08-53.app/Contents/Frameworks/RdrCEF Helper.app/Contents/Frameworks/AdobeCrashReporter.framework/Versions/A/Adobe Crash Processor.app
Deleting from Trash: /private/var/root/.Trash/Adobe Reader 8-08-53.app/Contents/Frameworks/RdrCEF Helper.app/Contents/Frameworks/AdobeCrashReporter.framework/Versions/A/Adobe Crash Reporter.app
Deleting from Trash: /private/var/root/.Trash/Adobe Reader 8-08-53.app/Contents/Helpers/Adobe Acrobat Reader Helper.app
Deleting from Trash: /private/var/root/.Trash/Adobe Reader 8-08-53.app/Contents/Helpers/AcroCEF/RdrCEF.app/Contents/Frameworks/AdobeCrashReporter.framework/Versions/A/Adobe Crash Processor.app
Deleting from Trash: /private/var/root/.Trash/Adobe Reader 8-08-53.app/Contents/Helpers/AcroCEF/RdrCEF.app/Contents/Frameworks/AdobeCrashReporter.framework/Versions/A/Adobe Crash Reporter.app
Deleting from Trash: /private/var/root/.Trash/Adobe Reader 8-08-53.app/Contents/Helpers/AdobeResourceSynchronizer.app
Deleting from Trash: /private/var/root/.Trash/Adobe Reader 8-08-53.app/Contents/Helpers/AdobeResourceSynchronizer.app/Contents/Frameworks/AdobeCrashReporter.framework/Versions/A/Adobe Crash Processor.app
Deleting from Trash: /private/var/root/.Trash/Adobe Reader 8-08-53.app/Contents/Helpers/AdobeResourceSynchronizer.app/Contents/Frameworks/AdobeCrashReporter.framework/Versions/A/Adobe Crash Reporter.app
Deleting from Trash: /private/var/root/.Trash/Adobe Reader 7-53-30.app
Deleting from Trash: /private/var/root/.Trash/Adobe Reader 7-53-30.app/Contents/Frameworks/AdobeCrashReporter.framework/Versions/A/Adobe Crash Processor.app
Deleting from Trash: /private/var/root/.Trash/Adobe Reader 7-53-30.app/Contents/Frameworks/AdobeCrashReporter.framework/Versions/A/Adobe Crash Reporter.app
Deleting from Trash: /private/var/root/.Trash/Adobe Reader 7-53-30.app/Contents/Frameworks/RdrCEF Helper (Renderer).app/Contents/Frameworks/AdobeCrashReporter.framework/Versions/A/Adobe Crash Processor.app
Deleting from Trash: /private/var/root/.Trash/Adobe Reader 7-53-30.app/Contents/Frameworks/RdrCEF Helper (Renderer).app/Contents/Frameworks/AdobeCrashReporter.framework/Versions/A/Adobe Crash Reporter.app
Deleting from Trash: /private/var/root/.Trash/Adobe Reader 7-53-30.app/Contents/Frameworks/RdrCEF Helper (GPU).app/Contents/Frameworks/AdobeCrashReporter.framework/Versions/A/Adobe Crash Processor.app
Deleting from Trash: /private/var/root/.Trash/Adobe Reader 7-53-30.app/Contents/Frameworks/RdrCEF Helper (GPU).app/Contents/Frameworks/AdobeCrashReporter.framework/Versions/A/Adobe Crash Reporter.app
Deleting from Trash: /private/var/root/.Trash/Adobe Reader 7-53-30.app/Contents/Frameworks/RdrCEF Helper.app/Contents/Frameworks/AdobeCrashReporter.framework/Versions/A/Adobe Crash Processor.app
Deleting from Trash: /private/var/root/.Trash/Adobe Reader 7-53-30.app/Contents/Frameworks/RdrCEF Helper.app/Contents/Frameworks/AdobeCrashReporter.framework/Versions/A/Adobe Crash Reporter.app
Deleting from Trash: /private/var/root/.Trash/Adobe Reader 7-53-30.app/Contents/Helpers/AcroCEF/RdrCEF.app/Contents/Frameworks/AdobeCrashReporter.framework/Versions/A/Adobe Crash Processor.app
Deleting from Trash: /private/var/root/.Trash/Adobe Reader 7-53-30.app/Contents/Helpers/AcroCEF/RdrCEF.app/Contents/Frameworks/AdobeCrashReporter.framework/Versions/A/Adobe Crash Reporter.app
Deleting from Trash: /private/var/root/.Trash/Adobe Reader 7-53-30.app/Contents/Helpers/AdobeResourceSynchronizer.app
Deleting from Trash: /private/var/root/.Trash/Adobe Reader 7-53-30.app/Contents/Helpers/AdobeResourceSynchronizer.app/Contents/Frameworks/AdobeCrashReporter.framework/Versions/A/Adobe Crash Processor.app
Deleting from Trash: /private/var/root/.Trash/Adobe Reader 7-53-30.app/Contents/Helpers/AdobeResourceSynchronizer.app/Contents/Frameworks/AdobeCrashReporter.framework/Versions/A/Adobe Crash Reporter.app
Deleting from Trash: /private/var/root/.Trash/Adobe Reader10-49-23.app
Deleting from Trash: /private/var/root/.Trash/Adobe Reader10-49-23.app/Contents/Frameworks/AdobeCrashReporter.framework/Versions/A/Adobe Crash Processor.app
Deleting from Trash: /private/var/root/.Trash/Adobe Reader10-49-23.app/Contents/Frameworks/AdobeCrashReporter.framework/Versions/A/Adobe Crash Reporter.app
Deleting from Trash: /private/var/root/.Trash/Adobe Reader10-49-23.app/Contents/Frameworks/RdrCEF Helper (Renderer).app/Contents/Frameworks/AdobeCrashReporter.framework/Versions/A/Adobe Crash Processor.app
Deleting from Trash: /private/var/root/.Trash/Adobe Reader10-49-23.app/Contents/Frameworks/RdrCEF Helper (Renderer).app/Contents/Frameworks/AdobeCrashReporter.framework/Versions/A/Adobe Crash Reporter.app
Deleting from Trash: /private/var/root/.Trash/Adobe Reader10-49-23.app/Contents/Frameworks/RdrCEF Helper (GPU).app/Contents/Frameworks/AdobeCrashReporter.framework/Versions/A/Adobe Crash Processor.app
Deleting from Trash: /private/var/root/.Trash/Adobe Reader10-49-23.app/Contents/Frameworks/RdrCEF Helper (GPU).app/Contents/Frameworks/AdobeCrashReporter.framework/Versions/A/Adobe Crash Reporter.app
Deleting from Trash: /private/var/root/.Trash/Adobe Reader10-49-23.app/Contents/Frameworks/RdrCEF Helper.app/Contents/Frameworks/AdobeCrashReporter.framework/Versions/A/Adobe Crash Processor.app
Deleting from Trash: /private/var/root/.Trash/Adobe Reader10-49-23.app/Contents/Frameworks/RdrCEF Helper.app/Contents/Frameworks/AdobeCrashReporter.framework/Versions/A/Adobe Crash Reporter.app
Deleting from Trash: /private/var/root/.Trash/Adobe Reader10-49-23.app/Contents/Helpers/Adobe Acrobat Reader Helper.app
Deleting from Trash: /private/var/root/.Trash/Adobe Reader10-49-23.app/Contents/Helpers/AcroCEF/RdrCEF.app/Contents/Frameworks/AdobeCrashReporter.framework/Versions/A/Adobe Crash Processor.app
Deleting from Trash: /private/var/root/.Trash/Adobe Reader10-49-23.app/Contents/Helpers/AcroCEF/RdrCEF.app/Contents/Frameworks/AdobeCrashReporter.framework/Versions/A/Adobe Crash Reporter.app
Deleting from Trash: /private/var/root/.Trash/Adobe Reader10-49-23.app/Contents/Helpers/AdobeResourceSynchronizer.app
Deleting from Trash: /private/var/root/.Trash/Adobe Reader10-49-23.app/Contents/Helpers/AdobeResourceSynchronizer.app/Contents/Frameworks/AdobeCrashReporter.framework/Versions/A/Adobe Crash Processor.app
Deleting from Trash: /private/var/root/.Trash/Adobe Reader10-49-23.app/Contents/Helpers/AdobeResourceSynchronizer.app/Contents/Frameworks/AdobeCrashReporter.framework/Versions/A/Adobe Crash Reporter.app
*************Cleanup completedd*************
*************Get more info*************
########TOKEN
Status: DISABLED for user itops
########MDMLINK
WS1 Enrolled
########BIGFIX
########XDR
*************TEMP Task*************
*************SSaver update Nov 2024*************
Deleted: /Users/Shared/NYUAD/01.jpg
Deleted: /Users/Shared/NYUAD/02.jpg
Deleted: /Users/Shared/NYUAD/03.jpg
Deleted: /Users/Shared/NYUAD/04.jpg
Deleted: /Users/Shared/NYUAD/05.jpg
Deleted: /Users/Shared/NYUAD/06.jpg
Deleted: /Users/Shared/NYUAD/07.jpg
File not found: /Users/Shared/NYUAD/08.jpg
Deleted: /Users/Shared/NYUAD/09.jpg
*************End of Script*************
*************End time: Thu Nov 14 16:33:08 +04 2024*************
*************Elapsed time: 403 seconds*************
App Sanity Check Completed
******000000******Start of Script******000000******
*************Start time: Fri Nov 22 18:01:34 +04 2024*************
*************Checking Chrome*************
GC Installed Ver: 131.0.6778.86
****** Chrome DMG is outdated or metadata mismatch. Downloading again. ******
GC Stable Ver: 
GC Installed Ver: 131.0.6778.86
****** Chrome version differs - installed: 131.0.6778.86, available:  ******
****** Application is not running on target Mac. Proceeding Clean Install... ******
****** Install in progress ******
****** Firefox is not installed ******
****** Thunderbird is not installed ******
*************Checking Acrobat Reader*************
****** Adobe Acrobat Reader is installed. Proceeding ******
AR Stable Ver: 24.004.20272
AR Installed Ver: 24.004.20272
****** Adobe Reader is up to date. Exiting ******
****** Adobe Acrobat Reader check completed ******
*************Checking log4j*************
JAR file already exists. Skipping download.
Using existing JAR file: /Users/Shared/log4jscan-latest.jar
Log file is either more than 7 days old or does not exist. Running scan...
****** Scan completed. Log file: /Users/Shared/log4j.log ******
*************Checking Acrobat Full Version*************
****** Adobe Acrobat Full is not installed. Exiting ******
****** Adobe Acrobat Full check completed ******
*************Checking Microsoft Office*************
Microsoft AutoUpdate is installed.
Opening Microsoft AutoUpdate app...
Continuing script execution...
Installing updates...
Update available: Latest version is , installed version is 16.91.
*************Check complete for Microsoft Office*************
*************Checking Silverlight*************

*************Check complete for Silverlight*************
*************Checking Java*************
No folder with 'jdk' found.
Removing JRE
Fri Nov 22 20:22:42 +04 2024: Clean up JRE traces...
Searching for rt.jar...
Searching for jrt-fs.jar...
Searching for catalina.jar...
Searching for struts-core-1.3.8.jar...
Searching for rt.ogjarbak...
Searching for jrt-fs.ogjarbak...
*************Check complete for Java*************
*************Checking Safari*************
macOS version is above 13.0. Skipping installation.
*************Check complete for Safari for macOS 11-13 only *************
*************Checking Rogue Apps*************
Searching for Google Chrome.app...
Searching for Safari.app...
Searching for Firefox.app...
No instances of Firefox.app found outside /Applications.
Searching for Thunderbird.app...
No instances of Thunderbird.app found outside /Applications.
Searching for Foxit Reader.app...
No instances of Foxit Reader.app found outside /Applications.
*************Task completed in 1 seconds to Remove rogue apps*************
*************Checking Adobe Apps*************
Remote Update Manager is already installed.
Adobe Apps Update in progress...
RemoteUpdateManager version is : 3.1.0.3
Starting the RemoteUpdateManager...

*************Adobe apps check completed*************
*************Checking MacOS SU*************
Performing Software Update Check for macOS
*************No update found*************
****** macOS SU check completed ******
*************Checking VLC*************
VLC version: 
Arch is: x86_64
Installing VLC for Intel
Latest VLC Installed
****** VLC check completed ******
*************Manual files removal*************
Path not found, skipping: /Applications/Adobe Acrobat 2015
Path not found, skipping: /Applications/Adobe Digital Editions 4.5.app
Path not found, skipping: /Applications/Adobe Illustrator CC 2015
Path not found, skipping: /Applications/Adobe Illustrator CC 2016
Path not found, skipping: /Applications/Adobe Illustrator CC 2017
Path not found, skipping: /Applications/Adobe Illustrator CC 2018
Path not found, skipping: /Applications/Adobe Illustrator CC 2019
Path not found, skipping: /Applications/Adobe Illustrator 2020
Path not found, skipping: /Applications/Adobe Illustrator 2021
Path not found, skipping: /Applications/Adobe Illustrator 2022
Path not found, skipping: /Applications/Adobe Illustrator 2023
Path not found, skipping: /Applications/Adobe Photoshop CC 2015
Path not found, skipping: /Applications/Adobe Photoshop CC 2016
Path not found, skipping: /Applications/Adobe Photoshop CC 2017
Path not found, skipping: /Applications/Adobe Photoshop CC 2018
Path not found, skipping: /Applications/Adobe Photoshop 2020
Path not found, skipping: /Applications/Adobe Photoshop 2021
Path not found, skipping: /Applications/Adobe Photoshop 2022
Path not found, skipping: /Applications/Adobe Photoshop 2023
Path not found, skipping: /private/var/root/.Trash/Adobe Acrobat Reader.app
Path not found, skipping: /private/var/root/.Trash/Adobe Reader19-49-38.app
Path not found, skipping: /Users/mm9511/Library/CloudStorage/GoogleDrive-mm9511@nyu.edu/My Drive/Adobe Acrobat Reader.app
Path not found, skipping: /Applications/Adobe Acrobat XI Pro
Path not found, skipping: /Users/ag9141/Documents/mpi/Applications/Adobe Acrobat Reader DC.app
Path not found, skipping: /Applications/Adobe Animate CC 2017
Path not found, skipping: /Applications/Adobe Animate 2022
Path not found, skipping: /Applications/Adobe Illustrator CC 2015.3
Path not found, skipping: /Applications/Adobe Photoshop CC 2015.5
Path not found, skipping: /Users/mohamadabbas/Desktop/Desktop/Shows/Programs/Mac 2/del/VLC.app
Path not found, skipping: /Users/wm955/bin/JDownloader 2.0.220930
Path not found, skipping: /Users/ag9141/Documents/MPI/Applications/Microsoft Word.app
Path not found, skipping: /Applications/Microsoft Word.app.installBackup
Path not found, skipping: /Users/ag9141/Documents/MPI/Applications/Microsoft OneNote.app
Path not found, skipping: /Users/sb7444/Desktop/Cisco AnyConnect Secure Mobility Client.app
Path not found, skipping: /Users/sm5436/Desktop/DO NOT DELETE MANUALS/Applications/Microsoft Word.app
Path not found, skipping: /Users/sm5436/Desktop/DO NOT DELETE MANUALS/Applications/Cisco/Cisco AnyConnect Secure Mobility Client.app
Path not found, skipping: /Users/sm5436/Desktop/DO NOT DELETE MANUALS/Applications/Adobe Acrobat DC/Adobe Acrobat.app
Path not found, skipping: /opt/homebrew/Cellar/openjdk@11
Path not found, skipping: /Users/hha026/Downloads/Fiji.app
Path not found, skipping: /Users/ag6042/Documents/documents26042024/Fiji.app
Path not found, skipping: /Users/hha026/Downloads/Fiji.app
Path not found, skipping: /System/Volumes/Data/Users/baglio/Library/Application Support/minecraft
Path not found, skipping: /System/Volumes/Data/Users/akj4/Dropbox/My Mac (MacBook-Pro.local)/Downloads/merlin-3
Path not found, skipping: /System/Volumes/Data/Users/nd48/Library/Application Support/minecraft
Path not found, skipping: /Applications/Cisco/Cisco AnyConnect Secure Mobility Client.app
Path not found, skipping: /opt/cisco/anyconnect
Path not found, skipping: /Applications/Cisco/Cisco AnyConnect Secure Mobility Client1.app
Path not found, skipping: /Users/sm5436/Desktop/DO NOT DELETE MANUALS/Applications/Cisco/Cisco AnyConnect Secure Mobility Client.app
Searching for .app files with 'adobe' in Trash directories...
*************Cleanup completedd*************
*************Get more info*************
########TOKEN
Status: DISABLED for user itops
########MDMLINK
WS1 Enrolled
########BIGFIX
########XDR
*************TEMP Task*************
*************SSaver update Nov 2024*************
File not found: /Users/Shared/NYUAD/01.jpg
File not found: /Users/Shared/NYUAD/02.jpg
File not found: /Users/Shared/NYUAD/03.jpg
File not found: /Users/Shared/NYUAD/04.jpg
File not found: /Users/Shared/NYUAD/05.jpg
File not found: /Users/Shared/NYUAD/06.jpg
File not found: /Users/Shared/NYUAD/07.jpg
File not found: /Users/Shared/NYUAD/08.jpg
File not found: /Users/Shared/NYUAD/09.jpg
*************End of Script*************
*************End time: Fri Nov 22 20:23:35 +04 2024*************
*************Elapsed time: 8521 seconds*************
App Sanity Check Completed
******000000******Start of Script******000000******
*************Start time: Fri Dec 13 04:44:36 +04 2024*************
*************Checking Chrome*************
GC Installed Ver: 
****** Chrome DMG is outdated or metadata mismatch. Downloading again. ******
GC Stable Ver: 
GC Installed Ver: 
****** Chrome version checked OK () ******
****** Firefox is not installed ******
****** Thunderbird is not installed ******
*************Checking Adobe Air*************
Uninstaller not present
Forgetting package
****** Adobe Air check completed ******
*************Checking Acrobat Reader*************
****** Adobe Acrobat Reader is installed. Proceeding ******
AR Stable Ver: 24.005.20320
AR Installed Ver: 24.005.20320
****** Adobe Reader is up to date. Exiting ******
****** Adobe Acrobat Reader check completed ******
*************Checking log4j*************
JAR file already exists. Skipping download.
Using existing JAR file: /Users/Shared/log4jscan-latest.jar
Log file is either more than 7 days old or does not exist. Running scan...
****** Scan completed. Log file: /Users/Shared/log4j.log ******
*************Checking Acrobat Full Version*************
****** Adobe Acrobat Full is not installed. Exiting ******
****** Adobe Acrobat Full check completed ******
*************Checking Microsoft Office*************
Microsoft AutoUpdate is installed.
Opening Microsoft AutoUpdate app...
Continuing script execution...
Installing updates...
Update available: Latest version is , installed version is 16.92.
*************Check complete for Microsoft Office*************
*************Checking Silverlight*************

*************Check complete for Silverlight*************
*************Checking Java*************
No folder with 'jdk' found.
Removing JRE
Fri Dec 13 08:48:03 +04 2024: Clean up JRE traces...
Searching for rt.jar...
Searching for jrt-fs.jar...
Searching for catalina.jar...
Searching for struts-core-1.3.8.jar...
Searching for rt.ogjarbak...
Searching for jrt-fs.ogjarbak...
*************Check complete for Java*************
*************Checking Fiji*************
Fiji.app not found. Skipping download and install.
No action taken.
https://cdn.azul.com/zulu/bin/zulu8.82.0.21-ca-jdk8.0.432-macosx_
Intel architecture. Downloading x64 binaries...
Filename: zulu8.82.0.21-ca-jdk8.0.432-macosx_x64.dmg
****** Java DMG is outdated or metadata mismatch. Downloading again. ******
Fri Dec 13 08:48:14 +04 2024: Updating Java...
Mounting /Users/Shared/zulu8.82.0.21-ca-jdk8.0.432-macosx_x64.dmg
Checksumming Protective Master Boot Record (MBR : 0)…
Protective Master Boot Record (MBR :: verified CRC32 $11171CB7
Checksumming GPT Header (Primary GPT Header : 1)…
 GPT Header (Primary GPT Header : 1): verified CRC32 $A258AD71
Checksumming GPT Partition Data (Primary GPT Table : 2)…
GPT Partition Data (Primary GPT Tabl: verified CRC32 $A068FC84
Checksumming  (Apple_Free : 3)…
                    (Apple_Free : 3): verified CRC32 $00000000
Checksumming disk image (Apple_HFS : 4)…
          disk image (Apple_HFS : 4): verified CRC32 $E3EA461D
Checksumming  (Apple_Free : 5)…
                    (Apple_Free : 5): verified CRC32 $00000000
Checksumming GPT Partition Data (Backup GPT Table : 6)…
GPT Partition Data (Backup GPT Table: verified CRC32 $A068FC84
Checksumming GPT Header (Backup GPT Header : 7)…
  GPT Header (Backup GPT Header : 7): verified CRC32 $8E1741E1
verified CRC32 $018F3B28
/dev/disk2          	GUID_partition_scheme          	
/dev/disk2s1        	Apple_HFS                      	/Volumes/ZuluInstaller
Fri Dec 13 08:48:53 +04 2024: Clean up JRE traces...
Installing /Volumes/ZuluInstaller/Double-Click to Install Azul Zulu JDK 8.pkg ****************
installer: Package name is Azul Zulu JDK 8.82.0.21
installer: Installing at base path /
installer: The install was successful.
"disk2" ejected.
*************Check complete for Fiji *************
*************Checking Safari*************
macOS version is above 13.0. Skipping installation.
*************Check complete for Safari for macOS 11-13 only *************
*************Checking Rogue Apps*************
Searching for Google Chrome.app...
Searching for Safari.app...
Searching for Firefox.app...
No instances of Firefox.app found outside /Applications.
Searching for Thunderbird.app...
No instances of Thunderbird.app found outside /Applications.
Searching for Foxit Reader.app...
No instances of Foxit Reader.app found outside /Applications.
*************Task completed in 0 seconds to Remove rogue apps*************
*************Checking Adobe Apps*************
Remote Update Manager is already installed.
Adobe Apps Update in progress...
RemoteUpdateManager version is : 3.1.0.3
Starting the RemoteUpdateManager...

*************Adobe apps check completed*************
*************Checking MacOS SU*************
Performing Software Update Check for macOS
*************Notify for updated*************
****** macOS SU check completed ******
*************Checking VLC*************
VLC version: 3.0.21
Arch is: x86_64
VLC up to date
****** VLC check completed ******
*************Manual files removal*************
Path not found, skipping: /Applications/Adobe Acrobat 2015
Path not found, skipping: /Applications/Adobe Digital Editions 4.5.app
Path not found, skipping: /Applications/Adobe Illustrator CC 2015
Path not found, skipping: /Applications/Adobe Illustrator CC 2016
Path not found, skipping: /Applications/Adobe Illustrator CC 2017
Path not found, skipping: /Applications/Adobe Illustrator CC 2018
Path not found, skipping: /Applications/Adobe Illustrator CC 2019
Path not found, skipping: /Applications/Adobe Illustrator 2020
Path not found, skipping: /Applications/Adobe Illustrator 2021
Path not found, skipping: /Applications/Adobe Illustrator 2022
Path not found, skipping: /Applications/Adobe Illustrator 2023
Path not found, skipping: /Applications/Adobe Photoshop CC 2015
Path not found, skipping: /Applications/Adobe Photoshop CC 2016
Path not found, skipping: /Applications/Adobe Photoshop CC 2017
Path not found, skipping: /Applications/Adobe Photoshop CC 2018
Path not found, skipping: /Applications/Adobe Photoshop 2020
Path not found, skipping: /Applications/Adobe Photoshop 2021
Path not found, skipping: /Applications/Adobe Photoshop 2022
Path not found, skipping: /Applications/Adobe Photoshop 2023
Path not found, skipping: /private/var/root/.Trash/Adobe Acrobat Reader.app
Path not found, skipping: /private/var/root/.Trash/Adobe Reader19-49-38.app
Path not found, skipping: /Users/mm9511/Library/CloudStorage/GoogleDrive-mm9511@nyu.edu/My Drive/Adobe Acrobat Reader.app
Path not found, skipping: /Applications/Adobe Acrobat XI Pro
Path not found, skipping: /Users/ag9141/Documents/mpi/Applications/Adobe Acrobat Reader DC.app
Path not found, skipping: /Applications/Adobe Animate CC 2017
Path not found, skipping: /Applications/Adobe Animate 2022
Path not found, skipping: /Applications/Adobe Illustrator CC 2015.3
Path not found, skipping: /Applications/Adobe Photoshop CC 2015.5
Path not found, skipping: /Users/mohamadabbas/Desktop/Desktop/Shows/Programs/Mac 2/del/VLC.app
Path not found, skipping: /Users/wm955/bin/JDownloader 2.0.220930
Path not found, skipping: /Users/ag9141/Documents/MPI/Applications/Microsoft Word.app
Path not found, skipping: /Applications/Microsoft Word.app.installBackup
Path not found, skipping: /Users/ag9141/Documents/MPI/Applications/Microsoft OneNote.app
Path not found, skipping: /Users/sb7444/Desktop/Cisco AnyConnect Secure Mobility Client.app
Path not found, skipping: /Users/sm5436/Desktop/DO NOT DELETE MANUALS/Applications/Microsoft Word.app
Path not found, skipping: /Users/sm5436/Desktop/DO NOT DELETE MANUALS/Applications/Cisco/Cisco AnyConnect Secure Mobility Client.app
Path not found, skipping: /Users/sm5436/Desktop/DO NOT DELETE MANUALS/Applications/Adobe Acrobat DC/Adobe Acrobat.app
Path not found, skipping: /opt/homebrew/Cellar/openjdk@11
Path not found, skipping: /Users/hha026/Downloads/Fiji.app
Path not found, skipping: /Users/ag6042/Documents/documents26042024/Fiji.app
Path not found, skipping: /Users/hha026/Downloads/Fiji.app
Path not found, skipping: /System/Volumes/Data/Users/baglio/Library/Application Support/minecraft
Path not found, skipping: /System/Volumes/Data/Users/akj4/Dropbox/My Mac (MacBook-Pro.local)/Downloads/merlin-3
Path not found, skipping: /System/Volumes/Data/Users/nd48/Library/Application Support/minecraft
Path not found, skipping: /Applications/Cisco/Cisco AnyConnect Secure Mobility Client.app
Path not found, skipping: /opt/cisco/anyconnect
Path not found, skipping: /Applications/Cisco/Cisco AnyConnect Secure Mobility Client1.app
Path not found, skipping: /Users/sm5436/Desktop/DO NOT DELETE MANUALS/Applications/Cisco/Cisco AnyConnect Secure Mobility Client.app
Path not found, skipping: /Users/ag6042/Downloads/download26042024/Fiji.app
Path not found, skipping: /Users/ya2331/Sadler Edepli Lab Dropbox/Yousra Ajouaou/Mac (2)/Desktop/Fiji.app
Path not found, skipping: /System/Volumes/Data/Users/md3886/Documents/Fiji
Path not found, skipping: /private/tmp/msu-target-QYBdEQDz/Users/ag6042/Applications/IBKR Desktop/.install4j/jre.bundle
Path not found, skipping: /Users/ekm294/Library/Application Support/OnVUE/Pearson VUE Browser Lock.app
Path not found, skipping: /System/Volumes/Data/Users/mk8962/miniconda/envs/rnaseq/lib/jvm/lib
Path not found, skipping: /System/Volumes/Data/Users/im57/.lunarclient/jre/288956c9fcac16cc8301a1f619294800723bbfcd/zulu21.30.15-ca-jre21.0.1-macosx_x64/zulu-21.jre
Path not found, skipping: /Applications/Steinberg Download Assistant/Steinberg Download Assistant.app/Contents/PlugIns/Java.runtime
Path not found, skipping: /Users/sj4095/Applications/IBKR Desktop/.install4j/jre.bundle
Path not found, skipping: /opt/homebrew/Cellar/openjdk@11
Path not found, skipping: /System/Volumes/Data/opt/homebrew/Cellar/openjdk@11
Path not found, skipping: /Users/wz19/.nutstore/apps/lightapp/1.1.0/NutstoreLightApp.app/Contents/PlugIns/jdk-fx.jdk
Path not found, skipping: /System/Volumes/Data/Applications/CLC Genomics Workbench 23/.install4j/jre.bundle
Path not found, skipping: /Applications/Integrated Genome Browser/.install4j/jre.bundle
Path not found, skipping: /System/Volumes/Data/Users/rk1253/bin/JDownloader 2.0/.install4j/jre.bundle
Searching for .app files with 'adobe' in Trash directories...
*************Cleanup completedd*************
*************Get more info*************
########TOKEN
Status: DISABLED for user itops
########MDMLINK
WS1 Enrolled
########BIGFIX
########XDR
*************TEMP Task*************
*************SSaver update Nov 2024*************
File not found: /Users/Shared/NYUAD/01.jpg
File not found: /Users/Shared/NYUAD/02.jpg
File not found: /Users/Shared/NYUAD/03.jpg
File not found: /Users/Shared/NYUAD/04.jpg
File not found: /Users/Shared/NYUAD/05.jpg
File not found: /Users/Shared/NYUAD/06.jpg
File not found: /Users/Shared/NYUAD/07.jpg
File not found: /Users/Shared/NYUAD/08.jpg
File not found: /Users/Shared/NYUAD/09.jpg
*************End of Script*************
*************End time: Fri Dec 13 08:50:10 +04 2024*************
*************Elapsed time: 14734 seconds*************
App Sanity Check Completed
