******000000******Start of Script******000000******
*************Start time: Thu Oct 31 16:55:18 +04 2024*************
*************Checking Chrome*************
GC Installed Ver: 
****** Chrome DMG is outdated or metadata mismatch. Downloading again. ******
GC Stable Ver: 
GC Installed Ver: 
****** Chrome version checked OK () ******
*************Checking Firefox*************
****** Firefox DMG is outdated or metadata mismatch. Downloading again. ******
FF Stable Ver: 132.0.2
FF Installed Ver: 
Firefox is not installed. Exiting.
****** Thunderbird is not installed ******
*************Checking Acrobat Reader*************
****** Adobe Acrobat Reader is installed. Proceeding ******
AR Stable Ver: 24.004.20272
AR Installed Ver: 24.004.20272
****** Adobe Reader is up to date. Exiting ******
****** Adobe Acrobat Reader check completed ******
*************Checking log4j*************
JAR file already exists. Skipping download.
Using existing JAR file: /Users/Shared/log4jscan-latest.jar
Log file is not more than 7 days old. Skipping scan.
*************Checking Acrobat Full Version*************
****** Adobe Acrobat Full is not installed. Exiting ******
****** Adobe Acrobat Full check completed ******
*************Checking Microsoft Office*************
Microsoft AutoUpdate is installed.
Opening Microsoft AutoUpdate app...
Continuing script execution...
Installing updates...
*************Check complete for Microsoft Office*************
*************Checking Silverlight*************

*************Check complete for Silverlight*************
*************Checking Java*************
Folder with 'jdk' found.
Checking Java version
Java is installed and working
Performing JDK update...
Intel architecture. Downloading x64 binaries...
Filename: zulu23.30.13-ca-jdk23.0.1-macosx_x64.dmg
Mon Nov 18 19:54:19 +04 2024: Downloading zulu23.30.13-ca-jdk23.0.1-macosx_x64.dmg...
Mon Nov 18 19:54:33 +04 2024: Updating Java...
Mounting /Users/Shared/zulu23.30.13-ca-jdk23.0.1-macosx_x64.dmg
Checksumming Protective Master Boot Record (MBR : 0)…
Protective Master Boot Record (MBR :: verified   CRC32 $D8A46977
Checksumming GPT Header (Primary GPT Header : 1)…
 GPT Header (Primary GPT Header : 1): verified   CRC32 $BF14DDB5
Checksumming GPT Partition Data (Primary GPT Table : 2)…
GPT Partition Data (Primary GPT Tabl: verified   CRC32 $5449BA8C
Checksumming  (Apple_Free : 3)…
                    (Apple_Free : 3): verified   CRC32 $00000000
Checksumming disk image (Apple_HFS : 4)…
          disk image (Apple_HFS : 4): verified   CRC32 $175EBA5A
Checksumming  (Apple_Free : 5)…
                    (Apple_Free : 5): verified   CRC32 $00000000
Checksumming GPT Partition Data (Backup GPT Table : 6)…
GPT Partition Data (Backup GPT Table: verified   CRC32 $5449BA8C
Checksumming GPT Header (Backup GPT Header : 7)…
  GPT Header (Backup GPT Header : 7): verified   CRC32 $A520FBA1
verified   CRC32 $354A6772
/dev/disk4          	GUID_partition_scheme          	
/dev/disk4s1        	Apple_HFS                      	/Volumes/ZuluInstaller
Mon Nov 18 19:54:44 +04 2024: Clean up JRE traces...
Installing /Volumes/ZuluInstaller/Double-Click to Install Azul Zulu JDK 23.pkg ****************
installer: Package name is Azul Zulu JDK 23.30+13
installer: Installing at base path /
installer: The install was successful.
Searching for rt.jar...
Searching for jrt-fs.jar...
Searching for catalina.jar...
Searching for struts-core-1.3.8.jar...
Searching for rt.ogjarbak...
Searching for jrt-fs.ogjarbak...
Found /usr/local/Cellar/openjdk/18.0.2.1/libexec/openjdk.jdk/Contents/Home/lib/jrt-fs.ogjarbak (already .ogjarbak)
Java is required. Install Zulu JDK
Folder with 'jdk' found.
Checking Java version
Skipping JDK update as version 23.0.1 is found in Java version.
*************Check complete for Java*************
*************Checking Safari*************
macOS version is above 13.0. Skipping installation.
*************Check complete for Safari for macOS 11-13 only *************
*************Checking Rogue Apps*************
Searching for Google Chrome.app...
Searching for Safari.app...
Searching for Firefox.app...
No instances of Firefox.app found outside /Applications.
Searching for Thunderbird.app...
No instances of Thunderbird.app found outside /Applications.
Searching for Foxit Reader.app...
No instances of Foxit Reader.app found outside /Applications.
*************Task completed in 1 seconds to Remove rogue apps*************
*************Checking Adobe Apps*************
Remote Update Manager is already installed.
Adobe Apps Update in progress...
RemoteUpdateManager version is : 3.1.0.3
Starting the RemoteUpdateManager...

*************Adobe apps check completed*************
*************Checking MacOS SU*************
Performing Software Update Check for macOS
App Sanity Check Completed
button returned:OK
****** macOS SU check completed ******
VLC version: 3.0.21
Arch is: x86_64
VLC up to date
****** VLC check completed ******
*************End of Script*************
*************End time: Mon Nov 18 19:55:12 +04 2024*************
*************Elapsed time: 1565994 seconds*************
App Sanity Check Completed
