******000000******Start of Script******000000******
*************Start time: Mon Nov  4 18:08:31 +04 2024*************
*************Checking Chrome*************
GC Installed Ver: 130.0.6723.92
****** Chrome DMG is fresh and metadata matches. Skipping download. ******
GC Stable Ver: 130.0.6723.92
GC Installed Ver: 130.0.6723.92
****** Chrome version checked OK (130.0.6723.92) ******
****** Firefox is not installed ******
****** Thunderbird is not installed ******
*************Checking Acrobat Reader*************
****** Adobe Acrobat Reader is installed. Proceeding ******
AR Stable Ver: 24.004.20219
AR Installed Ver: 24.004.20219
****** Adobe Reader is up to date. Exiting ******
****** Adobe Acrobat Reader check completed ******
*************Checking log4j*************
JAR file already exists. Skipping download.
Using existing JAR file: /Users/Shared/log4jscan-latest.jar
Log file is not more than 7 days old. Skipping scan.
*************Checking Acrobat Full Version*************
****** Adobe Acrobat Full is installed. Proceeding ******
AB Stable Ver: 24.004.20219
AB Installed Ver: 24.004.20219
****** Adobe Full is up to date. Exiting ******
****** Adobe Acrobat Full check completed ******
*************Checking Microsoft Office*************
Microsoft AutoUpdate is installed.
Opening Microsoft AutoUpdate app...
Continuing script execution...
Installing updates...
*************Check complete for Microsoft Office*************
*************Checking Silverlight*************

*************Check complete for Silverlight*************
*************Checking Java*************
Folder with 'jdk' found.
Checking Java version
Skipping JDK update as version 23.0.1 is found in Java version.
Searching for rt.jar...
Searching for jrt-fs.jar...
Renaming /Users/oo13/Library/DataScienceStudio/Java/jdk-11.0.22+7/Contents/Home/lib/jrt-fs.jar to /Users/oo13/Library/DataScienceStudio/Java/jdk-11.0.22+7/Contents/Home/lib/jrt-fs.ogjarbak
Searching for catalina.jar...
Searching for struts-core-1.3.8.jar...
Searching for rt.ogjarbak...
Searching for jrt-fs.ogjarbak...
Found /Applications/Stata/utilities/java/macos-arm64/zulu-jdk17.0.6/zulu-17.jdk/Contents/Home/lib/jrt-fs.ogjarbak (already .ogjarbak)
Found /Applications/Stata/utilities/java/macosx-x64/zulu-jdk17.0.6/zulu-17.jdk/Contents/Home/lib/jrt-fs.ogjarbak (already .ogjarbak)
Java is required. Install Zulu JDK
Folder with 'jdk' found.
Checking Java version
Skipping JDK update as version 23.0.1 is found in Java version.
*************Check complete for Java*************
*************Checking Safari*************
macOS version is above 13.0. Skipping installation.
*************Check complete for Safari for macOS 11-13 only *************
*************Checking Rogue Apps*************
Searching for Google Chrome.app...
Searching for Safari.app...
Searching for Firefox.app...
No instances of Firefox.app found outside /Applications.
Searching for Thunderbird.app...
No instances of Thunderbird.app found outside /Applications.
Searching for Foxit Reader.app...
No instances of Foxit Reader.app found outside /Applications.
*************Task completed in 0 seconds to Remove rogue apps*************
*************Checking Adobe Apps*************
Remote Update Manager is already installed.
Adobe Apps Update in progress...
RemoteUpdateManager version is : 2.2.0.3
Starting the RemoteUpdateManager...

**************************************************
No new updates are available for Acrobat/Reader
**************************************************
*************Adobe apps check completed*************
*************Checking MacOS SU*************
Performing Software Update Check for macOS
App Sanity Check Completed
button returned:OK
****** macOS SU check completed ******
VLC version: 
Arch is: x86_64
Installing Zoom for Intel
Latest VLC Installed
****** VLC check completed ******
Path not found, skipping: /Applications/Adobe Acrobat 2015
Path not found, skipping: /Applications/Adobe Digital Editions 4.5.app
Path not found, skipping: /Applications/Adobe Illustrator CC 2015
Path not found, skipping: /Applications/Adobe Illustrator CC 2016
Path not found, skipping: /Applications/Adobe Illustrator CC 2017
Path not found, skipping: /Applications/Adobe Illustrator CC 2018
Path not found, skipping: /Applications/Adobe Illustrator CC 2019
Path not found, skipping: /Applications/Adobe Illustrator 2020
Path not found, skipping: /Applications/Adobe Illustrator 2021
Deleting: /Applications/Adobe Illustrator 2022
Path not found, skipping: /Applications/Adobe Photoshop CC 2015
Path not found, skipping: /Applications/Adobe Photoshop CC 2016
Path not found, skipping: /Applications/Adobe Photoshop CC 2017
Path not found, skipping: /Applications/Adobe Photoshop CC 2018
Path not found, skipping: /Applications/Adobe Photoshop 2020
Path not found, skipping: /Applications/Adobe Photoshop 2021
Path not found, skipping: /Applications/Adobe Photoshop 2022
Deleting: /private/var/root/.Trash/Adobe Acrobat Reader.app
Path not found, skipping: /private/var/root/.Trash/Adobe Reader19-49-38.app
Path not found, skipping: /Users/mm9511/Library/CloudStorage/GoogleDrive-mm9511@nyu.edu/My Drive/Adobe Acrobat Reader.app
Path not found, skipping: /Applications/Adobe Acrobat XI Pro
Path not found, skipping: /Users/ag9141/Documents/mpi/Applications/Adobe Acrobat Reader DC.app
Path not found, skipping: /Applications/Adobe Animate CC 2017
Path not found, skipping: /Applications/Adobe Animate 2022
Searching for .app files with 'adobe' in Trash directories...
Deleting from Trash: /private/var/root/.Trash/Adobe Reader19-07-41.app
Deleting from Trash: /private/var/root/.Trash/Adobe Reader19-07-41.app/Contents/Frameworks/AdobeCrashReporter.framework/Versions/A/Adobe Crash Processor.app
Deleting from Trash: /private/var/root/.Trash/Adobe Reader19-07-41.app/Contents/Frameworks/AdobeCrashReporter.framework/Versions/A/Adobe Crash Reporter.app
Deleting from Trash: /private/var/root/.Trash/Adobe Reader19-07-41.app/Contents/Frameworks/RdrCEF Helper (Renderer).app/Contents/Frameworks/AdobeCrashReporter.framework/Versions/A/Adobe Crash Processor.app
Deleting from Trash: /private/var/root/.Trash/Adobe Reader19-07-41.app/Contents/Frameworks/RdrCEF Helper (Renderer).app/Contents/Frameworks/AdobeCrashReporter.framework/Versions/A/Adobe Crash Reporter.app
Deleting from Trash: /private/var/root/.Trash/Adobe Reader19-07-41.app/Contents/Frameworks/RdrCEF Helper (GPU).app/Contents/Frameworks/AdobeCrashReporter.framework/Versions/A/Adobe Crash Processor.app
Deleting from Trash: /private/var/root/.Trash/Adobe Reader19-07-41.app/Contents/Frameworks/RdrCEF Helper (GPU).app/Contents/Frameworks/AdobeCrashReporter.framework/Versions/A/Adobe Crash Reporter.app
Deleting from Trash: /private/var/root/.Trash/Adobe Reader19-07-41.app/Contents/Frameworks/RdrCEF Helper.app/Contents/Frameworks/AdobeCrashReporter.framework/Versions/A/Adobe Crash Processor.app
Deleting from Trash: /private/var/root/.Trash/Adobe Reader19-07-41.app/Contents/Frameworks/RdrCEF Helper.app/Contents/Frameworks/AdobeCrashReporter.framework/Versions/A/Adobe Crash Reporter.app
Deleting from Trash: /private/var/root/.Trash/Adobe Reader19-07-41.app/Contents/Helpers/Adobe Acrobat Reader Helper.app
Deleting from Trash: /private/var/root/.Trash/Adobe Reader19-07-41.app/Contents/Helpers/AcroCEF/RdrCEF.app/Contents/Frameworks/AdobeCrashReporter.framework/Versions/A/Adobe Crash Processor.app
Deleting from Trash: /private/var/root/.Trash/Adobe Reader19-07-41.app/Contents/Helpers/AcroCEF/RdrCEF.app/Contents/Frameworks/AdobeCrashReporter.framework/Versions/A/Adobe Crash Reporter.app
Deleting from Trash: /private/var/root/.Trash/Adobe Reader19-07-41.app/Contents/Helpers/AdobeResourceSynchronizer.app
Deleting from Trash: /private/var/root/.Trash/Adobe Reader19-07-41.app/Contents/Helpers/AdobeResourceSynchronizer.app/Contents/Frameworks/AdobeCrashReporter.framework/Versions/A/Adobe Crash Processor.app
Deleting from Trash: /private/var/root/.Trash/Adobe Reader19-07-41.app/Contents/Helpers/AdobeResourceSynchronizer.app/Contents/Frameworks/AdobeCrashReporter.framework/Versions/A/Adobe Crash Reporter.app
Deleting from Trash: /private/var/root/.Trash/Adobe Reader21-50-53.app
Deleting from Trash: /private/var/root/.Trash/Adobe Reader21-50-53.app/Contents/Frameworks/AdobeCrashReporter.framework/Versions/A/Adobe Crash Processor.app
Deleting from Trash: /private/var/root/.Trash/Adobe Reader21-50-53.app/Contents/Frameworks/AdobeCrashReporter.framework/Versions/A/Adobe Crash Reporter.app
Deleting from Trash: /private/var/root/.Trash/Adobe Reader21-50-53.app/Contents/Frameworks/RdrCEF Helper (Renderer).app/Contents/Frameworks/AdobeCrashReporter.framework/Versions/A/Adobe Crash Processor.app
Deleting from Trash: /private/var/root/.Trash/Adobe Reader21-50-53.app/Contents/Frameworks/RdrCEF Helper (Renderer).app/Contents/Frameworks/AdobeCrashReporter.framework/Versions/A/Adobe Crash Reporter.app
Deleting from Trash: /private/var/root/.Trash/Adobe Reader21-50-53.app/Contents/Frameworks/RdrCEF Helper (GPU).app/Contents/Frameworks/AdobeCrashReporter.framework/Versions/A/Adobe Crash Processor.app
Deleting from Trash: /private/var/root/.Trash/Adobe Reader21-50-53.app/Contents/Frameworks/RdrCEF Helper (GPU).app/Contents/Frameworks/AdobeCrashReporter.framework/Versions/A/Adobe Crash Reporter.app
Deleting from Trash: /private/var/root/.Trash/Adobe Reader21-50-53.app/Contents/Frameworks/RdrCEF Helper.app/Contents/Frameworks/AdobeCrashReporter.framework/Versions/A/Adobe Crash Processor.app
Deleting from Trash: /private/var/root/.Trash/Adobe Reader21-50-53.app/Contents/Frameworks/RdrCEF Helper.app/Contents/Frameworks/AdobeCrashReporter.framework/Versions/A/Adobe Crash Reporter.app
Deleting from Trash: /private/var/root/.Trash/Adobe Reader21-50-53.app/Contents/Helpers/Adobe Acrobat Reader Helper.app
Deleting from Trash: /private/var/root/.Trash/Adobe Reader21-50-53.app/Contents/Helpers/AcroCEF/RdrCEF.app/Contents/Frameworks/AdobeCrashReporter.framework/Versions/A/Adobe Crash Processor.app
Deleting from Trash: /private/var/root/.Trash/Adobe Reader21-50-53.app/Contents/Helpers/AcroCEF/RdrCEF.app/Contents/Frameworks/AdobeCrashReporter.framework/Versions/A/Adobe Crash Reporter.app
Deleting from Trash: /private/var/root/.Trash/Adobe Reader21-50-53.app/Contents/Helpers/AdobeResourceSynchronizer.app
Deleting from Trash: /private/var/root/.Trash/Adobe Reader21-50-53.app/Contents/Helpers/AdobeResourceSynchronizer.app/Contents/Frameworks/AdobeCrashReporter.framework/Versions/A/Adobe Crash Processor.app
Deleting from Trash: /private/var/root/.Trash/Adobe Reader21-50-53.app/Contents/Helpers/AdobeResourceSynchronizer.app/Contents/Frameworks/AdobeCrashReporter.framework/Versions/A/Adobe Crash Reporter.app
Status: DISABLED for user itops
*************End of Script*************
*************End time: Mon Nov  4 20:14:53 +04 2024*************
*************Elapsed time: 7582 seconds*************
App Sanity Check Completed
