******000000******Start of Script******000000******
*************Start time: Mon Nov  4 18:34:39 +04 2024*************
*************Checking Chrome*************
GC Installed Ver: 130.0.6723.92
****** Chrome DMG is fresh and metadata matches. Skipping download. ******
GC Stable Ver: 130.0.6723.92
GC Installed Ver: 130.0.6723.92
****** Chrome version checked OK (130.0.6723.92) ******
****** Firefox is not installed ******
****** Thunderbird is not installed ******
*************Checking Acrobat Reader*************
****** Adobe Acrobat Reader is installed. Proceeding ******
AR Stable Ver: 24.004.20219
AR Installed Ver: 24.003.20180
****** Adobe Reader is outdated. Updating ******
ARCurrVersNormalized: 2400420219
Latest version of the URL is: https://ardownload2.adobe.com/pub/adobe/reader/mac/AcrobatDC/2400420219/AcroRdrDC_2400420219_MUI.dmg
Mon Nov  4 18:34:41 +04 2024: Downloaded file is already in place.
Mon Nov  4 18:34:41 +04 2024: Mounting installer disk image.
Mon Nov  4 18:34:41 +04 2024: Installing...
No process containing 'Acrobat' in its name is currently running.
Mon Nov  4 19:03:39 +04 2024: Unmounting installer disk image.
All volumes unmounted.
Mon Nov  4 19:36:17 +04 2024: Deleting disk image.
Mon Nov  4 19:36:17 +04 2024: ERROR: Adobe Reader update unsuccessful, version remains at 24.003.20180.
--
****** Adobe Acrobat Reader check completed ******
*************Checking log4j*************
JAR file already exists. Skipping download.
Using existing JAR file: /Users/Shared/log4jscan-latest.jar
Log file is not more than 7 days old. Skipping scan.
*************Checking Acrobat Full Version*************
****** Adobe Acrobat Full is installed. Proceeding ******
AB Stable Ver: 24.004.20219
AB Installed Ver: 24.004.20219
****** Adobe Full is up to date. Exiting ******
****** Adobe Acrobat Full check completed ******
*************Checking Microsoft Office*************
Microsoft AutoUpdate is installed.
Opening Microsoft AutoUpdate app...
Continuing script execution...
Installing updates...
*************Check complete for Microsoft Office*************
*************Checking Silverlight*************

*************Check complete for Silverlight*************
*************Checking Java*************
No folder with 'jdk' found.
Removing JRE
Mon Nov  4 19:36:18 +04 2024: Clean up JRE traces...
Searching for rt.jar...
Searching for jrt-fs.jar...
Searching for catalina.jar...
Searching for struts-core-1.3.8.jar...
Searching for rt.ogjarbak...
Searching for jrt-fs.ogjarbak...
*************Check complete for Java*************
*************Checking Safari*************
macOS version is above 13.0. Skipping installation.
*************Check complete for Safari for macOS 11-13 only *************
*************Checking Rogue Apps*************
Searching for Google Chrome.app...
Searching for Safari.app...
Searching for Firefox.app...
No instances of Firefox.app found outside /Applications.
Searching for Thunderbird.app...
No instances of Thunderbird.app found outside /Applications.
Searching for Foxit Reader.app...
No instances of Foxit Reader.app found outside /Applications.
*************Task completed in 1 seconds to Remove rogue apps*************
*************Checking Adobe Apps*************
Remote Update Manager is already installed.
Adobe Apps Update in progress...
RemoteUpdateManager version is : 3.1.0.3
Starting the RemoteUpdateManager...

**************************************************
No new updates are available for Acrobat/Reader
**************************************************
Following Updates are applicable on the system :
		(PPRO/24.6.3.004/macuniversal)
		(CCXP/5.8.0.16/macarm64)
		(LIBS/4.6.4.2/macarm64)
		(PHSP/25.12.0.806/macuniversal)
		(ACR/17.0.0.1097/macuniversal)
		(LRCC/8.0.202410031027/macuniversal)
		(KBRG/14.1.3.304/macuniversal)
		(AME/24.6.3.004/macuniversal)
**************************************************
Following Updates are to be downloaded :
		(PPRO/24.6.3.004/macuniversal)
		(CCXP/5.8.0.16/macarm64)
		(LIBS/4.6.4.2/macarm64)
		(PHSP/25.12.0.806/macuniversal)
		(ACR/17.0.0.1097/macuniversal)
		(LRCC/8.0.202410031027/macuniversal)
		(KBRG/14.1.3.304/macuniversal)
		(AME/24.6.3.004/macuniversal)
**************************************************
*** Downloading (PPRO/24.6.3.004/macuniversal) ...
*** Failed to download (PPRO/24.6.3.004/macuniversal) ...
*** Downloading (CCXP/5.8.0.16/macarm64) ...
*** Failed to download (CCXP/5.8.0.16/macarm64) ...
*** Downloading (LIBS/4.6.4.2/macarm64) ...
*** Failed to download (LIBS/4.6.4.2/macarm64) ...
*** Downloading (PHSP/25.12.0.806/macuniversal) ...
*** Failed to download (PHSP/25.12.0.806/macuniversal) ...
*** Downloading (ACR/17.0.0.1097/macuniversal) ...
*** Failed to download (ACR/17.0.0.1097/macuniversal) ...
*** Downloading (LRCC/8.0.202410031027/macuniversal) ...
*** Failed to download (LRCC/8.0.202410031027/macuniversal) ...
*** Downloading (KBRG/14.1.3.304/macuniversal) ...
*** Failed to download (KBRG/14.1.3.304/macuniversal) ...
*** Downloading (AME/24.6.3.004/macuniversal) ...
*** Failed to download (AME/24.6.3.004/macuniversal) ...
Some Updates failed to download ...
**************************************************
No new Updates to be installed ...
**************************************************
Following Updates failed to Download :
		(ACR/9.6/17.0/macuniversal)
		(AME/24.0/24.6.3/macuniversal)
		(CCXP/2.2.1/5.8.0/macarm64)
		(KBRG/14.0.0/14.1.3/macuniversal)
		(LIBS/2.14.7/4.6.4/macarm64)
		(LRCC/1.0/8.0/macuniversal)
		(PHSP/25.0/25.12/macuniversal)
		(PPRO/24.0/24.6.3/macuniversal)
**************************************************
*************Adobe apps check completed*************
*************Checking MacOS SU*************
Performing Software Update Check for macOS
*************No update found*************
****** macOS SU check completed ******
VLC version: 3.0.21
Arch is: arm64
Installing Zoom for ARM
Latest VLC Installed
****** VLC check completed ******
Path not found, skipping: /Applications/Adobe Acrobat 2015
Path not found, skipping: /Applications/Adobe Digital Editions 4.5.app
Path not found, skipping: /Applications/Adobe Illustrator CC 2015
Path not found, skipping: /Applications/Adobe Illustrator CC 2016
Path not found, skipping: /Applications/Adobe Illustrator CC 2017
Path not found, skipping: /Applications/Adobe Illustrator CC 2018
Path not found, skipping: /Applications/Adobe Illustrator CC 2019
Path not found, skipping: /Applications/Adobe Illustrator 2020
Path not found, skipping: /Applications/Adobe Illustrator 2021
Path not found, skipping: /Applications/Adobe Illustrator 2022
Path not found, skipping: /Applications/Adobe Photoshop CC 2015
Path not found, skipping: /Applications/Adobe Photoshop CC 2016
Path not found, skipping: /Applications/Adobe Photoshop CC 2017
Path not found, skipping: /Applications/Adobe Photoshop CC 2018
Path not found, skipping: /Applications/Adobe Photoshop 2020
Path not found, skipping: /Applications/Adobe Photoshop 2021
Path not found, skipping: /Applications/Adobe Photoshop 2022
Path not found, skipping: /private/var/root/.Trash/Adobe Acrobat Reader.app
Path not found, skipping: /private/var/root/.Trash/Adobe Reader19-49-38.app
Path not found, skipping: /Users/mm9511/Library/CloudStorage/GoogleDrive-mm9511@nyu.edu/My Drive/Adobe Acrobat Reader.app
Path not found, skipping: /Applications/Adobe Acrobat XI Pro
Path not found, skipping: /Users/ag9141/Documents/mpi/Applications/Adobe Acrobat Reader DC.app
Path not found, skipping: /Applications/Adobe Animate CC 2017
Path not found, skipping: /Applications/Adobe Animate 2022
Searching for .app files with 'adobe' in Trash directories...
Status: DISABLED for user itops
*************End of Script*************
*************End time: Tue Nov  5 09:16:07 +04 2024*************
*************Elapsed time: 52888 seconds*************
App Sanity Check Completed
