Downloading umad-2.0.pkg from https://media.githubusercontent.com/media/NYUAD-IT/NYU-umad/refs/heads/main/umad-2.0.pkg...
Installing umad-2.0.pkg...
Cleaning up...
Installation of umad-2.0.pkg completed successfully.
Pshow: WS1 link found
Pstatus: Enrolled via DEP: No
MDM enrollment: No
Asset is not enrolled
Condition met: proceeding to migrate
Downloading Base64 pkg
Enrollment already in progress
Server is https://nyuad.jamfcloud.com/
computer UUID: 689DF633-3A95-50ED-8B70-A6E5BA8B1627
https://nyuad.jamfcloud.com/api/v1/auth/token
eyJhbGciOiJIUzI1NiJ9.eyJhdXRoZW50aWNhdGVkLWFwcCI6IkdFTkVSSUMiLCJhdXRoZW50aWNhdGlvbi10eXBlIjoiSlNTIiwiZ3JvdXBzIjpbXSwic3ViamVjdC10eXBlIjoiSlNTX1VTRVJfSUQiLCJ0b2tlbi11dWlkIjoiNTEyZGIxNzYtOGI3ZC00ZDczLTgwOGUtMTQ1NmY5OGQyOGFjIiwibGRhcC1zZXJ2ZXItaWQiOi0xLCJzdWIiOiI3NSIsImV4cCI6MTczNzk2OTEyM30.SPGO35P5QxjhJvU2ER2XyDOdOS_88VQGpFKasotrJGY
get computer ID: curl -m 20 -s https://nyuad.jamfcloud.com/JSSResource/computers/udid/689DF633-3A95-50ED-8B70-A6E5BA8B1627/subset/general -H "Accept: application/xml" -H "Authorization: Bearer eyJhbGciOiJIUzI1NiJ9.eyJhdXRoZW50aWNhdGVkLWFwcCI6IkdFTkVSSUMiLCJhdXRoZW50aWNhdGlvbi10eXBlIjoiSlNTIiwiZ3JvdXBzIjpbXSwic3ViamVjdC10eXBlIjoiSlNTX1VTRVJfSUQiLCJ0b2tlbi11dWlkIjoiNTEyZGIxNzYtOGI3ZC00ZDczLTgwOGUtMTQ1NmY5OGQyOGFjIiwibGRhcC1zZXJ2ZXItaWQiOi0xLCJzdWIiOiI3NSIsImV4cCI6MTczNzk2OTEyM30.SPGO35P5QxjhJvU2ER2XyDOdOS_88VQGpFKasotrJGY..."
computer record: <?xml version="1.0" encoding="UTF-8"?><computer><general><id>2652</id><name>Soumaila’s MacBook Pro</name><network_adapter_type>IEEE80211</network_adapter_type><mac_address>BC:D0:74:4D:42:46</mac_address><alt_network_adapter_type>Ethernet</alt_network_adapter_type><alt_mac_address>36:EC:9F:73:07:40</alt_mac_address><ip_address>91.230.41.206</ip_address><last_reported_ip>10.225.9.32</last_reported_ip><serial_number>LMWX66LL2J</serial_number><udid>689DF633-3A95-50ED-8B70-A6E5BA8B1627</udid><jamf_version>10.48.1-t1689600654</jamf_version><platform>Mac</platform><barcode_1/><barcode_2/><asset_tag/><remote_management><managed>true</managed><management_username deprecated="10.48">deprecated</management_username><management_password_sha256 deprecated="10.48">deprecated</management_password_sha256></remote_management><supervised>true</supervised><mdm_capable>true</mdm_capable><mdm_capable_users><mdm_capable_user>so2276</mdm_capable_user></mdm_capable_users><management_status><enrolled_via_dep>true</enrolled_via_dep><user_approved_enrollment deprecated="10.4.0">true</user_approved_enrollment><user_approved_mdm since="10.4.0">true</user_approved_mdm></management_status><report_date>2023-08-03 13:52:04</report_date><report_date_epoch>1691070724133</report_date_epoch><report_date_utc>2023-08-03T13:52:04.133+0000</report_date_utc><last_contact_time>2023-08-11 01:22:17</last_contact_time><last_contact_time_epoch>1691716937731</last_contact_time_epoch><last_contact_time_utc>2023-08-11T01:22:17.731+0000</last_contact_time_utc><initial_entry_date>2023-08-03</initial_entry_date><initial_entry_date_epoch>1691065138987</initial_entry_date_epoch><initial_entry_date_utc>2023-08-03T12:18:58.987+0000</initial_entry_date_utc><last_cloud_backup_date_epoch>0</last_cloud_backup_date_epoch><last_cloud_backup_date_utc/><last_enrolled_date_epoch>1691065176467</last_enrolled_date_epoch><last_enrolled_date_utc>2023-08-03T12:19:36.467+0000</last_enrolled_date_utc><mdm_profile_expiration_epoch>1754223549000</mdm_profile_expiration_epoch><mdm_profile_expiration_utc>2025-08-03T12:19:09.000+0000</mdm_profile_expiration_utc><distribution_point/><sus/><site><id>4</id><name>Client Services</name></site><itunes_store_account_is_active>false</itunes_store_account_is_active></general></computer>
computer ID: 2652
unmanage machine: curl -m 20 -s https://nyuad.jamfcloud.com/JSSResource/computercommands/command/UnmanageDevice/id/2652 -X POST -H "Authorization: Bearer eyJhbGciOiJIUzI1NiJ9.eyJhdXRoZW50aWNhdGVkLWFwcCI6IkdFTkVSSUMiLCJhdXRoZW50aWNhdGlvbi10eXBlIjoiSlNTIiwiZ3JvdXBzIjpbXSwic3ViamVjdC10eXBlIjoiSlNTX1VTRVJfSUQiLCJ0b2tlbi11dWlkIjoiNTEyZGIxNzYtOGI3ZC00ZDczLTgwOGUtMTQ1NmY5OGQyOGFjIiwibGRhcC1zZXJ2ZXItaWQiOi0xLCJzdWIiOiI3NSIsImV4cCI6MTczNzk2OTEyM30.SPGO35P5QxjhJvU2ER2XyDOdOS_88VQGpFKasotrJGY..."
<?xml version="1.0" encoding="UTF-8"?><computer_command><command><name>UnmanageDevice</name><command_uuid>5d00e54f-9d7c-4168-b68d-870ef9411c42</command_uuid><computer_id>2652</computer_id></command></computer_command>Token successfully invalidated
Owner information captured and saved to /Users/Shared/owner.csv
