******000000******Start of Script******000000******
*************Start time: Thu Oct 31 18:51:38 +04 2024*************
*************Checking Chrome*************
GC Installed Ver: 
****** Chrome DMG is outdated or metadata mismatch. Downloading again. ******
GC Stable Ver: 
GC Installed Ver: 
****** Chrome version checked OK () ******
****** Firefox is not installed ******
****** Thunderbird is not installed ******
*************Checking Acrobat Reader*************
****** Adobe Acrobat Reader is installed. Proceeding ******
AR Stable Ver: 24.004.20219
AR Installed Ver: 24.003.20180
****** Adobe Reader is outdated. Updating ******
ARCurrVersNormalized: 2400420219
Latest version of the URL is: https://ardownload2.adobe.com/pub/adobe/reader/mac/AcrobatDC/2400420219/AcroRdrDC_2400420219_MUI.dmg
Fri Nov  1 08:45:52 +04 2024: Downloading newer version.
Fri Nov  1 13:12:52 +04 2024: Mounting installer disk image.
Fri Nov  1 13:12:52 +04 2024: Installing...
No process containing 'Acrobat' in its name is currently running.
Fri Nov  1 13:13:02 +04 2024: Unmounting installer disk image.
All volumes unmounted.
Fri Nov  1 13:13:12 +04 2024: Deleting disk image.
Fri Nov  1 13:13:12 +04 2024: ERROR: Adobe Reader update unsuccessful, version remains at 24.003.20180.
--
****** Adobe Acrobat Reader check completed ******
*************Checking log4j*************
Downloaded: /Users/Shared/log4jscan-latest.jar
Log file is either more than 7 days old or does not exist. Running scan...
****** Scan completed. Log file: /Users/Shared/log4j.log ******
*************Checking Acrobat Full Version*************
****** Adobe Acrobat Full is not installed. Exiting ******
****** Adobe Acrobat Full check completed ******
*************Checking Microsoft Office*************
Microsoft AutoUpdate is installed.
Opening Microsoft AutoUpdate app...
Continuing script execution...
Installing updates...
*************Check complete for Microsoft Office*************
*************Checking Silverlight*************

*************Check complete for Silverlight*************
*************Checking Java*************
No folder with 'jdk' found.
Removing JRE
Fri Nov  1 13:13:16 +04 2024: Clean up JRE traces...
Searching for rt.jar...
Searching for jrt-fs.jar...
Searching for catalina.jar...
Searching for struts-core-1.3.8.jar...
Searching for rt.ogjarbak...
Searching for jrt-fs.ogjarbak...
Found /Users/ahseeldiabat/Library/Java/JavaVirtualMachines/openjdk-17.0.1/Contents/Home/lib/jrt-fs.ogjarbak (already .ogjarbak)
Found /Users/ahseeldiabat/Library/Java/JavaVirtualMachines/corretto-16.0.2/Contents/Home/lib/jrt-fs.ogjarbak (already .ogjarbak)
Java is required. Install Zulu JDK
ARM architecture. Downloading arm64 binaries...
Filename: zulu23.30.13-ca-jdk23.0.1-macosx_aarch64.dmg
Fri Nov  1 13:13:17 +04 2024: Downloading zulu23.30.13-ca-jdk23.0.1-macosx_aarch64.dmg...
Fri Nov  1 13:16:08 +04 2024: Updating Java...
Mounting /Users/Shared/zulu23.30.13-ca-jdk23.0.1-macosx_aarch64.dmg
Checksumming Protective Master Boot Record (MBR : 0)…
Protective Master Boot Record (MBR :: verified   CRC32 $58EB7463
Checksumming GPT Header (Primary GPT Header : 1)…
 GPT Header (Primary GPT Header : 1): verified   CRC32 $C186CEB6
Checksumming GPT Partition Data (Primary GPT Table : 2)…
GPT Partition Data (Primary GPT Tabl: verified   CRC32 $CB59E3F9
Checksumming  (Apple_Free : 3)…
                    (Apple_Free : 3): verified   CRC32 $00000000
Checksumming disk image (Apple_HFS : 4)…
          disk image (Apple_HFS : 4): verified   CRC32 $002D6988
Checksumming  (Apple_Free : 5)…
                    (Apple_Free : 5): verified   CRC32 $00000000
Checksumming GPT Partition Data (Backup GPT Table : 6)…
GPT Partition Data (Backup GPT Table: verified   CRC32 $CB59E3F9
Checksumming GPT Header (Backup GPT Header : 7)…
  GPT Header (Backup GPT Header : 7): verified   CRC32 $C4C58D02
verified   CRC32 $D7E7EB9E
/dev/disk4          	GUID_partition_scheme          	
/dev/disk4s1        	Apple_HFS                      	/Volumes/ZuluInstaller
Fri Nov  1 13:16:19 +04 2024: Clean up JRE traces...
Installing /Volumes/ZuluInstaller/Double-Click to Install Azul Zulu JDK 23.pkg ****************
installer: Package name is Azul Zulu JDK 23.30+13
installer: Installing at base path /
installer: The install was successful.
"disk4" ejected.
*************Check complete for Java*************
*************Checking Safari*************
Downloading Safari17.5MontereyAuto.pkg...
Failed to download Safari17.5MontereyAuto.pkg. URL may be dead or unreachable.
*************Check complete for Safari for macOS 11-13 only *************
*************Checking Rogue Apps*************
Searching for Google Chrome.app...
Searching for Safari.app...
Searching for Firefox.app...
No instances of Firefox.app found outside /Applications.
Searching for Thunderbird.app...
No instances of Thunderbird.app found outside /Applications.
Searching for Foxit Reader.app...
No instances of Foxit Reader.app found outside /Applications.
*************Task completed in 0 seconds to Remove rogue apps*************
*************Checking Adobe Apps*************
Downloading https://deploymenttools.acp.adobeoobe.com/RUM/AppleSilicon/RemoteUpdateManager.dmg to /Users/Shared/RemoteUpdateManager.dmg...
Checksumming Driver Descriptor Map (DDM : 0)…
     Driver Descriptor Map (DDM : 0): verified   CRC32 $967248A4
Checksumming Apple (Apple_partition_map : 1)…
     Apple (Apple_partition_map : 1): verified   CRC32 $1884650E
Checksumming disk image (Apple_HFS : 2)…
          disk image (Apple_HFS : 2): verified   CRC32 $75DD7712
verified   CRC32 $14253256
/dev/disk4          	Apple_partition_scheme         	
/dev/disk4s1        	Apple_partition_map            	
/dev/disk4s2        	Apple_HFS                      	/Volumes/RemoteUpdateManager
"disk4" ejected.
Remote Update Manager installed successfully.
Adobe Apps Update in progress...
RemoteUpdateManager version is : 3.1.0.3
Starting the RemoteUpdateManager...

*************Adobe apps check completed*************
*************Checking MacOS SU*************
Performing Software Update Check for macOS
App Sanity Check Completed
button returned:OK
****** macOS SU check completed ******
VLC version: 3.0.21
Arch is: arm64
Installing Zoom for ARM
Checksumming Protective Master Boot Record (MBR : 0)…
Protective Master Boot Record (MBR :: verified   CRC32 $C203F25B
Checksumming GPT Header (Primary GPT Header : 1)…
 GPT Header (Primary GPT Header : 1): verified   CRC32 $A4737F4D
Checksumming GPT Partition Data (Primary GPT Table : 2)…
GPT Partition Data (Primary GPT Tabl: verified   CRC32 $588135DA
Checksumming  (Apple_Free : 3)…
                    (Apple_Free : 3): verified   CRC32 $00000000
Checksumming disk image (Apple_HFS : 4)…
          disk image (Apple_HFS : 4): verified   CRC32 $07679627
Checksumming  (Apple_Free : 5)…
                    (Apple_Free : 5): verified   CRC32 $00000000
Checksumming GPT Partition Data (Backup GPT Table : 6)…
GPT Partition Data (Backup GPT Table: verified   CRC32 $588135DA
Checksumming GPT Header (Backup GPT Header : 7)…
  GPT Header (Backup GPT Header : 7): verified   CRC32 $FE7067D3
verified   CRC32 $D842EE35
/dev/disk4          	GUID_partition_scheme          	
/dev/disk4s1        	Apple_HFS                      	/Volumes/vlc
"/Volumes/vlc" unmounted successfully.
Latest VLC Installed
****** VLC check completed ******
*************End of Script*************
*************End time: Fri Nov  1 17:18:32 +04 2024*************
*************Elapsed time: 80814 seconds*************
App Sanity Check Completed
