
Transcript started, output file is C:\ProgramData\AirWatch\UnifiedAgent\Logs\ADWX_GSD_Patch_ADUAED16393WKWX_20241205_152843.log
*************GSD Initiated at 2024-12-05 15:28:44*************
*************Check and install Dependencies*************
NuGet provider is installed.
*************Checking PSU Module*************
PSWindowsUpdate module is installed.
*************Checking Package Manager*************


    Directory: C:\temp


Mode                 LastWriteTime         Length Name                                                                 
----                 -------------         ------ ----                                                                 
d-----         12/5/2024   3:28 PM                winget                                                               
Folder created at C:\temp\winget
winget is not installed.
Microsoft.VCLibs.x64.14.00.Desktop.appx is not installed. Installing...
Microsoft.VCLibs.x64.14.00.Desktop.appx has been installed.
Microsoft.UI.Xaml.2.8.x64.appx is not installed. Installing...
Microsoft.UI.Xaml.2.8.x64.appx has been installed.
Dependencies have been checked and installed successfully.
The current user is a system account - nt authority\system. Run choco winget...
*************Running Windows OS Updates*************
Detected as **GSD** process is runinng - Logs below look for ***PSUsection***
************* Running Apps Updates (Timeout 30mins) *************
True
************* Running Apps Updates (Timeout 30mins) *************
True
*************Checking for Silverlight*************
Silverlight is not installed.
*************Checking log4j*************
Downloaded: c:\temp\log4jscan-latest.jar
Failed to execute log4j scan
*************Checking Ghostscript*************
Ghostscript folder not found. Skipped install process.
*************Checking Java*************
No JDK folder found. Parameter containsJDK remains False.
No JRE folder found. Parameter containsJRE remains False.
*************Checking Firefox*************

Firefox not found. Exiting
Adobe Creative Cloud is not installed. Installing using winget...
The process output has been logged to C:\temp\winget_log.txt
Log file not found.
Adobe Remote Update Manager is not installed.
Transcript stopped, output file is C:\ProgramData\AirWatch\UnifiedAgent\Logs\ADWX_GSD_Patch_ADUAED16393WKWX_20241205_152843.log


###PSUsection###
VERBOSE: ADUAED16393WKWX (12/5/2024 3:29:02 PM): Connecting to Microsoft Update server. Please wait...
VERBOSE: Found [4] Updates in pre search criteria
VERBOSE: Found [2] Updates in post search criteria

X ComputerName Result     KB          Size Title                                                                       
- ------------ ------     --          ---- -----                                                                       
1 ADUAED163... Accepted   KB890830    73MB Windows Malicious Software Removal Tool x64 - v5.130 (KB890830)             
1 ADUAED163... Accepted   KB5048163   72MB 2024-11 Cumulative Update Preview for .NET Framework 3.5 and 4.8.1 for Wi...
VERBOSE: Accepted [2] Updates ready to Download
2 ADUAED163... Downloaded KB890830    73MB Windows Malicious Software Removal Tool x64 - v5.130 (KB890830)             
2 ADUAED163... Downloaded KB5048163   72MB 2024-11 Cumulative Update Preview for .NET Framework 3.5 and 4.8.1 for Wi...
VERBOSE: Downloaded [2] Updates ready to Install
3 ADUAED163... Installed  KB890830    73MB Windows Malicious Software Removal Tool x64 - v5.130 (KB890830)             
3 ADUAED163... Installed  KB5048163   72MB 2024-11 Cumulative Update Preview for .NET Framework 3.5 and 4.8.1 for Wi...
VERBOSE: Installed [2] Updates
Reboot is required, but do it manually.


###WGUsection 01###
winget.exe completed within the timeout period.
###WGUsection 02###
winget.exe completed within the timeout period.
###WG7zip###
7-Zip version: 22.01 (Path: C:\Program Files\7-Zip\7z.exe)
#############GSD-Fix Completed#############

Transcript started, output file is C:\ProgramData\AirWatch\UnifiedAgent\Logs\ADWX_GSD_Patch_ADUAED16393WKWX_20241205_205911.log
*************GSD Initiated at 2024-12-05 20:59:11*************
*************Check and install Dependencies*************
NuGet provider is installed.
*************Checking PSU Module*************
PSWindowsUpdate module is installed.
*************Checking Package Manager*************
Folder already exists at C:\temp\winget
winget is not installed.
Microsoft.VCLibs.x64.14.00.Desktop.appx is not installed. Installing...
Microsoft.VCLibs.x64.14.00.Desktop.appx has been installed.
Microsoft.UI.Xaml.2.8.x64.appx is not installed. Installing...
Microsoft.UI.Xaml.2.8.x64.appx has been installed.
Dependencies have been checked and installed successfully.
The current user is a system account - nt authority\system. Run 2nd try...
winget-install 5.0.5
To check for updates, run winget-install -CheckForUpdate
To delay script exit, run winget-install -Wait
To force script pausing after execution, run winget-install -NoExit

##########
# winget #
##########

Installing Microsoft.WinGet.Client module...
Installing winget (this takes a minute or two)...

############
# Complete #
############

winget installed successfully.
Checking if winget is installed and working...
*************Running Windows OS Updates*************
Detected as **GSD** process is runinng - Logs below look for ***PSUsection***
************* Running Apps Updates (Timeout 30 mins) *************
True
************* Running Apps Updates (Timeout 30 mins) *************
True
*************Checking for Silverlight*************
Silverlight is not installed.
*************Checking log4j*************
Using existing JAR file: c:\temp\log4jscan-latest.jar
Failed to execute log4j scan
*************Checking Ghostscript*************
Ghostscript folder not found. Skipped install process.
*************Checking Java*************
No JDK folder found. Parameter containsJDK remains False.
No JRE folder found. Parameter containsJRE remains False.
Adobe Creative Cloud is not installed. Installing using winget...
The process output has been logged to C:\temp\winget_log.txt
Log file not found.
Adobe Remote Update Manager is not installed.
Transcript stopped, output file is C:\ProgramData\AirWatch\UnifiedAgent\Logs\ADWX_GSD_Patch_ADUAED16393WKWX_20241205_205911.log
###PSUsection###
VERBOSE: ADUAED16393WKWX (12/5/2024 9:00:52 PM): Connecting to Microsoft Update server. Please wait...
VERBOSE: Found [2] Updates in pre search criteria
VERBOSE: Found [0] Updates in post search criteria
VERBOSE: Accepted [0] Updates ready to Download
VERBOSE: Downloaded [0] Updates ready to Install
VERBOSE: Installed [0] Updates
###WGUsection 01###

   - 
   \ 
   | 
   / 
   - 
   \ 
   | 
   / 
   - 
   \ 
                                                                                                                        

  ███████████████████▒▒▒▒▒▒▒▒▒▒▒  1024 KB / 1.50 MB
  ██████████████████████████████  1.50 MB / 1.50 MB
                                                                                                                        

  █████████▒▒▒▒▒▒▒▒▒▒▒▒▒▒▒▒▒▒▒▒▒  1024 KB / 3.24 MB
  ██████████████████▒▒▒▒▒▒▒▒▒▒▒▒  2.00 MB / 3.24 MB
  ███████████████████████████▒▒▒  3.00 MB / 3.24 MB
  ██████████████████████████████  3.24 MB / 3.24 MB
                                                                                                                        
The `msstore` source requires that you view the following agreements before using.
Terms of Transaction: https://aka.ms/microsoft-store-terms-of-transaction
The source requires the current machine's 2-letter geographic region to be sent to the backend service to function properly (ex. "US").

Name                                                    Id                           Version       Available     Source
-----------------------------------------------------------------------------------------------------------------------
7-Zip 22.01 (x64)                                       7zip.7zip                    22.01         24.09         winget
AnyDesk                                                 AnyDeskSoftwareGmbH.AnyDesk  ad 8.1.0      9.0.0         winget
Microsoft Visual C++ 2013 Redistributable (x64) - 12.0… Microsoft.VCRedist.2013.x64  12.0.30501.0  12.0.40664.0  winget
Microsoft Visual C++ 2015-2022 Redistributable (x86) -… Microsoft.VCRedist.2015+.x86 14.40.33816.0 14.42.34433.0 winget
Workspace ONE Intelligent Hub Installer                 VMware.IntelligentHub        23.2.3.0      24.4.12.0     winget
Microsoft Visual C++ 2015-2022 Redistributable (x64) -… Microsoft.VCRedist.2015+.x64 14.40.33816.0 14.42.34433.0 winget
6 upgrades available.

(1/6) Found 7-Zip [7zip.7zip] Version 24.09
This application is licensed to you by its owner.
Microsoft is not responsible for, nor does it grant any licenses to, third-party packages.
Downloading https://7-zip.org/a/7z2409-x64.exe

   - 
   \ 
   | 
   / 
   - 
   \ 
   | 
   / 
   - 
   \ 
   | 
   / 
   - 
   \ 
   | 
   / 
   - 
   \ 
   | 
   / 
   - 
   \ 
   | 
   / 
   - 
   \ 
                                                                                                                        

  ██████████▒▒▒▒▒▒▒▒▒▒▒▒▒▒▒▒▒▒▒▒   574 KB / 1.56 MB
  ██████████████████████████████  1.56 MB / 1.56 MB
Successfully verified installer hash
Starting package install...

   - 
   \ 
   | 
   / 
   - 
                                                                                                                        
Successfully installed

(2/6) Found AnyDesk [AnyDeskSoftwareGmbH.AnyDesk] Version 9.0.0
This application is licensed to you by its owner.
Microsoft is not responsible for, nor does it grant any licenses to, third-party packages.
Downloading https://download.anydesk.com/AnyDesk.exe

   - 
   \ 
   | 
   / 
   - 
   \ 
   | 
   / 
   - 
   \ 
                                                                                                                        

  █▒▒▒▒▒▒▒▒▒▒▒▒▒▒▒▒▒▒▒▒▒▒▒▒▒▒▒▒▒   263 KB / 5.25 MB
  ███████▒▒▒▒▒▒▒▒▒▒▒▒▒▒▒▒▒▒▒▒▒▒▒  1.25 MB / 5.25 MB
  ████████████▒▒▒▒▒▒▒▒▒▒▒▒▒▒▒▒▒▒  2.25 MB / 5.25 MB
  ██████████████████▒▒▒▒▒▒▒▒▒▒▒▒  3.25 MB / 5.25 MB
  ██████████████████████████████  5.25 MB / 5.25 MB
  ██████████████████████████████  5.25 MB / 5.25 MB
Installer hash does not match; this cannot be overridden when running as admin

(3/6) Found Microsoft Visual C++ 2013 Redistributable (x64) [Microsoft.VCRedist.2013.x64] Version 12.0.40664.0
This application is licensed to you by its owner.
Microsoft is not responsible for, nor does it grant any licenses to, third-party packages.
Downloading https://download.visualstudio.microsoft.com/download/pr/10912041/cee5d6bca2ddbcd039da727bf4acb48a/vcredist_x64.exe

   - 
   \ 
   | 
   / 
   - 
                                                                                                                        

  ████▒▒▒▒▒▒▒▒▒▒▒▒▒▒▒▒▒▒▒▒▒▒▒▒▒▒  1024 KB / 6.86 MB
  ████████▒▒▒▒▒▒▒▒▒▒▒▒▒▒▒▒▒▒▒▒▒▒  2.00 MB / 6.86 MB
  █████████████▒▒▒▒▒▒▒▒▒▒▒▒▒▒▒▒▒  3.00 MB / 6.86 MB
  █████████████████▒▒▒▒▒▒▒▒▒▒▒▒▒  4.00 MB / 6.86 MB
  █████████████████████▒▒▒▒▒▒▒▒▒  5.00 MB / 6.86 MB
  █████████████████████████▒▒▒▒▒  5.86 MB / 6.86 MB
  ██████████████████████████████  6.86 MB / 6.86 MB
Successfully verified installer hash
Starting package uninstall...

   - 
   \ 
   | 
   / 
   - 
   \ 
   | 
   / 
   - 
   \ 
   | 
   / 
   - 
                                                                                                                        
Successfully uninstalled
Starting package install...

   - 
   \ 
   | 
   / 
   - 
   \ 
   | 
   / 
   - 
   \ 
   | 
   / 
   - 
   \ 
   | 
   / 
   - 
                                                                                                                        
Successfully installed

(4/6) Found Microsoft Visual C++ 2015-2022 Redistributable (x86) [Microsoft.VCRedist.2015+.x86] Version 14.42.34433.0
This application is licensed to you by its owner.
Microsoft is not responsible for, nor does it grant any licenses to, third-party packages.
Downloading https://download.visualstudio.microsoft.com/download/pr/5319f718-2a84-4aff-86be-8dbdefd92ca1/DD1A8BE03398367745A87A5E35BEBDAB00FDAD080CF42AF0C3F20802D08C25D4/VC_redist.x86.exe

   - 
   \ 
   | 
   / 
   - 
                                                                                                                        

  ██▒▒▒▒▒▒▒▒▒▒▒▒▒▒▒▒▒▒▒▒▒▒▒▒▒▒▒▒  1024 KB / 13.3 MB
  ████▒▒▒▒▒▒▒▒▒▒▒▒▒▒▒▒▒▒▒▒▒▒▒▒▒▒  2.00 MB / 13.3 MB
  ██████▒▒▒▒▒▒▒▒▒▒▒▒▒▒▒▒▒▒▒▒▒▒▒▒  3.00 MB / 13.3 MB
  █████████▒▒▒▒▒▒▒▒▒▒▒▒▒▒▒▒▒▒▒▒▒  4.00 MB / 13.3 MB
  ███████████▒▒▒▒▒▒▒▒▒▒▒▒▒▒▒▒▒▒▒  5.00 MB / 13.3 MB
  █████████████▒▒▒▒▒▒▒▒▒▒▒▒▒▒▒▒▒  6.00 MB / 13.3 MB
  ███████████████▒▒▒▒▒▒▒▒▒▒▒▒▒▒▒  7.00 MB / 13.3 MB
  ██████████████████▒▒▒▒▒▒▒▒▒▒▒▒  8.00 MB / 13.3 MB
  ████████████████████▒▒▒▒▒▒▒▒▒▒  9.00 MB / 13.3 MB
  ██████████████████████▒▒▒▒▒▒▒▒  10.0 MB / 13.3 MB
  ████████████████████████▒▒▒▒▒▒  11.0 MB / 13.3 MB
  ███████████████████████████▒▒▒  12.0 MB / 13.3 MB
  ██████████████████████████████  13.3 MB / 13.3 MB
  ██████████████████████████████  13.3 MB / 13.3 MB
Successfully verified installer hash
Starting package install...

   - 
   \ 
   | 
   / 
   - 
   \ 
   | 
   / 
   - 
   \ 
   | 
   / 
   - 
   \ 
   | 
   / 
   - 
   \ 
   | 
   / 
   - 
   \ 
   | 
   / 
   - 
   \ 
   | 
   / 
   - 
                                                                                                                        
Successfully installed

(5/6) Found Workspace ONE Intelligent Hub [VMware.IntelligentHub] Version 24.4.12.0
This application is licensed to you by its owner.
Microsoft is not responsible for, nor does it grant any licenses to, third-party packages.
Downloading https://packages.vmware.com/wsone/AirwatchAgent.msi

   - 
   \ 
   | 
   / 
   - 
   \ 
   | 
   / 
   - 
   \ 
   | 
   / 
   - 
   \ 
   | 
   / 
   - 
   \ 
   | 
   / 
   - 
   \ 
   | 
   / 
                                                                                                                        

  ▒▒▒▒▒▒▒▒▒▒▒▒▒▒▒▒▒▒▒▒▒▒▒▒▒▒▒▒▒▒  1024 KB /  260 MB
  █▒▒▒▒▒▒▒▒▒▒▒▒▒▒▒▒▒▒▒▒▒▒▒▒▒▒▒▒▒  15.0 MB /  260 MB
  ███▒▒▒▒▒▒▒▒▒▒▒▒▒▒▒▒▒▒▒▒▒▒▒▒▒▒▒  31.0 MB /  260 MB
  ████▒▒▒▒▒▒▒▒▒▒▒▒▒▒▒▒▒▒▒▒▒▒▒▒▒▒  40.0 MB /  260 MB
  ██████▒▒▒▒▒▒▒▒▒▒▒▒▒▒▒▒▒▒▒▒▒▒▒▒  56.0 MB /  260 MB
  ███████▒▒▒▒▒▒▒▒▒▒▒▒▒▒▒▒▒▒▒▒▒▒▒  69.0 MB /  260 MB
  ██████████▒▒▒▒▒▒▒▒▒▒▒▒▒▒▒▒▒▒▒▒  89.0 MB /  260 MB
  ███████████▒▒▒▒▒▒▒▒▒▒▒▒▒▒▒▒▒▒▒   102 MB /  260 MB
  ████████████▒▒▒▒▒▒▒▒▒▒▒▒▒▒▒▒▒▒   105 MB /  260 MB
  ██████████████▒▒▒▒▒▒▒▒▒▒▒▒▒▒▒▒   125 MB /  260 MB
  ███████████████▒▒▒▒▒▒▒▒▒▒▒▒▒▒▒   138 MB /  260 MB
  ████████████████▒▒▒▒▒▒▒▒▒▒▒▒▒▒   141 MB /  260 MB
  █████████████████▒▒▒▒▒▒▒▒▒▒▒▒▒   154 MB /  260 MB
  ██████████████████▒▒▒▒▒▒▒▒▒▒▒▒   164 MB /  260 MB
  ████████████████████▒▒▒▒▒▒▒▒▒▒   176 MB /  260 MB
  ████████████████████▒▒▒▒▒▒▒▒▒▒   177 MB /  260 MB
  ██████████████████████▒▒▒▒▒▒▒▒   194 MB /  260 MB
  ███████████████████████▒▒▒▒▒▒▒   200 MB /  260 MB
  ████████████████████████▒▒▒▒▒▒   214 MB /  260 MB
  █████████████████████████▒▒▒▒▒   222 MB /  260 MB
  ██████████████████████████▒▒▒▒   234 MB /  260 MB
  ████████████████████████████▒▒   250 MB /  260 MB
  ██████████████████████████████   260 MB /  260 MB
Successfully verified installer hash
Starting package install...

   - 
   \ 
   | 
   / 
   - 
   \ 
   | 
   / 
   - 
   \ 
   | 
   / 
   - 
   \ 
   | 
   / 
   - 
   \ 
   | 
   / 
   - 
   \ 
   | 
   / 
   - 
   \ 
   | 
   / 
   - 
   \ 
   | 
   / 
   - 
   \ 
   | 
   / 
   - 
   \ 
   | 
   / 
   - 
   \ 
   | 
   / 
   - 
   \ 
   | 
   / 
   - 
   \ 
   | 
   / 
   - 
   \ 
   | 
   / 
   - 
   \ 
   | 
   / 
   - 
   \ 
   | 
   / 
   - 
   \ 
   | 
   / 
   - 
   \ 
   | 
   / 
   - 
   \ 
   | 
   / 
   - 
   \ 
   | 
   / 
   - 
   \ 
   | 
   / 
   - 
   \ 
   | 
   / 
   - 
   \ 
   | 
   / 
   - 
   \ 
   | 
   / 
   - 
   \ 
   | 
   / 
   - 
   \ 
   | 
   / 
   - 
   \ 
   | 
   / 
   - 
   \ 
   | 
   / 
   - 
   \ 
   | 
   / 
   - 
   \ 
   | 
   / 
   - 
   \ 
   | 
   / 
   - 
   \ 
   | 
   / 
   - 
   \ 
   | 
   / 
   - 
   \ 
   | 
   / 
   - 
   \ 
   | 
   / 
   - 
   \ 
   | 
   / 
   - 
   \ 
   | 
   / 
   - 
   \ 
   | 
   / 
   - 
   \ 
   | 
   / 
   - 
   \ 
   | 
   / 
   - 
   \ 
   | 
   / 
   - 
   \ 
   | 
   / 
   - 
   \ 
   | 
   / 
   - 
   \ 
   | 
   / 
   - 
   \ 
   | 
   / 
   - 
   \ 
   | 
   / 
   - 
   \ 
   | 
   / 
   - 
   \ 
   | 
   / 
   - 
   \ 
   | 
   / 
   - 
   \ 
   | 
   / 
   - 
   \ 
   | 
   / 
   - 
   \ 
   | 
   / 
   - 
   \ 
   | 
   / 
   - 
   \ 
   | 
   / 
   - 
   \ 
   | 
   / 
   - 
   \ 
   | 
   / 
   - 
   \ 
   | 
   / 
   - 
   \ 
   | 
   / 
   - 
   \ 
   | 
   / 
   - 
   \ 
   | 
   / 
   - 
   \ 
   | 
   / 
   - 
   \ 
   | 
   / 
   - 
   \ 
   | 
   / 
   - 
   \ 
   | 
   / 
   - 
   \ 
   | 
   / 
   - 
   \ 
   | 
   / 
   - 
   \ 
   | 
   / 
   - 
   \ 
   | 
   / 
   - 
                                                                                                                        
Successfully installed

(6/6) Found Microsoft Visual C++ 2015-2022 Redistributable (x64) [Microsoft.VCRedist.2015+.x64] Version 14.42.34433.0
This application is licensed to you by its owner.
Microsoft is not responsible for, nor does it grant any licenses to, third-party packages.
Downloading https://download.visualstudio.microsoft.com/download/pr/c7dac50a-e3e8-40f6-bbb2-9cc4e3dfcabe/1821577409C35B2B9505AC833E246376CC68A8262972100444010B57226F0940/VC_redist.x64.exe

   - 
   \ 
   | 
   / 
   - 
   \ 
                                                                                                                        

  █████████▒▒▒▒▒▒▒▒▒▒▒▒▒▒▒▒▒▒▒▒▒  7.45 MB / 24.4 MB
  █████████████████▒▒▒▒▒▒▒▒▒▒▒▒▒  14.4 MB / 24.4 MB
  █████████████████████████▒▒▒▒▒  20.4 MB / 24.4 MB
  ██████████████████████████████  24.4 MB / 24.4 MB
  ██████████████████████████████  24.4 MB / 24.4 MB
Successfully verified installer hash
Starting package install...

   - 
   \ 
   | 
   / 
   - 
   \ 
   | 
   / 
   - 
   \ 
   | 
   / 
   - 
   \ 
   | 
   / 
   - 
   \ 
   | 
   / 
   - 
   \ 
   | 
   / 
   - 
   \ 
   | 
   / 
   - 
   \ 
   | 
   / 
   - 
   \ 
   | 
   / 
   - 
   \ 
   | 
   / 
   - 
   \ 
   | 
   / 
   - 
   \ 
   | 
   / 
   - 
   \ 
   | 
   / 
   - 
   \ 
   | 
   / 
   - 
   \ 
   | 
   / 
   - 
   \ 
   | 
   / 
   - 
   \ 
   | 
   / 
   - 
   \ 
   | 
   / 
   - 
   \ 
                                                                                                                        
Successfully installed

###WGUsection 02###

   - 
   \ 
   | 
   / 
   - 
                                                                                                                        

  █████████▒▒▒▒▒▒▒▒▒▒▒▒▒▒▒▒▒▒▒▒▒  1024 KB / 3.24 MB
  ██████████████████▒▒▒▒▒▒▒▒▒▒▒▒  2.00 MB / 3.24 MB
  ███████████████████████████▒▒▒  3.00 MB / 3.24 MB
  ██████████████████████████████  3.24 MB / 3.24 MB
                                                                                                                        

   - 
                                                                                                                        
Name    Id                          Version  Available Source
-------------------------------------------------------------
AnyDesk AnyDeskSoftwareGmbH.AnyDesk ad 8.1.0 9.0.0     winget
1 upgrades available.

(1/1) Found AnyDesk [AnyDeskSoftwareGmbH.AnyDesk] Version 9.0.0
This application is licensed to you by its owner.
Microsoft is not responsible for, nor does it grant any licenses to, third-party packages.
Downloading https://download.anydesk.com/AnyDesk.exe

   - 
   \ 
   | 
   / 
   - 
   \ 
   | 
   / 
   - 
   \ 
   | 
   / 
   - 
   \ 
   | 
   / 
   - 
   \ 
   | 
   / 
   - 
   \ 
   | 
   / 
   - 
   \ 
   | 
   / 
   - 
   \ 
   | 
   / 
   - 
   \ 
   | 
   / 
   - 
   \ 
   | 
   / 
   - 
   \ 
   | 
   / 
   - 
   \ 
   | 
   / 
   - 
   \ 
   | 
   / 
   - 
   \ 
   | 
   / 
   - 
   \ 
   | 
                                                                                                                        

  █████▒▒▒▒▒▒▒▒▒▒▒▒▒▒▒▒▒▒▒▒▒▒▒▒▒  1024 KB / 5.25 MB
  ███████████▒▒▒▒▒▒▒▒▒▒▒▒▒▒▒▒▒▒▒  2.00 MB / 5.25 MB
  ████████████████████████▒▒▒▒▒▒  4.25 MB / 5.25 MB
  ██████████████████████████████  5.25 MB / 5.25 MB
  ██████████████████████████████  5.25 MB / 5.25 MB
Installer hash does not match; this cannot be overridden when running as admin

###WG7zip###
7-Zip version: 24.09 (Path: C:\Program Files\7-Zip\7z.exe)
#############GSD-Fix Completed#############
