******000000******Start of Script******000000******
*************Start time: Mon Nov  4 18:12:10 +04 2024*************
*************Checking Chrome*************
******000000******Start of Script******000000******
*************Start time: Thu Nov 14 17:11:04 +04 2024*************
*************Checking Chrome*************
GC Installed Ver: 
****** Chrome DMG is outdated or metadata mismatch. Downloading again. ******
GC Stable Ver: 
GC Installed Ver: 
****** Chrome version checked OK () ******
****** Firefox is not installed ******
****** Thunderbird is not installed ******
*************Checking Acrobat Reader*************
****** Adobe Acrobat Reader is installed. Proceeding ******
AR Stable Ver: 24.004.20272
AR Installed Ver: 24.004.20243
****** Adobe Reader is outdated. Updating ******
ARCurrVersNormalized: 2400420272
Latest version of the URL is: https://ardownload2.adobe.com/pub/adobe/reader/mac/AcrobatDC/2400420272/AcroRdrDC_2400420272_MUI.dmg
Thu Nov 14 20:23:50 +04 2024: Downloading newer version.
Thu Nov 14 20:24:56 +04 2024: Mounting installer disk image.
Thu Nov 14 20:25:04 +04 2024: Installing...
No process containing 'Acrobat' in its name is currently running.
Thu Nov 14 20:26:45 +04 2024: Unmounting installer disk image.
All volumes unmounted.
Thu Nov 14 20:26:56 +04 2024: Deleting disk image.
Thu Nov 14 20:26:56 +04 2024: SUCCESS: Adobe Reader has been updated to version 24.004.20272
****** Adobe Acrobat Reader check completed ******
*************Checking log4j*************
JAR file already exists. Skipping download.
Using existing JAR file: /Users/Shared/log4jscan-latest.jar
Log file is not more than 7 days old. Skipping scan.
*************Checking Acrobat Full Version*************
****** Adobe Acrobat Full is installed. Proceeding ******
AB Stable Ver: 24.004.20272
AB Installed Ver: 24.004.20243
****** Adobe Full is outdated. Updating ******
ABCurrVersNormalized: 2400420272
Latest version of the URL is: https://ardownload2.adobe.com/pub/adobe/acrobat/mac/AcrobatDC/2400420272/AcrobatDCUpd2400420272.dmg
****** Acrobat DMG is outdated or metadata mismatch. Downloading again. ******
Thu Nov 14 20:28:15 +04 2024: Mounting installer disk image.
Thu Nov 14 20:28:22 +04 2024: Installing...
No process containing 'Acrobat' in its name is currently running.
installer: Package name is Adobe Acrobat (24.004.20272)
installer: Upgrading at base path /
installer: The upgrade was successful.
Thu Nov 14 20:32:12 +04 2024: Unmounting installer disk image.
Unmounting /dev/disk5s1
Volume AcrobatDCUpd2400420272 on disk5s1 unmounted
All volumes unmounted.
Thu Nov 14 20:32:22 +04 2024: Deleting disk image.
Thu Nov 14 20:32:22 +04 2024: SUCCESS: Adobe Full has been updated to version 24.004.20272
****** Adobe Acrobat Full check completed ******
*************Checking Microsoft Office*************
Microsoft AutoUpdate is installed.
Opening Microsoft AutoUpdate app...
Continuing script execution...
Installing updates...
Update available: Latest version is , installed version is 16.88.
*************Check complete for Microsoft Office*************
*************Checking Silverlight*************

*************Check complete for Silverlight*************
*************Checking Java*************
No folder with 'jdk' found.
Removing JRE
Thu Nov 14 20:32:24 +04 2024: Clean up JRE traces...
Searching for rt.jar...
Searching for jrt-fs.jar...
Searching for catalina.jar...
Searching for struts-core-1.3.8.jar...
Searching for rt.ogjarbak...
Found /Library/Application Support/BigFix/BES Agent/BPS-Scans/jre/jdk8u312-b07-jre/Contents/Home/lib/rt.ogjarbak (already .ogjarbak)
Searching for jrt-fs.ogjarbak...
Java is required. Install Zulu JDK
ARM architecture. Downloading arm64 binaries...
Filename: zulu23.30.13-ca-jdk23.0.1-macosx_aarch64.dmg
Thu Nov 14 20:32:26 +04 2024: zulu23.30.13-ca-jdk23.0.1-macosx_aarch64.dmg already downloaded.
Thu Nov 14 20:32:26 +04 2024: Updating Java...
Mounting /Users/Shared/zulu23.30.13-ca-jdk23.0.1-macosx_aarch64.dmg
Thu Nov 14 20:32:26 +04 2024: Clean up JRE traces...
Installing  ****************
installer: Error - the package path specified was invalid: ''.
*************Check complete for Java*************
*************Checking Safari*************
macOS version is above 13.0. Skipping installation.
*************Check complete for Safari for macOS 11-13 only *************
*************Checking Rogue Apps*************
Searching for Google Chrome.app...
Searching for Safari.app...
Searching for Firefox.app...
No instances of Firefox.app found outside /Applications.
Searching for Thunderbird.app...
No instances of Thunderbird.app found outside /Applications.
Searching for Foxit Reader.app...
No instances of Foxit Reader.app found outside /Applications.
*************Task completed in 0 seconds to Remove rogue apps*************
*************Checking Adobe Apps*************
Remote Update Manager is already installed.
Adobe Apps Update in progress...
RemoteUpdateManager version is : 3.1.0.3
Starting the RemoteUpdateManager...

**************************************************
No new updates are available for Acrobat/Reader
**************************************************
No new applicable Updates. Seems like all products are up-to-date.
RemoteUpdateManager exiting with Return Code (0)
*************Adobe apps check completed*************
*************Checking MacOS SU*************
Performing Software Update Check for macOS
App Sanity Check Completed
button returned:OK
****** macOS SU check completed ******
*************Checking VLC*************
VLC version: 3.0.21
Arch is: arm64
Installing VLC for ARM
Checksumming Protective Master Boot Record (MBR : 0)…
Protective Master Boot Record (MBR :: verified   CRC32 $C203F25B
Checksumming GPT Header (Primary GPT Header : 1)…
 GPT Header (Primary GPT Header : 1): verified   CRC32 $A4737F4D
Checksumming GPT Partition Data (Primary GPT Table : 2)…
GPT Partition Data (Primary GPT Tabl: verified   CRC32 $588135DA
Checksumming  (Apple_Free : 3)…
                    (Apple_Free : 3): verified   CRC32 $00000000
Checksumming disk image (Apple_HFS : 4)…
          disk image (Apple_HFS : 4): verified   CRC32 $07679627
Checksumming  (Apple_Free : 5)…
                    (Apple_Free : 5): verified   CRC32 $00000000
Checksumming GPT Partition Data (Backup GPT Table : 6)…
GPT Partition Data (Backup GPT Table: verified   CRC32 $588135DA
Checksumming GPT Header (Backup GPT Header : 7)…
  GPT Header (Backup GPT Header : 7): verified   CRC32 $FE7067D3
verified   CRC32 $D842EE35
/dev/disk6          	GUID_partition_scheme          	
/dev/disk6s1        	Apple_HFS                      	/Volumes/vlc
"/Volumes/vlc" unmounted successfully.
Latest VLC Installed
****** VLC check completed ******
*************Manual files removal*************
Path not found, skipping: /Applications/Adobe Acrobat 2015
Path not found, skipping: /Applications/Adobe Digital Editions 4.5.app
Path not found, skipping: /Applications/Adobe Illustrator CC 2015
Path not found, skipping: /Applications/Adobe Illustrator CC 2016
Path not found, skipping: /Applications/Adobe Illustrator CC 2017
Path not found, skipping: /Applications/Adobe Illustrator CC 2018
Path not found, skipping: /Applications/Adobe Illustrator CC 2019
Path not found, skipping: /Applications/Adobe Illustrator 2020
Path not found, skipping: /Applications/Adobe Illustrator 2021
Path not found, skipping: /Applications/Adobe Illustrator 2022
Path not found, skipping: /Applications/Adobe Illustrator 2023
Path not found, skipping: /Applications/Adobe Photoshop CC 2015
Path not found, skipping: /Applications/Adobe Photoshop CC 2016
Path not found, skipping: /Applications/Adobe Photoshop CC 2017
Path not found, skipping: /Applications/Adobe Photoshop CC 2018
Path not found, skipping: /Applications/Adobe Photoshop 2020
Path not found, skipping: /Applications/Adobe Photoshop 2021
Path not found, skipping: /Applications/Adobe Photoshop 2022
Path not found, skipping: /Applications/Adobe Photoshop 2023
Path not found, skipping: /private/var/root/.Trash/Adobe Acrobat Reader.app
Path not found, skipping: /private/var/root/.Trash/Adobe Reader19-49-38.app
Path not found, skipping: /Users/mm9511/Library/CloudStorage/GoogleDrive-mm9511@nyu.edu/My Drive/Adobe Acrobat Reader.app
Path not found, skipping: /Applications/Adobe Acrobat XI Pro
Path not found, skipping: /Users/ag9141/Documents/mpi/Applications/Adobe Acrobat Reader DC.app
Path not found, skipping: /Applications/Adobe Animate CC 2017
Path not found, skipping: /Applications/Adobe Animate 2022
Path not found, skipping: /Applications/Adobe Illustrator CC 2015.3
Path not found, skipping: /Applications/Adobe Photoshop CC 2015.5
Path not found, skipping: /Users/mohamadabbas/Desktop/Desktop/Shows/Programs/Mac 2/del/VLC.app
Path not found, skipping: /Users/wm955/bin/JDownloader 2.0.220930
Path not found, skipping: /Users/ag9141/Documents/MPI/Applications/Microsoft Word.app
Path not found, skipping: /Applications/Microsoft Word.app.installBackup
Path not found, skipping: /Users/ag9141/Documents/MPI/Applications/Microsoft OneNote.app
Path not found, skipping: /Users/sb7444/Desktop/Cisco AnyConnect Secure Mobility Client.app
Path not found, skipping: /Users/sm5436/Desktop/DO NOT DELETE MANUALS/Applications/Microsoft Word.app
Path not found, skipping: /Users/sm5436/Desktop/DO NOT DELETE MANUALS/Applications/Cisco/Cisco AnyConnect Secure Mobility Client.app
Path not found, skipping: /Users/sm5436/Desktop/DO NOT DELETE MANUALS/Applications/Adobe Acrobat DC/Adobe Acrobat.app
Path not found, skipping: /opt/homebrew/Cellar/openjdk@11
Path not found, skipping: /Users/hha026/Downloads/Fiji.app
Path not found, skipping: /Users/ag6042/Documents/documents26042024/Fiji.app
Path not found, skipping: /Users/hha026/Downloads/Fiji.app
Path not found, skipping: /System/Volumes/Data/Users/baglio/Library/Application Support/minecraft
Path not found, skipping: /System/Volumes/Data/Users/akj4/Dropbox/My Mac (MacBook-Pro.local)/Downloads/merlin-3
Path not found, skipping: /System/Volumes/Data/Users/nd48/Library/Application Support/minecraft
Path not found, skipping: /Applications/Cisco/Cisco AnyConnect Secure Mobility Client.app
Deleting: /opt/cisco/anyconnect
Path not found, skipping: /Applications/Cisco/Cisco AnyConnect Secure Mobility Client1.app
Path not found, skipping: /Users/sm5436/Desktop/DO NOT DELETE MANUALS/Applications/Cisco/Cisco AnyConnect Secure Mobility Client.app
Searching for .app files with 'adobe' in Trash directories...
*************Cleanup completedd*************
*************Get more info*************
########TOKEN
Status: DISABLED for user itops
########MDMLINK
WS1 Enrolled
########BIGFIX
########XDR
*************TEMP Task*************
*************SSaver update Nov 2024*************
Deleted: /Users/Shared/NYUAD/01.jpg
Deleted: /Users/Shared/NYUAD/02.jpg
Deleted: /Users/Shared/NYUAD/03.jpg
Deleted: /Users/Shared/NYUAD/04.jpg
Deleted: /Users/Shared/NYUAD/05.jpg
Deleted: /Users/Shared/NYUAD/06.jpg
Deleted: /Users/Shared/NYUAD/07.jpg
File not found: /Users/Shared/NYUAD/08.jpg
Deleted: /Users/Shared/NYUAD/09.jpg
*************End of Script*************
*************End time: Thu Nov 14 20:34:12 +04 2024*************
*************Elapsed time: 12188 seconds*************
App Sanity Check Completed
