
The EP is: 
Bypass
Deleted old log file: C:\ProgramData\AirWatch\UnifiedAgent\Logs\ADWX_GSD_Patch_ADUAEI14631LPWX_20241206_134519.log
Deleted old log file: C:\ProgramData\AirWatch\UnifiedAgent\Logs\ADWX_PSUJob_20241206_135013.log
Deleted old log file: C:\ProgramData\AirWatch\UnifiedAgent\Logs\ADWX_WingetJob_20241206_135349.log
Transcript started, output file is C:\ProgramData\AirWatch\UnifiedAgent\Logs\ADWX_GSD_Patch_ADUAEI14631LPWX_20250106_140000.log
*************GSD Initiated at 2025-01-06 14:00:00*************
*************Check and install Dependencies*************
NuGet provider is installed.
*************Checking PSU Module*************
PSWindowsUpdate module is installed.
*************Checking Package Manager*************
Folder already exists at C:\temp\winget
winget is not installed.
Microsoft.VCLibs.x64.14.00.Desktop.appx is already installed.
Microsoft.UI.Xaml.2.8.x64.appx is not installed. Installing...
Microsoft.UI.Xaml.2.8.x64.appx has been installed.
Dependencies have been checked and installed successfully.
The current user is a system account - nt authority\system. Run 2nd try...
winget-install 5.0.5
To check for updates, run winget-install -CheckForUpdate
To delay script exit, run winget-install -Wait
To force script pausing after execution, run winget-install -NoExit

##########
# winget #
##########

Installing Microsoft.WinGet.Client module...
Installing winget (this takes a minute or two)...

############
# Complete #
############

winget installed successfully.
Checking if winget is installed and working...
*************Running Windows OS Updates*************
Detected as **GSD** process is runinng - Logs below look for ***PSUsection***
************* Running Apps Updates (Timeout 30 mins) *************
True
************* Running Apps Updates (Timeout 30 mins) *************
True
*************Checking for Silverlight*************
Silverlight is not installed.
*************Checking log4j*************
Using existing JAR file: c:\temp\log4jscan-latest.jar
Failed to execute log4j scan
*************Checking Ghostscript*************
Ghostscript folder not found. Skipped install process.
*************Checking Java*************
No JDK folder found. Parameter containsJDK remains False.
No JRE folder found. Parameter containsJRE remains False.
Adobe Creative Cloud is already installed.
Adobe Remote Update Manager is not installed.
Transcript stopped, output file is C:\ProgramData\AirWatch\UnifiedAgent\Logs\ADWX_GSD_Patch_ADUAEI14631LPWX_20250106_140000.log
The EP is: 
Bypass
###PSUsection###
VERBOSE: ADUAEI14631LPWX (1/6/2025 2:00:42 PM): Connecting to Microsoft Update server. Please wait...
VERBOSE: Found [13] Updates in pre search criteria
VERBOSE: Found [0] Updates in post search criteria
VERBOSE: Accepted [0] Updates ready to Download
VERBOSE: Downloaded [0] Updates ready to Install
VERBOSE: Installed [0] Updates
###WGUsection 01###

   - 
   \ 
   | 
   / 
   - 
   \ 
   | 
   / 
   - 
                                                                                                                        

  ███████████████████▒▒▒▒▒▒▒▒▒▒▒  1024 KB / 1.54 MB
  ██████████████████████████████  1.54 MB / 1.54 MB
                                                                                                                        

  ████████▒▒▒▒▒▒▒▒▒▒▒▒▒▒▒▒▒▒▒▒▒▒  1024 KB / 3.35 MB
  █████████████████▒▒▒▒▒▒▒▒▒▒▒▒▒  2.00 MB / 3.35 MB
  ██████████████████████████▒▒▒▒  3.00 MB / 3.35 MB
  ██████████████████████████████  3.35 MB / 3.35 MB
                                                                                                                        

   - 
                                                                                                                        
Name                                    Id                        Version      Available    Source
--------------------------------------------------------------------------------------------------
Zoom Workplace (64-bit)                 Zoom.Zoom                 6.2.50939    6.3.53598    winget
Cisco Jabber                            Cisco.Jabber              14.3.1.58554 15.0.1.59513 winget
Workspace ONE Intelligent Hub Installer VMware.IntelligentHub     24.4.12.0    24.4.13.0    winget
Microsoft.WindowsTerminal               Microsoft.WindowsTerminal 1.21.2911.0  1.21.3231.0  winget
4 upgrades available.

Installing dependencies:
This package requires the following dependencies:
  - Packages
      Microsoft.UI.Xaml.2.8 [>= 8.2306.22001.0]
(1/4) Found Zoom Workplace [Zoom.Zoom] Version 6.3.53598
This application is licensed to you by its owner.
Microsoft is not responsible for, nor does it grant any licenses to, third-party packages.
Downloading https://zoom.us/client/6.3.1.53598/ZoomInstallerFull.msi?archType=x64

   - 
   \ 
   | 
   / 
   - 
   \ 
   | 
   / 
   - 
   \ 
   | 
   / 
   - 
   \ 
   | 
   / 
   - 
   \ 
   | 
   / 
   - 
   \ 
   | 
   / 
   - 
                                                                                                                        

  ▒▒▒▒▒▒▒▒▒▒▒▒▒▒▒▒▒▒▒▒▒▒▒▒▒▒▒▒▒▒  1024 KB /  130 MB
  █▒▒▒▒▒▒▒▒▒▒▒▒▒▒▒▒▒▒▒▒▒▒▒▒▒▒▒▒▒  8.00 MB /  130 MB
  ███▒▒▒▒▒▒▒▒▒▒▒▒▒▒▒▒▒▒▒▒▒▒▒▒▒▒▒  17.0 MB /  130 MB
  █████▒▒▒▒▒▒▒▒▒▒▒▒▒▒▒▒▒▒▒▒▒▒▒▒▒  26.0 MB /  130 MB
  ████████▒▒▒▒▒▒▒▒▒▒▒▒▒▒▒▒▒▒▒▒▒▒  35.0 MB /  130 MB
  ██████████▒▒▒▒▒▒▒▒▒▒▒▒▒▒▒▒▒▒▒▒  44.0 MB /  130 MB
  ███████████▒▒▒▒▒▒▒▒▒▒▒▒▒▒▒▒▒▒▒  52.0 MB /  130 MB
  ██████████████▒▒▒▒▒▒▒▒▒▒▒▒▒▒▒▒  62.0 MB /  130 MB
  ████████████████▒▒▒▒▒▒▒▒▒▒▒▒▒▒  72.0 MB /  130 MB
  ██████████████████▒▒▒▒▒▒▒▒▒▒▒▒  81.0 MB /  130 MB
  ████████████████████▒▒▒▒▒▒▒▒▒▒  88.0 MB /  130 MB
  ██████████████████████▒▒▒▒▒▒▒▒  97.0 MB /  130 MB
  ████████████████████████▒▒▒▒▒▒   107 MB /  130 MB
  ██████████████████████████▒▒▒▒   115 MB /  130 MB
  ████████████████████████████▒▒   124 MB /  130 MB
  ██████████████████████████████   130 MB /  130 MB
Successfully verified installer hash
Starting package install...

   - 
   \ 
   | 
   / 
   - 
   \ 
   | 
   / 
   - 
   \ 
   | 
   / 
   - 
   \ 
   | 
   / 
   - 
   \ 
   | 
   / 
   - 
   \ 
   | 
   / 
   - 
   \ 
   | 
   / 
   - 
   \ 
   | 
   / 
   - 
   \ 
   | 
   / 
   - 
   \ 
   | 
   / 
   - 
   \ 
   | 
   / 
   - 
   \ 
   | 
   / 
   - 
   \ 
   | 
   / 
   - 
   \ 
   | 
   / 
   - 
   \ 
   | 
   / 
   - 
   \ 
   | 
   / 
   - 
   \ 
   | 
   / 
   - 
   \ 
   | 
   / 
   - 
   \ 
   | 
                                                                                                                        
Successfully installed

(2/4) Found Cisco Jabber [Cisco.Jabber] Version 15.0.1.59513
This application is licensed to you by its owner.
Microsoft is not responsible for, nor does it grant any licenses to, third-party packages.
Successfully verified installer hash
Starting package install...

   - 
   \ 
   | 
   / 
   - 
   \ 
   | 
   / 
   - 
   \ 
   | 
   / 
   - 
   \ 
   | 
   / 
   - 
   \ 
   | 
   / 
   - 
   \ 
   | 
   / 
   - 
   \ 
   | 
   / 
   - 
   \ 
   | 
   / 
   - 
   \ 
   | 
   / 
   - 
   \ 
   | 
   / 
   - 
   \ 
   | 
   / 
   - 
   \ 
   | 
   / 
   - 
   \ 
   | 
   / 
   - 
   \ 
   | 
   / 
   - 
   \ 
   | 
   / 
   - 
   \ 
   | 
   / 
   - 
   \ 
   | 
   / 
   - 
   \ 
   | 
   / 
   - 
   \ 
   | 
   / 
   - 
   \ 
   | 
   / 
   - 
   \ 
   | 
   / 
   - 
   \ 
   | 
   / 
   - 
   \ 
   | 
   / 
   - 
   \ 
   | 
   / 
   - 
   \ 
   | 
   / 
   - 
   \ 
   | 
   / 
   - 
   \ 
   | 
   / 
   - 
   \ 
   | 
   / 
   - 
   \ 
   | 
   / 
   - 
   \ 
   | 
   / 
   - 
   \ 
   | 
   / 
   - 
   \ 
   | 
   / 
   - 
   \ 
   | 
   / 
   - 
   \ 
   | 
   / 
   - 
   \ 
   | 
   / 
   - 
   \ 
   | 
   / 
   - 
   \ 
   | 
   / 
   - 
   \ 
   | 
   / 
   - 
   \ 
   | 
   / 
   - 
   \ 
   | 
   / 
   - 
   \ 
   | 
   / 
   - 
   \ 
   | 
   / 
   - 
   \ 
   | 
   / 
   - 
   \ 
   | 
   / 
   - 
   \ 
   | 
   / 
   - 
   \ 
   | 
   / 
   - 
   \ 
   | 
   / 
   - 
   \ 
   | 
   / 
   - 
   \ 
   | 
   / 
   - 
   \ 
   | 
   / 
   - 
   \ 
   | 
   / 
   - 
   \ 
   | 
   / 
   - 
   \ 
   | 
   / 
   - 
   \ 
   | 
   / 
   - 
   \ 
   | 
   / 
   - 
   \ 
   | 
   / 
   - 
   \ 
   | 
   / 
   - 
   \ 
   | 
   / 
   - 
   \ 
   | 
   / 
   - 
   \ 
   | 
   / 
                                                                                                                        
Successfully installed

(3/4) Found Workspace ONE Intelligent Hub [VMware.IntelligentHub] Version 24.4.13.0
This application is licensed to you by its owner.
Microsoft is not responsible for, nor does it grant any licenses to, third-party packages.
Downloading https://packages.vmware.com/wsone/AirwatchAgent.msi

   - 
   \ 
   | 
   / 
   - 
   \ 
   | 
   / 
   - 
   \ 
   | 
   / 
   - 
   \ 
   | 
   / 
   - 
   \ 
   | 
   / 
   - 
   \ 
   | 
   / 
   - 
   \ 
   | 
   / 
   - 
   \ 
   | 
   / 
                                                                                                                        

  ▒▒▒▒▒▒▒▒▒▒▒▒▒▒▒▒▒▒▒▒▒▒▒▒▒▒▒▒▒▒  1024 KB /  260 MB
  ▒▒▒▒▒▒▒▒▒▒▒▒▒▒▒▒▒▒▒▒▒▒▒▒▒▒▒▒▒▒  2.00 MB /  260 MB
  ▒▒▒▒▒▒▒▒▒▒▒▒▒▒▒▒▒▒▒▒▒▒▒▒▒▒▒▒▒▒  3.00 MB /  260 MB
  ▒▒▒▒▒▒▒▒▒▒▒▒▒▒▒▒▒▒▒▒▒▒▒▒▒▒▒▒▒▒  4.00 MB /  260 MB
  ▒▒▒▒▒▒▒▒▒▒▒▒▒▒▒▒▒▒▒▒▒▒▒▒▒▒▒▒▒▒  5.00 MB /  260 MB
  ▒▒▒▒▒▒▒▒▒▒▒▒▒▒▒▒▒▒▒▒▒▒▒▒▒▒▒▒▒▒  6.00 MB /  260 MB
  ▒▒▒▒▒▒▒▒▒▒▒▒▒▒▒▒▒▒▒▒▒▒▒▒▒▒▒▒▒▒  7.00 MB /  260 MB
  ▒▒▒▒▒▒▒▒▒▒▒▒▒▒▒▒▒▒▒▒▒▒▒▒▒▒▒▒▒▒  8.00 MB /  260 MB
  █▒▒▒▒▒▒▒▒▒▒▒▒▒▒▒▒▒▒▒▒▒▒▒▒▒▒▒▒▒  9.00 MB /  260 MB
  █▒▒▒▒▒▒▒▒▒▒▒▒▒▒▒▒▒▒▒▒▒▒▒▒▒▒▒▒▒  10.0 MB /  260 MB
  █▒▒▒▒▒▒▒▒▒▒▒▒▒▒▒▒▒▒▒▒▒▒▒▒▒▒▒▒▒  11.0 MB /  260 MB
  █▒▒▒▒▒▒▒▒▒▒▒▒▒▒▒▒▒▒▒▒▒▒▒▒▒▒▒▒▒  12.0 MB /  260 MB
  █▒▒▒▒▒▒▒▒▒▒▒▒▒▒▒▒▒▒▒▒▒▒▒▒▒▒▒▒▒  13.0 MB /  260 MB
  █▒▒▒▒▒▒▒▒▒▒▒▒▒▒▒▒▒▒▒▒▒▒▒▒▒▒▒▒▒  14.0 MB /  260 MB
  █▒▒▒▒▒▒▒▒▒▒▒▒▒▒▒▒▒▒▒▒▒▒▒▒▒▒▒▒▒  15.0 MB /  260 MB
  █▒▒▒▒▒▒▒▒▒▒▒▒▒▒▒▒▒▒▒▒▒▒▒▒▒▒▒▒▒  16.0 MB /  260 MB
  █▒▒▒▒▒▒▒▒▒▒▒▒▒▒▒▒▒▒▒▒▒▒▒▒▒▒▒▒▒  17.0 MB /  260 MB
  ██▒▒▒▒▒▒▒▒▒▒▒▒▒▒▒▒▒▒▒▒▒▒▒▒▒▒▒▒  18.0 MB /  260 MB
  ██▒▒▒▒▒▒▒▒▒▒▒▒▒▒▒▒▒▒▒▒▒▒▒▒▒▒▒▒  19.0 MB /  260 MB
  ██▒▒▒▒▒▒▒▒▒▒▒▒▒▒▒▒▒▒▒▒▒▒▒▒▒▒▒▒  20.0 MB /  260 MB
  ██▒▒▒▒▒▒▒▒▒▒▒▒▒▒▒▒▒▒▒▒▒▒▒▒▒▒▒▒  21.0 MB /  260 MB
  ██▒▒▒▒▒▒▒▒▒▒▒▒▒▒▒▒▒▒▒▒▒▒▒▒▒▒▒▒  22.0 MB /  260 MB
  ██▒▒▒▒▒▒▒▒▒▒▒▒▒▒▒▒▒▒▒▒▒▒▒▒▒▒▒▒  23.0 MB /  260 MB
  ██▒▒▒▒▒▒▒▒▒▒▒▒▒▒▒▒▒▒▒▒▒▒▒▒▒▒▒▒  24.0 MB /  260 MB
  ██▒▒▒▒▒▒▒▒▒▒▒▒▒▒▒▒▒▒▒▒▒▒▒▒▒▒▒▒  25.0 MB /  260 MB
  ██▒▒▒▒▒▒▒▒▒▒▒▒▒▒▒▒▒▒▒▒▒▒▒▒▒▒▒▒  26.0 MB /  260 MB
  ███▒▒▒▒▒▒▒▒▒▒▒▒▒▒▒▒▒▒▒▒▒▒▒▒▒▒▒  27.0 MB /  260 MB
  ███▒▒▒▒▒▒▒▒▒▒▒▒▒▒▒▒▒▒▒▒▒▒▒▒▒▒▒  28.0 MB /  260 MB
  ███▒▒▒▒▒▒▒▒▒▒▒▒▒▒▒▒▒▒▒▒▒▒▒▒▒▒▒  29.0 MB /  260 MB
  ███▒▒▒▒▒▒▒▒▒▒▒▒▒▒▒▒▒▒▒▒▒▒▒▒▒▒▒  30.0 MB /  260 MB
  ███▒▒▒▒▒▒▒▒▒▒▒▒▒▒▒▒▒▒▒▒▒▒▒▒▒▒▒  31.0 MB /  260 MB
  ███▒▒▒▒▒▒▒▒▒▒▒▒▒▒▒▒▒▒▒▒▒▒▒▒▒▒▒  32.0 MB /  260 MB
  ███▒▒▒▒▒▒▒▒▒▒▒▒▒▒▒▒▒▒▒▒▒▒▒▒▒▒▒  33.0 MB /  260 MB
  ███▒▒▒▒▒▒▒▒▒▒▒▒▒▒▒▒▒▒▒▒▒▒▒▒▒▒▒  34.0 MB /  260 MB
  ████▒▒▒▒▒▒▒▒▒▒▒▒▒▒▒▒▒▒▒▒▒▒▒▒▒▒  35.0 MB /  260 MB
  ████▒▒▒▒▒▒▒▒▒▒▒▒▒▒▒▒▒▒▒▒▒▒▒▒▒▒  36.0 MB /  260 MB
  ████▒▒▒▒▒▒▒▒▒▒▒▒▒▒▒▒▒▒▒▒▒▒▒▒▒▒  37.0 MB /  260 MB
  ████▒▒▒▒▒▒▒▒▒▒▒▒▒▒▒▒▒▒▒▒▒▒▒▒▒▒  38.0 MB /  260 MB
  ████▒▒▒▒▒▒▒▒▒▒▒▒▒▒▒▒▒▒▒▒▒▒▒▒▒▒  39.0 MB /  260 MB
  ████▒▒▒▒▒▒▒▒▒▒▒▒▒▒▒▒▒▒▒▒▒▒▒▒▒▒  40.0 MB /  260 MB
  ████▒▒▒▒▒▒▒▒▒▒▒▒▒▒▒▒▒▒▒▒▒▒▒▒▒▒  41.0 MB /  260 MB
  ████▒▒▒▒▒▒▒▒▒▒▒▒▒▒▒▒▒▒▒▒▒▒▒▒▒▒  42.0 MB /  260 MB
  ████▒▒▒▒▒▒▒▒▒▒▒▒▒▒▒▒▒▒▒▒▒▒▒▒▒▒  43.0 MB /  260 MB
  █████▒▒▒▒▒▒▒▒▒▒▒▒▒▒▒▒▒▒▒▒▒▒▒▒▒  44.0 MB /  260 MB
  █████▒▒▒▒▒▒▒▒▒▒▒▒▒▒▒▒▒▒▒▒▒▒▒▒▒  45.0 MB /  260 MB
  █████▒▒▒▒▒▒▒▒▒▒▒▒▒▒▒▒▒▒▒▒▒▒▒▒▒  46.0 MB /  260 MB
  █████▒▒▒▒▒▒▒▒▒▒▒▒▒▒▒▒▒▒▒▒▒▒▒▒▒  47.0 MB /  260 MB
  █████▒▒▒▒▒▒▒▒▒▒▒▒▒▒▒▒▒▒▒▒▒▒▒▒▒  48.0 MB /  260 MB
  █████▒▒▒▒▒▒▒▒▒▒▒▒▒▒▒▒▒▒▒▒▒▒▒▒▒  49.0 MB /  260 MB
  █████▒▒▒▒▒▒▒▒▒▒▒▒▒▒▒▒▒▒▒▒▒▒▒▒▒  50.0 MB /  260 MB
  █████▒▒▒▒▒▒▒▒▒▒▒▒▒▒▒▒▒▒▒▒▒▒▒▒▒  51.0 MB /  260 MB
  █████▒▒▒▒▒▒▒▒▒▒▒▒▒▒▒▒▒▒▒▒▒▒▒▒▒  52.0 MB /  260 MB
  ██████▒▒▒▒▒▒▒▒▒▒▒▒▒▒▒▒▒▒▒▒▒▒▒▒  53.0 MB /  260 MB
  ██████▒▒▒▒▒▒▒▒▒▒▒▒▒▒▒▒▒▒▒▒▒▒▒▒  54.0 MB /  260 MB
  ██████▒▒▒▒▒▒▒▒▒▒▒▒▒▒▒▒▒▒▒▒▒▒▒▒  55.0 MB /  260 MB
  ██████▒▒▒▒▒▒▒▒▒▒▒▒▒▒▒▒▒▒▒▒▒▒▒▒  56.0 MB /  260 MB
  ██████▒▒▒▒▒▒▒▒▒▒▒▒▒▒▒▒▒▒▒▒▒▒▒▒  57.0 MB /  260 MB
  ██████▒▒▒▒▒▒▒▒▒▒▒▒▒▒▒▒▒▒▒▒▒▒▒▒  58.0 MB /  260 MB
  ██████▒▒▒▒▒▒▒▒▒▒▒▒▒▒▒▒▒▒▒▒▒▒▒▒  59.0 MB /  260 MB
  ██████▒▒▒▒▒▒▒▒▒▒▒▒▒▒▒▒▒▒▒▒▒▒▒▒  60.0 MB /  260 MB
  ███████▒▒▒▒▒▒▒▒▒▒▒▒▒▒▒▒▒▒▒▒▒▒▒  61.0 MB /  260 MB
  ███████▒▒▒▒▒▒▒▒▒▒▒▒▒▒▒▒▒▒▒▒▒▒▒  62.0 MB /  260 MB
  ███████▒▒▒▒▒▒▒▒▒▒▒▒▒▒▒▒▒▒▒▒▒▒▒  63.0 MB /  260 MB
  ███████▒▒▒▒▒▒▒▒▒▒▒▒▒▒▒▒▒▒▒▒▒▒▒  64.0 MB /  260 MB
  ███████▒▒▒▒▒▒▒▒▒▒▒▒▒▒▒▒▒▒▒▒▒▒▒  65.0 MB /  260 MB
  ███████▒▒▒▒▒▒▒▒▒▒▒▒▒▒▒▒▒▒▒▒▒▒▒  66.0 MB /  260 MB
  ███████▒▒▒▒▒▒▒▒▒▒▒▒▒▒▒▒▒▒▒▒▒▒▒  67.0 MB /  260 MB
  ███████▒▒▒▒▒▒▒▒▒▒▒▒▒▒▒▒▒▒▒▒▒▒▒  68.0 MB /  260 MB
  ███████▒▒▒▒▒▒▒▒▒▒▒▒▒▒▒▒▒▒▒▒▒▒▒  69.0 MB /  260 MB
  ████████▒▒▒▒▒▒▒▒▒▒▒▒▒▒▒▒▒▒▒▒▒▒  70.0 MB /  260 MB
  ████████▒▒▒▒▒▒▒▒▒▒▒▒▒▒▒▒▒▒▒▒▒▒  71.0 MB /  260 MB
  ████████▒▒▒▒▒▒▒▒▒▒▒▒▒▒▒▒▒▒▒▒▒▒  72.0 MB /  260 MB
  ████████▒▒▒▒▒▒▒▒▒▒▒▒▒▒▒▒▒▒▒▒▒▒  73.0 MB /  260 MB
  ████████▒▒▒▒▒▒▒▒▒▒▒▒▒▒▒▒▒▒▒▒▒▒  74.0 MB /  260 MB
  ████████▒▒▒▒▒▒▒▒▒▒▒▒▒▒▒▒▒▒▒▒▒▒  75.0 MB /  260 MB
  ████████▒▒▒▒▒▒▒▒▒▒▒▒▒▒▒▒▒▒▒▒▒▒  76.0 MB /  260 MB
  ████████▒▒▒▒▒▒▒▒▒▒▒▒▒▒▒▒▒▒▒▒▒▒  77.0 MB /  260 MB
  ████████▒▒▒▒▒▒▒▒▒▒▒▒▒▒▒▒▒▒▒▒▒▒  78.0 MB /  260 MB
  █████████▒▒▒▒▒▒▒▒▒▒▒▒▒▒▒▒▒▒▒▒▒  79.0 MB /  260 MB
  █████████▒▒▒▒▒▒▒▒▒▒▒▒▒▒▒▒▒▒▒▒▒  80.0 MB /  260 MB
  █████████▒▒▒▒▒▒▒▒▒▒▒▒▒▒▒▒▒▒▒▒▒  81.0 MB /  260 MB
  █████████▒▒▒▒▒▒▒▒▒▒▒▒▒▒▒▒▒▒▒▒▒  82.0 MB /  260 MB
  █████████▒▒▒▒▒▒▒▒▒▒▒▒▒▒▒▒▒▒▒▒▒  83.0 MB /  260 MB
  █████████▒▒▒▒▒▒▒▒▒▒▒▒▒▒▒▒▒▒▒▒▒  84.0 MB /  260 MB
  █████████▒▒▒▒▒▒▒▒▒▒▒▒▒▒▒▒▒▒▒▒▒  85.0 MB /  260 MB
  █████████▒▒▒▒▒▒▒▒▒▒▒▒▒▒▒▒▒▒▒▒▒  86.0 MB /  260 MB
  ██████████▒▒▒▒▒▒▒▒▒▒▒▒▒▒▒▒▒▒▒▒  87.0 MB /  260 MB
  ██████████▒▒▒▒▒▒▒▒▒▒▒▒▒▒▒▒▒▒▒▒  88.0 MB /  260 MB
  ██████████▒▒▒▒▒▒▒▒▒▒▒▒▒▒▒▒▒▒▒▒  89.0 MB /  260 MB
  ██████████▒▒▒▒▒▒▒▒▒▒▒▒▒▒▒▒▒▒▒▒  90.0 MB /  260 MB
  ██████████▒▒▒▒▒▒▒▒▒▒▒▒▒▒▒▒▒▒▒▒  91.0 MB /  260 MB
  ██████████▒▒▒▒▒▒▒▒▒▒▒▒▒▒▒▒▒▒▒▒  92.0 MB /  260 MB
  ██████████▒▒▒▒▒▒▒▒▒▒▒▒▒▒▒▒▒▒▒▒  93.0 MB /  260 MB
  ██████████▒▒▒▒▒▒▒▒▒▒▒▒▒▒▒▒▒▒▒▒  94.0 MB /  260 MB
  ██████████▒▒▒▒▒▒▒▒▒▒▒▒▒▒▒▒▒▒▒▒  95.0 MB /  260 MB
  ███████████▒▒▒▒▒▒▒▒▒▒▒▒▒▒▒▒▒▒▒  96.0 MB /  260 MB
  ███████████▒▒▒▒▒▒▒▒▒▒▒▒▒▒▒▒▒▒▒  97.0 MB /  260 MB
  ███████████▒▒▒▒▒▒▒▒▒▒▒▒▒▒▒▒▒▒▒  98.0 MB /  260 MB
  ███████████▒▒▒▒▒▒▒▒▒▒▒▒▒▒▒▒▒▒▒  99.0 MB /  260 MB
  ███████████▒▒▒▒▒▒▒▒▒▒▒▒▒▒▒▒▒▒▒   100 MB /  260 MB
  ███████████▒▒▒▒▒▒▒▒▒▒▒▒▒▒▒▒▒▒▒   101 MB /  260 MB
  ███████████▒▒▒▒▒▒▒▒▒▒▒▒▒▒▒▒▒▒▒   102 MB /  260 MB
  ███████████▒▒▒▒▒▒▒▒▒▒▒▒▒▒▒▒▒▒▒   103 MB /  260 MB
  ███████████▒▒▒▒▒▒▒▒▒▒▒▒▒▒▒▒▒▒▒   104 MB /  260 MB
  ████████████▒▒▒▒▒▒▒▒▒▒▒▒▒▒▒▒▒▒   105 MB /  260 MB
  ████████████▒▒▒▒▒▒▒▒▒▒▒▒▒▒▒▒▒▒   106 MB /  260 MB
  ████████████▒▒▒▒▒▒▒▒▒▒▒▒▒▒▒▒▒▒   107 MB /  260 MB
  ████████████▒▒▒▒▒▒▒▒▒▒▒▒▒▒▒▒▒▒   108 MB /  260 MB
  ████████████▒▒▒▒▒▒▒▒▒▒▒▒▒▒▒▒▒▒   109 MB /  260 MB
  ████████████▒▒▒▒▒▒▒▒▒▒▒▒▒▒▒▒▒▒   110 MB /  260 MB
  ████████████▒▒▒▒▒▒▒▒▒▒▒▒▒▒▒▒▒▒   111 MB /  260 MB
  ████████████▒▒▒▒▒▒▒▒▒▒▒▒▒▒▒▒▒▒   112 MB /  260 MB
  █████████████▒▒▒▒▒▒▒▒▒▒▒▒▒▒▒▒▒   113 MB /  260 MB
  █████████████▒▒▒▒▒▒▒▒▒▒▒▒▒▒▒▒▒   114 MB /  260 MB
  █████████████▒▒▒▒▒▒▒▒▒▒▒▒▒▒▒▒▒   115 MB /  260 MB
  █████████████▒▒▒▒▒▒▒▒▒▒▒▒▒▒▒▒▒   116 MB /  260 MB
  █████████████▒▒▒▒▒▒▒▒▒▒▒▒▒▒▒▒▒   117 MB /  260 MB
  █████████████▒▒▒▒▒▒▒▒▒▒▒▒▒▒▒▒▒   118 MB /  260 MB
  █████████████▒▒▒▒▒▒▒▒▒▒▒▒▒▒▒▒▒   119 MB /  260 MB
  █████████████▒▒▒▒▒▒▒▒▒▒▒▒▒▒▒▒▒   120 MB /  260 MB
  █████████████▒▒▒▒▒▒▒▒▒▒▒▒▒▒▒▒▒   121 MB /  260 MB
  ██████████████▒▒▒▒▒▒▒▒▒▒▒▒▒▒▒▒   122 MB /  260 MB
  ██████████████▒▒▒▒▒▒▒▒▒▒▒▒▒▒▒▒   123 MB /  260 MB
  ██████████████▒▒▒▒▒▒▒▒▒▒▒▒▒▒▒▒   124 MB /  260 MB
  ██████████████▒▒▒▒▒▒▒▒▒▒▒▒▒▒▒▒   125 MB /  260 MB
  ██████████████▒▒▒▒▒▒▒▒▒▒▒▒▒▒▒▒   126 MB /  260 MB
  ██████████████▒▒▒▒▒▒▒▒▒▒▒▒▒▒▒▒   127 MB /  260 MB
  ██████████████▒▒▒▒▒▒▒▒▒▒▒▒▒▒▒▒   128 MB /  260 MB
  ██████████████▒▒▒▒▒▒▒▒▒▒▒▒▒▒▒▒   129 MB /  260 MB
  ██████████████▒▒▒▒▒▒▒▒▒▒▒▒▒▒▒▒   130 MB /  260 MB
  ███████████████▒▒▒▒▒▒▒▒▒▒▒▒▒▒▒   131 MB /  260 MB
  ███████████████▒▒▒▒▒▒▒▒▒▒▒▒▒▒▒   132 MB /  260 MB
  ███████████████▒▒▒▒▒▒▒▒▒▒▒▒▒▒▒   133 MB /  260 MB
  ███████████████▒▒▒▒▒▒▒▒▒▒▒▒▒▒▒   134 MB /  260 MB
  ███████████████▒▒▒▒▒▒▒▒▒▒▒▒▒▒▒   135 MB /  260 MB
  ███████████████▒▒▒▒▒▒▒▒▒▒▒▒▒▒▒   136 MB /  260 MB
  ███████████████▒▒▒▒▒▒▒▒▒▒▒▒▒▒▒   137 MB /  260 MB
  ███████████████▒▒▒▒▒▒▒▒▒▒▒▒▒▒▒   138 MB /  260 MB
  ████████████████▒▒▒▒▒▒▒▒▒▒▒▒▒▒   139 MB /  260 MB
  ████████████████▒▒▒▒▒▒▒▒▒▒▒▒▒▒   140 MB /  260 MB
  ████████████████▒▒▒▒▒▒▒▒▒▒▒▒▒▒   141 MB /  260 MB
  ████████████████▒▒▒▒▒▒▒▒▒▒▒▒▒▒   142 MB /  260 MB
  ████████████████▒▒▒▒▒▒▒▒▒▒▒▒▒▒   143 MB /  260 MB
  ████████████████▒▒▒▒▒▒▒▒▒▒▒▒▒▒   144 MB /  260 MB
  ████████████████▒▒▒▒▒▒▒▒▒▒▒▒▒▒   145 MB /  260 MB
  ████████████████▒▒▒▒▒▒▒▒▒▒▒▒▒▒   146 MB /  260 MB
  ████████████████▒▒▒▒▒▒▒▒▒▒▒▒▒▒   147 MB /  260 MB
  █████████████████▒▒▒▒▒▒▒▒▒▒▒▒▒   148 MB /  260 MB
  █████████████████▒▒▒▒▒▒▒▒▒▒▒▒▒   149 MB /  260 MB
  █████████████████▒▒▒▒▒▒▒▒▒▒▒▒▒   150 MB /  260 MB
  █████████████████▒▒▒▒▒▒▒▒▒▒▒▒▒   151 MB /  260 MB
  █████████████████▒▒▒▒▒▒▒▒▒▒▒▒▒   152 MB /  260 MB
  █████████████████▒▒▒▒▒▒▒▒▒▒▒▒▒   153 MB /  260 MB
  █████████████████▒▒▒▒▒▒▒▒▒▒▒▒▒   154 MB /  260 MB
  █████████████████▒▒▒▒▒▒▒▒▒▒▒▒▒   155 MB /  260 MB
  █████████████████▒▒▒▒▒▒▒▒▒▒▒▒▒   156 MB /  260 MB
  ██████████████████▒▒▒▒▒▒▒▒▒▒▒▒   157 MB /  260 MB
  ██████████████████▒▒▒▒▒▒▒▒▒▒▒▒   158 MB /  260 MB
  ██████████████████▒▒▒▒▒▒▒▒▒▒▒▒   159 MB /  260 MB
  ██████████████████▒▒▒▒▒▒▒▒▒▒▒▒   160 MB /  260 MB
  ██████████████████▒▒▒▒▒▒▒▒▒▒▒▒   161 MB /  260 MB
  ██████████████████▒▒▒▒▒▒▒▒▒▒▒▒   162 MB /  260 MB
  ██████████████████▒▒▒▒▒▒▒▒▒▒▒▒   163 MB /  260 MB
  ██████████████████▒▒▒▒▒▒▒▒▒▒▒▒   164 MB /  260 MB
  ███████████████████▒▒▒▒▒▒▒▒▒▒▒   165 MB /  260 MB
  ███████████████████▒▒▒▒▒▒▒▒▒▒▒   166 MB /  260 MB
  ███████████████████▒▒▒▒▒▒▒▒▒▒▒   167 MB /  260 MB
  ███████████████████▒▒▒▒▒▒▒▒▒▒▒   168 MB /  260 MB
  ███████████████████▒▒▒▒▒▒▒▒▒▒▒   169 MB /  260 MB
  ███████████████████▒▒▒▒▒▒▒▒▒▒▒   170 MB /  260 MB
  ███████████████████▒▒▒▒▒▒▒▒▒▒▒   171 MB /  260 MB
  ███████████████████▒▒▒▒▒▒▒▒▒▒▒   172 MB /  260 MB
  ███████████████████▒▒▒▒▒▒▒▒▒▒▒   173 MB /  260 MB
  ████████████████████▒▒▒▒▒▒▒▒▒▒   174 MB /  260 MB
  ████████████████████▒▒▒▒▒▒▒▒▒▒   175 MB /  260 MB
  ████████████████████▒▒▒▒▒▒▒▒▒▒   176 MB /  260 MB
  ████████████████████▒▒▒▒▒▒▒▒▒▒   177 MB /  260 MB
  ████████████████████▒▒▒▒▒▒▒▒▒▒   178 MB /  260 MB
  ████████████████████▒▒▒▒▒▒▒▒▒▒   179 MB /  260 MB
  ████████████████████▒▒▒▒▒▒▒▒▒▒   180 MB /  260 MB
  ████████████████████▒▒▒▒▒▒▒▒▒▒   181 MB /  260 MB
  ████████████████████▒▒▒▒▒▒▒▒▒▒   182 MB /  260 MB
  █████████████████████▒▒▒▒▒▒▒▒▒   183 MB /  260 MB
  █████████████████████▒▒▒▒▒▒▒▒▒   184 MB /  260 MB
  █████████████████████▒▒▒▒▒▒▒▒▒   185 MB /  260 MB
  █████████████████████▒▒▒▒▒▒▒▒▒   186 MB /  260 MB
  █████████████████████▒▒▒▒▒▒▒▒▒   187 MB /  260 MB
  █████████████████████▒▒▒▒▒▒▒▒▒   188 MB /  260 MB
  █████████████████████▒▒▒▒▒▒▒▒▒   189 MB /  260 MB
  █████████████████████▒▒▒▒▒▒▒▒▒   190 MB /  260 MB
  ██████████████████████▒▒▒▒▒▒▒▒   191 MB /  260 MB
  ██████████████████████▒▒▒▒▒▒▒▒   192 MB /  260 MB
  ██████████████████████▒▒▒▒▒▒▒▒   193 MB /  260 MB
  ██████████████████████▒▒▒▒▒▒▒▒   194 MB /  260 MB
  ██████████████████████▒▒▒▒▒▒▒▒   195 MB /  260 MB
  ██████████████████████▒▒▒▒▒▒▒▒   196 MB /  260 MB
  ██████████████████████▒▒▒▒▒▒▒▒   197 MB /  260 MB
  ██████████████████████▒▒▒▒▒▒▒▒   198 MB /  260 MB
  ██████████████████████▒▒▒▒▒▒▒▒   199 MB /  260 MB
  ███████████████████████▒▒▒▒▒▒▒   200 MB /  260 MB
  ███████████████████████▒▒▒▒▒▒▒   201 MB /  260 MB
  ███████████████████████▒▒▒▒▒▒▒   202 MB /  260 MB
  ███████████████████████▒▒▒▒▒▒▒   203 MB /  260 MB
  ███████████████████████▒▒▒▒▒▒▒   204 MB /  260 MB
  ███████████████████████▒▒▒▒▒▒▒   205 MB /  260 MB
  ███████████████████████▒▒▒▒▒▒▒   206 MB /  260 MB
  ███████████████████████▒▒▒▒▒▒▒   207 MB /  260 MB
  ███████████████████████▒▒▒▒▒▒▒   208 MB /  260 MB
  ████████████████████████▒▒▒▒▒▒   209 MB /  260 MB
  ████████████████████████▒▒▒▒▒▒   210 MB /  260 MB
  ████████████████████████▒▒▒▒▒▒   211 MB /  260 MB
  ████████████████████████▒▒▒▒▒▒   212 MB /  260 MB
  ████████████████████████▒▒▒▒▒▒   213 MB /  260 MB
  ████████████████████████▒▒▒▒▒▒   214 MB /  260 MB
  ████████████████████████▒▒▒▒▒▒   215 MB /  260 MB
  ████████████████████████▒▒▒▒▒▒   216 MB /  260 MB
  ████████████████████████▒▒▒▒▒▒   217 MB /  260 MB
  █████████████████████████▒▒▒▒▒   218 MB /  260 MB
  █████████████████████████▒▒▒▒▒   219 MB /  260 MB
  █████████████████████████▒▒▒▒▒   220 MB /  260 MB
  █████████████████████████▒▒▒▒▒   221 MB /  260 MB
  █████████████████████████▒▒▒▒▒   222 MB /  260 MB
  █████████████████████████▒▒▒▒▒   223 MB /  260 MB
  █████████████████████████▒▒▒▒▒   224 MB /  260 MB
  █████████████████████████▒▒▒▒▒   225 MB /  260 MB
  ██████████████████████████▒▒▒▒   226 MB /  260 MB
  ██████████████████████████▒▒▒▒   227 MB /  260 MB
  ██████████████████████████▒▒▒▒   228 MB /  260 MB
  ██████████████████████████▒▒▒▒   229 MB /  260 MB
  ██████████████████████████▒▒▒▒   230 MB /  260 MB
  ██████████████████████████▒▒▒▒   231 MB /  260 MB
  ██████████████████████████▒▒▒▒   232 MB /  260 MB
  ██████████████████████████▒▒▒▒   233 MB /  260 MB
  ██████████████████████████▒▒▒▒   234 MB /  260 MB
  ███████████████████████████▒▒▒   235 MB /  260 MB
  ███████████████████████████▒▒▒   236 MB /  260 MB
  ███████████████████████████▒▒▒   237 MB /  260 MB
  ███████████████████████████▒▒▒   238 MB /  260 MB
  ███████████████████████████▒▒▒   239 MB /  260 MB
  ███████████████████████████▒▒▒   240 MB /  260 MB
  ███████████████████████████▒▒▒   241 MB /  260 MB
  ███████████████████████████▒▒▒   242 MB /  260 MB
  ███████████████████████████▒▒▒   243 MB /  260 MB
  ████████████████████████████▒▒   244 MB /  260 MB
  ████████████████████████████▒▒   245 MB /  260 MB
  ████████████████████████████▒▒   246 MB /  260 MB
  ████████████████████████████▒▒   247 MB /  260 MB
  ████████████████████████████▒▒   248 MB /  260 MB
  ████████████████████████████▒▒   249 MB /  260 MB
  ████████████████████████████▒▒   250 MB /  260 MB
  ████████████████████████████▒▒   251 MB /  260 MB
  █████████████████████████████▒   252 MB /  260 MB
  █████████████████████████████▒   253 MB /  260 MB
  █████████████████████████████▒   254 MB /  260 MB
  █████████████████████████████▒   255 MB /  260 MB
  █████████████████████████████▒   256 MB /  260 MB
  █████████████████████████████▒   257 MB /  260 MB
  █████████████████████████████▒   258 MB /  260 MB
  █████████████████████████████▒   259 MB /  260 MB
  █████████████████████████████▒   260 MB /  260 MB
  ██████████████████████████████   260 MB /  260 MB
Successfully verified installer hash
Starting package install...

   - 
   \ 
   | 
   / 
   - 
   \ 
   | 
   / 
   - 
   \ 
   | 
   / 
   - 
   \ 
   | 
   / 
   - 
   \ 
   | 
   / 
   - 
   \ 
   | 
   / 
   - 
   \ 
   | 
   / 
   - 
   \ 
   | 
   / 
   - 
   \ 
   | 
   / 
   - 
   \ 
   | 
   / 
   - 
   \ 
   | 
   / 
   - 
   \ 
   | 
   / 
   - 
   \ 
   | 
   / 
   - 
   \ 
   | 
   / 
   - 
   \ 
   | 
   / 
   - 
   \ 
   | 
   / 
   - 
   \ 
   | 
   / 
   - 
   \ 
   | 
   / 
   - 
   \ 
   | 
   / 
   - 
   \ 
   | 
   / 
   - 
   \ 
   | 
   / 
   - 
   \ 
   | 
   / 
   - 
   \ 
   | 
   / 
   - 
   \ 
   | 
   / 
   - 
   \ 
   | 
   / 
   - 
   \ 
   | 
   / 
   - 
   \ 
   | 
   / 
   - 
   \ 
   | 
   / 
   - 
   \ 
   | 
   / 
   - 
   \ 
   | 
   / 
   - 
   \ 
   | 
   / 
   - 
   \ 
   | 
   / 
   - 
   \ 
   | 
   / 
   - 
   \ 
   | 
   / 
   - 
   \ 
   | 
   / 
   - 
   \ 
   | 
   / 
   - 
   \ 
   | 
   / 
   - 
   \ 
   | 
   / 
   - 
   \ 
   | 
   / 
   - 
   \ 
   | 
   / 
   - 
   \ 
   | 
   / 
   - 
   \ 
   | 
   / 
   - 
   \ 
   | 
   / 
   - 
   \ 
   | 
   / 
   - 
   \ 
   | 
   / 
   - 
   \ 
   | 
   / 
   - 
   \ 
   | 
   / 
   - 
                                                                                                                        
Successfully installed

(4/4) Found Windows Terminal [Microsoft.WindowsTerminal] Version 1.21.3231.0
This application is licensed to you by its owner.
Microsoft is not responsible for, nor does it grant any licenses to, third-party packages.
(1/1) Found Microsoft.UI.Xaml [Microsoft.UI.Xaml.2.8] Version 8.2310.30001.0
This application is licensed to you by its owner.
Microsoft is not responsible for, nor does it grant any licenses to, third-party packages.
Successfully verified installer hash
Starting package install...

   - 
   \ 
   | 
   / 
   - 
   \ 
   | 
   / 
   - 
   \ 
   | 
   / 
   - 
   \ 
   | 
   / 
   - 
   \ 
   | 
   / 
   - 
                                                                                                                        

  ▒▒▒▒▒▒▒▒▒▒▒▒▒▒▒▒▒▒▒▒▒▒▒▒▒▒▒▒▒▒  2%
  ██████████████▒▒▒▒▒▒▒▒▒▒▒▒▒▒▒▒  48%
  ████████████████████████████▒▒  95%
Installer failed with exit code: 0x80070057 : The parameter is incorrect.


###WGUsection 02###

   - 
   \ 
   | 
   / 
                                                                                                                        

  ████████▒▒▒▒▒▒▒▒▒▒▒▒▒▒▒▒▒▒▒▒▒▒  1024 KB / 3.35 MB
  █████████████████▒▒▒▒▒▒▒▒▒▒▒▒▒  2.00 MB / 3.35 MB
  ██████████████████████████▒▒▒▒  3.00 MB / 3.35 MB
  ██████████████████████████████  3.35 MB / 3.35 MB
                                                                                                                        
Name                      Id                        Version     Available   Source
----------------------------------------------------------------------------------
Microsoft.WindowsTerminal Microsoft.WindowsTerminal 1.21.2911.0 1.21.3231.0 winget
1 upgrades available.

Installing dependencies:
This package requires the following dependencies:
  - Packages
      Microsoft.UI.Xaml.2.8 [>= 8.2306.22001.0]
(1/1) Found Windows Terminal [Microsoft.WindowsTerminal] Version 1.21.3231.0
This application is licensed to you by its owner.
Microsoft is not responsible for, nor does it grant any licenses to, third-party packages.
(1/1) Found Microsoft.UI.Xaml [Microsoft.UI.Xaml.2.8] Version 8.2310.30001.0
This application is licensed to you by its owner.
Microsoft is not responsible for, nor does it grant any licenses to, third-party packages.
Successfully verified installer hash
Starting package install...

   - 
   \ 
   | 
   / 
   - 
   \ 
   | 
   / 
   - 
   \ 
   | 
   / 
   - 
   \ 
   | 
   / 
   - 
                                                                                                                        

  ▒▒▒▒▒▒▒▒▒▒▒▒▒▒▒▒▒▒▒▒▒▒▒▒▒▒▒▒▒▒  2%
  ▒▒▒▒▒▒▒▒▒▒▒▒▒▒▒▒▒▒▒▒▒▒▒▒▒▒▒▒▒▒  2%
  ██████████████▒▒▒▒▒▒▒▒▒▒▒▒▒▒▒▒  48%
  ████████████████████████████▒▒  95%
Installer failed with exit code: 0x80070057 : The parameter is incorrect.


###WG7zip###
7-Zip version: 24.09 (Path: C:\Program Files\7-Zip\7z.exe)
#############GSD-Fix Completed#############
